running egg_info
creating ../../build/log_data_pkg/log_data_pkg.egg-info
writing ../../build/log_data_pkg/log_data_pkg.egg-info/PKG-INFO
writing dependency_links to ../../build/log_data_pkg/log_data_pkg.egg-info/dependency_links.txt
writing entry points to ../../build/log_data_pkg/log_data_pkg.egg-info/entry_points.txt
writing requirements to ../../build/log_data_pkg/log_data_pkg.egg-info/requires.txt
writing top-level names to ../../build/log_data_pkg/log_data_pkg.egg-info/top_level.txt
writing manifest file '../../build/log_data_pkg/log_data_pkg.egg-info/SOURCES.txt'
reading manifest file '../../build/log_data_pkg/log_data_pkg.egg-info/SOURCES.txt'
writing manifest file '../../build/log_data_pkg/log_data_pkg.egg-info/SOURCES.txt'
running build
running build_py
creating /home/rosbot/ros2_ws/build/log_data_pkg/build
creating /home/rosbot/ros2_ws/build/log_data_pkg/build/lib
creating /home/rosbot/ros2_ws/build/log_data_pkg/build/lib/log_data_pkg
copying log_data_pkg/template_python_node.py -> /home/rosbot/ros2_ws/build/log_data_pkg/build/lib/log_data_pkg
copying log_data_pkg/__init__.py -> /home/rosbot/ros2_ws/build/log_data_pkg/build/lib/log_data_pkg
copying log_data_pkg/save_to_csv.py -> /home/rosbot/ros2_ws/build/log_data_pkg/build/lib/log_data_pkg
running install
running install_lib
creating /home/rosbot/ros2_ws/install/log_data_pkg/lib/python3.12/site-packages/log_data_pkg
copying /home/rosbot/ros2_ws/build/log_data_pkg/build/lib/log_data_pkg/template_python_node.py -> /home/rosbot/ros2_ws/install/log_data_pkg/lib/python3.12/site-packages/log_data_pkg
copying /home/rosbot/ros2_ws/build/log_data_pkg/build/lib/log_data_pkg/__init__.py -> /home/rosbot/ros2_ws/install/log_data_pkg/lib/python3.12/site-packages/log_data_pkg
copying /home/rosbot/ros2_ws/build/log_data_pkg/build/lib/log_data_pkg/save_to_csv.py -> /home/rosbot/ros2_ws/install/log_data_pkg/lib/python3.12/site-packages/log_data_pkg
byte-compiling /home/rosbot/ros2_ws/install/log_data_pkg/lib/python3.12/site-packages/log_data_pkg/template_python_node.py to template_python_node.cpython-312.pyc
byte-compiling /home/rosbot/ros2_ws/install/log_data_pkg/lib/python3.12/site-packages/log_data_pkg/__init__.py to __init__.cpython-312.pyc
byte-compiling /home/rosbot/ros2_ws/install/log_data_pkg/lib/python3.12/site-packages/log_data_pkg/save_to_csv.py to save_to_csv.cpython-312.pyc
running install_data
creating /home/rosbot/ros2_ws/install/log_data_pkg/share/ament_index
creating /home/rosbot/ros2_ws/install/log_data_pkg/share/ament_index/resource_index
creating /home/rosbot/ros2_ws/install/log_data_pkg/share/ament_index/resource_index/packages
