[1.580s] Invoking command in '/home/rosbot/ros2_ws/src/flight_controller_pkg': PS1=(venv) \[\e]0;\u@\h: \w\a\]${debian_chroot:+($debian_chroot)}\u@\h:\w\$ PYTHONPATH=/home/rosbot/ros2_ws/build/flight_controller_pkg/prefix_override:/usr/lib/python3/dist-packages/colcon_core/task/python/colcon_distutils_commands:/home/rosbot/ros2_ws/install/flight_controller_pkg/lib/python3.12/site-packages:${PYTHONPATH} VIRTUAL_ENV_PROMPT=(venv) /usr/bin/python3 -W ignore:setup.py install is deprecated -W ignore:easy_install command is deprecated setup.py egg_info --egg-base ../../build/flight_controller_pkg build --build-base /home/rosbot/ros2_ws/build/flight_controller_pkg/build install --record /home/rosbot/ros2_ws/build/flight_controller_pkg/install.log --single-version-externally-managed install_data
[1.947s] running egg_info
[1.972s] writing ../../build/flight_controller_pkg/flight_controller_pkg.egg-info/PKG-INFO
[1.972s] writing dependency_links to ../../build/flight_controller_pkg/flight_controller_pkg.egg-info/dependency_links.txt
[1.973s] writing entry points to ../../build/flight_controller_pkg/flight_controller_pkg.egg-info/entry_points.txt
[1.973s] writing requirements to ../../build/flight_controller_pkg/flight_controller_pkg.egg-info/requires.txt
[1.973s] writing top-level names to ../../build/flight_controller_pkg/flight_controller_pkg.egg-info/top_level.txt
[2.025s] reading manifest file '../../build/flight_controller_pkg/flight_controller_pkg.egg-info/SOURCES.txt'
[2.026s] writing manifest file '../../build/flight_controller_pkg/flight_controller_pkg.egg-info/SOURCES.txt'
[2.026s] running build
[2.026s] running build_py
[2.027s] running install
[2.036s] running install_lib
[2.062s] running install_data
[2.062s] running install_egg_info
[2.090s] removing '/home/rosbot/ros2_ws/install/flight_controller_pkg/lib/python3.12/site-packages/flight_controller_pkg-0.0.0-py3.12.egg-info' (and everything under it)
[2.090s] Copying ../../build/flight_controller_pkg/flight_controller_pkg.egg-info to /home/rosbot/ros2_ws/install/flight_controller_pkg/lib/python3.12/site-packages/flight_controller_pkg-0.0.0-py3.12.egg-info
[2.091s] running install_scripts
[2.275s] Installing IMU_node script to /home/rosbot/ros2_ws/install/flight_controller_pkg/lib/flight_controller_pkg
[2.276s] writing list of installed files to '/home/rosbot/ros2_ws/build/flight_controller_pkg/install.log'
[2.423s] Invoked command in '/home/rosbot/ros2_ws/src/flight_controller_pkg' returned '0': PS1=(venv) \[\e]0;\u@\h: \w\a\]${debian_chroot:+($debian_chroot)}\u@\h:\w\$ PYTHONPATH=/home/rosbot/ros2_ws/build/flight_controller_pkg/prefix_override:/usr/lib/python3/dist-packages/colcon_core/task/python/colcon_distutils_commands:/home/rosbot/ros2_ws/install/flight_controller_pkg/lib/python3.12/site-packages:${PYTHONPATH} VIRTUAL_ENV_PROMPT=(venv) /usr/bin/python3 -W ignore:setup.py install is deprecated -W ignore:easy_install command is deprecated setup.py egg_info --egg-base ../../build/flight_controller_pkg build --build-base /home/rosbot/ros2_ws/build/flight_controller_pkg/build install --record /home/rosbot/ros2_ws/build/flight_controller_pkg/install.log --single-version-externally-managed install_data
