running egg_info
creating ../../build/flight_controller_pkg/flight_controller_pkg.egg-info
writing ../../build/flight_controller_pkg/flight_controller_pkg.egg-info/PKG-INFO
writing dependency_links to ../../build/flight_controller_pkg/flight_controller_pkg.egg-info/dependency_links.txt
writing requirements to ../../build/flight_controller_pkg/flight_controller_pkg.egg-info/requires.txt
writing top-level names to ../../build/flight_controller_pkg/flight_controller_pkg.egg-info/top_level.txt
writing manifest file '../../build/flight_controller_pkg/flight_controller_pkg.egg-info/SOURCES.txt'
reading manifest file '../../build/flight_controller_pkg/flight_controller_pkg.egg-info/SOURCES.txt'
writing manifest file '../../build/flight_controller_pkg/flight_controller_pkg.egg-info/SOURCES.txt'
running build
running build_py
creating /home/rosbot/ros2_ws/build/flight_controller_pkg/build
creating /home/rosbot/ros2_ws/build/flight_controller_pkg/build/lib
creating /home/rosbot/ros2_ws/build/flight_controller_pkg/build/lib/flight_controller_pkg
copying flight_controller_pkg/__init__.py -> /home/rosbot/ros2_ws/build/flight_controller_pkg/build/lib/flight_controller_pkg
running install
running install_lib
creating /home/rosbot/ros2_ws/install/flight_controller_pkg/lib/python3.12/site-packages/flight_controller_pkg
copying /home/rosbot/ros2_ws/build/flight_controller_pkg/build/lib/flight_controller_pkg/__init__.py -> /home/rosbot/ros2_ws/install/flight_controller_pkg/lib/python3.12/site-packages/flight_controller_pkg
byte-compiling /home/rosbot/ros2_ws/install/flight_controller_pkg/lib/python3.12/site-packages/flight_controller_pkg/__init__.py to __init__.cpython-312.pyc
running install_data
creating /home/rosbot/ros2_ws/install/flight_controller_pkg/share/ament_index
creating /home/rosbot/ros2_ws/install/flight_controller_pkg/share/ament_index/resource_index
creating /home/rosbot/ros2_ws/install/flight_controller_pkg/share/ament_index/resource_index/packages
copying resource/flight_controller_pkg -> /home/rosbot/ros2_ws/install/flight_controller_pkg/share/ament_index/resource_index/packages
copying package.xml -> /home/rosbot/ros2_ws/install/flight_controller_pkg/share/flight_controller_pkg
running install_egg_info
Copying ../../build/flight_controller_pkg/flight_controller_pkg.egg-info to /home/rosbot/ros2_ws/install/flight_controller_pkg/lib/python3.12/site-packages/flight_controller_pkg-0.0.0-py3.12.egg-info
running install_scripts
writing list of installed files to '/home/rosbot/ros2_ws/build/flight_controller_pkg/install.log'
