[0.057s] Invoking command in '/home/rosbot/ros2_ws/build/my_cpp_pkg': CMAKE_PREFIX_PATH=${CMAKE_PREFIX_PATH}:/home/rosbot/ros2_ws/install/my_py_pkg:/home/rosbot/ros2_ws/install/flight_controller_pkg:/home/rosbot/ros2_ws/install/flask_pkg:/opt/ros/jazzy PS1=(venv) \[\e]0;\u@\h: \w\a\]${debian_chroot:+($debian_chroot)}\u@\h:\w\$ VIRTUAL_ENV_PROMPT=(venv) /usr/bin/cmake /home/rosbot/ros2_ws/src/my_cpp_pkg -DCMAKE_INSTALL_PREFIX=/home/rosbot/ros2_ws/install/my_cpp_pkg
[0.890s] -- The C compiler identification is GNU 13.3.0
[1.424s] -- The CXX compiler identification is GNU 13.3.0
[1.472s] -- Detecting C compiler ABI info
[1.727s] -- Detecting C compiler ABI info - done
[1.741s] -- Check for working C compiler: /usr/bin/cc - skipped
[1.741s] -- Detecting C compile features
[1.742s] -- Detecting C compile features - done
[1.761s] -- Detecting CXX compiler ABI info
[1.995s] -- Detecting CXX compiler ABI info - done
[2.010s] -- Check for working CXX compiler: /usr/bin/c++ - skipped
[2.010s] -- Detecting CXX compile features
[2.011s] -- Detecting CXX compile features - done
[2.020s] -- Found ament_cmake: 2.5.3 (/opt/ros/jazzy/share/ament_cmake/cmake)
[2.337s] -- Found Python3: /home/rosbot/ros2_ws/venv/bin/python3 (found version "3.12.3") found components: Interpreter 
[2.718s] -- Found rclcpp: 28.1.6 (/opt/ros/jazzy/share/rclcpp/cmake)
[2.826s] -- Found rosidl_generator_c: 4.6.5 (/opt/ros/jazzy/share/rosidl_generator_c/cmake)
[2.851s] -- Found rosidl_generator_cpp: 4.6.5 (/opt/ros/jazzy/share/rosidl_generator_cpp/cmake)
[2.891s] -- Using all available rosidl_typesupport_c: rosidl_typesupport_fastrtps_c;rosidl_typesupport_introspection_c
[2.918s] -- Using all available rosidl_typesupport_cpp: rosidl_typesupport_fastrtps_cpp;rosidl_typesupport_introspection_cpp
[3.099s] -- Found rmw_implementation_cmake: 7.3.1 (/opt/ros/jazzy/share/rmw_implementation_cmake/cmake)
[3.106s] -- Found rmw_fastrtps_cpp: 8.4.1 (/opt/ros/jazzy/share/rmw_fastrtps_cpp/cmake)
[3.310s] -- Found OpenSSL: /usr/lib/aarch64-linux-gnu/libcrypto.so (found version "3.0.13")  
[3.347s] -- Found FastRTPS: /opt/ros/jazzy/include (Required is at least version "2.13") 
[3.388s] -- Using RMW implementation 'rmw_fastrtps_cpp' as default
[3.833s] -- Configuring done (3.5s)
[3.897s] -- Generating done (0.1s)
[3.922s] -- Build files have been written to: /home/rosbot/ros2_ws/build/my_cpp_pkg
[3.948s] Invoked command in '/home/rosbot/ros2_ws/build/my_cpp_pkg' returned '0': CMAKE_PREFIX_PATH=${CMAKE_PREFIX_PATH}:/home/rosbot/ros2_ws/install/my_py_pkg:/home/rosbot/ros2_ws/install/flight_controller_pkg:/home/rosbot/ros2_ws/install/flask_pkg:/opt/ros/jazzy PS1=(venv) \[\e]0;\u@\h: \w\a\]${debian_chroot:+($debian_chroot)}\u@\h:\w\$ VIRTUAL_ENV_PROMPT=(venv) /usr/bin/cmake /home/rosbot/ros2_ws/src/my_cpp_pkg -DCMAKE_INSTALL_PREFIX=/home/rosbot/ros2_ws/install/my_cpp_pkg
[3.950s] Invoking command in '/home/rosbot/ros2_ws/build/my_cpp_pkg': CMAKE_PREFIX_PATH=${CMAKE_PREFIX_PATH}:/home/rosbot/ros2_ws/install/my_py_pkg:/home/rosbot/ros2_ws/install/flight_controller_pkg:/home/rosbot/ros2_ws/install/flask_pkg:/opt/ros/jazzy PS1=(venv) \[\e]0;\u@\h: \w\a\]${debian_chroot:+($debian_chroot)}\u@\h:\w\$ VIRTUAL_ENV_PROMPT=(venv) /usr/bin/cmake --build /home/rosbot/ros2_ws/build/my_cpp_pkg -- -j4 -l4
[4.094s] [100%] Built target cpp_node
[4.117s] Invoked command in '/home/rosbot/ros2_ws/build/my_cpp_pkg' returned '0': CMAKE_PREFIX_PATH=${CMAKE_PREFIX_PATH}:/home/rosbot/ros2_ws/install/my_py_pkg:/home/rosbot/ros2_ws/install/flight_controller_pkg:/home/rosbot/ros2_ws/install/flask_pkg:/opt/ros/jazzy PS1=(venv) \[\e]0;\u@\h: \w\a\]${debian_chroot:+($debian_chroot)}\u@\h:\w\$ VIRTUAL_ENV_PROMPT=(venv) /usr/bin/cmake --build /home/rosbot/ros2_ws/build/my_cpp_pkg -- -j4 -l4
[4.136s] Invoking command in '/home/rosbot/ros2_ws/build/my_cpp_pkg': CMAKE_PREFIX_PATH=${CMAKE_PREFIX_PATH}:/home/rosbot/ros2_ws/install/my_py_pkg:/home/rosbot/ros2_ws/install/flight_controller_pkg:/home/rosbot/ros2_ws/install/flask_pkg:/opt/ros/jazzy PS1=(venv) \[\e]0;\u@\h: \w\a\]${debian_chroot:+($debian_chroot)}\u@\h:\w\$ VIRTUAL_ENV_PROMPT=(venv) /usr/bin/cmake --install /home/rosbot/ros2_ws/build/my_cpp_pkg
[4.149s] -- Install configuration: ""
[4.151s] -- Up-to-date: /home/rosbot/ros2_ws/install/my_cpp_pkg/lib/my_cpp_pkg/cpp_node
[4.151s] -- Up-to-date: /home/rosbot/ros2_ws/install/my_cpp_pkg/share/ament_index/resource_index/package_run_dependencies/my_cpp_pkg
[4.152s] -- Installing: /home/rosbot/ros2_ws/install/my_cpp_pkg/share/ament_index/resource_index/parent_prefix_path/my_cpp_pkg
[4.153s] -- Up-to-date: /home/rosbot/ros2_ws/install/my_cpp_pkg/share/my_cpp_pkg/environment/ament_prefix_path.sh
[4.153s] -- Up-to-date: /home/rosbot/ros2_ws/install/my_cpp_pkg/share/my_cpp_pkg/environment/ament_prefix_path.dsv
[4.153s] -- Up-to-date: /home/rosbot/ros2_ws/install/my_cpp_pkg/share/my_cpp_pkg/environment/path.sh
[4.153s] -- Up-to-date: /home/rosbot/ros2_ws/install/my_cpp_pkg/share/my_cpp_pkg/environment/path.dsv
[4.153s] -- Up-to-date: /home/rosbot/ros2_ws/install/my_cpp_pkg/share/my_cpp_pkg/local_setup.bash
[4.153s] -- Up-to-date: /home/rosbot/ros2_ws/install/my_cpp_pkg/share/my_cpp_pkg/local_setup.sh
[4.153s] -- Up-to-date: /home/rosbot/ros2_ws/install/my_cpp_pkg/share/my_cpp_pkg/local_setup.zsh
[4.153s] -- Up-to-date: /home/rosbot/ros2_ws/install/my_cpp_pkg/share/my_cpp_pkg/local_setup.dsv
[4.153s] -- Installing: /home/rosbot/ros2_ws/install/my_cpp_pkg/share/my_cpp_pkg/package.dsv
[4.154s] -- Up-to-date: /home/rosbot/ros2_ws/install/my_cpp_pkg/share/ament_index/resource_index/packages/my_cpp_pkg
[4.159s] -- Up-to-date: /home/rosbot/ros2_ws/install/my_cpp_pkg/share/my_cpp_pkg/cmake/my_cpp_pkgConfig.cmake
[4.159s] -- Up-to-date: /home/rosbot/ros2_ws/install/my_cpp_pkg/share/my_cpp_pkg/cmake/my_cpp_pkgConfig-version.cmake
[4.159s] -- Up-to-date: /home/rosbot/ros2_ws/install/my_cpp_pkg/share/my_cpp_pkg/package.xml
[4.163s] Invoked command in '/home/rosbot/ros2_ws/build/my_cpp_pkg' returned '0': CMAKE_PREFIX_PATH=${CMAKE_PREFIX_PATH}:/home/rosbot/ros2_ws/install/my_py_pkg:/home/rosbot/ros2_ws/install/flight_controller_pkg:/home/rosbot/ros2_ws/install/flask_pkg:/opt/ros/jazzy PS1=(venv) \[\e]0;\u@\h: \w\a\]${debian_chroot:+($debian_chroot)}\u@\h:\w\$ VIRTUAL_ENV_PROMPT=(venv) /usr/bin/cmake --install /home/rosbot/ros2_ws/build/my_cpp_pkg
