[0.147s] DEBUG:colcon:Command line arguments: ['/usr/bin/colcon', 'build']
[0.147s] DEBUG:colcon:Parsed command line arguments: Namespace(log_base=None, log_level=None, verb_name='build', build_base='build', install_base='install', merge_install=False, symlink_install=False, test_result_base=None, continue_on_error=False, executor='parallel', parallel_workers=4, event_handlers=None, ignore_user_meta=False, metas=['./colcon.meta'], base_paths=['.'], packages_ignore=None, packages_ignore_regex=None, paths=None, packages_up_to=None, packages_up_to_regex=None, packages_above=None, packages_above_and_dependencies=None, packages_above_depth=None, packages_select_by_dep=None, packages_skip_by_dep=None, packages_skip_up_to=None, packages_select_build_failed=False, packages_skip_build_finished=False, packages_select_test_failures=False, packages_skip_test_passed=False, packages_select=None, packages_skip=None, packages_select_regex=None, packages_skip_regex=None, packages_start=None, packages_end=None, allow_overriding=[], cmake_args=None, cmake_target=None, cmake_target_skip_unavailable=False, cmake_clean_cache=False, cmake_clean_first=False, cmake_force_configure=False, ament_cmake_args=None, catkin_cmake_args=None, catkin_skip_building_tests=False, mixin_files=None, mixin=None, verb_parser=<colcon_mixin.mixin.mixin_argument.MixinArgumentDecorator object at 0xffff81fc6b70>, verb_extension=<colcon_core.verb.build.BuildVerb object at 0xffff81f43f80>, main=<bound method BuildVerb.main of <colcon_core.verb.build.BuildVerb object at 0xffff81f43f80>>, mixin_verb=('build',))
[0.203s] Level 1:colcon.colcon_core.package_discovery:discover_packages(colcon_meta) check parameters
[0.203s] Level 1:colcon.colcon_core.package_discovery:discover_packages(recursive) check parameters
[0.203s] Level 1:colcon.colcon_core.package_discovery:discover_packages(ignore) check parameters
[0.203s] Level 1:colcon.colcon_core.package_discovery:discover_packages(path) check parameters
[0.203s] Level 1:colcon.colcon_core.package_discovery:discover_packages(colcon_meta) discover
[0.203s] Level 1:colcon.colcon_core.package_discovery:discover_packages(recursive) discover
[0.203s] INFO:colcon.colcon_core.package_discovery:Crawling recursively for packages in '/home/rosbot/ros2_ws'
[0.203s] Level 1:colcon.colcon_core.package_identification:_identify(.) by extensions ['ignore', 'ignore_ament_install']
[0.204s] Level 1:colcon.colcon_core.package_identification:_identify(.) by extension 'ignore'
[0.204s] Level 1:colcon.colcon_core.package_identification:_identify(.) by extension 'ignore_ament_install'
[0.204s] Level 1:colcon.colcon_core.package_identification:_identify(.) by extensions ['colcon_pkg']
[0.204s] Level 1:colcon.colcon_core.package_identification:_identify(.) by extension 'colcon_pkg'
[0.204s] Level 1:colcon.colcon_core.package_identification:_identify(.) by extensions ['colcon_meta']
[0.204s] Level 1:colcon.colcon_core.package_identification:_identify(.) by extension 'colcon_meta'
[0.204s] Level 1:colcon.colcon_core.package_identification:_identify(.) by extensions ['ros']
[0.204s] Level 1:colcon.colcon_core.package_identification:_identify(.) by extension 'ros'
[0.241s] Level 1:colcon.colcon_core.package_identification:_identify(.) by extensions ['cmake', 'python']
[0.241s] Level 1:colcon.colcon_core.package_identification:_identify(.) by extension 'cmake'
[0.242s] Level 1:colcon.colcon_core.package_identification:_identify(.) by extension 'python'
[0.242s] Level 1:colcon.colcon_core.package_identification:_identify(.) by extensions ['python_setup_py']
[0.242s] Level 1:colcon.colcon_core.package_identification:_identify(.) by extension 'python_setup_py'
[0.242s] Level 1:colcon.colcon_core.package_identification:_identify(build) by extensions ['ignore', 'ignore_ament_install']
[0.242s] Level 1:colcon.colcon_core.package_identification:_identify(build) by extension 'ignore'
[0.242s] Level 1:colcon.colcon_core.package_identification:_identify(build) ignored
[0.242s] Level 1:colcon.colcon_core.package_identification:_identify(install) by extensions ['ignore', 'ignore_ament_install']
[0.242s] Level 1:colcon.colcon_core.package_identification:_identify(install) by extension 'ignore'
[0.242s] Level 1:colcon.colcon_core.package_identification:_identify(install) ignored
[0.243s] Level 1:colcon.colcon_core.package_identification:_identify(log) by extensions ['ignore', 'ignore_ament_install']
[0.243s] Level 1:colcon.colcon_core.package_identification:_identify(log) by extension 'ignore'
[0.243s] Level 1:colcon.colcon_core.package_identification:_identify(log) ignored
[0.243s] Level 1:colcon.colcon_core.package_identification:_identify(src) by extensions ['ignore', 'ignore_ament_install']
[0.243s] Level 1:colcon.colcon_core.package_identification:_identify(src) by extension 'ignore'
[0.243s] Level 1:colcon.colcon_core.package_identification:_identify(src) by extension 'ignore_ament_install'
[0.243s] Level 1:colcon.colcon_core.package_identification:_identify(src) by extensions ['colcon_pkg']
[0.243s] Level 1:colcon.colcon_core.package_identification:_identify(src) by extension 'colcon_pkg'
[0.243s] Level 1:colcon.colcon_core.package_identification:_identify(src) by extensions ['colcon_meta']
[0.243s] Level 1:colcon.colcon_core.package_identification:_identify(src) by extension 'colcon_meta'
[0.243s] Level 1:colcon.colcon_core.package_identification:_identify(src) by extensions ['ros']
[0.243s] Level 1:colcon.colcon_core.package_identification:_identify(src) by extension 'ros'
[0.243s] Level 1:colcon.colcon_core.package_identification:_identify(src) by extensions ['cmake', 'python']
[0.243s] Level 1:colcon.colcon_core.package_identification:_identify(src) by extension 'cmake'
[0.243s] Level 1:colcon.colcon_core.package_identification:_identify(src) by extension 'python'
[0.243s] Level 1:colcon.colcon_core.package_identification:_identify(src) by extensions ['python_setup_py']
[0.243s] Level 1:colcon.colcon_core.package_identification:_identify(src) by extension 'python_setup_py'
[0.243s] Level 1:colcon.colcon_core.package_identification:_identify(src/custom_msgs) by extensions ['ignore', 'ignore_ament_install']
[0.244s] Level 1:colcon.colcon_core.package_identification:_identify(src/custom_msgs) by extension 'ignore'
[0.244s] Level 1:colcon.colcon_core.package_identification:_identify(src/custom_msgs) by extension 'ignore_ament_install'
[0.244s] Level 1:colcon.colcon_core.package_identification:_identify(src/custom_msgs) by extensions ['colcon_pkg']
[0.244s] Level 1:colcon.colcon_core.package_identification:_identify(src/custom_msgs) by extension 'colcon_pkg'
[0.244s] Level 1:colcon.colcon_core.package_identification:_identify(src/custom_msgs) by extensions ['colcon_meta']
[0.244s] Level 1:colcon.colcon_core.package_identification:_identify(src/custom_msgs) by extension 'colcon_meta'
[0.244s] Level 1:colcon.colcon_core.package_identification:_identify(src/custom_msgs) by extensions ['ros']
[0.244s] Level 1:colcon.colcon_core.package_identification:_identify(src/custom_msgs) by extension 'ros'
[0.247s] DEBUG:colcon.colcon_core.package_identification:Package 'src/custom_msgs' with type 'ros.ament_cmake' and name 'custom_msgs'
[0.247s] Level 1:colcon.colcon_core.package_identification:_identify(src/flask_pkg) by extensions ['ignore', 'ignore_ament_install']
[0.247s] Level 1:colcon.colcon_core.package_identification:_identify(src/flask_pkg) by extension 'ignore'
[0.247s] Level 1:colcon.colcon_core.package_identification:_identify(src/flask_pkg) by extension 'ignore_ament_install'
[0.247s] Level 1:colcon.colcon_core.package_identification:_identify(src/flask_pkg) by extensions ['colcon_pkg']
[0.247s] Level 1:colcon.colcon_core.package_identification:_identify(src/flask_pkg) by extension 'colcon_pkg'
[0.247s] Level 1:colcon.colcon_core.package_identification:_identify(src/flask_pkg) by extensions ['colcon_meta']
[0.247s] Level 1:colcon.colcon_core.package_identification:_identify(src/flask_pkg) by extension 'colcon_meta'
[0.247s] Level 1:colcon.colcon_core.package_identification:_identify(src/flask_pkg) by extensions ['ros']
[0.247s] Level 1:colcon.colcon_core.package_identification:_identify(src/flask_pkg) by extension 'ros'
[0.248s] DEBUG:colcon.colcon_core.package_identification:Package 'src/flask_pkg' with type 'ros.ament_python' and name 'flask_pkg'
[0.248s] Level 1:colcon.colcon_core.package_identification:_identify(src/flight_controller_pkg) by extensions ['ignore', 'ignore_ament_install']
[0.248s] Level 1:colcon.colcon_core.package_identification:_identify(src/flight_controller_pkg) by extension 'ignore'
[0.248s] Level 1:colcon.colcon_core.package_identification:_identify(src/flight_controller_pkg) by extension 'ignore_ament_install'
[0.248s] Level 1:colcon.colcon_core.package_identification:_identify(src/flight_controller_pkg) by extensions ['colcon_pkg']
[0.249s] Level 1:colcon.colcon_core.package_identification:_identify(src/flight_controller_pkg) by extension 'colcon_pkg'
[0.249s] Level 1:colcon.colcon_core.package_identification:_identify(src/flight_controller_pkg) by extensions ['colcon_meta']
[0.249s] Level 1:colcon.colcon_core.package_identification:_identify(src/flight_controller_pkg) by extension 'colcon_meta'
[0.249s] Level 1:colcon.colcon_core.package_identification:_identify(src/flight_controller_pkg) by extensions ['ros']
[0.249s] Level 1:colcon.colcon_core.package_identification:_identify(src/flight_controller_pkg) by extension 'ros'
[0.249s] DEBUG:colcon.colcon_core.package_identification:Package 'src/flight_controller_pkg' with type 'ros.ament_python' and name 'flight_controller_pkg'
[0.250s] Level 1:colcon.colcon_core.package_identification:_identify(src/my_cpp_pkg) by extensions ['ignore', 'ignore_ament_install']
[0.250s] Level 1:colcon.colcon_core.package_identification:_identify(src/my_cpp_pkg) by extension 'ignore'
[0.250s] Level 1:colcon.colcon_core.package_identification:_identify(src/my_cpp_pkg) by extension 'ignore_ament_install'
[0.250s] Level 1:colcon.colcon_core.package_identification:_identify(src/my_cpp_pkg) by extensions ['colcon_pkg']
[0.250s] Level 1:colcon.colcon_core.package_identification:_identify(src/my_cpp_pkg) by extension 'colcon_pkg'
[0.250s] Level 1:colcon.colcon_core.package_identification:_identify(src/my_cpp_pkg) by extensions ['colcon_meta']
[0.250s] Level 1:colcon.colcon_core.package_identification:_identify(src/my_cpp_pkg) by extension 'colcon_meta'
[0.250s] Level 1:colcon.colcon_core.package_identification:_identify(src/my_cpp_pkg) by extensions ['ros']
[0.250s] Level 1:colcon.colcon_core.package_identification:_identify(src/my_cpp_pkg) by extension 'ros'
[0.251s] DEBUG:colcon.colcon_core.package_identification:Package 'src/my_cpp_pkg' with type 'ros.ament_cmake' and name 'my_cpp_pkg'
[0.251s] Level 1:colcon.colcon_core.package_identification:_identify(src/my_py_pkg) by extensions ['ignore', 'ignore_ament_install']
[0.251s] Level 1:colcon.colcon_core.package_identification:_identify(src/my_py_pkg) by extension 'ignore'
[0.251s] Level 1:colcon.colcon_core.package_identification:_identify(src/my_py_pkg) by extension 'ignore_ament_install'
[0.251s] Level 1:colcon.colcon_core.package_identification:_identify(src/my_py_pkg) by extensions ['colcon_pkg']
[0.251s] Level 1:colcon.colcon_core.package_identification:_identify(src/my_py_pkg) by extension 'colcon_pkg'
[0.251s] Level 1:colcon.colcon_core.package_identification:_identify(src/my_py_pkg) by extensions ['colcon_meta']
[0.251s] Level 1:colcon.colcon_core.package_identification:_identify(src/my_py_pkg) by extension 'colcon_meta'
[0.251s] Level 1:colcon.colcon_core.package_identification:_identify(src/my_py_pkg) by extensions ['ros']
[0.251s] Level 1:colcon.colcon_core.package_identification:_identify(src/my_py_pkg) by extension 'ros'
[0.252s] DEBUG:colcon.colcon_core.package_identification:Package 'src/my_py_pkg' with type 'ros.ament_python' and name 'my_py_pkg'
[0.252s] Level 1:colcon.colcon_core.package_identification:_identify(venv) by extensions ['ignore', 'ignore_ament_install']
[0.252s] Level 1:colcon.colcon_core.package_identification:_identify(venv) by extension 'ignore'
[0.252s] Level 1:colcon.colcon_core.package_identification:_identify(venv) ignored
[0.252s] Level 1:colcon.colcon_core.package_discovery:discover_packages(recursive) using defaults
[0.252s] Level 1:colcon.colcon_core.package_discovery:discover_packages(ignore) discover
[0.252s] Level 1:colcon.colcon_core.package_discovery:discover_packages(ignore) using defaults
[0.252s] Level 1:colcon.colcon_core.package_discovery:discover_packages(path) discover
[0.252s] Level 1:colcon.colcon_core.package_discovery:discover_packages(path) using defaults
[0.276s] Level 1:colcon.colcon_core.package_discovery:discover_packages(prefix_path) check parameters
[0.276s] Level 1:colcon.colcon_core.package_discovery:discover_packages(prefix_path) discover
[0.279s] DEBUG:colcon.colcon_installed_package_information.package_discovery:Found 4 installed packages in /home/rosbot/ros2_ws/install
[0.281s] DEBUG:colcon.colcon_installed_package_information.package_discovery:Found 285 installed packages in /opt/ros/jazzy
[0.283s] Level 1:colcon.colcon_core.package_discovery:discover_packages(prefix_path) using defaults
[0.340s] Level 5:colcon.colcon_core.verb:set package 'custom_msgs' build argument 'cmake_args' from command line to 'None'
[0.341s] Level 5:colcon.colcon_core.verb:set package 'custom_msgs' build argument 'cmake_target' from command line to 'None'
[0.341s] Level 5:colcon.colcon_core.verb:set package 'custom_msgs' build argument 'cmake_target_skip_unavailable' from command line to 'False'
[0.341s] Level 5:colcon.colcon_core.verb:set package 'custom_msgs' build argument 'cmake_clean_cache' from command line to 'False'
[0.341s] Level 5:colcon.colcon_core.verb:set package 'custom_msgs' build argument 'cmake_clean_first' from command line to 'False'
[0.341s] Level 5:colcon.colcon_core.verb:set package 'custom_msgs' build argument 'cmake_force_configure' from command line to 'False'
[0.341s] Level 5:colcon.colcon_core.verb:set package 'custom_msgs' build argument 'ament_cmake_args' from command line to 'None'
[0.341s] Level 5:colcon.colcon_core.verb:set package 'custom_msgs' build argument 'catkin_cmake_args' from command line to 'None'
[0.341s] Level 5:colcon.colcon_core.verb:set package 'custom_msgs' build argument 'catkin_skip_building_tests' from command line to 'False'
[0.341s] DEBUG:colcon.colcon_core.verb:Building package 'custom_msgs' with the following arguments: {'ament_cmake_args': None, 'build_base': '/home/rosbot/ros2_ws/build/custom_msgs', 'catkin_cmake_args': None, 'catkin_skip_building_tests': False, 'cmake_args': None, 'cmake_clean_cache': False, 'cmake_clean_first': False, 'cmake_force_configure': False, 'cmake_target': None, 'cmake_target_skip_unavailable': False, 'install_base': '/home/rosbot/ros2_ws/install/custom_msgs', 'merge_install': False, 'path': '/home/rosbot/ros2_ws/src/custom_msgs', 'symlink_install': False, 'test_result_base': None}
[0.341s] Level 5:colcon.colcon_core.verb:set package 'my_cpp_pkg' build argument 'cmake_args' from command line to 'None'
[0.341s] Level 5:colcon.colcon_core.verb:set package 'my_cpp_pkg' build argument 'cmake_target' from command line to 'None'
[0.341s] Level 5:colcon.colcon_core.verb:set package 'my_cpp_pkg' build argument 'cmake_target_skip_unavailable' from command line to 'False'
[0.341s] Level 5:colcon.colcon_core.verb:set package 'my_cpp_pkg' build argument 'cmake_clean_cache' from command line to 'False'
[0.341s] Level 5:colcon.colcon_core.verb:set package 'my_cpp_pkg' build argument 'cmake_clean_first' from command line to 'False'
[0.341s] Level 5:colcon.colcon_core.verb:set package 'my_cpp_pkg' build argument 'cmake_force_configure' from command line to 'False'
[0.341s] Level 5:colcon.colcon_core.verb:set package 'my_cpp_pkg' build argument 'ament_cmake_args' from command line to 'None'
[0.341s] Level 5:colcon.colcon_core.verb:set package 'my_cpp_pkg' build argument 'catkin_cmake_args' from command line to 'None'
[0.341s] Level 5:colcon.colcon_core.verb:set package 'my_cpp_pkg' build argument 'catkin_skip_building_tests' from command line to 'False'
[0.342s] DEBUG:colcon.colcon_core.verb:Building package 'my_cpp_pkg' with the following arguments: {'ament_cmake_args': None, 'build_base': '/home/rosbot/ros2_ws/build/my_cpp_pkg', 'catkin_cmake_args': None, 'catkin_skip_building_tests': False, 'cmake_args': None, 'cmake_clean_cache': False, 'cmake_clean_first': False, 'cmake_force_configure': False, 'cmake_target': None, 'cmake_target_skip_unavailable': False, 'install_base': '/home/rosbot/ros2_ws/install/my_cpp_pkg', 'merge_install': False, 'path': '/home/rosbot/ros2_ws/src/my_cpp_pkg', 'symlink_install': False, 'test_result_base': None}
[0.342s] Level 5:colcon.colcon_core.verb:set package 'my_py_pkg' build argument 'cmake_args' from command line to 'None'
[0.342s] Level 5:colcon.colcon_core.verb:set package 'my_py_pkg' build argument 'cmake_target' from command line to 'None'
[0.342s] Level 5:colcon.colcon_core.verb:set package 'my_py_pkg' build argument 'cmake_target_skip_unavailable' from command line to 'False'
[0.342s] Level 5:colcon.colcon_core.verb:set package 'my_py_pkg' build argument 'cmake_clean_cache' from command line to 'False'
[0.342s] Level 5:colcon.colcon_core.verb:set package 'my_py_pkg' build argument 'cmake_clean_first' from command line to 'False'
[0.342s] Level 5:colcon.colcon_core.verb:set package 'my_py_pkg' build argument 'cmake_force_configure' from command line to 'False'
[0.342s] Level 5:colcon.colcon_core.verb:set package 'my_py_pkg' build argument 'ament_cmake_args' from command line to 'None'
[0.342s] Level 5:colcon.colcon_core.verb:set package 'my_py_pkg' build argument 'catkin_cmake_args' from command line to 'None'
[0.342s] Level 5:colcon.colcon_core.verb:set package 'my_py_pkg' build argument 'catkin_skip_building_tests' from command line to 'False'
[0.342s] DEBUG:colcon.colcon_core.verb:Building package 'my_py_pkg' with the following arguments: {'ament_cmake_args': None, 'build_base': '/home/rosbot/ros2_ws/build/my_py_pkg', 'catkin_cmake_args': None, 'catkin_skip_building_tests': False, 'cmake_args': None, 'cmake_clean_cache': False, 'cmake_clean_first': False, 'cmake_force_configure': False, 'cmake_target': None, 'cmake_target_skip_unavailable': False, 'install_base': '/home/rosbot/ros2_ws/install/my_py_pkg', 'merge_install': False, 'path': '/home/rosbot/ros2_ws/src/my_py_pkg', 'symlink_install': False, 'test_result_base': None}
[0.342s] Level 5:colcon.colcon_core.verb:set package 'flask_pkg' build argument 'cmake_args' from command line to 'None'
[0.342s] Level 5:colcon.colcon_core.verb:set package 'flask_pkg' build argument 'cmake_target' from command line to 'None'
[0.342s] Level 5:colcon.colcon_core.verb:set package 'flask_pkg' build argument 'cmake_target_skip_unavailable' from command line to 'False'
[0.342s] Level 5:colcon.colcon_core.verb:set package 'flask_pkg' build argument 'cmake_clean_cache' from command line to 'False'
[0.343s] Level 5:colcon.colcon_core.verb:set package 'flask_pkg' build argument 'cmake_clean_first' from command line to 'False'
[0.343s] Level 5:colcon.colcon_core.verb:set package 'flask_pkg' build argument 'cmake_force_configure' from command line to 'False'
[0.343s] Level 5:colcon.colcon_core.verb:set package 'flask_pkg' build argument 'ament_cmake_args' from command line to 'None'
[0.343s] Level 5:colcon.colcon_core.verb:set package 'flask_pkg' build argument 'catkin_cmake_args' from command line to 'None'
[0.343s] Level 5:colcon.colcon_core.verb:set package 'flask_pkg' build argument 'catkin_skip_building_tests' from command line to 'False'
[0.343s] DEBUG:colcon.colcon_core.verb:Building package 'flask_pkg' with the following arguments: {'ament_cmake_args': None, 'build_base': '/home/rosbot/ros2_ws/build/flask_pkg', 'catkin_cmake_args': None, 'catkin_skip_building_tests': False, 'cmake_args': None, 'cmake_clean_cache': False, 'cmake_clean_first': False, 'cmake_force_configure': False, 'cmake_target': None, 'cmake_target_skip_unavailable': False, 'install_base': '/home/rosbot/ros2_ws/install/flask_pkg', 'merge_install': False, 'path': '/home/rosbot/ros2_ws/src/flask_pkg', 'symlink_install': False, 'test_result_base': None}
[0.343s] Level 5:colcon.colcon_core.verb:set package 'flight_controller_pkg' build argument 'cmake_args' from command line to 'None'
[0.343s] Level 5:colcon.colcon_core.verb:set package 'flight_controller_pkg' build argument 'cmake_target' from command line to 'None'
[0.343s] Level 5:colcon.colcon_core.verb:set package 'flight_controller_pkg' build argument 'cmake_target_skip_unavailable' from command line to 'False'
[0.343s] Level 5:colcon.colcon_core.verb:set package 'flight_controller_pkg' build argument 'cmake_clean_cache' from command line to 'False'
[0.343s] Level 5:colcon.colcon_core.verb:set package 'flight_controller_pkg' build argument 'cmake_clean_first' from command line to 'False'
[0.343s] Level 5:colcon.colcon_core.verb:set package 'flight_controller_pkg' build argument 'cmake_force_configure' from command line to 'False'
[0.343s] Level 5:colcon.colcon_core.verb:set package 'flight_controller_pkg' build argument 'ament_cmake_args' from command line to 'None'
[0.343s] Level 5:colcon.colcon_core.verb:set package 'flight_controller_pkg' build argument 'catkin_cmake_args' from command line to 'None'
[0.343s] Level 5:colcon.colcon_core.verb:set package 'flight_controller_pkg' build argument 'catkin_skip_building_tests' from command line to 'False'
[0.343s] DEBUG:colcon.colcon_core.verb:Building package 'flight_controller_pkg' with the following arguments: {'ament_cmake_args': None, 'build_base': '/home/rosbot/ros2_ws/build/flight_controller_pkg', 'catkin_cmake_args': None, 'catkin_skip_building_tests': False, 'cmake_args': None, 'cmake_clean_cache': False, 'cmake_clean_first': False, 'cmake_force_configure': False, 'cmake_target': None, 'cmake_target_skip_unavailable': False, 'install_base': '/home/rosbot/ros2_ws/install/flight_controller_pkg', 'merge_install': False, 'path': '/home/rosbot/ros2_ws/src/flight_controller_pkg', 'symlink_install': False, 'test_result_base': None}
[0.343s] INFO:colcon.colcon_core.executor:Executing jobs using 'parallel' executor
[0.345s] DEBUG:colcon.colcon_parallel_executor.executor.parallel:run_until_complete
[0.345s] INFO:colcon.colcon_ros.task.ament_cmake.build:Building ROS package in '/home/rosbot/ros2_ws/src/custom_msgs' with build type 'ament_cmake'
[0.345s] INFO:colcon.colcon_cmake.task.cmake.build:Building CMake package in '/home/rosbot/ros2_ws/src/custom_msgs'
[0.347s] INFO:colcon.colcon_core.plugin_system:Skipping extension 'colcon_core.shell.bat': Not used on non-Windows systems
[0.348s] INFO:colcon.colcon_core.shell:Skip shell extension 'powershell' for command environment: Not usable outside of PowerShell
[0.348s] DEBUG:colcon.colcon_core.shell:Skip shell extension 'dsv' for command environment
[0.352s] INFO:colcon.colcon_ros.task.ament_cmake.build:Building ROS package in '/home/rosbot/ros2_ws/src/my_cpp_pkg' with build type 'ament_cmake'
[0.352s] INFO:colcon.colcon_cmake.task.cmake.build:Building CMake package in '/home/rosbot/ros2_ws/src/my_cpp_pkg'
[0.353s] INFO:colcon.colcon_core.shell:Skip shell extension 'powershell' for command environment: Not usable outside of PowerShell
[0.353s] DEBUG:colcon.colcon_core.shell:Skip shell extension 'dsv' for command environment
[0.357s] INFO:colcon.colcon_ros.task.ament_python.build:Building ROS package in '/home/rosbot/ros2_ws/src/my_py_pkg' with build type 'ament_python'
[0.357s] Level 1:colcon.colcon_core.shell:create_environment_hook('my_py_pkg', 'ament_prefix_path')
[0.358s] INFO:colcon.colcon_core.shell:Creating environment hook '/home/rosbot/ros2_ws/install/my_py_pkg/share/my_py_pkg/hook/ament_prefix_path.ps1'
[0.359s] INFO:colcon.colcon_core.shell:Creating environment descriptor '/home/rosbot/ros2_ws/install/my_py_pkg/share/my_py_pkg/hook/ament_prefix_path.dsv'
[0.360s] INFO:colcon.colcon_core.shell:Creating environment hook '/home/rosbot/ros2_ws/install/my_py_pkg/share/my_py_pkg/hook/ament_prefix_path.sh'
[0.361s] INFO:colcon.colcon_core.shell:Skip shell extension 'powershell' for command environment: Not usable outside of PowerShell
[0.361s] DEBUG:colcon.colcon_core.shell:Skip shell extension 'dsv' for command environment
[0.372s] DEBUG:colcon.colcon_core.event_handler.log_command:Invoking command in '/home/rosbot/ros2_ws/build/custom_msgs': CMAKE_PREFIX_PATH=${CMAKE_PREFIX_PATH}:/home/rosbot/ros2_ws/install/my_py_pkg:/home/rosbot/ros2_ws/install/flight_controller_pkg:/opt/ros/jazzy PS1=(venv) \[\e]0;\u@\h: \w\a\]${debian_chroot:+($debian_chroot)}\u@\h:\w\$ VIRTUAL_ENV_PROMPT=(venv) /usr/bin/cmake --build /home/rosbot/ros2_ws/build/custom_msgs -- -j4 -l4
[0.376s] DEBUG:colcon.colcon_core.event_handler.log_command:Invoking command in '/home/rosbot/ros2_ws/build/my_cpp_pkg': CMAKE_PREFIX_PATH=${CMAKE_PREFIX_PATH}:/home/rosbot/ros2_ws/install/my_py_pkg:/home/rosbot/ros2_ws/install/flight_controller_pkg:/opt/ros/jazzy PS1=(venv) \[\e]0;\u@\h: \w\a\]${debian_chroot:+($debian_chroot)}\u@\h:\w\$ VIRTUAL_ENV_PROMPT=(venv) /usr/bin/cmake --build /home/rosbot/ros2_ws/build/my_cpp_pkg -- -j4 -l4
[0.848s] INFO:colcon.colcon_core.task.python.build:Building Python package in '/home/rosbot/ros2_ws/src/my_py_pkg'
[0.850s] INFO:colcon.colcon_core.shell:Skip shell extension 'powershell' for command environment: Not usable outside of PowerShell
[0.850s] DEBUG:colcon.colcon_core.shell:Skip shell extension 'dsv' for command environment
[0.858s] DEBUG:colcon.colcon_core.event_handler.log_command:Invoked command in '/home/rosbot/ros2_ws/build/my_cpp_pkg' returned '0': CMAKE_PREFIX_PATH=${CMAKE_PREFIX_PATH}:/home/rosbot/ros2_ws/install/my_py_pkg:/home/rosbot/ros2_ws/install/flight_controller_pkg:/opt/ros/jazzy PS1=(venv) \[\e]0;\u@\h: \w\a\]${debian_chroot:+($debian_chroot)}\u@\h:\w\$ VIRTUAL_ENV_PROMPT=(venv) /usr/bin/cmake --build /home/rosbot/ros2_ws/build/my_cpp_pkg -- -j4 -l4
[0.876s] DEBUG:colcon.colcon_core.event_handler.log_command:Invoking command in '/home/rosbot/ros2_ws/build/my_cpp_pkg': CMAKE_PREFIX_PATH=${CMAKE_PREFIX_PATH}:/home/rosbot/ros2_ws/install/my_py_pkg:/home/rosbot/ros2_ws/install/flight_controller_pkg:/opt/ros/jazzy PS1=(venv) \[\e]0;\u@\h: \w\a\]${debian_chroot:+($debian_chroot)}\u@\h:\w\$ VIRTUAL_ENV_PROMPT=(venv) /usr/bin/cmake --install /home/rosbot/ros2_ws/build/my_cpp_pkg
[0.895s] Level 1:colcon.colcon_core.environment:create_environment_scripts_only(my_cpp_pkg)
[0.895s] DEBUG:colcon.colcon_core.event_handler.log_command:Invoked command in '/home/rosbot/ros2_ws/build/my_cpp_pkg' returned '0': CMAKE_PREFIX_PATH=${CMAKE_PREFIX_PATH}:/home/rosbot/ros2_ws/install/my_py_pkg:/home/rosbot/ros2_ws/install/flight_controller_pkg:/opt/ros/jazzy PS1=(venv) \[\e]0;\u@\h: \w\a\]${debian_chroot:+($debian_chroot)}\u@\h:\w\$ VIRTUAL_ENV_PROMPT=(venv) /usr/bin/cmake --install /home/rosbot/ros2_ws/build/my_cpp_pkg
[0.898s] Level 1:colcon.colcon_core.environment:checking '/home/rosbot/ros2_ws/install/my_cpp_pkg' for CMake module files
[0.899s] Level 1:colcon.colcon_core.environment:checking '/home/rosbot/ros2_ws/install/my_cpp_pkg' for CMake config files
[0.899s] Level 1:colcon.colcon_core.shell:create_environment_hook('my_cpp_pkg', 'cmake_prefix_path')
[0.899s] INFO:colcon.colcon_core.shell:Creating environment hook '/home/rosbot/ros2_ws/install/my_cpp_pkg/share/my_cpp_pkg/hook/cmake_prefix_path.ps1'
[0.900s] INFO:colcon.colcon_core.shell:Creating environment descriptor '/home/rosbot/ros2_ws/install/my_cpp_pkg/share/my_cpp_pkg/hook/cmake_prefix_path.dsv'
[0.901s] INFO:colcon.colcon_core.shell:Creating environment hook '/home/rosbot/ros2_ws/install/my_cpp_pkg/share/my_cpp_pkg/hook/cmake_prefix_path.sh'
[0.903s] Level 1:colcon.colcon_core.environment:checking '/home/rosbot/ros2_ws/install/my_cpp_pkg/lib'
[0.903s] Level 1:colcon.colcon_core.environment:checking '/home/rosbot/ros2_ws/install/my_cpp_pkg/bin'
[0.903s] Level 1:colcon.colcon_core.environment:checking '/home/rosbot/ros2_ws/install/my_cpp_pkg/lib/pkgconfig/my_cpp_pkg.pc'
[0.903s] Level 1:colcon.colcon_core.environment:checking '/home/rosbot/ros2_ws/install/my_cpp_pkg/lib/python3.12/site-packages'
[0.904s] Level 1:colcon.colcon_core.environment:checking '/home/rosbot/ros2_ws/install/my_cpp_pkg/bin'
[0.904s] INFO:colcon.colcon_core.shell:Creating package script '/home/rosbot/ros2_ws/install/my_cpp_pkg/share/my_cpp_pkg/package.ps1'
[0.905s] INFO:colcon.colcon_core.shell:Creating package descriptor '/home/rosbot/ros2_ws/install/my_cpp_pkg/share/my_cpp_pkg/package.dsv'
[0.906s] INFO:colcon.colcon_core.shell:Creating package script '/home/rosbot/ros2_ws/install/my_cpp_pkg/share/my_cpp_pkg/package.sh'
[0.907s] INFO:colcon.colcon_core.shell:Creating package script '/home/rosbot/ros2_ws/install/my_cpp_pkg/share/my_cpp_pkg/package.bash'
[0.908s] INFO:colcon.colcon_core.shell:Creating package script '/home/rosbot/ros2_ws/install/my_cpp_pkg/share/my_cpp_pkg/package.zsh'
[0.909s] Level 1:colcon.colcon_core.environment:create_file_with_runtime_dependencies(/home/rosbot/ros2_ws/install/my_cpp_pkg/share/colcon-core/packages/my_cpp_pkg)
[0.911s] Level 1:colcon.colcon_core.environment:create_environment_scripts_only(my_cpp_pkg)
[0.912s] Level 1:colcon.colcon_core.environment:checking '/home/rosbot/ros2_ws/install/my_cpp_pkg' for CMake module files
[0.912s] Level 1:colcon.colcon_core.environment:checking '/home/rosbot/ros2_ws/install/my_cpp_pkg' for CMake config files
[0.912s] Level 1:colcon.colcon_core.shell:create_environment_hook('my_cpp_pkg', 'cmake_prefix_path')
[0.913s] INFO:colcon.colcon_core.shell:Creating environment hook '/home/rosbot/ros2_ws/install/my_cpp_pkg/share/my_cpp_pkg/hook/cmake_prefix_path.ps1'
[0.913s] INFO:colcon.colcon_core.shell:Creating environment descriptor '/home/rosbot/ros2_ws/install/my_cpp_pkg/share/my_cpp_pkg/hook/cmake_prefix_path.dsv'
[0.914s] INFO:colcon.colcon_core.shell:Creating environment hook '/home/rosbot/ros2_ws/install/my_cpp_pkg/share/my_cpp_pkg/hook/cmake_prefix_path.sh'
[0.915s] Level 1:colcon.colcon_core.environment:checking '/home/rosbot/ros2_ws/install/my_cpp_pkg/lib'
[0.916s] Level 1:colcon.colcon_core.environment:checking '/home/rosbot/ros2_ws/install/my_cpp_pkg/bin'
[0.916s] Level 1:colcon.colcon_core.environment:checking '/home/rosbot/ros2_ws/install/my_cpp_pkg/lib/pkgconfig/my_cpp_pkg.pc'
[0.916s] Level 1:colcon.colcon_core.environment:checking '/home/rosbot/ros2_ws/install/my_cpp_pkg/lib/python3.12/site-packages'
[0.917s] Level 1:colcon.colcon_core.environment:checking '/home/rosbot/ros2_ws/install/my_cpp_pkg/bin'
[0.917s] INFO:colcon.colcon_core.shell:Creating package script '/home/rosbot/ros2_ws/install/my_cpp_pkg/share/my_cpp_pkg/package.ps1'
[0.918s] INFO:colcon.colcon_core.shell:Creating package descriptor '/home/rosbot/ros2_ws/install/my_cpp_pkg/share/my_cpp_pkg/package.dsv'
[0.919s] INFO:colcon.colcon_core.shell:Creating package script '/home/rosbot/ros2_ws/install/my_cpp_pkg/share/my_cpp_pkg/package.sh'
[0.920s] INFO:colcon.colcon_core.shell:Creating package script '/home/rosbot/ros2_ws/install/my_cpp_pkg/share/my_cpp_pkg/package.bash'
[0.920s] INFO:colcon.colcon_core.shell:Creating package script '/home/rosbot/ros2_ws/install/my_cpp_pkg/share/my_cpp_pkg/package.zsh'
[0.921s] Level 1:colcon.colcon_core.environment:create_file_with_runtime_dependencies(/home/rosbot/ros2_ws/install/my_cpp_pkg/share/colcon-core/packages/my_cpp_pkg)
[1.112s] DEBUG:colcon.colcon_core.event_handler.log_command:Invoked command in '/home/rosbot/ros2_ws/build/custom_msgs' returned '0': CMAKE_PREFIX_PATH=${CMAKE_PREFIX_PATH}:/home/rosbot/ros2_ws/install/my_py_pkg:/home/rosbot/ros2_ws/install/flight_controller_pkg:/opt/ros/jazzy PS1=(venv) \[\e]0;\u@\h: \w\a\]${debian_chroot:+($debian_chroot)}\u@\h:\w\$ VIRTUAL_ENV_PROMPT=(venv) /usr/bin/cmake --build /home/rosbot/ros2_ws/build/custom_msgs -- -j4 -l4
[1.114s] DEBUG:colcon.colcon_core.event_handler.log_command:Invoking command in '/home/rosbot/ros2_ws/build/custom_msgs': CMAKE_PREFIX_PATH=${CMAKE_PREFIX_PATH}:/home/rosbot/ros2_ws/install/my_py_pkg:/home/rosbot/ros2_ws/install/flight_controller_pkg:/opt/ros/jazzy PS1=(venv) \[\e]0;\u@\h: \w\a\]${debian_chroot:+($debian_chroot)}\u@\h:\w\$ VIRTUAL_ENV_PROMPT=(venv) /usr/bin/cmake --install /home/rosbot/ros2_ws/build/custom_msgs
[1.207s] Level 1:colcon.colcon_core.environment:create_environment_scripts_only(custom_msgs)
[1.207s] Level 1:colcon.colcon_core.environment:checking '/home/rosbot/ros2_ws/install/custom_msgs' for CMake module files
[1.208s] DEBUG:colcon.colcon_core.event_handler.log_command:Invoked command in '/home/rosbot/ros2_ws/build/custom_msgs' returned '0': CMAKE_PREFIX_PATH=${CMAKE_PREFIX_PATH}:/home/rosbot/ros2_ws/install/my_py_pkg:/home/rosbot/ros2_ws/install/flight_controller_pkg:/opt/ros/jazzy PS1=(venv) \[\e]0;\u@\h: \w\a\]${debian_chroot:+($debian_chroot)}\u@\h:\w\$ VIRTUAL_ENV_PROMPT=(venv) /usr/bin/cmake --install /home/rosbot/ros2_ws/build/custom_msgs
[1.209s] Level 1:colcon.colcon_core.environment:checking '/home/rosbot/ros2_ws/install/custom_msgs' for CMake config files
[1.209s] Level 1:colcon.colcon_core.shell:create_environment_hook('custom_msgs', 'cmake_prefix_path')
[1.209s] INFO:colcon.colcon_core.shell:Creating environment hook '/home/rosbot/ros2_ws/install/custom_msgs/share/custom_msgs/hook/cmake_prefix_path.ps1'
[1.210s] INFO:colcon.colcon_core.shell:Creating environment descriptor '/home/rosbot/ros2_ws/install/custom_msgs/share/custom_msgs/hook/cmake_prefix_path.dsv'
[1.211s] INFO:colcon.colcon_core.shell:Creating environment hook '/home/rosbot/ros2_ws/install/custom_msgs/share/custom_msgs/hook/cmake_prefix_path.sh'
[1.213s] Level 1:colcon.colcon_core.environment:checking '/home/rosbot/ros2_ws/install/custom_msgs/lib'
[1.213s] Level 1:colcon.colcon_core.shell:create_environment_hook('custom_msgs', 'ld_library_path_lib')
[1.213s] INFO:colcon.colcon_core.shell:Creating environment hook '/home/rosbot/ros2_ws/install/custom_msgs/share/custom_msgs/hook/ld_library_path_lib.ps1'
[1.215s] INFO:colcon.colcon_core.shell:Creating environment descriptor '/home/rosbot/ros2_ws/install/custom_msgs/share/custom_msgs/hook/ld_library_path_lib.dsv'
[1.216s] INFO:colcon.colcon_core.shell:Creating environment hook '/home/rosbot/ros2_ws/install/custom_msgs/share/custom_msgs/hook/ld_library_path_lib.sh'
[1.217s] Level 1:colcon.colcon_core.environment:checking '/home/rosbot/ros2_ws/install/custom_msgs/bin'
[1.217s] Level 1:colcon.colcon_core.environment:checking '/home/rosbot/ros2_ws/install/custom_msgs/lib/pkgconfig/custom_msgs.pc'
[1.217s] Level 1:colcon.colcon_core.environment:checking '/home/rosbot/ros2_ws/install/custom_msgs/lib/python3.12/site-packages'
[1.218s] Level 1:colcon.colcon_core.shell:create_environment_hook('custom_msgs', 'pythonpath')
[1.218s] INFO:colcon.colcon_core.shell:Creating environment hook '/home/rosbot/ros2_ws/install/custom_msgs/share/custom_msgs/hook/pythonpath.ps1'
[1.219s] INFO:colcon.colcon_core.shell:Creating environment descriptor '/home/rosbot/ros2_ws/install/custom_msgs/share/custom_msgs/hook/pythonpath.dsv'
[1.223s] INFO:colcon.colcon_core.shell:Creating environment hook '/home/rosbot/ros2_ws/install/custom_msgs/share/custom_msgs/hook/pythonpath.sh'
[1.224s] Level 1:colcon.colcon_core.environment:checking '/home/rosbot/ros2_ws/install/custom_msgs/bin'
[1.225s] INFO:colcon.colcon_core.shell:Creating package script '/home/rosbot/ros2_ws/install/custom_msgs/share/custom_msgs/package.ps1'
[1.226s] INFO:colcon.colcon_core.shell:Creating package descriptor '/home/rosbot/ros2_ws/install/custom_msgs/share/custom_msgs/package.dsv'
[1.227s] INFO:colcon.colcon_core.shell:Creating package script '/home/rosbot/ros2_ws/install/custom_msgs/share/custom_msgs/package.sh'
[1.228s] INFO:colcon.colcon_core.shell:Creating package script '/home/rosbot/ros2_ws/install/custom_msgs/share/custom_msgs/package.bash'
[1.229s] INFO:colcon.colcon_core.shell:Creating package script '/home/rosbot/ros2_ws/install/custom_msgs/share/custom_msgs/package.zsh'
[1.230s] Level 1:colcon.colcon_core.environment:create_file_with_runtime_dependencies(/home/rosbot/ros2_ws/install/custom_msgs/share/colcon-core/packages/custom_msgs)
[1.232s] Level 1:colcon.colcon_core.environment:create_environment_scripts_only(custom_msgs)
[1.233s] Level 1:colcon.colcon_core.environment:checking '/home/rosbot/ros2_ws/install/custom_msgs' for CMake module files
[1.234s] Level 1:colcon.colcon_core.environment:checking '/home/rosbot/ros2_ws/install/custom_msgs' for CMake config files
[1.234s] Level 1:colcon.colcon_core.shell:create_environment_hook('custom_msgs', 'cmake_prefix_path')
[1.235s] INFO:colcon.colcon_core.shell:Creating environment hook '/home/rosbot/ros2_ws/install/custom_msgs/share/custom_msgs/hook/cmake_prefix_path.ps1'
[1.236s] INFO:colcon.colcon_core.shell:Creating environment descriptor '/home/rosbot/ros2_ws/install/custom_msgs/share/custom_msgs/hook/cmake_prefix_path.dsv'
[1.237s] INFO:colcon.colcon_core.shell:Creating environment hook '/home/rosbot/ros2_ws/install/custom_msgs/share/custom_msgs/hook/cmake_prefix_path.sh'
[1.238s] Level 1:colcon.colcon_core.environment:checking '/home/rosbot/ros2_ws/install/custom_msgs/lib'
[1.238s] Level 1:colcon.colcon_core.shell:create_environment_hook('custom_msgs', 'ld_library_path_lib')
[1.239s] INFO:colcon.colcon_core.shell:Creating environment hook '/home/rosbot/ros2_ws/install/custom_msgs/share/custom_msgs/hook/ld_library_path_lib.ps1'
[1.242s] INFO:colcon.colcon_core.shell:Creating environment descriptor '/home/rosbot/ros2_ws/install/custom_msgs/share/custom_msgs/hook/ld_library_path_lib.dsv'
[1.243s] INFO:colcon.colcon_core.shell:Creating environment hook '/home/rosbot/ros2_ws/install/custom_msgs/share/custom_msgs/hook/ld_library_path_lib.sh'
[1.244s] Level 1:colcon.colcon_core.environment:checking '/home/rosbot/ros2_ws/install/custom_msgs/bin'
[1.244s] Level 1:colcon.colcon_core.environment:checking '/home/rosbot/ros2_ws/install/custom_msgs/lib/pkgconfig/custom_msgs.pc'
[1.245s] Level 1:colcon.colcon_core.environment:checking '/home/rosbot/ros2_ws/install/custom_msgs/lib/python3.12/site-packages'
[1.245s] Level 1:colcon.colcon_core.shell:create_environment_hook('custom_msgs', 'pythonpath')
[1.245s] INFO:colcon.colcon_core.shell:Creating environment hook '/home/rosbot/ros2_ws/install/custom_msgs/share/custom_msgs/hook/pythonpath.ps1'
[1.246s] INFO:colcon.colcon_core.shell:Creating environment descriptor '/home/rosbot/ros2_ws/install/custom_msgs/share/custom_msgs/hook/pythonpath.dsv'
[1.248s] INFO:colcon.colcon_core.shell:Creating environment hook '/home/rosbot/ros2_ws/install/custom_msgs/share/custom_msgs/hook/pythonpath.sh'
[1.249s] Level 1:colcon.colcon_core.environment:checking '/home/rosbot/ros2_ws/install/custom_msgs/bin'
[1.249s] INFO:colcon.colcon_core.shell:Creating package script '/home/rosbot/ros2_ws/install/custom_msgs/share/custom_msgs/package.ps1'
[1.250s] INFO:colcon.colcon_core.shell:Creating package descriptor '/home/rosbot/ros2_ws/install/custom_msgs/share/custom_msgs/package.dsv'
[1.251s] INFO:colcon.colcon_core.shell:Creating package script '/home/rosbot/ros2_ws/install/custom_msgs/share/custom_msgs/package.sh'
[1.252s] INFO:colcon.colcon_core.shell:Creating package script '/home/rosbot/ros2_ws/install/custom_msgs/share/custom_msgs/package.bash'
[1.256s] INFO:colcon.colcon_core.shell:Creating package script '/home/rosbot/ros2_ws/install/custom_msgs/share/custom_msgs/package.zsh'
[1.257s] Level 1:colcon.colcon_core.environment:create_file_with_runtime_dependencies(/home/rosbot/ros2_ws/install/custom_msgs/share/colcon-core/packages/custom_msgs)
[1.258s] INFO:colcon.colcon_ros.task.ament_python.build:Building ROS package in '/home/rosbot/ros2_ws/src/flask_pkg' with build type 'ament_python'
[1.259s] Level 1:colcon.colcon_core.shell:create_environment_hook('flask_pkg', 'ament_prefix_path')
[1.259s] INFO:colcon.colcon_core.shell:Creating environment hook '/home/rosbot/ros2_ws/install/flask_pkg/share/flask_pkg/hook/ament_prefix_path.ps1'
[1.261s] INFO:colcon.colcon_core.shell:Creating environment descriptor '/home/rosbot/ros2_ws/install/flask_pkg/share/flask_pkg/hook/ament_prefix_path.dsv'
[1.262s] INFO:colcon.colcon_core.shell:Creating environment hook '/home/rosbot/ros2_ws/install/flask_pkg/share/flask_pkg/hook/ament_prefix_path.sh'
[1.263s] INFO:colcon.colcon_core.shell:Skip shell extension 'powershell' for command environment: Not usable outside of PowerShell
[1.263s] DEBUG:colcon.colcon_core.shell:Skip shell extension 'dsv' for command environment
[1.267s] INFO:colcon.colcon_ros.task.ament_python.build:Building ROS package in '/home/rosbot/ros2_ws/src/flight_controller_pkg' with build type 'ament_python'
[1.268s] Level 1:colcon.colcon_core.shell:create_environment_hook('flight_controller_pkg', 'ament_prefix_path')
[1.268s] INFO:colcon.colcon_core.shell:Creating environment hook '/home/rosbot/ros2_ws/install/flight_controller_pkg/share/flight_controller_pkg/hook/ament_prefix_path.ps1'
[1.269s] INFO:colcon.colcon_core.shell:Creating environment descriptor '/home/rosbot/ros2_ws/install/flight_controller_pkg/share/flight_controller_pkg/hook/ament_prefix_path.dsv'
[1.270s] INFO:colcon.colcon_core.shell:Creating environment hook '/home/rosbot/ros2_ws/install/flight_controller_pkg/share/flight_controller_pkg/hook/ament_prefix_path.sh'
[1.271s] INFO:colcon.colcon_core.shell:Skip shell extension 'powershell' for command environment: Not usable outside of PowerShell
[1.271s] DEBUG:colcon.colcon_core.shell:Skip shell extension 'dsv' for command environment
[1.595s] INFO:colcon.colcon_core.task.python.build:Building Python package in '/home/rosbot/ros2_ws/src/flask_pkg'
[1.595s] INFO:colcon.colcon_core.shell:Skip shell extension 'powershell' for command environment: Not usable outside of PowerShell
[1.595s] DEBUG:colcon.colcon_core.shell:Skip shell extension 'dsv' for command environment
[1.929s] INFO:colcon.colcon_core.task.python.build:Building Python package in '/home/rosbot/ros2_ws/src/flight_controller_pkg'
[1.930s] INFO:colcon.colcon_core.shell:Skip shell extension 'powershell' for command environment: Not usable outside of PowerShell
[1.930s] DEBUG:colcon.colcon_core.shell:Skip shell extension 'dsv' for command environment
[1.941s] DEBUG:colcon.colcon_core.event_handler.log_command:Invoking command in '/home/rosbot/ros2_ws/src/my_py_pkg': PS1=(venv) \[\e]0;\u@\h: \w\a\]${debian_chroot:+($debian_chroot)}\u@\h:\w\$ PYTHONPATH=/home/rosbot/ros2_ws/build/my_py_pkg/prefix_override:/usr/lib/python3/dist-packages/colcon_core/task/python/colcon_distutils_commands:/home/rosbot/ros2_ws/install/my_py_pkg/lib/python3.12/site-packages:${PYTHONPATH} VIRTUAL_ENV_PROMPT=(venv) /usr/bin/python3 -W ignore:setup.py install is deprecated -W ignore:easy_install command is deprecated setup.py egg_info --egg-base ../../build/my_py_pkg build --build-base /home/rosbot/ros2_ws/build/my_py_pkg/build install --record /home/rosbot/ros2_ws/build/my_py_pkg/install.log --single-version-externally-managed install_data
[2.834s] Level 1:colcon.colcon_core.environment:checking '/home/rosbot/ros2_ws/install/my_py_pkg' for CMake module files
[2.835s] Level 1:colcon.colcon_core.environment:checking '/home/rosbot/ros2_ws/install/my_py_pkg' for CMake config files
[2.836s] Level 1:colcon.colcon_core.environment:checking '/home/rosbot/ros2_ws/install/my_py_pkg/lib'
[2.837s] Level 1:colcon.colcon_core.environment:checking '/home/rosbot/ros2_ws/install/my_py_pkg/bin'
[2.837s] DEBUG:colcon.colcon_core.event_handler.log_command:Invoked command in '/home/rosbot/ros2_ws/src/my_py_pkg' returned '0': PS1=(venv) \[\e]0;\u@\h: \w\a\]${debian_chroot:+($debian_chroot)}\u@\h:\w\$ PYTHONPATH=/home/rosbot/ros2_ws/build/my_py_pkg/prefix_override:/usr/lib/python3/dist-packages/colcon_core/task/python/colcon_distutils_commands:/home/rosbot/ros2_ws/install/my_py_pkg/lib/python3.12/site-packages:${PYTHONPATH} VIRTUAL_ENV_PROMPT=(venv) /usr/bin/python3 -W ignore:setup.py install is deprecated -W ignore:easy_install command is deprecated setup.py egg_info --egg-base ../../build/my_py_pkg build --build-base /home/rosbot/ros2_ws/build/my_py_pkg/build install --record /home/rosbot/ros2_ws/build/my_py_pkg/install.log --single-version-externally-managed install_data
[2.837s] Level 1:colcon.colcon_core.environment:checking '/home/rosbot/ros2_ws/install/my_py_pkg/lib/pkgconfig/my_py_pkg.pc'
[2.838s] Level 1:colcon.colcon_core.environment:checking '/home/rosbot/ros2_ws/install/my_py_pkg/lib/python3.12/site-packages'
[2.838s] Level 1:colcon.colcon_core.shell:create_environment_hook('my_py_pkg', 'pythonpath')
[2.838s] INFO:colcon.colcon_core.shell:Creating environment hook '/home/rosbot/ros2_ws/install/my_py_pkg/share/my_py_pkg/hook/pythonpath.ps1'
[2.839s] INFO:colcon.colcon_core.shell:Creating environment descriptor '/home/rosbot/ros2_ws/install/my_py_pkg/share/my_py_pkg/hook/pythonpath.dsv'
[2.840s] INFO:colcon.colcon_core.shell:Creating environment hook '/home/rosbot/ros2_ws/install/my_py_pkg/share/my_py_pkg/hook/pythonpath.sh'
[2.841s] Level 1:colcon.colcon_core.environment:checking '/home/rosbot/ros2_ws/install/my_py_pkg/bin'
[2.841s] Level 1:colcon.colcon_core.environment:create_environment_scripts_only(my_py_pkg)
[2.842s] INFO:colcon.colcon_core.shell:Creating package script '/home/rosbot/ros2_ws/install/my_py_pkg/share/my_py_pkg/package.ps1'
[2.843s] INFO:colcon.colcon_core.shell:Creating package descriptor '/home/rosbot/ros2_ws/install/my_py_pkg/share/my_py_pkg/package.dsv'
[2.844s] INFO:colcon.colcon_core.shell:Creating package script '/home/rosbot/ros2_ws/install/my_py_pkg/share/my_py_pkg/package.sh'
[2.845s] INFO:colcon.colcon_core.shell:Creating package script '/home/rosbot/ros2_ws/install/my_py_pkg/share/my_py_pkg/package.bash'
[2.845s] INFO:colcon.colcon_core.shell:Creating package script '/home/rosbot/ros2_ws/install/my_py_pkg/share/my_py_pkg/package.zsh'
[2.846s] Level 1:colcon.colcon_core.environment:create_file_with_runtime_dependencies(/home/rosbot/ros2_ws/install/my_py_pkg/share/colcon-core/packages/my_py_pkg)
[2.937s] DEBUG:colcon.colcon_core.event_handler.log_command:Invoking command in '/home/rosbot/ros2_ws/src/flight_controller_pkg': CMAKE_PREFIX_PATH=/home/rosbot/ros2_ws/install/custom_msgs:/home/rosbot/ros2_ws/install/my_cpp_pkg:/opt/ros/jazzy/opt/gz_math_vendor:/opt/ros/jazzy/opt/gz_utils_vendor:/opt/ros/jazzy/opt/gz_cmake_vendor PS1=(venv) \[\e]0;\u@\h: \w\a\]${debian_chroot:+($debian_chroot)}\u@\h:\w\$ PYTHONPATH=/home/rosbot/ros2_ws/build/flight_controller_pkg/prefix_override:/usr/lib/python3/dist-packages/colcon_core/task/python/colcon_distutils_commands:/home/rosbot/ros2_ws/install/flight_controller_pkg/lib/python3.12/site-packages:/home/rosbot/ros2_ws/install/custom_msgs/lib/python3.12/site-packages:/home/rosbot/ros2_ws/install/my_py_pkg/lib/python3.12/site-packages:/home/rosbot/ros2_ws/install/flight_controller_pkg/lib/python3.12/site-packages:/opt/ros/jazzy/lib/python3.12/site-packages VIRTUAL_ENV_PROMPT=(venv) /usr/bin/python3 -W ignore:setup.py install is deprecated -W ignore:easy_install command is deprecated setup.py egg_info --egg-base ../../build/flight_controller_pkg build --build-base /home/rosbot/ros2_ws/build/flight_controller_pkg/build install --record /home/rosbot/ros2_ws/build/flight_controller_pkg/install.log --single-version-externally-managed install_data
[2.943s] DEBUG:colcon.colcon_core.event_handler.log_command:Invoking command in '/home/rosbot/ros2_ws/src/flask_pkg': CMAKE_PREFIX_PATH=/home/rosbot/ros2_ws/install/custom_msgs:/home/rosbot/ros2_ws/install/my_cpp_pkg:/opt/ros/jazzy/opt/gz_math_vendor:/opt/ros/jazzy/opt/gz_utils_vendor:/opt/ros/jazzy/opt/gz_cmake_vendor PS1=(venv) \[\e]0;\u@\h: \w\a\]${debian_chroot:+($debian_chroot)}\u@\h:\w\$ PYTHONPATH=/home/rosbot/ros2_ws/build/flask_pkg/prefix_override:/usr/lib/python3/dist-packages/colcon_core/task/python/colcon_distutils_commands:/home/rosbot/ros2_ws/install/flask_pkg/lib/python3.12/site-packages:/home/rosbot/ros2_ws/install/custom_msgs/lib/python3.12/site-packages:/home/rosbot/ros2_ws/install/my_py_pkg/lib/python3.12/site-packages:/home/rosbot/ros2_ws/install/flight_controller_pkg/lib/python3.12/site-packages:/opt/ros/jazzy/lib/python3.12/site-packages VIRTUAL_ENV_PROMPT=(venv) /usr/bin/python3 -W ignore:setup.py install is deprecated -W ignore:easy_install command is deprecated setup.py egg_info --egg-base ../../build/flask_pkg build --build-base /home/rosbot/ros2_ws/build/flask_pkg/build install --record /home/rosbot/ros2_ws/build/flask_pkg/install.log --single-version-externally-managed install_data
[3.793s] Level 1:colcon.colcon_core.environment:checking '/home/rosbot/ros2_ws/install/flight_controller_pkg' for CMake module files
[3.794s] DEBUG:colcon.colcon_core.event_handler.log_command:Invoked command in '/home/rosbot/ros2_ws/src/flight_controller_pkg' returned '0': CMAKE_PREFIX_PATH=/home/rosbot/ros2_ws/install/custom_msgs:/home/rosbot/ros2_ws/install/my_cpp_pkg:/opt/ros/jazzy/opt/gz_math_vendor:/opt/ros/jazzy/opt/gz_utils_vendor:/opt/ros/jazzy/opt/gz_cmake_vendor PS1=(venv) \[\e]0;\u@\h: \w\a\]${debian_chroot:+($debian_chroot)}\u@\h:\w\$ PYTHONPATH=/home/rosbot/ros2_ws/build/flight_controller_pkg/prefix_override:/usr/lib/python3/dist-packages/colcon_core/task/python/colcon_distutils_commands:/home/rosbot/ros2_ws/install/flight_controller_pkg/lib/python3.12/site-packages:/home/rosbot/ros2_ws/install/custom_msgs/lib/python3.12/site-packages:/home/rosbot/ros2_ws/install/my_py_pkg/lib/python3.12/site-packages:/home/rosbot/ros2_ws/install/flight_controller_pkg/lib/python3.12/site-packages:/opt/ros/jazzy/lib/python3.12/site-packages VIRTUAL_ENV_PROMPT=(venv) /usr/bin/python3 -W ignore:setup.py install is deprecated -W ignore:easy_install command is deprecated setup.py egg_info --egg-base ../../build/flight_controller_pkg build --build-base /home/rosbot/ros2_ws/build/flight_controller_pkg/build install --record /home/rosbot/ros2_ws/build/flight_controller_pkg/install.log --single-version-externally-managed install_data
[3.794s] Level 1:colcon.colcon_core.environment:checking '/home/rosbot/ros2_ws/install/flight_controller_pkg' for CMake config files
[3.795s] Level 1:colcon.colcon_core.environment:checking '/home/rosbot/ros2_ws/install/flight_controller_pkg/lib'
[3.795s] Level 1:colcon.colcon_core.environment:checking '/home/rosbot/ros2_ws/install/flight_controller_pkg/bin'
[3.795s] Level 1:colcon.colcon_core.environment:checking '/home/rosbot/ros2_ws/install/flight_controller_pkg/lib/pkgconfig/flight_controller_pkg.pc'
[3.795s] Level 1:colcon.colcon_core.environment:checking '/home/rosbot/ros2_ws/install/flight_controller_pkg/lib/python3.12/site-packages'
[3.796s] Level 1:colcon.colcon_core.shell:create_environment_hook('flight_controller_pkg', 'pythonpath')
[3.796s] INFO:colcon.colcon_core.shell:Creating environment hook '/home/rosbot/ros2_ws/install/flight_controller_pkg/share/flight_controller_pkg/hook/pythonpath.ps1'
[3.797s] INFO:colcon.colcon_core.shell:Creating environment descriptor '/home/rosbot/ros2_ws/install/flight_controller_pkg/share/flight_controller_pkg/hook/pythonpath.dsv'
[3.797s] INFO:colcon.colcon_core.shell:Creating environment hook '/home/rosbot/ros2_ws/install/flight_controller_pkg/share/flight_controller_pkg/hook/pythonpath.sh'
[3.799s] Level 1:colcon.colcon_core.environment:checking '/home/rosbot/ros2_ws/install/flight_controller_pkg/bin'
[3.799s] Level 1:colcon.colcon_core.environment:create_environment_scripts_only(flight_controller_pkg)
[3.799s] INFO:colcon.colcon_core.shell:Creating package script '/home/rosbot/ros2_ws/install/flight_controller_pkg/share/flight_controller_pkg/package.ps1'
[3.800s] INFO:colcon.colcon_core.shell:Creating package descriptor '/home/rosbot/ros2_ws/install/flight_controller_pkg/share/flight_controller_pkg/package.dsv'
[3.801s] INFO:colcon.colcon_core.shell:Creating package script '/home/rosbot/ros2_ws/install/flight_controller_pkg/share/flight_controller_pkg/package.sh'
[3.802s] INFO:colcon.colcon_core.shell:Creating package script '/home/rosbot/ros2_ws/install/flight_controller_pkg/share/flight_controller_pkg/package.bash'
[3.802s] INFO:colcon.colcon_core.shell:Creating package script '/home/rosbot/ros2_ws/install/flight_controller_pkg/share/flight_controller_pkg/package.zsh'
[3.803s] Level 1:colcon.colcon_core.environment:create_file_with_runtime_dependencies(/home/rosbot/ros2_ws/install/flight_controller_pkg/share/colcon-core/packages/flight_controller_pkg)
[3.805s] Level 1:colcon.colcon_core.environment:checking '/home/rosbot/ros2_ws/install/flask_pkg' for CMake module files
[3.806s] DEBUG:colcon.colcon_core.event_handler.log_command:Invoked command in '/home/rosbot/ros2_ws/src/flask_pkg' returned '0': CMAKE_PREFIX_PATH=/home/rosbot/ros2_ws/install/custom_msgs:/home/rosbot/ros2_ws/install/my_cpp_pkg:/opt/ros/jazzy/opt/gz_math_vendor:/opt/ros/jazzy/opt/gz_utils_vendor:/opt/ros/jazzy/opt/gz_cmake_vendor PS1=(venv) \[\e]0;\u@\h: \w\a\]${debian_chroot:+($debian_chroot)}\u@\h:\w\$ PYTHONPATH=/home/rosbot/ros2_ws/build/flask_pkg/prefix_override:/usr/lib/python3/dist-packages/colcon_core/task/python/colcon_distutils_commands:/home/rosbot/ros2_ws/install/flask_pkg/lib/python3.12/site-packages:/home/rosbot/ros2_ws/install/custom_msgs/lib/python3.12/site-packages:/home/rosbot/ros2_ws/install/my_py_pkg/lib/python3.12/site-packages:/home/rosbot/ros2_ws/install/flight_controller_pkg/lib/python3.12/site-packages:/opt/ros/jazzy/lib/python3.12/site-packages VIRTUAL_ENV_PROMPT=(venv) /usr/bin/python3 -W ignore:setup.py install is deprecated -W ignore:easy_install command is deprecated setup.py egg_info --egg-base ../../build/flask_pkg build --build-base /home/rosbot/ros2_ws/build/flask_pkg/build install --record /home/rosbot/ros2_ws/build/flask_pkg/install.log --single-version-externally-managed install_data
[3.806s] Level 1:colcon.colcon_core.environment:checking '/home/rosbot/ros2_ws/install/flask_pkg' for CMake config files
[3.807s] Level 1:colcon.colcon_core.environment:checking '/home/rosbot/ros2_ws/install/flask_pkg/lib'
[3.807s] Level 1:colcon.colcon_core.environment:checking '/home/rosbot/ros2_ws/install/flask_pkg/bin'
[3.807s] Level 1:colcon.colcon_core.environment:checking '/home/rosbot/ros2_ws/install/flask_pkg/lib/pkgconfig/flask_pkg.pc'
[3.807s] Level 1:colcon.colcon_core.environment:checking '/home/rosbot/ros2_ws/install/flask_pkg/lib/python3.12/site-packages'
[3.808s] Level 1:colcon.colcon_core.shell:create_environment_hook('flask_pkg', 'pythonpath')
[3.808s] INFO:colcon.colcon_core.shell:Creating environment hook '/home/rosbot/ros2_ws/install/flask_pkg/share/flask_pkg/hook/pythonpath.ps1'
[3.808s] INFO:colcon.colcon_core.shell:Creating environment descriptor '/home/rosbot/ros2_ws/install/flask_pkg/share/flask_pkg/hook/pythonpath.dsv'
[3.809s] INFO:colcon.colcon_core.shell:Creating environment hook '/home/rosbot/ros2_ws/install/flask_pkg/share/flask_pkg/hook/pythonpath.sh'
[3.810s] Level 1:colcon.colcon_core.environment:checking '/home/rosbot/ros2_ws/install/flask_pkg/bin'
[3.810s] Level 1:colcon.colcon_core.environment:create_environment_scripts_only(flask_pkg)
[3.810s] INFO:colcon.colcon_core.shell:Creating package script '/home/rosbot/ros2_ws/install/flask_pkg/share/flask_pkg/package.ps1'
[3.810s] INFO:colcon.colcon_core.shell:Creating package descriptor '/home/rosbot/ros2_ws/install/flask_pkg/share/flask_pkg/package.dsv'
[3.811s] INFO:colcon.colcon_core.shell:Creating package script '/home/rosbot/ros2_ws/install/flask_pkg/share/flask_pkg/package.sh'
[3.811s] INFO:colcon.colcon_core.shell:Creating package script '/home/rosbot/ros2_ws/install/flask_pkg/share/flask_pkg/package.bash'
[3.812s] INFO:colcon.colcon_core.shell:Creating package script '/home/rosbot/ros2_ws/install/flask_pkg/share/flask_pkg/package.zsh'
[3.812s] Level 1:colcon.colcon_core.environment:create_file_with_runtime_dependencies(/home/rosbot/ros2_ws/install/flask_pkg/share/colcon-core/packages/flask_pkg)
[3.813s] DEBUG:colcon.colcon_parallel_executor.executor.parallel:closing loop
[3.813s] DEBUG:colcon.colcon_parallel_executor.executor.parallel:loop closed
[3.813s] DEBUG:colcon.colcon_parallel_executor.executor.parallel:run_until_complete finished with '0'
[3.813s] DEBUG:colcon.colcon_core.event_reactor:joining thread
[3.821s] INFO:colcon.colcon_core.plugin_system:Skipping extension 'colcon_notification.desktop_notification.notify_send': Could not find 'notify-send'
[3.821s] INFO:colcon.colcon_core.plugin_system:Skipping extension 'colcon_notification.desktop_notification.terminal_notifier': Not used on non-Darwin systems
[3.821s] INFO:colcon.colcon_core.plugin_system:Skipping extension 'colcon_notification.desktop_notification.win32': Not used on non-Windows systems
[3.821s] INFO:colcon.colcon_notification.desktop_notification:Sending desktop notification using 'notify2'
[3.822s] DEBUG:colcon.colcon_notification.desktop_notification.notify2:Failed to initialize notify2: org.freedesktop.DBus.Error.ServiceUnknown: The name org.freedesktop.Notifications was not provided by any .service files
[3.822s] DEBUG:colcon.colcon_core.event_reactor:joined thread
[3.823s] INFO:colcon.colcon_core.shell:Creating prefix script '/home/rosbot/ros2_ws/install/local_setup.ps1'
[3.824s] INFO:colcon.colcon_core.shell:Creating prefix util module '/home/rosbot/ros2_ws/install/_local_setup_util_ps1.py'
[3.825s] INFO:colcon.colcon_core.shell:Creating prefix chain script '/home/rosbot/ros2_ws/install/setup.ps1'
[3.826s] INFO:colcon.colcon_core.shell:Creating prefix script '/home/rosbot/ros2_ws/install/local_setup.sh'
[3.828s] INFO:colcon.colcon_core.shell:Creating prefix util module '/home/rosbot/ros2_ws/install/_local_setup_util_sh.py'
[3.829s] INFO:colcon.colcon_core.shell:Creating prefix chain script '/home/rosbot/ros2_ws/install/setup.sh'
[3.830s] INFO:colcon.colcon_core.shell:Creating prefix script '/home/rosbot/ros2_ws/install/local_setup.bash'
[3.831s] INFO:colcon.colcon_core.shell:Creating prefix chain script '/home/rosbot/ros2_ws/install/setup.bash'
[3.832s] INFO:colcon.colcon_core.shell:Creating prefix script '/home/rosbot/ros2_ws/install/local_setup.zsh'
[3.834s] INFO:colcon.colcon_core.shell:Creating prefix chain script '/home/rosbot/ros2_ws/install/setup.zsh'
