running egg_info
creating ../../build/estimator_pkg/estimator_pkg.egg-info
writing ../../build/estimator_pkg/estimator_pkg.egg-info/PKG-INFO
writing dependency_links to ../../build/estimator_pkg/estimator_pkg.egg-info/dependency_links.txt
writing entry points to ../../build/estimator_pkg/estimator_pkg.egg-info/entry_points.txt
writing requirements to ../../build/estimator_pkg/estimator_pkg.egg-info/requires.txt
writing top-level names to ../../build/estimator_pkg/estimator_pkg.egg-info/top_level.txt
writing manifest file '../../build/estimator_pkg/estimator_pkg.egg-info/SOURCES.txt'
reading manifest file '../../build/estimator_pkg/estimator_pkg.egg-info/SOURCES.txt'
writing manifest file '../../build/estimator_pkg/estimator_pkg.egg-info/SOURCES.txt'
running build
running build_py
creating /home/rosbot/ros2_ws/build/estimator_pkg/build
creating /home/rosbot/ros2_ws/build/estimator_pkg/build/lib
creating /home/rosbot/ros2_ws/build/estimator_pkg/build/lib/estimator_pkg
copying estimator_pkg/__init__.py -> /home/rosbot/ros2_ws/build/estimator_pkg/build/lib/estimator_pkg
copying estimator_pkg/estimator_node.py -> /home/rosbot/ros2_ws/build/estimator_pkg/build/lib/estimator_pkg
copying estimator_pkg/my_first_node.py -> /home/rosbot/ros2_ws/build/estimator_pkg/build/lib/estimator_pkg
running install
running install_lib
creating /home/rosbot/ros2_ws/install/estimator_pkg/lib/python3.12/site-packages/estimator_pkg
copying /home/rosbot/ros2_ws/build/estimator_pkg/build/lib/estimator_pkg/__init__.py -> /home/rosbot/ros2_ws/install/estimator_pkg/lib/python3.12/site-packages/estimator_pkg
copying /home/rosbot/ros2_ws/build/estimator_pkg/build/lib/estimator_pkg/estimator_node.py -> /home/rosbot/ros2_ws/install/estimator_pkg/lib/python3.12/site-packages/estimator_pkg
copying /home/rosbot/ros2_ws/build/estimator_pkg/build/lib/estimator_pkg/my_first_node.py -> /home/rosbot/ros2_ws/install/estimator_pkg/lib/python3.12/site-packages/estimator_pkg
byte-compiling /home/rosbot/ros2_ws/install/estimator_pkg/lib/python3.12/site-packages/estimator_pkg/__init__.py to __init__.cpython-312.pyc
byte-compiling /home/rosbot/ros2_ws/install/estimator_pkg/lib/python3.12/site-packages/estimator_pkg/estimator_node.py to estimator_node.cpython-312.pyc
byte-compiling /home/rosbot/ros2_ws/install/estimator_pkg/lib/python3.12/site-packages/estimator_pkg/my_first_node.py to my_first_node.cpython-312.pyc
running install_data
creating /home/rosbot/ros2_ws/install/estimator_pkg/share/ament_index
creating /home/rosbot/ros2_ws/install/estimator_pkg/share/ament_index/resource_index
creating /home/rosbot/ros2_ws/install/estimator_pkg/share/ament_index/resource_index/packages
