[2.158s] Invoking command in '/home/rosbot/ros2_ws/src/flask_pkg': AMENT_PREFIX_PATH=/home/rosbot/ros2_ws/install/custom_msgs CMAKE_PREFIX_PATH=/home/rosbot/ros2_ws/install/custom_msgs DEBUGINFOD_URLS=https://debuginfod.ubuntu.com LD_LIBRARY_PATH=/home/rosbot/ros2_ws/install/custom_msgs/lib PYTHONPATH=/home/rosbot/ros2_ws/build/flask_pkg/prefix_override:/usr/lib/python3/dist-packages/colcon_core/task/python/colcon_distutils_commands:/home/rosbot/ros2_ws/install/flask_pkg/lib/python3.12/site-packages:/home/rosbot/ros2_ws/install/custom_msgs/lib/python3.12/site-packages /usr/bin/python3 -W ignore:setup.py install is deprecated -W ignore:easy_install command is deprecated setup.py egg_info --egg-base ../../build/flask_pkg build --build-base /home/rosbot/ros2_ws/build/flask_pkg/build install --record /home/rosbot/ros2_ws/build/flask_pkg/install.log --single-version-externally-managed install_data
[2.495s] running egg_info
[2.509s] writing ../../build/flask_pkg/flask_pkg.egg-info/PKG-INFO
[2.511s] writing dependency_links to ../../build/flask_pkg/flask_pkg.egg-info/dependency_links.txt
[2.514s] writing entry points to ../../build/flask_pkg/flask_pkg.egg-info/entry_points.txt
[2.525s] writing requirements to ../../build/flask_pkg/flask_pkg.egg-info/requires.txt
[2.528s] writing top-level names to ../../build/flask_pkg/flask_pkg.egg-info/top_level.txt
[2.560s] reading manifest file '../../build/flask_pkg/flask_pkg.egg-info/SOURCES.txt'
[2.565s] writing manifest file '../../build/flask_pkg/flask_pkg.egg-info/SOURCES.txt'
[2.565s] running build
[2.565s] running build_py
[2.566s] running install
[2.578s] running install_lib
[2.591s] running install_data
[2.591s] running install_egg_info
[2.609s] removing '/home/rosbot/ros2_ws/install/flask_pkg/lib/python3.12/site-packages/flask_pkg-0.0.0-py3.12.egg-info' (and everything under it)
[2.609s] Copying ../../build/flask_pkg/flask_pkg.egg-info to /home/rosbot/ros2_ws/install/flask_pkg/lib/python3.12/site-packages/flask_pkg-0.0.0-py3.12.egg-info
[2.611s] running install_scripts
[2.762s] Installing flask_server script to /home/rosbot/ros2_ws/install/flask_pkg/lib/flask_pkg
[2.765s] writing list of installed files to '/home/rosbot/ros2_ws/build/flask_pkg/install.log'
[2.956s] Invoked command in '/home/rosbot/ros2_ws/src/flask_pkg' returned '0': AMENT_PREFIX_PATH=/home/rosbot/ros2_ws/install/custom_msgs CMAKE_PREFIX_PATH=/home/rosbot/ros2_ws/install/custom_msgs DEBUGINFOD_URLS=https://debuginfod.ubuntu.com LD_LIBRARY_PATH=/home/rosbot/ros2_ws/install/custom_msgs/lib PYTHONPATH=/home/rosbot/ros2_ws/build/flask_pkg/prefix_override:/usr/lib/python3/dist-packages/colcon_core/task/python/colcon_distutils_commands:/home/rosbot/ros2_ws/install/flask_pkg/lib/python3.12/site-packages:/home/rosbot/ros2_ws/install/custom_msgs/lib/python3.12/site-packages /usr/bin/python3 -W ignore:setup.py install is deprecated -W ignore:easy_install command is deprecated setup.py egg_info --egg-base ../../build/flask_pkg build --build-base /home/rosbot/ros2_ws/build/flask_pkg/build install --record /home/rosbot/ros2_ws/build/flask_pkg/install.log --single-version-externally-managed install_data
