[0.047s] Invoking command in '/home/rosbot/ros2_ws/build/custom_msgs': CMAKE_PREFIX_PATH=${CMAKE_PREFIX_PATH}:/home/rosbot/ros2_ws/install/um7_pkg:/home/rosbot/ros2_ws/install/my_py_pkg:/home/rosbot/ros2_ws/install/log_data_pkg:/home/rosbot/ros2_ws/install/flight_controller_pkg:/home/rosbot/ros2_ws/install/flask_pkg:/home/rosbot/ros2_ws/install/estimator_pkg:/opt/ros/jazzy DEBUGINFOD_URLS=https://debuginfod.ubuntu.com PS1=(venv) \[\e]0;\u@\h: \w\a\]${debian_chroot:+($debian_chroot)}\u@\h:\w\$ VIRTUAL_ENV_PROMPT=(venv) /usr/bin/cmake --build /home/rosbot/ros2_ws/build/custom_msgs -- -j4 -l4
[0.160s] [  1%] Built target custom_msgs__rosidl_generator_type_description
[0.185s] [  1%] Built target ament_cmake_python_copy_custom_msgs
[0.229s] [ 25%] Built target custom_msgs__rosidl_generator_c
[0.234s] [ 26%] Built target custom_msgs__cpp
[0.307s] [ 41%] Built target custom_msgs__rosidl_typesupport_fastrtps_c
[0.310s] [ 45%] Built target custom_msgs__rosidl_typesupport_introspection_c
[0.327s] [ 55%] Built target custom_msgs__rosidl_typesupport_c
[0.365s] [ 64%] Built target custom_msgs__rosidl_typesupport_fastrtps_cpp
[0.384s] [ 74%] Built target custom_msgs__rosidl_typesupport_introspection_cpp
[0.405s] [ 84%] Built target custom_msgs__rosidl_typesupport_cpp
[0.449s] [ 84%] Built target custom_msgs
[0.497s] [ 85%] Built target custom_msgs__py
[0.556s] [ 93%] Built target custom_msgs__rosidl_generator_py
[0.616s] [ 95%] Built target custom_msgs_s__rosidl_typesupport_c
[0.622s] [ 98%] Built target custom_msgs_s__rosidl_typesupport_introspection_c
[0.623s] [100%] Built target custom_msgs_s__rosidl_typesupport_fastrtps_c
[0.667s] running egg_info
[0.698s] writing custom_msgs.egg-info/PKG-INFO
[0.699s] writing dependency_links to custom_msgs.egg-info/dependency_links.txt
[0.700s] writing top-level names to custom_msgs.egg-info/top_level.txt
[0.778s] reading manifest file 'custom_msgs.egg-info/SOURCES.txt'
[0.779s] writing manifest file 'custom_msgs.egg-info/SOURCES.txt'
[0.871s] [100%] Built target ament_cmake_python_build_custom_msgs_egg
[0.896s] Invoked command in '/home/rosbot/ros2_ws/build/custom_msgs' returned '0': CMAKE_PREFIX_PATH=${CMAKE_PREFIX_PATH}:/home/rosbot/ros2_ws/install/um7_pkg:/home/rosbot/ros2_ws/install/my_py_pkg:/home/rosbot/ros2_ws/install/log_data_pkg:/home/rosbot/ros2_ws/install/flight_controller_pkg:/home/rosbot/ros2_ws/install/flask_pkg:/home/rosbot/ros2_ws/install/estimator_pkg:/opt/ros/jazzy DEBUGINFOD_URLS=https://debuginfod.ubuntu.com PS1=(venv) \[\e]0;\u@\h: \w\a\]${debian_chroot:+($debian_chroot)}\u@\h:\w\$ VIRTUAL_ENV_PROMPT=(venv) /usr/bin/cmake --build /home/rosbot/ros2_ws/build/custom_msgs -- -j4 -l4
[0.898s] Invoking command in '/home/rosbot/ros2_ws/build/custom_msgs': CMAKE_PREFIX_PATH=${CMAKE_PREFIX_PATH}:/home/rosbot/ros2_ws/install/um7_pkg:/home/rosbot/ros2_ws/install/my_py_pkg:/home/rosbot/ros2_ws/install/log_data_pkg:/home/rosbot/ros2_ws/install/flight_controller_pkg:/home/rosbot/ros2_ws/install/flask_pkg:/home/rosbot/ros2_ws/install/estimator_pkg:/opt/ros/jazzy DEBUGINFOD_URLS=https://debuginfod.ubuntu.com PS1=(venv) \[\e]0;\u@\h: \w\a\]${debian_chroot:+($debian_chroot)}\u@\h:\w\$ VIRTUAL_ENV_PROMPT=(venv) /usr/bin/cmake --install /home/rosbot/ros2_ws/build/custom_msgs
[0.915s] -- Install configuration: ""
[0.916s] -- Up-to-date: /home/rosbot/ros2_ws/install/custom_msgs/share/ament_index/resource_index/rosidl_interfaces/custom_msgs
[0.916s] -- Up-to-date: /home/rosbot/ros2_ws/install/custom_msgs/share/custom_msgs/msg/AccelData.json
[0.916s] -- Up-to-date: /home/rosbot/ros2_ws/install/custom_msgs/share/custom_msgs/msg/GyroData.json
[0.916s] -- Up-to-date: /home/rosbot/ros2_ws/install/custom_msgs/share/custom_msgs/msg/ImuData.json
[0.916s] -- Up-to-date: /home/rosbot/ros2_ws/install/custom_msgs/share/custom_msgs/msg/EstimatorData.json
[0.916s] -- Up-to-date: /home/rosbot/ros2_ws/install/custom_msgs/share/custom_msgs/msg/PossitionData.json
[0.916s] -- Up-to-date: /home/rosbot/ros2_ws/install/custom_msgs/share/custom_msgs/msg/SpeedData.json
[0.916s] -- Up-to-date: /home/rosbot/ros2_ws/install/custom_msgs/share/custom_msgs/msg/DataXYZ.json
[0.917s] -- Up-to-date: /home/rosbot/ros2_ws/install/custom_msgs/include/custom_msgs/custom_msgs
[0.917s] -- Up-to-date: /home/rosbot/ros2_ws/install/custom_msgs/include/custom_msgs/custom_msgs/msg
[0.917s] -- Up-to-date: /home/rosbot/ros2_ws/install/custom_msgs/include/custom_msgs/custom_msgs/msg/gyro_data.h
[0.917s] -- Up-to-date: /home/rosbot/ros2_ws/install/custom_msgs/include/custom_msgs/custom_msgs/msg/imu_data.h
[0.917s] -- Up-to-date: /home/rosbot/ros2_ws/install/custom_msgs/include/custom_msgs/custom_msgs/msg/data_xyz.h
[0.917s] -- Up-to-date: /home/rosbot/ros2_ws/install/custom_msgs/include/custom_msgs/custom_msgs/msg/possition_data.h
[0.917s] -- Up-to-date: /home/rosbot/ros2_ws/install/custom_msgs/include/custom_msgs/custom_msgs/msg/rosidl_generator_c__visibility_control.h
[0.917s] -- Up-to-date: /home/rosbot/ros2_ws/install/custom_msgs/include/custom_msgs/custom_msgs/msg/estimator_data.h
[0.917s] -- Up-to-date: /home/rosbot/ros2_ws/install/custom_msgs/include/custom_msgs/custom_msgs/msg/detail
[0.918s] -- Up-to-date: /home/rosbot/ros2_ws/install/custom_msgs/include/custom_msgs/custom_msgs/msg/detail/speed_data__description.c
[0.918s] -- Up-to-date: /home/rosbot/ros2_ws/install/custom_msgs/include/custom_msgs/custom_msgs/msg/detail/data_xyz__functions.c
[0.918s] -- Up-to-date: /home/rosbot/ros2_ws/install/custom_msgs/include/custom_msgs/custom_msgs/msg/detail/imu_data__type_support.c
[0.918s] -- Up-to-date: /home/rosbot/ros2_ws/install/custom_msgs/include/custom_msgs/custom_msgs/msg/detail/estimator_data__functions.h
[0.918s] -- Up-to-date: /home/rosbot/ros2_ws/install/custom_msgs/include/custom_msgs/custom_msgs/msg/detail/data_xyz__functions.h
[0.918s] -- Up-to-date: /home/rosbot/ros2_ws/install/custom_msgs/include/custom_msgs/custom_msgs/msg/detail/imu_data__functions.h
[0.918s] -- Up-to-date: /home/rosbot/ros2_ws/install/custom_msgs/include/custom_msgs/custom_msgs/msg/detail/gyro_data__functions.c
[0.918s] -- Up-to-date: /home/rosbot/ros2_ws/install/custom_msgs/include/custom_msgs/custom_msgs/msg/detail/imu_data__struct.h
[0.919s] -- Up-to-date: /home/rosbot/ros2_ws/install/custom_msgs/include/custom_msgs/custom_msgs/msg/detail/imu_data__type_support.h
[0.919s] -- Up-to-date: /home/rosbot/ros2_ws/install/custom_msgs/include/custom_msgs/custom_msgs/msg/detail/accel_data__description.c
[0.919s] -- Up-to-date: /home/rosbot/ros2_ws/install/custom_msgs/include/custom_msgs/custom_msgs/msg/detail/accel_data__struct.h
[0.919s] -- Up-to-date: /home/rosbot/ros2_ws/install/custom_msgs/include/custom_msgs/custom_msgs/msg/detail/estimator_data__functions.c
[0.919s] -- Up-to-date: /home/rosbot/ros2_ws/install/custom_msgs/include/custom_msgs/custom_msgs/msg/detail/gyro_data__type_support.h
[0.919s] -- Up-to-date: /home/rosbot/ros2_ws/install/custom_msgs/include/custom_msgs/custom_msgs/msg/detail/speed_data__type_support.c
[0.919s] -- Up-to-date: /home/rosbot/ros2_ws/install/custom_msgs/include/custom_msgs/custom_msgs/msg/detail/possition_data__functions.c
[0.919s] -- Up-to-date: /home/rosbot/ros2_ws/install/custom_msgs/include/custom_msgs/custom_msgs/msg/detail/speed_data__struct.h
[0.919s] -- Up-to-date: /home/rosbot/ros2_ws/install/custom_msgs/include/custom_msgs/custom_msgs/msg/detail/estimator_data__type_support.h
[0.920s] -- Up-to-date: /home/rosbot/ros2_ws/install/custom_msgs/include/custom_msgs/custom_msgs/msg/detail/possition_data__functions.h
[0.920s] -- Up-to-date: /home/rosbot/ros2_ws/install/custom_msgs/include/custom_msgs/custom_msgs/msg/detail/imu_data__functions.c
[0.920s] -- Up-to-date: /home/rosbot/ros2_ws/install/custom_msgs/include/custom_msgs/custom_msgs/msg/detail/gyro_data__functions.h
[0.920s] -- Up-to-date: /home/rosbot/ros2_ws/install/custom_msgs/include/custom_msgs/custom_msgs/msg/detail/accel_data__functions.c
[0.920s] -- Up-to-date: /home/rosbot/ros2_ws/install/custom_msgs/include/custom_msgs/custom_msgs/msg/detail/accel_data__type_support.c
[0.920s] -- Up-to-date: /home/rosbot/ros2_ws/install/custom_msgs/include/custom_msgs/custom_msgs/msg/detail/possition_data__struct.h
[0.920s] -- Up-to-date: /home/rosbot/ros2_ws/install/custom_msgs/include/custom_msgs/custom_msgs/msg/detail/data_xyz__description.c
[0.920s] -- Up-to-date: /home/rosbot/ros2_ws/install/custom_msgs/include/custom_msgs/custom_msgs/msg/detail/data_xyz__type_support.h
[0.920s] -- Up-to-date: /home/rosbot/ros2_ws/install/custom_msgs/include/custom_msgs/custom_msgs/msg/detail/possition_data__description.c
[0.921s] -- Up-to-date: /home/rosbot/ros2_ws/install/custom_msgs/include/custom_msgs/custom_msgs/msg/detail/data_xyz__struct.h
[0.921s] -- Up-to-date: /home/rosbot/ros2_ws/install/custom_msgs/include/custom_msgs/custom_msgs/msg/detail/speed_data__functions.h
[0.921s] -- Up-to-date: /home/rosbot/ros2_ws/install/custom_msgs/include/custom_msgs/custom_msgs/msg/detail/gyro_data__type_support.c
[0.921s] -- Up-to-date: /home/rosbot/ros2_ws/install/custom_msgs/include/custom_msgs/custom_msgs/msg/detail/estimator_data__struct.h
[0.921s] -- Up-to-date: /home/rosbot/ros2_ws/install/custom_msgs/include/custom_msgs/custom_msgs/msg/detail/accel_data__functions.h
[0.921s] -- Up-to-date: /home/rosbot/ros2_ws/install/custom_msgs/include/custom_msgs/custom_msgs/msg/detail/speed_data__functions.c
[0.921s] -- Up-to-date: /home/rosbot/ros2_ws/install/custom_msgs/include/custom_msgs/custom_msgs/msg/detail/gyro_data__struct.h
[0.921s] -- Up-to-date: /home/rosbot/ros2_ws/install/custom_msgs/include/custom_msgs/custom_msgs/msg/detail/gyro_data__description.c
[0.921s] -- Up-to-date: /home/rosbot/ros2_ws/install/custom_msgs/include/custom_msgs/custom_msgs/msg/detail/estimator_data__type_support.c
[0.922s] -- Up-to-date: /home/rosbot/ros2_ws/install/custom_msgs/include/custom_msgs/custom_msgs/msg/detail/accel_data__type_support.h
[0.922s] -- Up-to-date: /home/rosbot/ros2_ws/install/custom_msgs/include/custom_msgs/custom_msgs/msg/detail/estimator_data__description.c
[0.922s] -- Up-to-date: /home/rosbot/ros2_ws/install/custom_msgs/include/custom_msgs/custom_msgs/msg/detail/possition_data__type_support.h
[0.922s] -- Up-to-date: /home/rosbot/ros2_ws/install/custom_msgs/include/custom_msgs/custom_msgs/msg/detail/possition_data__type_support.c
[0.922s] -- Up-to-date: /home/rosbot/ros2_ws/install/custom_msgs/include/custom_msgs/custom_msgs/msg/detail/speed_data__type_support.h
[0.922s] -- Up-to-date: /home/rosbot/ros2_ws/install/custom_msgs/include/custom_msgs/custom_msgs/msg/detail/data_xyz__type_support.c
[0.922s] -- Up-to-date: /home/rosbot/ros2_ws/install/custom_msgs/include/custom_msgs/custom_msgs/msg/detail/imu_data__description.c
[0.922s] -- Up-to-date: /home/rosbot/ros2_ws/install/custom_msgs/include/custom_msgs/custom_msgs/msg/speed_data.h
[0.922s] -- Up-to-date: /home/rosbot/ros2_ws/install/custom_msgs/include/custom_msgs/custom_msgs/msg/accel_data.h
[0.922s] -- Up-to-date: /home/rosbot/ros2_ws/install/custom_msgs/share/custom_msgs/environment/library_path.sh
[0.923s] -- Up-to-date: /home/rosbot/ros2_ws/install/custom_msgs/share/custom_msgs/environment/library_path.dsv
[0.923s] -- Up-to-date: /home/rosbot/ros2_ws/install/custom_msgs/lib/libcustom_msgs__rosidl_generator_c.so
[0.923s] -- Up-to-date: /home/rosbot/ros2_ws/install/custom_msgs/include/custom_msgs/custom_msgs
[0.923s] -- Up-to-date: /home/rosbot/ros2_ws/install/custom_msgs/include/custom_msgs/custom_msgs/msg
[0.923s] -- Up-to-date: /home/rosbot/ros2_ws/install/custom_msgs/include/custom_msgs/custom_msgs/msg/rosidl_typesupport_fastrtps_c__visibility_control.h
[0.923s] -- Up-to-date: /home/rosbot/ros2_ws/install/custom_msgs/include/custom_msgs/custom_msgs/msg/detail
[0.923s] -- Up-to-date: /home/rosbot/ros2_ws/install/custom_msgs/include/custom_msgs/custom_msgs/msg/detail/estimator_data__rosidl_typesupport_fastrtps_c.h
[0.923s] -- Up-to-date: /home/rosbot/ros2_ws/install/custom_msgs/include/custom_msgs/custom_msgs/msg/detail/gyro_data__rosidl_typesupport_fastrtps_c.h
[0.924s] -- Up-to-date: /home/rosbot/ros2_ws/install/custom_msgs/include/custom_msgs/custom_msgs/msg/detail/possition_data__rosidl_typesupport_fastrtps_c.h
[0.924s] -- Up-to-date: /home/rosbot/ros2_ws/install/custom_msgs/include/custom_msgs/custom_msgs/msg/detail/data_xyz__rosidl_typesupport_fastrtps_c.h
[0.924s] -- Up-to-date: /home/rosbot/ros2_ws/install/custom_msgs/include/custom_msgs/custom_msgs/msg/detail/accel_data__rosidl_typesupport_fastrtps_c.h
[0.924s] -- Up-to-date: /home/rosbot/ros2_ws/install/custom_msgs/include/custom_msgs/custom_msgs/msg/detail/imu_data__rosidl_typesupport_fastrtps_c.h
[0.924s] -- Up-to-date: /home/rosbot/ros2_ws/install/custom_msgs/include/custom_msgs/custom_msgs/msg/detail/speed_data__rosidl_typesupport_fastrtps_c.h
[0.924s] -- Up-to-date: /home/rosbot/ros2_ws/install/custom_msgs/lib/libcustom_msgs__rosidl_typesupport_fastrtps_c.so
[0.924s] -- Up-to-date: /home/rosbot/ros2_ws/install/custom_msgs/include/custom_msgs/custom_msgs
[0.924s] -- Up-to-date: /home/rosbot/ros2_ws/install/custom_msgs/include/custom_msgs/custom_msgs/msg
[0.924s] -- Up-to-date: /home/rosbot/ros2_ws/install/custom_msgs/include/custom_msgs/custom_msgs/msg/detail
[0.924s] -- Up-to-date: /home/rosbot/ros2_ws/install/custom_msgs/include/custom_msgs/custom_msgs/msg/detail/imu_data__type_support.c
[0.924s] -- Up-to-date: /home/rosbot/ros2_ws/install/custom_msgs/include/custom_msgs/custom_msgs/msg/detail/possition_data__rosidl_typesupport_introspection_c.h
[0.925s] -- Up-to-date: /home/rosbot/ros2_ws/install/custom_msgs/include/custom_msgs/custom_msgs/msg/detail/estimator_data__rosidl_typesupport_introspection_c.h
[0.925s] -- Up-to-date: /home/rosbot/ros2_ws/install/custom_msgs/include/custom_msgs/custom_msgs/msg/detail/data_xyz__rosidl_typesupport_introspection_c.h
[0.925s] -- Up-to-date: /home/rosbot/ros2_ws/install/custom_msgs/include/custom_msgs/custom_msgs/msg/detail/imu_data__rosidl_typesupport_introspection_c.h
[0.925s] -- Up-to-date: /home/rosbot/ros2_ws/install/custom_msgs/include/custom_msgs/custom_msgs/msg/detail/speed_data__type_support.c
[0.926s] -- Up-to-date: /home/rosbot/ros2_ws/install/custom_msgs/include/custom_msgs/custom_msgs/msg/detail/accel_data__type_support.c
[0.926s] -- Up-to-date: /home/rosbot/ros2_ws/install/custom_msgs/include/custom_msgs/custom_msgs/msg/detail/speed_data__rosidl_typesupport_introspection_c.h
[0.926s] -- Up-to-date: /home/rosbot/ros2_ws/install/custom_msgs/include/custom_msgs/custom_msgs/msg/detail/gyro_data__type_support.c
[0.926s] -- Up-to-date: /home/rosbot/ros2_ws/install/custom_msgs/include/custom_msgs/custom_msgs/msg/detail/gyro_data__rosidl_typesupport_introspection_c.h
[0.926s] -- Up-to-date: /home/rosbot/ros2_ws/install/custom_msgs/include/custom_msgs/custom_msgs/msg/detail/estimator_data__type_support.c
[0.926s] -- Up-to-date: /home/rosbot/ros2_ws/install/custom_msgs/include/custom_msgs/custom_msgs/msg/detail/accel_data__rosidl_typesupport_introspection_c.h
[0.926s] -- Up-to-date: /home/rosbot/ros2_ws/install/custom_msgs/include/custom_msgs/custom_msgs/msg/detail/possition_data__type_support.c
[0.926s] -- Up-to-date: /home/rosbot/ros2_ws/install/custom_msgs/include/custom_msgs/custom_msgs/msg/detail/data_xyz__type_support.c
[0.926s] -- Up-to-date: /home/rosbot/ros2_ws/install/custom_msgs/include/custom_msgs/custom_msgs/msg/rosidl_typesupport_introspection_c__visibility_control.h
[0.926s] -- Up-to-date: /home/rosbot/ros2_ws/install/custom_msgs/lib/libcustom_msgs__rosidl_typesupport_introspection_c.so
[0.927s] -- Up-to-date: /home/rosbot/ros2_ws/install/custom_msgs/lib/libcustom_msgs__rosidl_typesupport_c.so
[0.927s] -- Up-to-date: /home/rosbot/ros2_ws/install/custom_msgs/include/custom_msgs/custom_msgs
[0.927s] -- Up-to-date: /home/rosbot/ros2_ws/install/custom_msgs/include/custom_msgs/custom_msgs/msg
[0.927s] -- Up-to-date: /home/rosbot/ros2_ws/install/custom_msgs/include/custom_msgs/custom_msgs/msg/speed_data.hpp
[0.927s] -- Up-to-date: /home/rosbot/ros2_ws/install/custom_msgs/include/custom_msgs/custom_msgs/msg/possition_data.hpp
[0.927s] -- Up-to-date: /home/rosbot/ros2_ws/install/custom_msgs/include/custom_msgs/custom_msgs/msg/detail
[0.927s] -- Up-to-date: /home/rosbot/ros2_ws/install/custom_msgs/include/custom_msgs/custom_msgs/msg/detail/data_xyz__builder.hpp
[0.927s] -- Up-to-date: /home/rosbot/ros2_ws/install/custom_msgs/include/custom_msgs/custom_msgs/msg/detail/gyro_data__traits.hpp
[0.927s] -- Up-to-date: /home/rosbot/ros2_ws/install/custom_msgs/include/custom_msgs/custom_msgs/msg/detail/imu_data__builder.hpp
[0.928s] -- Up-to-date: /home/rosbot/ros2_ws/install/custom_msgs/include/custom_msgs/custom_msgs/msg/detail/speed_data__builder.hpp
[0.928s] -- Up-to-date: /home/rosbot/ros2_ws/install/custom_msgs/include/custom_msgs/custom_msgs/msg/detail/imu_data__type_support.hpp
[0.928s] -- Up-to-date: /home/rosbot/ros2_ws/install/custom_msgs/include/custom_msgs/custom_msgs/msg/detail/possition_data__type_support.hpp
[0.928s] -- Up-to-date: /home/rosbot/ros2_ws/install/custom_msgs/include/custom_msgs/custom_msgs/msg/detail/imu_data__struct.hpp
[0.928s] -- Up-to-date: /home/rosbot/ros2_ws/install/custom_msgs/include/custom_msgs/custom_msgs/msg/detail/estimator_data__traits.hpp
[0.928s] -- Up-to-date: /home/rosbot/ros2_ws/install/custom_msgs/include/custom_msgs/custom_msgs/msg/detail/estimator_data__builder.hpp
[0.928s] -- Up-to-date: /home/rosbot/ros2_ws/install/custom_msgs/include/custom_msgs/custom_msgs/msg/detail/accel_data__builder.hpp
[0.928s] -- Up-to-date: /home/rosbot/ros2_ws/install/custom_msgs/include/custom_msgs/custom_msgs/msg/detail/estimator_data__struct.hpp
[0.928s] -- Up-to-date: /home/rosbot/ros2_ws/install/custom_msgs/include/custom_msgs/custom_msgs/msg/detail/accel_data__traits.hpp
[0.929s] -- Up-to-date: /home/rosbot/ros2_ws/install/custom_msgs/include/custom_msgs/custom_msgs/msg/detail/accel_data__struct.hpp
[0.929s] -- Up-to-date: /home/rosbot/ros2_ws/install/custom_msgs/include/custom_msgs/custom_msgs/msg/detail/accel_data__type_support.hpp
[0.929s] -- Up-to-date: /home/rosbot/ros2_ws/install/custom_msgs/include/custom_msgs/custom_msgs/msg/detail/speed_data__type_support.hpp
[0.929s] -- Up-to-date: /home/rosbot/ros2_ws/install/custom_msgs/include/custom_msgs/custom_msgs/msg/detail/possition_data__builder.hpp
[0.929s] -- Up-to-date: /home/rosbot/ros2_ws/install/custom_msgs/include/custom_msgs/custom_msgs/msg/detail/possition_data__struct.hpp
[0.929s] -- Up-to-date: /home/rosbot/ros2_ws/install/custom_msgs/include/custom_msgs/custom_msgs/msg/detail/gyro_data__type_support.hpp
[0.929s] -- Up-to-date: /home/rosbot/ros2_ws/install/custom_msgs/include/custom_msgs/custom_msgs/msg/detail/imu_data__traits.hpp
[0.929s] -- Up-to-date: /home/rosbot/ros2_ws/install/custom_msgs/include/custom_msgs/custom_msgs/msg/detail/data_xyz__type_support.hpp
[0.929s] -- Up-to-date: /home/rosbot/ros2_ws/install/custom_msgs/include/custom_msgs/custom_msgs/msg/detail/gyro_data__struct.hpp
[0.929s] -- Up-to-date: /home/rosbot/ros2_ws/install/custom_msgs/include/custom_msgs/custom_msgs/msg/detail/possition_data__traits.hpp
[0.930s] -- Up-to-date: /home/rosbot/ros2_ws/install/custom_msgs/include/custom_msgs/custom_msgs/msg/detail/gyro_data__builder.hpp
[0.930s] -- Up-to-date: /home/rosbot/ros2_ws/install/custom_msgs/include/custom_msgs/custom_msgs/msg/detail/estimator_data__type_support.hpp
[0.930s] -- Up-to-date: /home/rosbot/ros2_ws/install/custom_msgs/include/custom_msgs/custom_msgs/msg/detail/data_xyz__traits.hpp
[0.930s] -- Up-to-date: /home/rosbot/ros2_ws/install/custom_msgs/include/custom_msgs/custom_msgs/msg/detail/speed_data__traits.hpp
[0.930s] -- Up-to-date: /home/rosbot/ros2_ws/install/custom_msgs/include/custom_msgs/custom_msgs/msg/detail/speed_data__struct.hpp
[0.930s] -- Up-to-date: /home/rosbot/ros2_ws/install/custom_msgs/include/custom_msgs/custom_msgs/msg/detail/data_xyz__struct.hpp
[0.930s] -- Up-to-date: /home/rosbot/ros2_ws/install/custom_msgs/include/custom_msgs/custom_msgs/msg/accel_data.hpp
[0.930s] -- Up-to-date: /home/rosbot/ros2_ws/install/custom_msgs/include/custom_msgs/custom_msgs/msg/rosidl_generator_cpp__visibility_control.hpp
[0.930s] -- Up-to-date: /home/rosbot/ros2_ws/install/custom_msgs/include/custom_msgs/custom_msgs/msg/data_xyz.hpp
[0.930s] -- Up-to-date: /home/rosbot/ros2_ws/install/custom_msgs/include/custom_msgs/custom_msgs/msg/estimator_data.hpp
[0.931s] -- Up-to-date: /home/rosbot/ros2_ws/install/custom_msgs/include/custom_msgs/custom_msgs/msg/imu_data.hpp
[0.931s] -- Up-to-date: /home/rosbot/ros2_ws/install/custom_msgs/include/custom_msgs/custom_msgs/msg/gyro_data.hpp
[0.931s] -- Up-to-date: /home/rosbot/ros2_ws/install/custom_msgs/include/custom_msgs/custom_msgs
[0.931s] -- Up-to-date: /home/rosbot/ros2_ws/install/custom_msgs/include/custom_msgs/custom_msgs/msg
[0.931s] -- Up-to-date: /home/rosbot/ros2_ws/install/custom_msgs/include/custom_msgs/custom_msgs/msg/detail
[0.931s] -- Up-to-date: /home/rosbot/ros2_ws/install/custom_msgs/include/custom_msgs/custom_msgs/msg/detail/dds_fastrtps
[0.931s] -- Up-to-date: /home/rosbot/ros2_ws/install/custom_msgs/include/custom_msgs/custom_msgs/msg/detail/imu_data__rosidl_typesupport_fastrtps_cpp.hpp
[0.931s] -- Up-to-date: /home/rosbot/ros2_ws/install/custom_msgs/include/custom_msgs/custom_msgs/msg/detail/accel_data__rosidl_typesupport_fastrtps_cpp.hpp
[0.931s] -- Up-to-date: /home/rosbot/ros2_ws/install/custom_msgs/include/custom_msgs/custom_msgs/msg/detail/gyro_data__rosidl_typesupport_fastrtps_cpp.hpp
[0.931s] -- Up-to-date: /home/rosbot/ros2_ws/install/custom_msgs/include/custom_msgs/custom_msgs/msg/detail/estimator_data__rosidl_typesupport_fastrtps_cpp.hpp
[0.931s] -- Up-to-date: /home/rosbot/ros2_ws/install/custom_msgs/include/custom_msgs/custom_msgs/msg/detail/speed_data__rosidl_typesupport_fastrtps_cpp.hpp
[0.932s] -- Up-to-date: /home/rosbot/ros2_ws/install/custom_msgs/include/custom_msgs/custom_msgs/msg/detail/data_xyz__rosidl_typesupport_fastrtps_cpp.hpp
[0.932s] -- Up-to-date: /home/rosbot/ros2_ws/install/custom_msgs/include/custom_msgs/custom_msgs/msg/detail/possition_data__rosidl_typesupport_fastrtps_cpp.hpp
[0.932s] -- Up-to-date: /home/rosbot/ros2_ws/install/custom_msgs/include/custom_msgs/custom_msgs/msg/rosidl_typesupport_fastrtps_cpp__visibility_control.h
[0.932s] -- Up-to-date: /home/rosbot/ros2_ws/install/custom_msgs/lib/libcustom_msgs__rosidl_typesupport_fastrtps_cpp.so
[0.932s] -- Up-to-date: /home/rosbot/ros2_ws/install/custom_msgs/include/custom_msgs/custom_msgs
[0.932s] -- Up-to-date: /home/rosbot/ros2_ws/install/custom_msgs/include/custom_msgs/custom_msgs/msg
[0.932s] -- Up-to-date: /home/rosbot/ros2_ws/install/custom_msgs/include/custom_msgs/custom_msgs/msg/detail
[0.932s] -- Up-to-date: /home/rosbot/ros2_ws/install/custom_msgs/include/custom_msgs/custom_msgs/msg/detail/data_xyz__type_support.cpp
[0.932s] -- Up-to-date: /home/rosbot/ros2_ws/install/custom_msgs/include/custom_msgs/custom_msgs/msg/detail/gyro_data__type_support.cpp
[0.932s] -- Up-to-date: /home/rosbot/ros2_ws/install/custom_msgs/include/custom_msgs/custom_msgs/msg/detail/estimator_data__type_support.cpp
[0.932s] -- Up-to-date: /home/rosbot/ros2_ws/install/custom_msgs/include/custom_msgs/custom_msgs/msg/detail/data_xyz__rosidl_typesupport_introspection_cpp.hpp
[0.932s] -- Up-to-date: /home/rosbot/ros2_ws/install/custom_msgs/include/custom_msgs/custom_msgs/msg/detail/possition_data__type_support.cpp
[0.933s] -- Up-to-date: /home/rosbot/ros2_ws/install/custom_msgs/include/custom_msgs/custom_msgs/msg/detail/speed_data__type_support.cpp
[0.933s] -- Up-to-date: /home/rosbot/ros2_ws/install/custom_msgs/include/custom_msgs/custom_msgs/msg/detail/imu_data__rosidl_typesupport_introspection_cpp.hpp
[0.933s] -- Up-to-date: /home/rosbot/ros2_ws/install/custom_msgs/include/custom_msgs/custom_msgs/msg/detail/possition_data__rosidl_typesupport_introspection_cpp.hpp
[0.933s] -- Up-to-date: /home/rosbot/ros2_ws/install/custom_msgs/include/custom_msgs/custom_msgs/msg/detail/gyro_data__rosidl_typesupport_introspection_cpp.hpp
[0.933s] -- Up-to-date: /home/rosbot/ros2_ws/install/custom_msgs/include/custom_msgs/custom_msgs/msg/detail/accel_data__rosidl_typesupport_introspection_cpp.hpp
[0.933s] -- Up-to-date: /home/rosbot/ros2_ws/install/custom_msgs/include/custom_msgs/custom_msgs/msg/detail/accel_data__type_support.cpp
[0.933s] -- Up-to-date: /home/rosbot/ros2_ws/install/custom_msgs/include/custom_msgs/custom_msgs/msg/detail/speed_data__rosidl_typesupport_introspection_cpp.hpp
[0.935s] -- Up-to-date: /home/rosbot/ros2_ws/install/custom_msgs/include/custom_msgs/custom_msgs/msg/detail/estimator_data__rosidl_typesupport_introspection_cpp.hpp
[0.936s] -- Up-to-date: /home/rosbot/ros2_ws/install/custom_msgs/include/custom_msgs/custom_msgs/msg/detail/imu_data__type_support.cpp
[0.936s] -- Up-to-date: /home/rosbot/ros2_ws/install/custom_msgs/lib/libcustom_msgs__rosidl_typesupport_introspection_cpp.so
[0.936s] -- Up-to-date: /home/rosbot/ros2_ws/install/custom_msgs/lib/libcustom_msgs__rosidl_typesupport_cpp.so
[0.936s] -- Up-to-date: /home/rosbot/ros2_ws/install/custom_msgs/share/custom_msgs/environment/pythonpath.sh
[0.937s] -- Up-to-date: /home/rosbot/ros2_ws/install/custom_msgs/share/custom_msgs/environment/pythonpath.dsv
[0.937s] -- Up-to-date: /home/rosbot/ros2_ws/install/custom_msgs/lib/python3.12/site-packages/custom_msgs-0.0.0-py3.12.egg-info
[0.937s] -- Installing: /home/rosbot/ros2_ws/install/custom_msgs/lib/python3.12/site-packages/custom_msgs-0.0.0-py3.12.egg-info/dependency_links.txt
[0.937s] -- Installing: /home/rosbot/ros2_ws/install/custom_msgs/lib/python3.12/site-packages/custom_msgs-0.0.0-py3.12.egg-info/PKG-INFO
[0.937s] -- Installing: /home/rosbot/ros2_ws/install/custom_msgs/lib/python3.12/site-packages/custom_msgs-0.0.0-py3.12.egg-info/top_level.txt
[0.937s] -- Installing: /home/rosbot/ros2_ws/install/custom_msgs/lib/python3.12/site-packages/custom_msgs-0.0.0-py3.12.egg-info/SOURCES.txt
[0.937s] -- Up-to-date: /home/rosbot/ros2_ws/install/custom_msgs/lib/python3.12/site-packages/custom_msgs
[0.937s] -- Up-to-date: /home/rosbot/ros2_ws/install/custom_msgs/lib/python3.12/site-packages/custom_msgs/_custom_msgs_s.ep.rosidl_typesupport_fastrtps_c.c
[0.937s] -- Up-to-date: /home/rosbot/ros2_ws/install/custom_msgs/lib/python3.12/site-packages/custom_msgs/custom_msgs_s__rosidl_typesupport_c.so
[0.937s] -- Up-to-date: /home/rosbot/ros2_ws/install/custom_msgs/lib/python3.12/site-packages/custom_msgs/_custom_msgs_s.ep.rosidl_typesupport_introspection_c.c
[0.937s] -- Up-to-date: /home/rosbot/ros2_ws/install/custom_msgs/lib/python3.12/site-packages/custom_msgs/__init__.py
[0.938s] -- Up-to-date: /home/rosbot/ros2_ws/install/custom_msgs/lib/python3.12/site-packages/custom_msgs/custom_msgs_s__rosidl_typesupport_fastrtps_c.so
[0.938s] -- Up-to-date: /home/rosbot/ros2_ws/install/custom_msgs/lib/python3.12/site-packages/custom_msgs/msg
[0.938s] -- Up-to-date: /home/rosbot/ros2_ws/install/custom_msgs/lib/python3.12/site-packages/custom_msgs/msg/_estimator_data.py
[0.938s] -- Up-to-date: /home/rosbot/ros2_ws/install/custom_msgs/lib/python3.12/site-packages/custom_msgs/msg/_speed_data_s.c
[0.938s] -- Up-to-date: /home/rosbot/ros2_ws/install/custom_msgs/lib/python3.12/site-packages/custom_msgs/msg/_accel_data.py
[0.938s] -- Up-to-date: /home/rosbot/ros2_ws/install/custom_msgs/lib/python3.12/site-packages/custom_msgs/msg/_imu_data.py
[0.938s] -- Up-to-date: /home/rosbot/ros2_ws/install/custom_msgs/lib/python3.12/site-packages/custom_msgs/msg/_gyro_data.py
[0.938s] -- Up-to-date: /home/rosbot/ros2_ws/install/custom_msgs/lib/python3.12/site-packages/custom_msgs/msg/_speed_data.py
[0.938s] -- Up-to-date: /home/rosbot/ros2_ws/install/custom_msgs/lib/python3.12/site-packages/custom_msgs/msg/_accel_data_s.c
[0.938s] -- Up-to-date: /home/rosbot/ros2_ws/install/custom_msgs/lib/python3.12/site-packages/custom_msgs/msg/_possition_data.py
[0.938s] -- Up-to-date: /home/rosbot/ros2_ws/install/custom_msgs/lib/python3.12/site-packages/custom_msgs/msg/_data_xyz_s.c
[0.939s] -- Up-to-date: /home/rosbot/ros2_ws/install/custom_msgs/lib/python3.12/site-packages/custom_msgs/msg/__init__.py
[0.939s] -- Up-to-date: /home/rosbot/ros2_ws/install/custom_msgs/lib/python3.12/site-packages/custom_msgs/msg/_imu_data_s.c
[0.939s] -- Up-to-date: /home/rosbot/ros2_ws/install/custom_msgs/lib/python3.12/site-packages/custom_msgs/msg/_estimator_data_s.c
[0.939s] -- Up-to-date: /home/rosbot/ros2_ws/install/custom_msgs/lib/python3.12/site-packages/custom_msgs/msg/_data_xyz.py
[0.939s] -- Up-to-date: /home/rosbot/ros2_ws/install/custom_msgs/lib/python3.12/site-packages/custom_msgs/msg/_possition_data_s.c
[0.939s] -- Up-to-date: /home/rosbot/ros2_ws/install/custom_msgs/lib/python3.12/site-packages/custom_msgs/msg/_gyro_data_s.c
[0.939s] -- Up-to-date: /home/rosbot/ros2_ws/install/custom_msgs/lib/python3.12/site-packages/custom_msgs/_custom_msgs_s.ep.rosidl_typesupport_c.c
[0.939s] -- Up-to-date: /home/rosbot/ros2_ws/install/custom_msgs/lib/python3.12/site-packages/custom_msgs/custom_msgs_s__rosidl_typesupport_introspection_c.so
[0.995s] Listing '/home/rosbot/ros2_ws/install/custom_msgs/lib/python3.12/site-packages/custom_msgs'...
[0.995s] Listing '/home/rosbot/ros2_ws/install/custom_msgs/lib/python3.12/site-packages/custom_msgs/msg'...
[1.014s] -- Up-to-date: /home/rosbot/ros2_ws/install/custom_msgs/lib/python3.12/site-packages/custom_msgs/custom_msgs_s__rosidl_typesupport_fastrtps_c.so
[1.014s] -- Up-to-date: /home/rosbot/ros2_ws/install/custom_msgs/lib/python3.12/site-packages/custom_msgs/custom_msgs_s__rosidl_typesupport_introspection_c.so
[1.014s] -- Up-to-date: /home/rosbot/ros2_ws/install/custom_msgs/lib/python3.12/site-packages/custom_msgs/custom_msgs_s__rosidl_typesupport_c.so
[1.014s] -- Up-to-date: /home/rosbot/ros2_ws/install/custom_msgs/lib/libcustom_msgs__rosidl_generator_py.so
[1.014s] -- Up-to-date: /home/rosbot/ros2_ws/install/custom_msgs/share/custom_msgs/msg/AccelData.idl
[1.014s] -- Up-to-date: /home/rosbot/ros2_ws/install/custom_msgs/share/custom_msgs/msg/GyroData.idl
[1.014s] -- Up-to-date: /home/rosbot/ros2_ws/install/custom_msgs/share/custom_msgs/msg/ImuData.idl
[1.014s] -- Up-to-date: /home/rosbot/ros2_ws/install/custom_msgs/share/custom_msgs/msg/EstimatorData.idl
[1.014s] -- Up-to-date: /home/rosbot/ros2_ws/install/custom_msgs/share/custom_msgs/msg/PossitionData.idl
[1.015s] -- Up-to-date: /home/rosbot/ros2_ws/install/custom_msgs/share/custom_msgs/msg/SpeedData.idl
[1.015s] -- Up-to-date: /home/rosbot/ros2_ws/install/custom_msgs/share/custom_msgs/msg/DataXYZ.idl
[1.015s] -- Up-to-date: /home/rosbot/ros2_ws/install/custom_msgs/share/custom_msgs/msg/AccelData.msg
[1.015s] -- Up-to-date: /home/rosbot/ros2_ws/install/custom_msgs/share/custom_msgs/msg/GyroData.msg
[1.015s] -- Up-to-date: /home/rosbot/ros2_ws/install/custom_msgs/share/custom_msgs/msg/ImuData.msg
[1.015s] -- Up-to-date: /home/rosbot/ros2_ws/install/custom_msgs/share/custom_msgs/msg/EstimatorData.msg
[1.015s] -- Up-to-date: /home/rosbot/ros2_ws/install/custom_msgs/share/custom_msgs/msg/PossitionData.msg
[1.015s] -- Up-to-date: /home/rosbot/ros2_ws/install/custom_msgs/share/custom_msgs/msg/SpeedData.msg
[1.016s] -- Up-to-date: /home/rosbot/ros2_ws/install/custom_msgs/share/custom_msgs/msg/DataXYZ.msg
[1.016s] -- Up-to-date: /home/rosbot/ros2_ws/install/custom_msgs/share/ament_index/resource_index/package_run_dependencies/custom_msgs
[1.016s] -- Up-to-date: /home/rosbot/ros2_ws/install/custom_msgs/share/ament_index/resource_index/parent_prefix_path/custom_msgs
[1.016s] -- Up-to-date: /home/rosbot/ros2_ws/install/custom_msgs/share/custom_msgs/environment/ament_prefix_path.sh
[1.016s] -- Up-to-date: /home/rosbot/ros2_ws/install/custom_msgs/share/custom_msgs/environment/ament_prefix_path.dsv
[1.016s] -- Up-to-date: /home/rosbot/ros2_ws/install/custom_msgs/share/custom_msgs/environment/path.sh
[1.017s] -- Up-to-date: /home/rosbot/ros2_ws/install/custom_msgs/share/custom_msgs/environment/path.dsv
[1.017s] -- Up-to-date: /home/rosbot/ros2_ws/install/custom_msgs/share/custom_msgs/local_setup.bash
[1.017s] -- Up-to-date: /home/rosbot/ros2_ws/install/custom_msgs/share/custom_msgs/local_setup.sh
[1.017s] -- Up-to-date: /home/rosbot/ros2_ws/install/custom_msgs/share/custom_msgs/local_setup.zsh
[1.017s] -- Up-to-date: /home/rosbot/ros2_ws/install/custom_msgs/share/custom_msgs/local_setup.dsv
[1.017s] -- Installing: /home/rosbot/ros2_ws/install/custom_msgs/share/custom_msgs/package.dsv
[1.017s] -- Up-to-date: /home/rosbot/ros2_ws/install/custom_msgs/share/ament_index/resource_index/packages/custom_msgs
[1.018s] -- Up-to-date: /home/rosbot/ros2_ws/install/custom_msgs/share/custom_msgs/cmake/export_custom_msgs__rosidl_generator_cExport.cmake
[1.018s] -- Up-to-date: /home/rosbot/ros2_ws/install/custom_msgs/share/custom_msgs/cmake/export_custom_msgs__rosidl_generator_cExport-noconfig.cmake
[1.018s] -- Up-to-date: /home/rosbot/ros2_ws/install/custom_msgs/share/custom_msgs/cmake/export_custom_msgs__rosidl_typesupport_fastrtps_cExport.cmake
[1.018s] -- Up-to-date: /home/rosbot/ros2_ws/install/custom_msgs/share/custom_msgs/cmake/export_custom_msgs__rosidl_typesupport_fastrtps_cExport-noconfig.cmake
[1.018s] -- Up-to-date: /home/rosbot/ros2_ws/install/custom_msgs/share/custom_msgs/cmake/custom_msgs__rosidl_typesupport_introspection_cExport.cmake
[1.018s] -- Up-to-date: /home/rosbot/ros2_ws/install/custom_msgs/share/custom_msgs/cmake/custom_msgs__rosidl_typesupport_introspection_cExport-noconfig.cmake
[1.019s] -- Up-to-date: /home/rosbot/ros2_ws/install/custom_msgs/share/custom_msgs/cmake/custom_msgs__rosidl_typesupport_cExport.cmake
[1.019s] -- Up-to-date: /home/rosbot/ros2_ws/install/custom_msgs/share/custom_msgs/cmake/custom_msgs__rosidl_typesupport_cExport-noconfig.cmake
[1.019s] -- Up-to-date: /home/rosbot/ros2_ws/install/custom_msgs/share/custom_msgs/cmake/export_custom_msgs__rosidl_generator_cppExport.cmake
[1.019s] -- Up-to-date: /home/rosbot/ros2_ws/install/custom_msgs/share/custom_msgs/cmake/export_custom_msgs__rosidl_typesupport_fastrtps_cppExport.cmake
[1.019s] -- Up-to-date: /home/rosbot/ros2_ws/install/custom_msgs/share/custom_msgs/cmake/export_custom_msgs__rosidl_typesupport_fastrtps_cppExport-noconfig.cmake
[1.019s] -- Up-to-date: /home/rosbot/ros2_ws/install/custom_msgs/share/custom_msgs/cmake/custom_msgs__rosidl_typesupport_introspection_cppExport.cmake
[1.019s] -- Up-to-date: /home/rosbot/ros2_ws/install/custom_msgs/share/custom_msgs/cmake/custom_msgs__rosidl_typesupport_introspection_cppExport-noconfig.cmake
[1.020s] -- Up-to-date: /home/rosbot/ros2_ws/install/custom_msgs/share/custom_msgs/cmake/custom_msgs__rosidl_typesupport_cppExport.cmake
[1.020s] -- Up-to-date: /home/rosbot/ros2_ws/install/custom_msgs/share/custom_msgs/cmake/custom_msgs__rosidl_typesupport_cppExport-noconfig.cmake
[1.020s] -- Up-to-date: /home/rosbot/ros2_ws/install/custom_msgs/share/custom_msgs/cmake/export_custom_msgs__rosidl_generator_pyExport.cmake
[1.020s] -- Up-to-date: /home/rosbot/ros2_ws/install/custom_msgs/share/custom_msgs/cmake/export_custom_msgs__rosidl_generator_pyExport-noconfig.cmake
[1.020s] -- Up-to-date: /home/rosbot/ros2_ws/install/custom_msgs/share/custom_msgs/cmake/rosidl_cmake-extras.cmake
[1.020s] -- Up-to-date: /home/rosbot/ros2_ws/install/custom_msgs/share/custom_msgs/cmake/ament_cmake_export_include_directories-extras.cmake
[1.020s] -- Up-to-date: /home/rosbot/ros2_ws/install/custom_msgs/share/custom_msgs/cmake/ament_cmake_export_libraries-extras.cmake
[1.020s] -- Up-to-date: /home/rosbot/ros2_ws/install/custom_msgs/share/custom_msgs/cmake/ament_cmake_export_targets-extras.cmake
[1.020s] -- Up-to-date: /home/rosbot/ros2_ws/install/custom_msgs/share/custom_msgs/cmake/rosidl_cmake_export_typesupport_targets-extras.cmake
[1.021s] -- Up-to-date: /home/rosbot/ros2_ws/install/custom_msgs/share/custom_msgs/cmake/ament_cmake_export_dependencies-extras.cmake
[1.021s] -- Up-to-date: /home/rosbot/ros2_ws/install/custom_msgs/share/custom_msgs/cmake/rosidl_cmake_export_typesupport_libraries-extras.cmake
[1.021s] -- Up-to-date: /home/rosbot/ros2_ws/install/custom_msgs/share/custom_msgs/cmake/custom_msgsConfig.cmake
[1.021s] -- Up-to-date: /home/rosbot/ros2_ws/install/custom_msgs/share/custom_msgs/cmake/custom_msgsConfig-version.cmake
[1.021s] -- Up-to-date: /home/rosbot/ros2_ws/install/custom_msgs/share/custom_msgs/package.xml
[1.026s] Invoked command in '/home/rosbot/ros2_ws/build/custom_msgs' returned '0': CMAKE_PREFIX_PATH=${CMAKE_PREFIX_PATH}:/home/rosbot/ros2_ws/install/um7_pkg:/home/rosbot/ros2_ws/install/my_py_pkg:/home/rosbot/ros2_ws/install/log_data_pkg:/home/rosbot/ros2_ws/install/flight_controller_pkg:/home/rosbot/ros2_ws/install/flask_pkg:/home/rosbot/ros2_ws/install/estimator_pkg:/opt/ros/jazzy DEBUGINFOD_URLS=https://debuginfod.ubuntu.com PS1=(venv) \[\e]0;\u@\h: \w\a\]${debian_chroot:+($debian_chroot)}\u@\h:\w\$ VIRTUAL_ENV_PROMPT=(venv) /usr/bin/cmake --install /home/rosbot/ros2_ws/build/custom_msgs
