[0.155s] DEBUG:colcon:Command line arguments: ['/usr/bin/colcon', 'build']
[0.155s] DEBUG:colcon:Parsed command line arguments: Namespace(log_base=None, log_level=None, verb_name='build', build_base='build', install_base='install', merge_install=False, symlink_install=False, test_result_base=None, continue_on_error=False, executor='parallel', parallel_workers=4, event_handlers=None, ignore_user_meta=False, metas=['./colcon.meta'], base_paths=['.'], packages_ignore=None, packages_ignore_regex=None, paths=None, packages_up_to=None, packages_up_to_regex=None, packages_above=None, packages_above_and_dependencies=None, packages_above_depth=None, packages_select_by_dep=None, packages_skip_by_dep=None, packages_skip_up_to=None, packages_select_build_failed=False, packages_skip_build_finished=False, packages_select_test_failures=False, packages_skip_test_passed=False, packages_select=None, packages_skip=None, packages_select_regex=None, packages_skip_regex=None, packages_start=None, packages_end=None, allow_overriding=[], cmake_args=None, cmake_target=None, cmake_target_skip_unavailable=False, cmake_clean_cache=False, cmake_clean_first=False, cmake_force_configure=False, ament_cmake_args=None, catkin_cmake_args=None, catkin_skip_building_tests=False, mixin_files=None, mixin=None, verb_parser=<colcon_mixin.mixin.mixin_argument.MixinArgumentDecorator object at 0xffff99aef140>, verb_extension=<colcon_core.verb.build.BuildVerb object at 0xffff99ca36e0>, main=<bound method BuildVerb.main of <colcon_core.verb.build.BuildVerb object at 0xffff99ca36e0>>, mixin_verb=('build',))
[0.214s] Level 1:colcon.colcon_core.package_discovery:discover_packages(colcon_meta) check parameters
[0.214s] Level 1:colcon.colcon_core.package_discovery:discover_packages(recursive) check parameters
[0.214s] Level 1:colcon.colcon_core.package_discovery:discover_packages(ignore) check parameters
[0.214s] Level 1:colcon.colcon_core.package_discovery:discover_packages(path) check parameters
[0.214s] Level 1:colcon.colcon_core.package_discovery:discover_packages(colcon_meta) discover
[0.214s] Level 1:colcon.colcon_core.package_discovery:discover_packages(recursive) discover
[0.214s] INFO:colcon.colcon_core.package_discovery:Crawling recursively for packages in '/home/rosbot/ros2_ws'
[0.214s] Level 1:colcon.colcon_core.package_identification:_identify(.) by extensions ['ignore', 'ignore_ament_install']
[0.214s] Level 1:colcon.colcon_core.package_identification:_identify(.) by extension 'ignore'
[0.214s] Level 1:colcon.colcon_core.package_identification:_identify(.) by extension 'ignore_ament_install'
[0.214s] Level 1:colcon.colcon_core.package_identification:_identify(.) by extensions ['colcon_pkg']
[0.215s] Level 1:colcon.colcon_core.package_identification:_identify(.) by extension 'colcon_pkg'
[0.215s] Level 1:colcon.colcon_core.package_identification:_identify(.) by extensions ['colcon_meta']
[0.215s] Level 1:colcon.colcon_core.package_identification:_identify(.) by extension 'colcon_meta'
[0.215s] Level 1:colcon.colcon_core.package_identification:_identify(.) by extensions ['ros']
[0.215s] Level 1:colcon.colcon_core.package_identification:_identify(.) by extension 'ros'
[0.253s] Level 1:colcon.colcon_core.package_identification:_identify(.) by extensions ['cmake', 'python']
[0.254s] Level 1:colcon.colcon_core.package_identification:_identify(.) by extension 'cmake'
[0.254s] Level 1:colcon.colcon_core.package_identification:_identify(.) by extension 'python'
[0.254s] Level 1:colcon.colcon_core.package_identification:_identify(.) by extensions ['python_setup_py']
[0.254s] Level 1:colcon.colcon_core.package_identification:_identify(.) by extension 'python_setup_py'
[0.254s] Level 1:colcon.colcon_core.package_identification:_identify(build) by extensions ['ignore', 'ignore_ament_install']
[0.254s] Level 1:colcon.colcon_core.package_identification:_identify(build) by extension 'ignore'
[0.254s] Level 1:colcon.colcon_core.package_identification:_identify(build) ignored
[0.254s] Level 1:colcon.colcon_core.package_identification:_identify(install) by extensions ['ignore', 'ignore_ament_install']
[0.254s] Level 1:colcon.colcon_core.package_identification:_identify(install) by extension 'ignore'
[0.254s] Level 1:colcon.colcon_core.package_identification:_identify(install) ignored
[0.255s] Level 1:colcon.colcon_core.package_identification:_identify(log) by extensions ['ignore', 'ignore_ament_install']
[0.255s] Level 1:colcon.colcon_core.package_identification:_identify(log) by extension 'ignore'
[0.255s] Level 1:colcon.colcon_core.package_identification:_identify(log) ignored
[0.255s] Level 1:colcon.colcon_core.package_identification:_identify(src) by extensions ['ignore', 'ignore_ament_install']
[0.255s] Level 1:colcon.colcon_core.package_identification:_identify(src) by extension 'ignore'
[0.255s] Level 1:colcon.colcon_core.package_identification:_identify(src) by extension 'ignore_ament_install'
[0.255s] Level 1:colcon.colcon_core.package_identification:_identify(src) by extensions ['colcon_pkg']
[0.255s] Level 1:colcon.colcon_core.package_identification:_identify(src) by extension 'colcon_pkg'
[0.255s] Level 1:colcon.colcon_core.package_identification:_identify(src) by extensions ['colcon_meta']
[0.255s] Level 1:colcon.colcon_core.package_identification:_identify(src) by extension 'colcon_meta'
[0.255s] Level 1:colcon.colcon_core.package_identification:_identify(src) by extensions ['ros']
[0.256s] Level 1:colcon.colcon_core.package_identification:_identify(src) by extension 'ros'
[0.256s] Level 1:colcon.colcon_core.package_identification:_identify(src) by extensions ['cmake', 'python']
[0.256s] Level 1:colcon.colcon_core.package_identification:_identify(src) by extension 'cmake'
[0.256s] Level 1:colcon.colcon_core.package_identification:_identify(src) by extension 'python'
[0.256s] Level 1:colcon.colcon_core.package_identification:_identify(src) by extensions ['python_setup_py']
[0.256s] Level 1:colcon.colcon_core.package_identification:_identify(src) by extension 'python_setup_py'
[0.256s] Level 1:colcon.colcon_core.package_identification:_identify(src/custom_msgs) by extensions ['ignore', 'ignore_ament_install']
[0.256s] Level 1:colcon.colcon_core.package_identification:_identify(src/custom_msgs) by extension 'ignore'
[0.256s] Level 1:colcon.colcon_core.package_identification:_identify(src/custom_msgs) by extension 'ignore_ament_install'
[0.256s] Level 1:colcon.colcon_core.package_identification:_identify(src/custom_msgs) by extensions ['colcon_pkg']
[0.256s] Level 1:colcon.colcon_core.package_identification:_identify(src/custom_msgs) by extension 'colcon_pkg'
[0.256s] Level 1:colcon.colcon_core.package_identification:_identify(src/custom_msgs) by extensions ['colcon_meta']
[0.256s] Level 1:colcon.colcon_core.package_identification:_identify(src/custom_msgs) by extension 'colcon_meta'
[0.256s] Level 1:colcon.colcon_core.package_identification:_identify(src/custom_msgs) by extensions ['ros']
[0.256s] Level 1:colcon.colcon_core.package_identification:_identify(src/custom_msgs) by extension 'ros'
[0.260s] DEBUG:colcon.colcon_core.package_identification:Package 'src/custom_msgs' with type 'ros.ament_cmake' and name 'custom_msgs'
[0.260s] Level 1:colcon.colcon_core.package_identification:_identify(src/estimator_pkg) by extensions ['ignore', 'ignore_ament_install']
[0.260s] Level 1:colcon.colcon_core.package_identification:_identify(src/estimator_pkg) by extension 'ignore'
[0.260s] Level 1:colcon.colcon_core.package_identification:_identify(src/estimator_pkg) by extension 'ignore_ament_install'
[0.260s] Level 1:colcon.colcon_core.package_identification:_identify(src/estimator_pkg) by extensions ['colcon_pkg']
[0.260s] Level 1:colcon.colcon_core.package_identification:_identify(src/estimator_pkg) by extension 'colcon_pkg'
[0.260s] Level 1:colcon.colcon_core.package_identification:_identify(src/estimator_pkg) by extensions ['colcon_meta']
[0.260s] Level 1:colcon.colcon_core.package_identification:_identify(src/estimator_pkg) by extension 'colcon_meta'
[0.260s] Level 1:colcon.colcon_core.package_identification:_identify(src/estimator_pkg) by extensions ['ros']
[0.260s] Level 1:colcon.colcon_core.package_identification:_identify(src/estimator_pkg) by extension 'ros'
[0.261s] DEBUG:colcon.colcon_core.package_identification:Package 'src/estimator_pkg' with type 'ros.ament_python' and name 'estimator_pkg'
[0.261s] Level 1:colcon.colcon_core.package_identification:_identify(src/flask_pkg) by extensions ['ignore', 'ignore_ament_install']
[0.262s] Level 1:colcon.colcon_core.package_identification:_identify(src/flask_pkg) by extension 'ignore'
[0.262s] Level 1:colcon.colcon_core.package_identification:_identify(src/flask_pkg) by extension 'ignore_ament_install'
[0.262s] Level 1:colcon.colcon_core.package_identification:_identify(src/flask_pkg) by extensions ['colcon_pkg']
[0.262s] Level 1:colcon.colcon_core.package_identification:_identify(src/flask_pkg) by extension 'colcon_pkg'
[0.262s] Level 1:colcon.colcon_core.package_identification:_identify(src/flask_pkg) by extensions ['colcon_meta']
[0.262s] Level 1:colcon.colcon_core.package_identification:_identify(src/flask_pkg) by extension 'colcon_meta'
[0.262s] Level 1:colcon.colcon_core.package_identification:_identify(src/flask_pkg) by extensions ['ros']
[0.262s] Level 1:colcon.colcon_core.package_identification:_identify(src/flask_pkg) by extension 'ros'
[0.263s] DEBUG:colcon.colcon_core.package_identification:Package 'src/flask_pkg' with type 'ros.ament_python' and name 'flask_pkg'
[0.263s] Level 1:colcon.colcon_core.package_identification:_identify(src/flight_controller_pkg) by extensions ['ignore', 'ignore_ament_install']
[0.263s] Level 1:colcon.colcon_core.package_identification:_identify(src/flight_controller_pkg) by extension 'ignore'
[0.263s] Level 1:colcon.colcon_core.package_identification:_identify(src/flight_controller_pkg) by extension 'ignore_ament_install'
[0.263s] Level 1:colcon.colcon_core.package_identification:_identify(src/flight_controller_pkg) by extensions ['colcon_pkg']
[0.263s] Level 1:colcon.colcon_core.package_identification:_identify(src/flight_controller_pkg) by extension 'colcon_pkg'
[0.263s] Level 1:colcon.colcon_core.package_identification:_identify(src/flight_controller_pkg) by extensions ['colcon_meta']
[0.263s] Level 1:colcon.colcon_core.package_identification:_identify(src/flight_controller_pkg) by extension 'colcon_meta'
[0.263s] Level 1:colcon.colcon_core.package_identification:_identify(src/flight_controller_pkg) by extensions ['ros']
[0.263s] Level 1:colcon.colcon_core.package_identification:_identify(src/flight_controller_pkg) by extension 'ros'
[0.264s] DEBUG:colcon.colcon_core.package_identification:Package 'src/flight_controller_pkg' with type 'ros.ament_python' and name 'flight_controller_pkg'
[0.264s] Level 1:colcon.colcon_core.package_identification:_identify(src/my_cpp_pkg) by extensions ['ignore', 'ignore_ament_install']
[0.265s] Level 1:colcon.colcon_core.package_identification:_identify(src/my_cpp_pkg) by extension 'ignore'
[0.265s] Level 1:colcon.colcon_core.package_identification:_identify(src/my_cpp_pkg) by extension 'ignore_ament_install'
[0.265s] Level 1:colcon.colcon_core.package_identification:_identify(src/my_cpp_pkg) by extensions ['colcon_pkg']
[0.265s] Level 1:colcon.colcon_core.package_identification:_identify(src/my_cpp_pkg) by extension 'colcon_pkg'
[0.265s] Level 1:colcon.colcon_core.package_identification:_identify(src/my_cpp_pkg) by extensions ['colcon_meta']
[0.265s] Level 1:colcon.colcon_core.package_identification:_identify(src/my_cpp_pkg) by extension 'colcon_meta'
[0.265s] Level 1:colcon.colcon_core.package_identification:_identify(src/my_cpp_pkg) by extensions ['ros']
[0.265s] Level 1:colcon.colcon_core.package_identification:_identify(src/my_cpp_pkg) by extension 'ros'
[0.265s] DEBUG:colcon.colcon_core.package_identification:Package 'src/my_cpp_pkg' with type 'ros.ament_cmake' and name 'my_cpp_pkg'
[0.266s] Level 1:colcon.colcon_core.package_identification:_identify(src/my_py_pkg) by extensions ['ignore', 'ignore_ament_install']
[0.266s] Level 1:colcon.colcon_core.package_identification:_identify(src/my_py_pkg) by extension 'ignore'
[0.266s] Level 1:colcon.colcon_core.package_identification:_identify(src/my_py_pkg) by extension 'ignore_ament_install'
[0.266s] Level 1:colcon.colcon_core.package_identification:_identify(src/my_py_pkg) by extensions ['colcon_pkg']
[0.266s] Level 1:colcon.colcon_core.package_identification:_identify(src/my_py_pkg) by extension 'colcon_pkg'
[0.266s] Level 1:colcon.colcon_core.package_identification:_identify(src/my_py_pkg) by extensions ['colcon_meta']
[0.266s] Level 1:colcon.colcon_core.package_identification:_identify(src/my_py_pkg) by extension 'colcon_meta'
[0.266s] Level 1:colcon.colcon_core.package_identification:_identify(src/my_py_pkg) by extensions ['ros']
[0.266s] Level 1:colcon.colcon_core.package_identification:_identify(src/my_py_pkg) by extension 'ros'
[0.266s] DEBUG:colcon.colcon_core.package_identification:Package 'src/my_py_pkg' with type 'ros.ament_python' and name 'my_py_pkg'
[0.267s] Level 1:colcon.colcon_core.package_identification:_identify(venv) by extensions ['ignore', 'ignore_ament_install']
[0.267s] Level 1:colcon.colcon_core.package_identification:_identify(venv) by extension 'ignore'
[0.267s] Level 1:colcon.colcon_core.package_identification:_identify(venv) ignored
[0.267s] Level 1:colcon.colcon_core.package_discovery:discover_packages(recursive) using defaults
[0.267s] Level 1:colcon.colcon_core.package_discovery:discover_packages(ignore) discover
[0.267s] Level 1:colcon.colcon_core.package_discovery:discover_packages(ignore) using defaults
[0.267s] Level 1:colcon.colcon_core.package_discovery:discover_packages(path) discover
[0.267s] Level 1:colcon.colcon_core.package_discovery:discover_packages(path) using defaults
[0.293s] Level 1:colcon.colcon_core.package_discovery:discover_packages(prefix_path) check parameters
[0.293s] Level 1:colcon.colcon_core.package_discovery:discover_packages(prefix_path) discover
[0.296s] DEBUG:colcon.colcon_installed_package_information.package_discovery:Found 6 installed packages in /home/rosbot/ros2_ws/install
[0.298s] DEBUG:colcon.colcon_installed_package_information.package_discovery:Found 285 installed packages in /opt/ros/jazzy
[0.300s] Level 1:colcon.colcon_core.package_discovery:discover_packages(prefix_path) using defaults
[0.360s] Level 5:colcon.colcon_core.verb:set package 'custom_msgs' build argument 'cmake_args' from command line to 'None'
[0.360s] Level 5:colcon.colcon_core.verb:set package 'custom_msgs' build argument 'cmake_target' from command line to 'None'
[0.360s] Level 5:colcon.colcon_core.verb:set package 'custom_msgs' build argument 'cmake_target_skip_unavailable' from command line to 'False'
[0.360s] Level 5:colcon.colcon_core.verb:set package 'custom_msgs' build argument 'cmake_clean_cache' from command line to 'False'
[0.360s] Level 5:colcon.colcon_core.verb:set package 'custom_msgs' build argument 'cmake_clean_first' from command line to 'False'
[0.360s] Level 5:colcon.colcon_core.verb:set package 'custom_msgs' build argument 'cmake_force_configure' from command line to 'False'
[0.360s] Level 5:colcon.colcon_core.verb:set package 'custom_msgs' build argument 'ament_cmake_args' from command line to 'None'
[0.360s] Level 5:colcon.colcon_core.verb:set package 'custom_msgs' build argument 'catkin_cmake_args' from command line to 'None'
[0.360s] Level 5:colcon.colcon_core.verb:set package 'custom_msgs' build argument 'catkin_skip_building_tests' from command line to 'False'
[0.360s] DEBUG:colcon.colcon_core.verb:Building package 'custom_msgs' with the following arguments: {'ament_cmake_args': None, 'build_base': '/home/rosbot/ros2_ws/build/custom_msgs', 'catkin_cmake_args': None, 'catkin_skip_building_tests': False, 'cmake_args': None, 'cmake_clean_cache': False, 'cmake_clean_first': False, 'cmake_force_configure': False, 'cmake_target': None, 'cmake_target_skip_unavailable': False, 'install_base': '/home/rosbot/ros2_ws/install/custom_msgs', 'merge_install': False, 'path': '/home/rosbot/ros2_ws/src/custom_msgs', 'symlink_install': False, 'test_result_base': None}
[0.361s] Level 5:colcon.colcon_core.verb:set package 'my_cpp_pkg' build argument 'cmake_args' from command line to 'None'
[0.361s] Level 5:colcon.colcon_core.verb:set package 'my_cpp_pkg' build argument 'cmake_target' from command line to 'None'
[0.361s] Level 5:colcon.colcon_core.verb:set package 'my_cpp_pkg' build argument 'cmake_target_skip_unavailable' from command line to 'False'
[0.361s] Level 5:colcon.colcon_core.verb:set package 'my_cpp_pkg' build argument 'cmake_clean_cache' from command line to 'False'
[0.361s] Level 5:colcon.colcon_core.verb:set package 'my_cpp_pkg' build argument 'cmake_clean_first' from command line to 'False'
[0.361s] Level 5:colcon.colcon_core.verb:set package 'my_cpp_pkg' build argument 'cmake_force_configure' from command line to 'False'
[0.361s] Level 5:colcon.colcon_core.verb:set package 'my_cpp_pkg' build argument 'ament_cmake_args' from command line to 'None'
[0.361s] Level 5:colcon.colcon_core.verb:set package 'my_cpp_pkg' build argument 'catkin_cmake_args' from command line to 'None'
[0.361s] Level 5:colcon.colcon_core.verb:set package 'my_cpp_pkg' build argument 'catkin_skip_building_tests' from command line to 'False'
[0.361s] DEBUG:colcon.colcon_core.verb:Building package 'my_cpp_pkg' with the following arguments: {'ament_cmake_args': None, 'build_base': '/home/rosbot/ros2_ws/build/my_cpp_pkg', 'catkin_cmake_args': None, 'catkin_skip_building_tests': False, 'cmake_args': None, 'cmake_clean_cache': False, 'cmake_clean_first': False, 'cmake_force_configure': False, 'cmake_target': None, 'cmake_target_skip_unavailable': False, 'install_base': '/home/rosbot/ros2_ws/install/my_cpp_pkg', 'merge_install': False, 'path': '/home/rosbot/ros2_ws/src/my_cpp_pkg', 'symlink_install': False, 'test_result_base': None}
[0.361s] Level 5:colcon.colcon_core.verb:set package 'my_py_pkg' build argument 'cmake_args' from command line to 'None'
[0.361s] Level 5:colcon.colcon_core.verb:set package 'my_py_pkg' build argument 'cmake_target' from command line to 'None'
[0.361s] Level 5:colcon.colcon_core.verb:set package 'my_py_pkg' build argument 'cmake_target_skip_unavailable' from command line to 'False'
[0.361s] Level 5:colcon.colcon_core.verb:set package 'my_py_pkg' build argument 'cmake_clean_cache' from command line to 'False'
[0.361s] Level 5:colcon.colcon_core.verb:set package 'my_py_pkg' build argument 'cmake_clean_first' from command line to 'False'
[0.361s] Level 5:colcon.colcon_core.verb:set package 'my_py_pkg' build argument 'cmake_force_configure' from command line to 'False'
[0.361s] Level 5:colcon.colcon_core.verb:set package 'my_py_pkg' build argument 'ament_cmake_args' from command line to 'None'
[0.361s] Level 5:colcon.colcon_core.verb:set package 'my_py_pkg' build argument 'catkin_cmake_args' from command line to 'None'
[0.361s] Level 5:colcon.colcon_core.verb:set package 'my_py_pkg' build argument 'catkin_skip_building_tests' from command line to 'False'
[0.361s] DEBUG:colcon.colcon_core.verb:Building package 'my_py_pkg' with the following arguments: {'ament_cmake_args': None, 'build_base': '/home/rosbot/ros2_ws/build/my_py_pkg', 'catkin_cmake_args': None, 'catkin_skip_building_tests': False, 'cmake_args': None, 'cmake_clean_cache': False, 'cmake_clean_first': False, 'cmake_force_configure': False, 'cmake_target': None, 'cmake_target_skip_unavailable': False, 'install_base': '/home/rosbot/ros2_ws/install/my_py_pkg', 'merge_install': False, 'path': '/home/rosbot/ros2_ws/src/my_py_pkg', 'symlink_install': False, 'test_result_base': None}
[0.362s] Level 5:colcon.colcon_core.verb:set package 'estimator_pkg' build argument 'cmake_args' from command line to 'None'
[0.362s] Level 5:colcon.colcon_core.verb:set package 'estimator_pkg' build argument 'cmake_target' from command line to 'None'
[0.362s] Level 5:colcon.colcon_core.verb:set package 'estimator_pkg' build argument 'cmake_target_skip_unavailable' from command line to 'False'
[0.362s] Level 5:colcon.colcon_core.verb:set package 'estimator_pkg' build argument 'cmake_clean_cache' from command line to 'False'
[0.362s] Level 5:colcon.colcon_core.verb:set package 'estimator_pkg' build argument 'cmake_clean_first' from command line to 'False'
[0.362s] Level 5:colcon.colcon_core.verb:set package 'estimator_pkg' build argument 'cmake_force_configure' from command line to 'False'
[0.362s] Level 5:colcon.colcon_core.verb:set package 'estimator_pkg' build argument 'ament_cmake_args' from command line to 'None'
[0.362s] Level 5:colcon.colcon_core.verb:set package 'estimator_pkg' build argument 'catkin_cmake_args' from command line to 'None'
[0.362s] Level 5:colcon.colcon_core.verb:set package 'estimator_pkg' build argument 'catkin_skip_building_tests' from command line to 'False'
[0.362s] DEBUG:colcon.colcon_core.verb:Building package 'estimator_pkg' with the following arguments: {'ament_cmake_args': None, 'build_base': '/home/rosbot/ros2_ws/build/estimator_pkg', 'catkin_cmake_args': None, 'catkin_skip_building_tests': False, 'cmake_args': None, 'cmake_clean_cache': False, 'cmake_clean_first': False, 'cmake_force_configure': False, 'cmake_target': None, 'cmake_target_skip_unavailable': False, 'install_base': '/home/rosbot/ros2_ws/install/estimator_pkg', 'merge_install': False, 'path': '/home/rosbot/ros2_ws/src/estimator_pkg', 'symlink_install': False, 'test_result_base': None}
[0.362s] Level 5:colcon.colcon_core.verb:set package 'flask_pkg' build argument 'cmake_args' from command line to 'None'
[0.362s] Level 5:colcon.colcon_core.verb:set package 'flask_pkg' build argument 'cmake_target' from command line to 'None'
[0.362s] Level 5:colcon.colcon_core.verb:set package 'flask_pkg' build argument 'cmake_target_skip_unavailable' from command line to 'False'
[0.362s] Level 5:colcon.colcon_core.verb:set package 'flask_pkg' build argument 'cmake_clean_cache' from command line to 'False'
[0.362s] Level 5:colcon.colcon_core.verb:set package 'flask_pkg' build argument 'cmake_clean_first' from command line to 'False'
[0.362s] Level 5:colcon.colcon_core.verb:set package 'flask_pkg' build argument 'cmake_force_configure' from command line to 'False'
[0.362s] Level 5:colcon.colcon_core.verb:set package 'flask_pkg' build argument 'ament_cmake_args' from command line to 'None'
[0.362s] Level 5:colcon.colcon_core.verb:set package 'flask_pkg' build argument 'catkin_cmake_args' from command line to 'None'
[0.362s] Level 5:colcon.colcon_core.verb:set package 'flask_pkg' build argument 'catkin_skip_building_tests' from command line to 'False'
[0.362s] DEBUG:colcon.colcon_core.verb:Building package 'flask_pkg' with the following arguments: {'ament_cmake_args': None, 'build_base': '/home/rosbot/ros2_ws/build/flask_pkg', 'catkin_cmake_args': None, 'catkin_skip_building_tests': False, 'cmake_args': None, 'cmake_clean_cache': False, 'cmake_clean_first': False, 'cmake_force_configure': False, 'cmake_target': None, 'cmake_target_skip_unavailable': False, 'install_base': '/home/rosbot/ros2_ws/install/flask_pkg', 'merge_install': False, 'path': '/home/rosbot/ros2_ws/src/flask_pkg', 'symlink_install': False, 'test_result_base': None}
[0.363s] Level 5:colcon.colcon_core.verb:set package 'flight_controller_pkg' build argument 'cmake_args' from command line to 'None'
[0.363s] Level 5:colcon.colcon_core.verb:set package 'flight_controller_pkg' build argument 'cmake_target' from command line to 'None'
[0.363s] Level 5:colcon.colcon_core.verb:set package 'flight_controller_pkg' build argument 'cmake_target_skip_unavailable' from command line to 'False'
[0.363s] Level 5:colcon.colcon_core.verb:set package 'flight_controller_pkg' build argument 'cmake_clean_cache' from command line to 'False'
[0.363s] Level 5:colcon.colcon_core.verb:set package 'flight_controller_pkg' build argument 'cmake_clean_first' from command line to 'False'
[0.363s] Level 5:colcon.colcon_core.verb:set package 'flight_controller_pkg' build argument 'cmake_force_configure' from command line to 'False'
[0.363s] Level 5:colcon.colcon_core.verb:set package 'flight_controller_pkg' build argument 'ament_cmake_args' from command line to 'None'
[0.363s] Level 5:colcon.colcon_core.verb:set package 'flight_controller_pkg' build argument 'catkin_cmake_args' from command line to 'None'
[0.363s] Level 5:colcon.colcon_core.verb:set package 'flight_controller_pkg' build argument 'catkin_skip_building_tests' from command line to 'False'
[0.363s] DEBUG:colcon.colcon_core.verb:Building package 'flight_controller_pkg' with the following arguments: {'ament_cmake_args': None, 'build_base': '/home/rosbot/ros2_ws/build/flight_controller_pkg', 'catkin_cmake_args': None, 'catkin_skip_building_tests': False, 'cmake_args': None, 'cmake_clean_cache': False, 'cmake_clean_first': False, 'cmake_force_configure': False, 'cmake_target': None, 'cmake_target_skip_unavailable': False, 'install_base': '/home/rosbot/ros2_ws/install/flight_controller_pkg', 'merge_install': False, 'path': '/home/rosbot/ros2_ws/src/flight_controller_pkg', 'symlink_install': False, 'test_result_base': None}
[0.363s] INFO:colcon.colcon_core.executor:Executing jobs using 'parallel' executor
[0.364s] DEBUG:colcon.colcon_parallel_executor.executor.parallel:run_until_complete
[0.365s] INFO:colcon.colcon_ros.task.ament_cmake.build:Building ROS package in '/home/rosbot/ros2_ws/src/custom_msgs' with build type 'ament_cmake'
[0.365s] INFO:colcon.colcon_cmake.task.cmake.build:Building CMake package in '/home/rosbot/ros2_ws/src/custom_msgs'
[0.367s] INFO:colcon.colcon_core.plugin_system:Skipping extension 'colcon_core.shell.bat': Not used on non-Windows systems
[0.368s] INFO:colcon.colcon_core.shell:Skip shell extension 'powershell' for command environment: Not usable outside of PowerShell
[0.368s] DEBUG:colcon.colcon_core.shell:Skip shell extension 'dsv' for command environment
[0.374s] INFO:colcon.colcon_ros.task.ament_cmake.build:Building ROS package in '/home/rosbot/ros2_ws/src/my_cpp_pkg' with build type 'ament_cmake'
[0.374s] INFO:colcon.colcon_cmake.task.cmake.build:Building CMake package in '/home/rosbot/ros2_ws/src/my_cpp_pkg'
[0.374s] INFO:colcon.colcon_core.shell:Skip shell extension 'powershell' for command environment: Not usable outside of PowerShell
[0.374s] DEBUG:colcon.colcon_core.shell:Skip shell extension 'dsv' for command environment
[0.380s] INFO:colcon.colcon_ros.task.ament_python.build:Building ROS package in '/home/rosbot/ros2_ws/src/my_py_pkg' with build type 'ament_python'
[0.381s] Level 1:colcon.colcon_core.shell:create_environment_hook('my_py_pkg', 'ament_prefix_path')
[0.382s] INFO:colcon.colcon_core.shell:Creating environment hook '/home/rosbot/ros2_ws/install/my_py_pkg/share/my_py_pkg/hook/ament_prefix_path.ps1'
[0.383s] INFO:colcon.colcon_core.shell:Creating environment descriptor '/home/rosbot/ros2_ws/install/my_py_pkg/share/my_py_pkg/hook/ament_prefix_path.dsv'
[0.384s] INFO:colcon.colcon_core.shell:Creating environment hook '/home/rosbot/ros2_ws/install/my_py_pkg/share/my_py_pkg/hook/ament_prefix_path.sh'
[0.385s] INFO:colcon.colcon_core.shell:Skip shell extension 'powershell' for command environment: Not usable outside of PowerShell
[0.385s] DEBUG:colcon.colcon_core.shell:Skip shell extension 'dsv' for command environment
[0.400s] DEBUG:colcon.colcon_core.event_handler.log_command:Invoking command in '/home/rosbot/ros2_ws/build/custom_msgs': CMAKE_PREFIX_PATH=${CMAKE_PREFIX_PATH}:/home/rosbot/ros2_ws/install/my_py_pkg:/home/rosbot/ros2_ws/install/flight_controller_pkg:/home/rosbot/ros2_ws/install/flask_pkg:/home/rosbot/ros2_ws/install/estimator_pkg:/opt/ros/jazzy PS1=(venv) \[\e]0;\u@\h: \w\a\]${debian_chroot:+($debian_chroot)}\u@\h:\w\$ VIRTUAL_ENV_PROMPT=(venv) /usr/bin/cmake --build /home/rosbot/ros2_ws/build/custom_msgs -- -j4 -l4
[0.411s] DEBUG:colcon.colcon_core.event_handler.log_command:Invoking command in '/home/rosbot/ros2_ws/build/my_cpp_pkg': CMAKE_PREFIX_PATH=${CMAKE_PREFIX_PATH}:/home/rosbot/ros2_ws/install/my_py_pkg:/home/rosbot/ros2_ws/install/flight_controller_pkg:/home/rosbot/ros2_ws/install/flask_pkg:/home/rosbot/ros2_ws/install/estimator_pkg:/opt/ros/jazzy PS1=(venv) \[\e]0;\u@\h: \w\a\]${debian_chroot:+($debian_chroot)}\u@\h:\w\$ VIRTUAL_ENV_PROMPT=(venv) /usr/bin/cmake --build /home/rosbot/ros2_ws/build/my_cpp_pkg -- -j4 -l4
[0.921s] INFO:colcon.colcon_core.task.python.build:Building Python package in '/home/rosbot/ros2_ws/src/my_py_pkg'
[0.922s] INFO:colcon.colcon_core.shell:Skip shell extension 'powershell' for command environment: Not usable outside of PowerShell
[0.922s] DEBUG:colcon.colcon_core.shell:Skip shell extension 'dsv' for command environment
[0.931s] DEBUG:colcon.colcon_core.event_handler.log_command:Invoked command in '/home/rosbot/ros2_ws/build/my_cpp_pkg' returned '0': CMAKE_PREFIX_PATH=${CMAKE_PREFIX_PATH}:/home/rosbot/ros2_ws/install/my_py_pkg:/home/rosbot/ros2_ws/install/flight_controller_pkg:/home/rosbot/ros2_ws/install/flask_pkg:/home/rosbot/ros2_ws/install/estimator_pkg:/opt/ros/jazzy PS1=(venv) \[\e]0;\u@\h: \w\a\]${debian_chroot:+($debian_chroot)}\u@\h:\w\$ VIRTUAL_ENV_PROMPT=(venv) /usr/bin/cmake --build /home/rosbot/ros2_ws/build/my_cpp_pkg -- -j4 -l4
[0.968s] DEBUG:colcon.colcon_core.event_handler.log_command:Invoking command in '/home/rosbot/ros2_ws/build/my_cpp_pkg': CMAKE_PREFIX_PATH=${CMAKE_PREFIX_PATH}:/home/rosbot/ros2_ws/install/my_py_pkg:/home/rosbot/ros2_ws/install/flight_controller_pkg:/home/rosbot/ros2_ws/install/flask_pkg:/home/rosbot/ros2_ws/install/estimator_pkg:/opt/ros/jazzy PS1=(venv) \[\e]0;\u@\h: \w\a\]${debian_chroot:+($debian_chroot)}\u@\h:\w\$ VIRTUAL_ENV_PROMPT=(venv) /usr/bin/cmake --install /home/rosbot/ros2_ws/build/my_cpp_pkg
[0.999s] Level 1:colcon.colcon_core.environment:create_environment_scripts_only(my_cpp_pkg)
[1.002s] DEBUG:colcon.colcon_core.event_handler.log_command:Invoked command in '/home/rosbot/ros2_ws/build/my_cpp_pkg' returned '0': CMAKE_PREFIX_PATH=${CMAKE_PREFIX_PATH}:/home/rosbot/ros2_ws/install/my_py_pkg:/home/rosbot/ros2_ws/install/flight_controller_pkg:/home/rosbot/ros2_ws/install/flask_pkg:/home/rosbot/ros2_ws/install/estimator_pkg:/opt/ros/jazzy PS1=(venv) \[\e]0;\u@\h: \w\a\]${debian_chroot:+($debian_chroot)}\u@\h:\w\$ VIRTUAL_ENV_PROMPT=(venv) /usr/bin/cmake --install /home/rosbot/ros2_ws/build/my_cpp_pkg
[1.005s] Level 1:colcon.colcon_core.environment:checking '/home/rosbot/ros2_ws/install/my_cpp_pkg' for CMake module files
[1.006s] Level 1:colcon.colcon_core.environment:checking '/home/rosbot/ros2_ws/install/my_cpp_pkg' for CMake config files
[1.008s] Level 1:colcon.colcon_core.shell:create_environment_hook('my_cpp_pkg', 'cmake_prefix_path')
[1.009s] INFO:colcon.colcon_core.shell:Creating environment hook '/home/rosbot/ros2_ws/install/my_cpp_pkg/share/my_cpp_pkg/hook/cmake_prefix_path.ps1'
[1.010s] INFO:colcon.colcon_core.shell:Creating environment descriptor '/home/rosbot/ros2_ws/install/my_cpp_pkg/share/my_cpp_pkg/hook/cmake_prefix_path.dsv'
[1.012s] INFO:colcon.colcon_core.shell:Creating environment hook '/home/rosbot/ros2_ws/install/my_cpp_pkg/share/my_cpp_pkg/hook/cmake_prefix_path.sh'
[1.017s] Level 1:colcon.colcon_core.environment:checking '/home/rosbot/ros2_ws/install/my_cpp_pkg/lib'
[1.017s] Level 1:colcon.colcon_core.environment:checking '/home/rosbot/ros2_ws/install/my_cpp_pkg/bin'
[1.017s] Level 1:colcon.colcon_core.environment:checking '/home/rosbot/ros2_ws/install/my_cpp_pkg/lib/pkgconfig/my_cpp_pkg.pc'
[1.018s] Level 1:colcon.colcon_core.environment:checking '/home/rosbot/ros2_ws/install/my_cpp_pkg/lib/python3.12/site-packages'
[1.018s] Level 1:colcon.colcon_core.environment:checking '/home/rosbot/ros2_ws/install/my_cpp_pkg/bin'
[1.019s] INFO:colcon.colcon_core.shell:Creating package script '/home/rosbot/ros2_ws/install/my_cpp_pkg/share/my_cpp_pkg/package.ps1'
[1.020s] INFO:colcon.colcon_core.shell:Creating package descriptor '/home/rosbot/ros2_ws/install/my_cpp_pkg/share/my_cpp_pkg/package.dsv'
[1.021s] INFO:colcon.colcon_core.shell:Creating package script '/home/rosbot/ros2_ws/install/my_cpp_pkg/share/my_cpp_pkg/package.sh'
[1.023s] INFO:colcon.colcon_core.shell:Creating package script '/home/rosbot/ros2_ws/install/my_cpp_pkg/share/my_cpp_pkg/package.bash'
[1.024s] INFO:colcon.colcon_core.shell:Creating package script '/home/rosbot/ros2_ws/install/my_cpp_pkg/share/my_cpp_pkg/package.zsh'
[1.025s] Level 1:colcon.colcon_core.environment:create_file_with_runtime_dependencies(/home/rosbot/ros2_ws/install/my_cpp_pkg/share/colcon-core/packages/my_cpp_pkg)
[1.027s] Level 1:colcon.colcon_core.environment:create_environment_scripts_only(my_cpp_pkg)
[1.027s] Level 1:colcon.colcon_core.environment:checking '/home/rosbot/ros2_ws/install/my_cpp_pkg' for CMake module files
[1.028s] Level 1:colcon.colcon_core.environment:checking '/home/rosbot/ros2_ws/install/my_cpp_pkg' for CMake config files
[1.028s] Level 1:colcon.colcon_core.shell:create_environment_hook('my_cpp_pkg', 'cmake_prefix_path')
[1.029s] INFO:colcon.colcon_core.shell:Creating environment hook '/home/rosbot/ros2_ws/install/my_cpp_pkg/share/my_cpp_pkg/hook/cmake_prefix_path.ps1'
[1.030s] INFO:colcon.colcon_core.shell:Creating environment descriptor '/home/rosbot/ros2_ws/install/my_cpp_pkg/share/my_cpp_pkg/hook/cmake_prefix_path.dsv'
[1.030s] INFO:colcon.colcon_core.shell:Creating environment hook '/home/rosbot/ros2_ws/install/my_cpp_pkg/share/my_cpp_pkg/hook/cmake_prefix_path.sh'
[1.031s] Level 1:colcon.colcon_core.environment:checking '/home/rosbot/ros2_ws/install/my_cpp_pkg/lib'
[1.032s] Level 1:colcon.colcon_core.environment:checking '/home/rosbot/ros2_ws/install/my_cpp_pkg/bin'
[1.032s] Level 1:colcon.colcon_core.environment:checking '/home/rosbot/ros2_ws/install/my_cpp_pkg/lib/pkgconfig/my_cpp_pkg.pc'
[1.032s] Level 1:colcon.colcon_core.environment:checking '/home/rosbot/ros2_ws/install/my_cpp_pkg/lib/python3.12/site-packages'
[1.032s] Level 1:colcon.colcon_core.environment:checking '/home/rosbot/ros2_ws/install/my_cpp_pkg/bin'
[1.033s] INFO:colcon.colcon_core.shell:Creating package script '/home/rosbot/ros2_ws/install/my_cpp_pkg/share/my_cpp_pkg/package.ps1'
[1.035s] INFO:colcon.colcon_core.shell:Creating package descriptor '/home/rosbot/ros2_ws/install/my_cpp_pkg/share/my_cpp_pkg/package.dsv'
[1.037s] INFO:colcon.colcon_core.shell:Creating package script '/home/rosbot/ros2_ws/install/my_cpp_pkg/share/my_cpp_pkg/package.sh'
[1.038s] INFO:colcon.colcon_core.shell:Creating package script '/home/rosbot/ros2_ws/install/my_cpp_pkg/share/my_cpp_pkg/package.bash'
[1.039s] INFO:colcon.colcon_core.shell:Creating package script '/home/rosbot/ros2_ws/install/my_cpp_pkg/share/my_cpp_pkg/package.zsh'
[1.042s] Level 1:colcon.colcon_core.environment:create_file_with_runtime_dependencies(/home/rosbot/ros2_ws/install/my_cpp_pkg/share/colcon-core/packages/my_cpp_pkg)
[1.420s] DEBUG:colcon.colcon_core.event_handler.log_command:Invoked command in '/home/rosbot/ros2_ws/build/custom_msgs' returned '0': CMAKE_PREFIX_PATH=${CMAKE_PREFIX_PATH}:/home/rosbot/ros2_ws/install/my_py_pkg:/home/rosbot/ros2_ws/install/flight_controller_pkg:/home/rosbot/ros2_ws/install/flask_pkg:/home/rosbot/ros2_ws/install/estimator_pkg:/opt/ros/jazzy PS1=(venv) \[\e]0;\u@\h: \w\a\]${debian_chroot:+($debian_chroot)}\u@\h:\w\$ VIRTUAL_ENV_PROMPT=(venv) /usr/bin/cmake --build /home/rosbot/ros2_ws/build/custom_msgs -- -j4 -l4
[1.425s] DEBUG:colcon.colcon_core.event_handler.log_command:Invoking command in '/home/rosbot/ros2_ws/build/custom_msgs': CMAKE_PREFIX_PATH=${CMAKE_PREFIX_PATH}:/home/rosbot/ros2_ws/install/my_py_pkg:/home/rosbot/ros2_ws/install/flight_controller_pkg:/home/rosbot/ros2_ws/install/flask_pkg:/home/rosbot/ros2_ws/install/estimator_pkg:/opt/ros/jazzy PS1=(venv) \[\e]0;\u@\h: \w\a\]${debian_chroot:+($debian_chroot)}\u@\h:\w\$ VIRTUAL_ENV_PROMPT=(venv) /usr/bin/cmake --install /home/rosbot/ros2_ws/build/custom_msgs
[1.581s] Level 1:colcon.colcon_core.environment:create_environment_scripts_only(custom_msgs)
[1.581s] Level 1:colcon.colcon_core.environment:checking '/home/rosbot/ros2_ws/install/custom_msgs' for CMake module files
[1.582s] Level 1:colcon.colcon_core.environment:checking '/home/rosbot/ros2_ws/install/custom_msgs' for CMake config files
[1.583s] Level 1:colcon.colcon_core.shell:create_environment_hook('custom_msgs', 'cmake_prefix_path')
[1.583s] INFO:colcon.colcon_core.shell:Creating environment hook '/home/rosbot/ros2_ws/install/custom_msgs/share/custom_msgs/hook/cmake_prefix_path.ps1'
[1.584s] INFO:colcon.colcon_core.shell:Creating environment descriptor '/home/rosbot/ros2_ws/install/custom_msgs/share/custom_msgs/hook/cmake_prefix_path.dsv'
[1.584s] DEBUG:colcon.colcon_core.event_handler.log_command:Invoked command in '/home/rosbot/ros2_ws/build/custom_msgs' returned '0': CMAKE_PREFIX_PATH=${CMAKE_PREFIX_PATH}:/home/rosbot/ros2_ws/install/my_py_pkg:/home/rosbot/ros2_ws/install/flight_controller_pkg:/home/rosbot/ros2_ws/install/flask_pkg:/home/rosbot/ros2_ws/install/estimator_pkg:/opt/ros/jazzy PS1=(venv) \[\e]0;\u@\h: \w\a\]${debian_chroot:+($debian_chroot)}\u@\h:\w\$ VIRTUAL_ENV_PROMPT=(venv) /usr/bin/cmake --install /home/rosbot/ros2_ws/build/custom_msgs
[1.585s] INFO:colcon.colcon_core.shell:Creating environment hook '/home/rosbot/ros2_ws/install/custom_msgs/share/custom_msgs/hook/cmake_prefix_path.sh'
[1.586s] Level 1:colcon.colcon_core.environment:checking '/home/rosbot/ros2_ws/install/custom_msgs/lib'
[1.586s] Level 1:colcon.colcon_core.shell:create_environment_hook('custom_msgs', 'ld_library_path_lib')
[1.587s] INFO:colcon.colcon_core.shell:Creating environment hook '/home/rosbot/ros2_ws/install/custom_msgs/share/custom_msgs/hook/ld_library_path_lib.ps1'
[1.588s] INFO:colcon.colcon_core.shell:Creating environment descriptor '/home/rosbot/ros2_ws/install/custom_msgs/share/custom_msgs/hook/ld_library_path_lib.dsv'
[1.589s] INFO:colcon.colcon_core.shell:Creating environment hook '/home/rosbot/ros2_ws/install/custom_msgs/share/custom_msgs/hook/ld_library_path_lib.sh'
[1.590s] Level 1:colcon.colcon_core.environment:checking '/home/rosbot/ros2_ws/install/custom_msgs/bin'
[1.590s] Level 1:colcon.colcon_core.environment:checking '/home/rosbot/ros2_ws/install/custom_msgs/lib/pkgconfig/custom_msgs.pc'
[1.590s] Level 1:colcon.colcon_core.environment:checking '/home/rosbot/ros2_ws/install/custom_msgs/lib/python3.12/site-packages'
[1.591s] Level 1:colcon.colcon_core.shell:create_environment_hook('custom_msgs', 'pythonpath')
[1.591s] INFO:colcon.colcon_core.shell:Creating environment hook '/home/rosbot/ros2_ws/install/custom_msgs/share/custom_msgs/hook/pythonpath.ps1'
[1.592s] INFO:colcon.colcon_core.shell:Creating environment descriptor '/home/rosbot/ros2_ws/install/custom_msgs/share/custom_msgs/hook/pythonpath.dsv'
[1.593s] INFO:colcon.colcon_core.shell:Creating environment hook '/home/rosbot/ros2_ws/install/custom_msgs/share/custom_msgs/hook/pythonpath.sh'
[1.594s] Level 1:colcon.colcon_core.environment:checking '/home/rosbot/ros2_ws/install/custom_msgs/bin'
[1.595s] INFO:colcon.colcon_core.shell:Creating package script '/home/rosbot/ros2_ws/install/custom_msgs/share/custom_msgs/package.ps1'
[1.595s] INFO:colcon.colcon_core.shell:Creating package descriptor '/home/rosbot/ros2_ws/install/custom_msgs/share/custom_msgs/package.dsv'
[1.599s] INFO:colcon.colcon_core.shell:Creating package script '/home/rosbot/ros2_ws/install/custom_msgs/share/custom_msgs/package.sh'
[1.600s] INFO:colcon.colcon_core.shell:Creating package script '/home/rosbot/ros2_ws/install/custom_msgs/share/custom_msgs/package.bash'
[1.601s] INFO:colcon.colcon_core.shell:Creating package script '/home/rosbot/ros2_ws/install/custom_msgs/share/custom_msgs/package.zsh'
[1.602s] Level 1:colcon.colcon_core.environment:create_file_with_runtime_dependencies(/home/rosbot/ros2_ws/install/custom_msgs/share/colcon-core/packages/custom_msgs)
[1.604s] Level 1:colcon.colcon_core.environment:create_environment_scripts_only(custom_msgs)
[1.604s] Level 1:colcon.colcon_core.environment:checking '/home/rosbot/ros2_ws/install/custom_msgs' for CMake module files
[1.605s] Level 1:colcon.colcon_core.environment:checking '/home/rosbot/ros2_ws/install/custom_msgs' for CMake config files
[1.606s] Level 1:colcon.colcon_core.shell:create_environment_hook('custom_msgs', 'cmake_prefix_path')
[1.606s] INFO:colcon.colcon_core.shell:Creating environment hook '/home/rosbot/ros2_ws/install/custom_msgs/share/custom_msgs/hook/cmake_prefix_path.ps1'
[1.607s] INFO:colcon.colcon_core.shell:Creating environment descriptor '/home/rosbot/ros2_ws/install/custom_msgs/share/custom_msgs/hook/cmake_prefix_path.dsv'
[1.608s] INFO:colcon.colcon_core.shell:Creating environment hook '/home/rosbot/ros2_ws/install/custom_msgs/share/custom_msgs/hook/cmake_prefix_path.sh'
[1.609s] Level 1:colcon.colcon_core.environment:checking '/home/rosbot/ros2_ws/install/custom_msgs/lib'
[1.609s] Level 1:colcon.colcon_core.shell:create_environment_hook('custom_msgs', 'ld_library_path_lib')
[1.610s] INFO:colcon.colcon_core.shell:Creating environment hook '/home/rosbot/ros2_ws/install/custom_msgs/share/custom_msgs/hook/ld_library_path_lib.ps1'
[1.610s] INFO:colcon.colcon_core.shell:Creating environment descriptor '/home/rosbot/ros2_ws/install/custom_msgs/share/custom_msgs/hook/ld_library_path_lib.dsv'
[1.611s] INFO:colcon.colcon_core.shell:Creating environment hook '/home/rosbot/ros2_ws/install/custom_msgs/share/custom_msgs/hook/ld_library_path_lib.sh'
[1.613s] Level 1:colcon.colcon_core.environment:checking '/home/rosbot/ros2_ws/install/custom_msgs/bin'
[1.613s] Level 1:colcon.colcon_core.environment:checking '/home/rosbot/ros2_ws/install/custom_msgs/lib/pkgconfig/custom_msgs.pc'
[1.613s] Level 1:colcon.colcon_core.environment:checking '/home/rosbot/ros2_ws/install/custom_msgs/lib/python3.12/site-packages'
[1.613s] Level 1:colcon.colcon_core.shell:create_environment_hook('custom_msgs', 'pythonpath')
[1.614s] INFO:colcon.colcon_core.shell:Creating environment hook '/home/rosbot/ros2_ws/install/custom_msgs/share/custom_msgs/hook/pythonpath.ps1'
[1.614s] INFO:colcon.colcon_core.shell:Creating environment descriptor '/home/rosbot/ros2_ws/install/custom_msgs/share/custom_msgs/hook/pythonpath.dsv'
[1.615s] INFO:colcon.colcon_core.shell:Creating environment hook '/home/rosbot/ros2_ws/install/custom_msgs/share/custom_msgs/hook/pythonpath.sh'
[1.617s] Level 1:colcon.colcon_core.environment:checking '/home/rosbot/ros2_ws/install/custom_msgs/bin'
[1.617s] INFO:colcon.colcon_core.shell:Creating package script '/home/rosbot/ros2_ws/install/custom_msgs/share/custom_msgs/package.ps1'
[1.618s] INFO:colcon.colcon_core.shell:Creating package descriptor '/home/rosbot/ros2_ws/install/custom_msgs/share/custom_msgs/package.dsv'
[1.619s] INFO:colcon.colcon_core.shell:Creating package script '/home/rosbot/ros2_ws/install/custom_msgs/share/custom_msgs/package.sh'
[1.620s] INFO:colcon.colcon_core.shell:Creating package script '/home/rosbot/ros2_ws/install/custom_msgs/share/custom_msgs/package.bash'
[1.621s] INFO:colcon.colcon_core.shell:Creating package script '/home/rosbot/ros2_ws/install/custom_msgs/share/custom_msgs/package.zsh'
[1.622s] Level 1:colcon.colcon_core.environment:create_file_with_runtime_dependencies(/home/rosbot/ros2_ws/install/custom_msgs/share/colcon-core/packages/custom_msgs)
[1.624s] INFO:colcon.colcon_ros.task.ament_python.build:Building ROS package in '/home/rosbot/ros2_ws/src/estimator_pkg' with build type 'ament_python'
[1.624s] Level 1:colcon.colcon_core.shell:create_environment_hook('estimator_pkg', 'ament_prefix_path')
[1.624s] INFO:colcon.colcon_core.shell:Creating environment hook '/home/rosbot/ros2_ws/install/estimator_pkg/share/estimator_pkg/hook/ament_prefix_path.ps1'
[1.625s] INFO:colcon.colcon_core.shell:Creating environment descriptor '/home/rosbot/ros2_ws/install/estimator_pkg/share/estimator_pkg/hook/ament_prefix_path.dsv'
[1.626s] INFO:colcon.colcon_core.shell:Creating environment hook '/home/rosbot/ros2_ws/install/estimator_pkg/share/estimator_pkg/hook/ament_prefix_path.sh'
[1.627s] INFO:colcon.colcon_core.shell:Skip shell extension 'powershell' for command environment: Not usable outside of PowerShell
[1.627s] DEBUG:colcon.colcon_core.shell:Skip shell extension 'dsv' for command environment
[1.632s] INFO:colcon.colcon_ros.task.ament_python.build:Building ROS package in '/home/rosbot/ros2_ws/src/flask_pkg' with build type 'ament_python'
[1.632s] Level 1:colcon.colcon_core.shell:create_environment_hook('flask_pkg', 'ament_prefix_path')
[1.633s] INFO:colcon.colcon_core.shell:Creating environment hook '/home/rosbot/ros2_ws/install/flask_pkg/share/flask_pkg/hook/ament_prefix_path.ps1'
[1.634s] INFO:colcon.colcon_core.shell:Creating environment descriptor '/home/rosbot/ros2_ws/install/flask_pkg/share/flask_pkg/hook/ament_prefix_path.dsv'
[1.635s] INFO:colcon.colcon_core.shell:Creating environment hook '/home/rosbot/ros2_ws/install/flask_pkg/share/flask_pkg/hook/ament_prefix_path.sh'
[1.636s] INFO:colcon.colcon_core.shell:Skip shell extension 'powershell' for command environment: Not usable outside of PowerShell
[1.636s] DEBUG:colcon.colcon_core.shell:Skip shell extension 'dsv' for command environment
[1.642s] INFO:colcon.colcon_ros.task.ament_python.build:Building ROS package in '/home/rosbot/ros2_ws/src/flight_controller_pkg' with build type 'ament_python'
[1.642s] Level 1:colcon.colcon_core.shell:create_environment_hook('flight_controller_pkg', 'ament_prefix_path')
[1.643s] INFO:colcon.colcon_core.shell:Creating environment hook '/home/rosbot/ros2_ws/install/flight_controller_pkg/share/flight_controller_pkg/hook/ament_prefix_path.ps1'
[1.643s] INFO:colcon.colcon_core.shell:Creating environment descriptor '/home/rosbot/ros2_ws/install/flight_controller_pkg/share/flight_controller_pkg/hook/ament_prefix_path.dsv'
[1.644s] INFO:colcon.colcon_core.shell:Creating environment hook '/home/rosbot/ros2_ws/install/flight_controller_pkg/share/flight_controller_pkg/hook/ament_prefix_path.sh'
[1.646s] INFO:colcon.colcon_core.shell:Skip shell extension 'powershell' for command environment: Not usable outside of PowerShell
[1.646s] DEBUG:colcon.colcon_core.shell:Skip shell extension 'dsv' for command environment
[2.023s] INFO:colcon.colcon_core.task.python.build:Building Python package in '/home/rosbot/ros2_ws/src/estimator_pkg'
[2.023s] INFO:colcon.colcon_core.shell:Skip shell extension 'powershell' for command environment: Not usable outside of PowerShell
[2.023s] DEBUG:colcon.colcon_core.shell:Skip shell extension 'dsv' for command environment
[2.359s] INFO:colcon.colcon_core.task.python.build:Building Python package in '/home/rosbot/ros2_ws/src/flask_pkg'
[2.359s] INFO:colcon.colcon_core.shell:Skip shell extension 'powershell' for command environment: Not usable outside of PowerShell
[2.359s] DEBUG:colcon.colcon_core.shell:Skip shell extension 'dsv' for command environment
[2.697s] INFO:colcon.colcon_core.task.python.build:Building Python package in '/home/rosbot/ros2_ws/src/flight_controller_pkg'
[2.697s] INFO:colcon.colcon_core.shell:Skip shell extension 'powershell' for command environment: Not usable outside of PowerShell
[2.697s] DEBUG:colcon.colcon_core.shell:Skip shell extension 'dsv' for command environment
[2.705s] DEBUG:colcon.colcon_core.event_handler.log_command:Invoking command in '/home/rosbot/ros2_ws/src/my_py_pkg': PS1=(venv) \[\e]0;\u@\h: \w\a\]${debian_chroot:+($debian_chroot)}\u@\h:\w\$ PYTHONPATH=/home/rosbot/ros2_ws/build/my_py_pkg/prefix_override:/usr/lib/python3/dist-packages/colcon_core/task/python/colcon_distutils_commands:/home/rosbot/ros2_ws/install/my_py_pkg/lib/python3.12/site-packages:${PYTHONPATH} VIRTUAL_ENV_PROMPT=(venv) /usr/bin/python3 -W ignore:setup.py install is deprecated -W ignore:easy_install command is deprecated setup.py egg_info --egg-base ../../build/my_py_pkg build --build-base /home/rosbot/ros2_ws/build/my_py_pkg/build install --record /home/rosbot/ros2_ws/build/my_py_pkg/install.log --single-version-externally-managed install_data
[3.931s] Level 1:colcon.colcon_core.environment:checking '/home/rosbot/ros2_ws/install/my_py_pkg' for CMake module files
[3.932s] Level 1:colcon.colcon_core.environment:checking '/home/rosbot/ros2_ws/install/my_py_pkg' for CMake config files
[3.933s] Level 1:colcon.colcon_core.environment:checking '/home/rosbot/ros2_ws/install/my_py_pkg/lib'
[3.933s] Level 1:colcon.colcon_core.environment:checking '/home/rosbot/ros2_ws/install/my_py_pkg/bin'
[3.934s] Level 1:colcon.colcon_core.environment:checking '/home/rosbot/ros2_ws/install/my_py_pkg/lib/pkgconfig/my_py_pkg.pc'
[3.934s] Level 1:colcon.colcon_core.environment:checking '/home/rosbot/ros2_ws/install/my_py_pkg/lib/python3.12/site-packages'
[3.935s] Level 1:colcon.colcon_core.shell:create_environment_hook('my_py_pkg', 'pythonpath')
[3.935s] INFO:colcon.colcon_core.shell:Creating environment hook '/home/rosbot/ros2_ws/install/my_py_pkg/share/my_py_pkg/hook/pythonpath.ps1'
[3.935s] DEBUG:colcon.colcon_core.event_handler.log_command:Invoked command in '/home/rosbot/ros2_ws/src/my_py_pkg' returned '0': PS1=(venv) \[\e]0;\u@\h: \w\a\]${debian_chroot:+($debian_chroot)}\u@\h:\w\$ PYTHONPATH=/home/rosbot/ros2_ws/build/my_py_pkg/prefix_override:/usr/lib/python3/dist-packages/colcon_core/task/python/colcon_distutils_commands:/home/rosbot/ros2_ws/install/my_py_pkg/lib/python3.12/site-packages:${PYTHONPATH} VIRTUAL_ENV_PROMPT=(venv) /usr/bin/python3 -W ignore:setup.py install is deprecated -W ignore:easy_install command is deprecated setup.py egg_info --egg-base ../../build/my_py_pkg build --build-base /home/rosbot/ros2_ws/build/my_py_pkg/build install --record /home/rosbot/ros2_ws/build/my_py_pkg/install.log --single-version-externally-managed install_data
[3.997s] INFO:colcon.colcon_core.shell:Creating environment descriptor '/home/rosbot/ros2_ws/install/my_py_pkg/share/my_py_pkg/hook/pythonpath.dsv'
[3.999s] INFO:colcon.colcon_core.shell:Creating environment hook '/home/rosbot/ros2_ws/install/my_py_pkg/share/my_py_pkg/hook/pythonpath.sh'
[4.001s] Level 1:colcon.colcon_core.environment:checking '/home/rosbot/ros2_ws/install/my_py_pkg/bin'
[4.001s] Level 1:colcon.colcon_core.environment:create_environment_scripts_only(my_py_pkg)
[4.002s] INFO:colcon.colcon_core.shell:Creating package script '/home/rosbot/ros2_ws/install/my_py_pkg/share/my_py_pkg/package.ps1'
[4.003s] INFO:colcon.colcon_core.shell:Creating package descriptor '/home/rosbot/ros2_ws/install/my_py_pkg/share/my_py_pkg/package.dsv'
[4.004s] INFO:colcon.colcon_core.shell:Creating package script '/home/rosbot/ros2_ws/install/my_py_pkg/share/my_py_pkg/package.sh'
[4.007s] INFO:colcon.colcon_core.shell:Creating package script '/home/rosbot/ros2_ws/install/my_py_pkg/share/my_py_pkg/package.bash'
[4.008s] INFO:colcon.colcon_core.shell:Creating package script '/home/rosbot/ros2_ws/install/my_py_pkg/share/my_py_pkg/package.zsh'
[4.012s] Level 1:colcon.colcon_core.environment:create_file_with_runtime_dependencies(/home/rosbot/ros2_ws/install/my_py_pkg/share/colcon-core/packages/my_py_pkg)
[4.023s] DEBUG:colcon.colcon_core.event_handler.log_command:Invoking command in '/home/rosbot/ros2_ws/src/estimator_pkg': CMAKE_PREFIX_PATH=/home/rosbot/ros2_ws/install/custom_msgs:/home/rosbot/ros2_ws/install/my_cpp_pkg:/opt/ros/jazzy/opt/gz_math_vendor:/opt/ros/jazzy/opt/gz_utils_vendor:/opt/ros/jazzy/opt/gz_cmake_vendor PS1=(venv) \[\e]0;\u@\h: \w\a\]${debian_chroot:+($debian_chroot)}\u@\h:\w\$ PYTHONPATH=/home/rosbot/ros2_ws/build/estimator_pkg/prefix_override:/usr/lib/python3/dist-packages/colcon_core/task/python/colcon_distutils_commands:/home/rosbot/ros2_ws/install/estimator_pkg/lib/python3.12/site-packages:/home/rosbot/ros2_ws/install/custom_msgs/lib/python3.12/site-packages:/home/rosbot/ros2_ws/install/my_py_pkg/lib/python3.12/site-packages:/home/rosbot/ros2_ws/install/flight_controller_pkg/lib/python3.12/site-packages:/home/rosbot/ros2_ws/install/flask_pkg/lib/python3.12/site-packages:/home/rosbot/ros2_ws/install/estimator_pkg/lib/python3.12/site-packages:/opt/ros/jazzy/lib/python3.12/site-packages VIRTUAL_ENV_PROMPT=(venv) /usr/bin/python3 -W ignore:setup.py install is deprecated -W ignore:easy_install command is deprecated setup.py egg_info --egg-base ../../build/estimator_pkg build --build-base /home/rosbot/ros2_ws/build/estimator_pkg/build install --record /home/rosbot/ros2_ws/build/estimator_pkg/install.log --single-version-externally-managed install_data
[4.044s] DEBUG:colcon.colcon_core.event_handler.log_command:Invoking command in '/home/rosbot/ros2_ws/src/flask_pkg': CMAKE_PREFIX_PATH=/home/rosbot/ros2_ws/install/custom_msgs:/home/rosbot/ros2_ws/install/my_cpp_pkg:/opt/ros/jazzy/opt/gz_math_vendor:/opt/ros/jazzy/opt/gz_utils_vendor:/opt/ros/jazzy/opt/gz_cmake_vendor PS1=(venv) \[\e]0;\u@\h: \w\a\]${debian_chroot:+($debian_chroot)}\u@\h:\w\$ PYTHONPATH=/home/rosbot/ros2_ws/build/flask_pkg/prefix_override:/usr/lib/python3/dist-packages/colcon_core/task/python/colcon_distutils_commands:/home/rosbot/ros2_ws/install/flask_pkg/lib/python3.12/site-packages:/home/rosbot/ros2_ws/install/custom_msgs/lib/python3.12/site-packages:/home/rosbot/ros2_ws/install/my_py_pkg/lib/python3.12/site-packages:/home/rosbot/ros2_ws/install/flight_controller_pkg/lib/python3.12/site-packages:/home/rosbot/ros2_ws/install/flask_pkg/lib/python3.12/site-packages:/home/rosbot/ros2_ws/install/estimator_pkg/lib/python3.12/site-packages:/opt/ros/jazzy/lib/python3.12/site-packages VIRTUAL_ENV_PROMPT=(venv) /usr/bin/python3 -W ignore:setup.py install is deprecated -W ignore:easy_install command is deprecated setup.py egg_info --egg-base ../../build/flask_pkg build --build-base /home/rosbot/ros2_ws/build/flask_pkg/build install --record /home/rosbot/ros2_ws/build/flask_pkg/install.log --single-version-externally-managed install_data
[4.133s] DEBUG:colcon.colcon_core.event_handler.log_command:Invoking command in '/home/rosbot/ros2_ws/src/flight_controller_pkg': CMAKE_PREFIX_PATH=/home/rosbot/ros2_ws/install/custom_msgs:/home/rosbot/ros2_ws/install/my_cpp_pkg:/opt/ros/jazzy/opt/gz_math_vendor:/opt/ros/jazzy/opt/gz_utils_vendor:/opt/ros/jazzy/opt/gz_cmake_vendor PS1=(venv) \[\e]0;\u@\h: \w\a\]${debian_chroot:+($debian_chroot)}\u@\h:\w\$ PYTHONPATH=/home/rosbot/ros2_ws/build/flight_controller_pkg/prefix_override:/usr/lib/python3/dist-packages/colcon_core/task/python/colcon_distutils_commands:/home/rosbot/ros2_ws/install/flight_controller_pkg/lib/python3.12/site-packages:/home/rosbot/ros2_ws/install/custom_msgs/lib/python3.12/site-packages:/home/rosbot/ros2_ws/install/my_py_pkg/lib/python3.12/site-packages:/home/rosbot/ros2_ws/install/flight_controller_pkg/lib/python3.12/site-packages:/home/rosbot/ros2_ws/install/flask_pkg/lib/python3.12/site-packages:/home/rosbot/ros2_ws/install/estimator_pkg/lib/python3.12/site-packages:/opt/ros/jazzy/lib/python3.12/site-packages VIRTUAL_ENV_PROMPT=(venv) /usr/bin/python3 -W ignore:setup.py install is deprecated -W ignore:easy_install command is deprecated setup.py egg_info --egg-base ../../build/flight_controller_pkg build --build-base /home/rosbot/ros2_ws/build/flight_controller_pkg/build install --record /home/rosbot/ros2_ws/build/flight_controller_pkg/install.log --single-version-externally-managed install_data
[4.998s] Level 1:colcon.colcon_core.environment:checking '/home/rosbot/ros2_ws/install/estimator_pkg' for CMake module files
[4.998s] Level 1:colcon.colcon_core.environment:checking '/home/rosbot/ros2_ws/install/estimator_pkg' for CMake config files
[4.999s] Level 1:colcon.colcon_core.environment:checking '/home/rosbot/ros2_ws/install/estimator_pkg/lib'
[4.999s] Level 1:colcon.colcon_core.environment:checking '/home/rosbot/ros2_ws/install/estimator_pkg/bin'
[5.000s] Level 1:colcon.colcon_core.environment:checking '/home/rosbot/ros2_ws/install/estimator_pkg/lib/pkgconfig/estimator_pkg.pc'
[5.000s] Level 1:colcon.colcon_core.environment:checking '/home/rosbot/ros2_ws/install/estimator_pkg/lib/python3.12/site-packages'
[5.000s] DEBUG:colcon.colcon_core.event_handler.log_command:Invoked command in '/home/rosbot/ros2_ws/src/estimator_pkg' returned '0': CMAKE_PREFIX_PATH=/home/rosbot/ros2_ws/install/custom_msgs:/home/rosbot/ros2_ws/install/my_cpp_pkg:/opt/ros/jazzy/opt/gz_math_vendor:/opt/ros/jazzy/opt/gz_utils_vendor:/opt/ros/jazzy/opt/gz_cmake_vendor PS1=(venv) \[\e]0;\u@\h: \w\a\]${debian_chroot:+($debian_chroot)}\u@\h:\w\$ PYTHONPATH=/home/rosbot/ros2_ws/build/estimator_pkg/prefix_override:/usr/lib/python3/dist-packages/colcon_core/task/python/colcon_distutils_commands:/home/rosbot/ros2_ws/install/estimator_pkg/lib/python3.12/site-packages:/home/rosbot/ros2_ws/install/custom_msgs/lib/python3.12/site-packages:/home/rosbot/ros2_ws/install/my_py_pkg/lib/python3.12/site-packages:/home/rosbot/ros2_ws/install/flight_controller_pkg/lib/python3.12/site-packages:/home/rosbot/ros2_ws/install/flask_pkg/lib/python3.12/site-packages:/home/rosbot/ros2_ws/install/estimator_pkg/lib/python3.12/site-packages:/opt/ros/jazzy/lib/python3.12/site-packages VIRTUAL_ENV_PROMPT=(venv) /usr/bin/python3 -W ignore:setup.py install is deprecated -W ignore:easy_install command is deprecated setup.py egg_info --egg-base ../../build/estimator_pkg build --build-base /home/rosbot/ros2_ws/build/estimator_pkg/build install --record /home/rosbot/ros2_ws/build/estimator_pkg/install.log --single-version-externally-managed install_data
[5.001s] Level 1:colcon.colcon_core.shell:create_environment_hook('estimator_pkg', 'pythonpath')
[5.001s] INFO:colcon.colcon_core.shell:Creating environment hook '/home/rosbot/ros2_ws/install/estimator_pkg/share/estimator_pkg/hook/pythonpath.ps1'
[5.002s] INFO:colcon.colcon_core.shell:Creating environment descriptor '/home/rosbot/ros2_ws/install/estimator_pkg/share/estimator_pkg/hook/pythonpath.dsv'
[5.003s] INFO:colcon.colcon_core.shell:Creating environment hook '/home/rosbot/ros2_ws/install/estimator_pkg/share/estimator_pkg/hook/pythonpath.sh'
[5.005s] Level 1:colcon.colcon_core.environment:checking '/home/rosbot/ros2_ws/install/estimator_pkg/bin'
[5.005s] Level 1:colcon.colcon_core.environment:create_environment_scripts_only(estimator_pkg)
[5.006s] INFO:colcon.colcon_core.shell:Creating package script '/home/rosbot/ros2_ws/install/estimator_pkg/share/estimator_pkg/package.ps1'
[5.007s] INFO:colcon.colcon_core.shell:Creating package descriptor '/home/rosbot/ros2_ws/install/estimator_pkg/share/estimator_pkg/package.dsv'
[5.008s] INFO:colcon.colcon_core.shell:Creating package script '/home/rosbot/ros2_ws/install/estimator_pkg/share/estimator_pkg/package.sh'
[5.009s] INFO:colcon.colcon_core.shell:Creating package script '/home/rosbot/ros2_ws/install/estimator_pkg/share/estimator_pkg/package.bash'
[5.010s] INFO:colcon.colcon_core.shell:Creating package script '/home/rosbot/ros2_ws/install/estimator_pkg/share/estimator_pkg/package.zsh'
[5.011s] Level 1:colcon.colcon_core.environment:create_file_with_runtime_dependencies(/home/rosbot/ros2_ws/install/estimator_pkg/share/colcon-core/packages/estimator_pkg)
[5.016s] Level 1:colcon.colcon_core.environment:checking '/home/rosbot/ros2_ws/install/flask_pkg' for CMake module files
[5.016s] DEBUG:colcon.colcon_core.event_handler.log_command:Invoked command in '/home/rosbot/ros2_ws/src/flask_pkg' returned '0': CMAKE_PREFIX_PATH=/home/rosbot/ros2_ws/install/custom_msgs:/home/rosbot/ros2_ws/install/my_cpp_pkg:/opt/ros/jazzy/opt/gz_math_vendor:/opt/ros/jazzy/opt/gz_utils_vendor:/opt/ros/jazzy/opt/gz_cmake_vendor PS1=(venv) \[\e]0;\u@\h: \w\a\]${debian_chroot:+($debian_chroot)}\u@\h:\w\$ PYTHONPATH=/home/rosbot/ros2_ws/build/flask_pkg/prefix_override:/usr/lib/python3/dist-packages/colcon_core/task/python/colcon_distutils_commands:/home/rosbot/ros2_ws/install/flask_pkg/lib/python3.12/site-packages:/home/rosbot/ros2_ws/install/custom_msgs/lib/python3.12/site-packages:/home/rosbot/ros2_ws/install/my_py_pkg/lib/python3.12/site-packages:/home/rosbot/ros2_ws/install/flight_controller_pkg/lib/python3.12/site-packages:/home/rosbot/ros2_ws/install/flask_pkg/lib/python3.12/site-packages:/home/rosbot/ros2_ws/install/estimator_pkg/lib/python3.12/site-packages:/opt/ros/jazzy/lib/python3.12/site-packages VIRTUAL_ENV_PROMPT=(venv) /usr/bin/python3 -W ignore:setup.py install is deprecated -W ignore:easy_install command is deprecated setup.py egg_info --egg-base ../../build/flask_pkg build --build-base /home/rosbot/ros2_ws/build/flask_pkg/build install --record /home/rosbot/ros2_ws/build/flask_pkg/install.log --single-version-externally-managed install_data
[5.017s] Level 1:colcon.colcon_core.environment:checking '/home/rosbot/ros2_ws/install/flask_pkg' for CMake config files
[5.018s] Level 1:colcon.colcon_core.environment:checking '/home/rosbot/ros2_ws/install/flask_pkg/lib'
[5.018s] Level 1:colcon.colcon_core.environment:checking '/home/rosbot/ros2_ws/install/flask_pkg/bin'
[5.018s] Level 1:colcon.colcon_core.environment:checking '/home/rosbot/ros2_ws/install/flask_pkg/lib/pkgconfig/flask_pkg.pc'
[5.018s] Level 1:colcon.colcon_core.environment:checking '/home/rosbot/ros2_ws/install/flask_pkg/lib/python3.12/site-packages'
[5.018s] Level 1:colcon.colcon_core.shell:create_environment_hook('flask_pkg', 'pythonpath')
[5.019s] INFO:colcon.colcon_core.shell:Creating environment hook '/home/rosbot/ros2_ws/install/flask_pkg/share/flask_pkg/hook/pythonpath.ps1'
[5.020s] INFO:colcon.colcon_core.shell:Creating environment descriptor '/home/rosbot/ros2_ws/install/flask_pkg/share/flask_pkg/hook/pythonpath.dsv'
[5.020s] INFO:colcon.colcon_core.shell:Creating environment hook '/home/rosbot/ros2_ws/install/flask_pkg/share/flask_pkg/hook/pythonpath.sh'
[5.021s] Level 1:colcon.colcon_core.environment:checking '/home/rosbot/ros2_ws/install/flask_pkg/bin'
[5.021s] Level 1:colcon.colcon_core.environment:create_environment_scripts_only(flask_pkg)
[5.022s] INFO:colcon.colcon_core.shell:Creating package script '/home/rosbot/ros2_ws/install/flask_pkg/share/flask_pkg/package.ps1'
[5.022s] INFO:colcon.colcon_core.shell:Creating package descriptor '/home/rosbot/ros2_ws/install/flask_pkg/share/flask_pkg/package.dsv'
[5.023s] INFO:colcon.colcon_core.shell:Creating package script '/home/rosbot/ros2_ws/install/flask_pkg/share/flask_pkg/package.sh'
[5.023s] INFO:colcon.colcon_core.shell:Creating package script '/home/rosbot/ros2_ws/install/flask_pkg/share/flask_pkg/package.bash'
[5.024s] INFO:colcon.colcon_core.shell:Creating package script '/home/rosbot/ros2_ws/install/flask_pkg/share/flask_pkg/package.zsh'
[5.025s] Level 1:colcon.colcon_core.environment:create_file_with_runtime_dependencies(/home/rosbot/ros2_ws/install/flask_pkg/share/colcon-core/packages/flask_pkg)
[5.104s] Level 1:colcon.colcon_core.environment:checking '/home/rosbot/ros2_ws/install/flight_controller_pkg' for CMake module files
[5.104s] DEBUG:colcon.colcon_core.event_handler.log_command:Invoked command in '/home/rosbot/ros2_ws/src/flight_controller_pkg' returned '0': CMAKE_PREFIX_PATH=/home/rosbot/ros2_ws/install/custom_msgs:/home/rosbot/ros2_ws/install/my_cpp_pkg:/opt/ros/jazzy/opt/gz_math_vendor:/opt/ros/jazzy/opt/gz_utils_vendor:/opt/ros/jazzy/opt/gz_cmake_vendor PS1=(venv) \[\e]0;\u@\h: \w\a\]${debian_chroot:+($debian_chroot)}\u@\h:\w\$ PYTHONPATH=/home/rosbot/ros2_ws/build/flight_controller_pkg/prefix_override:/usr/lib/python3/dist-packages/colcon_core/task/python/colcon_distutils_commands:/home/rosbot/ros2_ws/install/flight_controller_pkg/lib/python3.12/site-packages:/home/rosbot/ros2_ws/install/custom_msgs/lib/python3.12/site-packages:/home/rosbot/ros2_ws/install/my_py_pkg/lib/python3.12/site-packages:/home/rosbot/ros2_ws/install/flight_controller_pkg/lib/python3.12/site-packages:/home/rosbot/ros2_ws/install/flask_pkg/lib/python3.12/site-packages:/home/rosbot/ros2_ws/install/estimator_pkg/lib/python3.12/site-packages:/opt/ros/jazzy/lib/python3.12/site-packages VIRTUAL_ENV_PROMPT=(venv) /usr/bin/python3 -W ignore:setup.py install is deprecated -W ignore:easy_install command is deprecated setup.py egg_info --egg-base ../../build/flight_controller_pkg build --build-base /home/rosbot/ros2_ws/build/flight_controller_pkg/build install --record /home/rosbot/ros2_ws/build/flight_controller_pkg/install.log --single-version-externally-managed install_data
[5.105s] Level 1:colcon.colcon_core.environment:checking '/home/rosbot/ros2_ws/install/flight_controller_pkg' for CMake config files
[5.106s] Level 1:colcon.colcon_core.environment:checking '/home/rosbot/ros2_ws/install/flight_controller_pkg/lib'
[5.106s] Level 1:colcon.colcon_core.environment:checking '/home/rosbot/ros2_ws/install/flight_controller_pkg/bin'
[5.106s] Level 1:colcon.colcon_core.environment:checking '/home/rosbot/ros2_ws/install/flight_controller_pkg/lib/pkgconfig/flight_controller_pkg.pc'
[5.106s] Level 1:colcon.colcon_core.environment:checking '/home/rosbot/ros2_ws/install/flight_controller_pkg/lib/python3.12/site-packages'
[5.106s] Level 1:colcon.colcon_core.shell:create_environment_hook('flight_controller_pkg', 'pythonpath')
[5.107s] INFO:colcon.colcon_core.shell:Creating environment hook '/home/rosbot/ros2_ws/install/flight_controller_pkg/share/flight_controller_pkg/hook/pythonpath.ps1'
[5.107s] INFO:colcon.colcon_core.shell:Creating environment descriptor '/home/rosbot/ros2_ws/install/flight_controller_pkg/share/flight_controller_pkg/hook/pythonpath.dsv'
[5.109s] INFO:colcon.colcon_core.shell:Creating environment hook '/home/rosbot/ros2_ws/install/flight_controller_pkg/share/flight_controller_pkg/hook/pythonpath.sh'
[5.110s] Level 1:colcon.colcon_core.environment:checking '/home/rosbot/ros2_ws/install/flight_controller_pkg/bin'
[5.110s] Level 1:colcon.colcon_core.environment:create_environment_scripts_only(flight_controller_pkg)
[5.110s] INFO:colcon.colcon_core.shell:Creating package script '/home/rosbot/ros2_ws/install/flight_controller_pkg/share/flight_controller_pkg/package.ps1'
[5.111s] INFO:colcon.colcon_core.shell:Creating package descriptor '/home/rosbot/ros2_ws/install/flight_controller_pkg/share/flight_controller_pkg/package.dsv'
[5.112s] INFO:colcon.colcon_core.shell:Creating package script '/home/rosbot/ros2_ws/install/flight_controller_pkg/share/flight_controller_pkg/package.sh'
[5.114s] INFO:colcon.colcon_core.shell:Creating package script '/home/rosbot/ros2_ws/install/flight_controller_pkg/share/flight_controller_pkg/package.bash'
[5.115s] INFO:colcon.colcon_core.shell:Creating package script '/home/rosbot/ros2_ws/install/flight_controller_pkg/share/flight_controller_pkg/package.zsh'
[5.116s] Level 1:colcon.colcon_core.environment:create_file_with_runtime_dependencies(/home/rosbot/ros2_ws/install/flight_controller_pkg/share/colcon-core/packages/flight_controller_pkg)
[5.117s] DEBUG:colcon.colcon_parallel_executor.executor.parallel:closing loop
[5.118s] DEBUG:colcon.colcon_parallel_executor.executor.parallel:loop closed
[5.118s] DEBUG:colcon.colcon_parallel_executor.executor.parallel:run_until_complete finished with '0'
[5.118s] DEBUG:colcon.colcon_core.event_reactor:joining thread
[5.129s] INFO:colcon.colcon_core.plugin_system:Skipping extension 'colcon_notification.desktop_notification.notify_send': Could not find 'notify-send'
[5.129s] INFO:colcon.colcon_core.plugin_system:Skipping extension 'colcon_notification.desktop_notification.terminal_notifier': Not used on non-Darwin systems
[5.129s] INFO:colcon.colcon_core.plugin_system:Skipping extension 'colcon_notification.desktop_notification.win32': Not used on non-Windows systems
[5.129s] INFO:colcon.colcon_notification.desktop_notification:Sending desktop notification using 'notify2'
[5.131s] DEBUG:colcon.colcon_notification.desktop_notification.notify2:Failed to initialize notify2: org.freedesktop.DBus.Error.ServiceUnknown: The name org.freedesktop.Notifications was not provided by any .service files
[5.131s] DEBUG:colcon.colcon_core.event_reactor:joined thread
[5.131s] INFO:colcon.colcon_core.shell:Creating prefix script '/home/rosbot/ros2_ws/install/local_setup.ps1'
[5.132s] INFO:colcon.colcon_core.shell:Creating prefix util module '/home/rosbot/ros2_ws/install/_local_setup_util_ps1.py'
[5.134s] INFO:colcon.colcon_core.shell:Creating prefix chain script '/home/rosbot/ros2_ws/install/setup.ps1'
[5.136s] INFO:colcon.colcon_core.shell:Creating prefix script '/home/rosbot/ros2_ws/install/local_setup.sh'
[5.137s] INFO:colcon.colcon_core.shell:Creating prefix util module '/home/rosbot/ros2_ws/install/_local_setup_util_sh.py'
[5.138s] INFO:colcon.colcon_core.shell:Creating prefix chain script '/home/rosbot/ros2_ws/install/setup.sh'
[5.139s] INFO:colcon.colcon_core.shell:Creating prefix script '/home/rosbot/ros2_ws/install/local_setup.bash'
[5.141s] INFO:colcon.colcon_core.shell:Creating prefix chain script '/home/rosbot/ros2_ws/install/setup.bash'
[5.142s] INFO:colcon.colcon_core.shell:Creating prefix script '/home/rosbot/ros2_ws/install/local_setup.zsh'
[5.143s] INFO:colcon.colcon_core.shell:Creating prefix chain script '/home/rosbot/ros2_ws/install/setup.zsh'
