-- The C compiler identification is GNU 13.3.0
-- The CXX compiler identification is GNU 13.3.0
-- Detecting C compiler ABI info
-- Detecting C compiler ABI info - done
-- Check for working C compiler: /usr/bin/cc - skipped
-- Detecting C compile features
-- Detecting C compile features - done
-- Detecting CXX compiler ABI info
-- Detecting CXX compiler ABI info - done
-- Check for working CXX compiler: /usr/bin/c++ - skipped
-- Detecting CXX compile features
-- Detecting CXX compile features - done
-- Found ament_cmake: 2.5.3 (/opt/ros/jazzy/share/ament_cmake/cmake)
-- Found Python3: /home/rosbot/ros2_ws/venv/bin/python3 (found version "3.12.3") found components: Interpreter 
-- Found rosidl_default_generators: 1.6.0 (/opt/ros/jazzy/share/rosidl_default_generators/cmake)
-- Using all available rosidl_typesupport_c: rosidl_typesupport_fastrtps_c;rosidl_typesupport_introspection_c
-- Using all available rosidl_typesupport_cpp: rosidl_typesupport_fastrtps_cpp;rosidl_typesupport_introspection_cpp
-- Found rosidl_adapter: 4.6.5 (/opt/ros/jazzy/share/rosidl_adapter/cmake)
-- Found ament_cmake_ros: 0.12.0 (/opt/ros/jazzy/share/ament_cmake_ros/cmake)
-- Using all available rosidl_typesupport_c: rosidl_typesupport_fastrtps_c;rosidl_typesupport_introspection_c
-- Using all available rosidl_typesupport_cpp: rosidl_typesupport_fastrtps_cpp;rosidl_typesupport_introspection_cpp
-- Found python_cmake_module: 0.11.1 (/opt/ros/jazzy/share/python_cmake_module/cmake)
-- Found PythonExtra: /home/rosbot/ros2_ws/venv/bin/python3  
-- Found Python3: /home/rosbot/ros2_ws/venv/bin/python3 (found version "3.12.3") found components: Interpreter Development NumPy Development.Module Development.Embed 
-- Found ament_lint_auto: 0.17.1 (/opt/ros/jazzy/share/ament_lint_auto/cmake)
-- Added test 'lint_cmake' to check CMake code style
-- Added test 'xmllint' to check XML markup files
-- Configuring done (5.8s)
-- Generating done (0.0s)
-- Build files have been written to: /home/rosbot/ros2_ws/build/custom_msgs
[  1%] [34m[1mGenerating type hashes for ROS interfaces[0m
[  1%] Built target ament_cmake_python_copy_custom_msgs
running egg_info
creating custom_msgs.egg-info
[  1%] Built target custom_msgs__rosidl_generator_type_description
writing custom_msgs.egg-info/PKG-INFO
writing dependency_links to custom_msgs.egg-info/dependency_links.txt
writing top-level names to custom_msgs.egg-info/top_level.txt
writing manifest file 'custom_msgs.egg-info/SOURCES.txt'
[  3%] [34m[1mGenerating C code for ROS interfaces[0m
[  5%] [34m[1mGenerating C++ code for ROS interfaces[0m
reading manifest file 'custom_msgs.egg-info/SOURCES.txt'
writing manifest file 'custom_msgs.egg-info/SOURCES.txt'
[  5%] Built target ament_cmake_python_build_custom_msgs_egg
[  5%] Built target custom_msgs__cpp
[ 11%] [32mBuilding C object CMakeFiles/custom_msgs__rosidl_generator_c.dir/rosidl_generator_c/custom_msgs/msg/detail/gyro_data__description.c.o[0m
[ 11%] [32mBuilding C object CMakeFiles/custom_msgs__rosidl_generator_c.dir/rosidl_generator_c/custom_msgs/msg/detail/accel_data__description.c.o[0m
[ 12%] [32mBuilding C object CMakeFiles/custom_msgs__rosidl_generator_c.dir/rosidl_generator_c/custom_msgs/msg/detail/accel_data__type_support.c.o[0m
[ 11%] [32mBuilding C object CMakeFiles/custom_msgs__rosidl_generator_c.dir/rosidl_generator_c/custom_msgs/msg/detail/accel_data__functions.c.o[0m
[ 14%] [32mBuilding C object CMakeFiles/custom_msgs__rosidl_generator_c.dir/rosidl_generator_c/custom_msgs/msg/detail/gyro_data__functions.c.o[0m
[ 16%] [32mBuilding C object CMakeFiles/custom_msgs__rosidl_generator_c.dir/rosidl_generator_c/custom_msgs/msg/detail/gyro_data__type_support.c.o[0m
[ 18%] [32mBuilding C object CMakeFiles/custom_msgs__rosidl_generator_c.dir/rosidl_generator_c/custom_msgs/msg/detail/imu_data__description.c.o[0m
[ 20%] [32mBuilding C object CMakeFiles/custom_msgs__rosidl_generator_c.dir/rosidl_generator_c/custom_msgs/msg/detail/imu_data__functions.c.o[0m
[ 22%] [32mBuilding C object CMakeFiles/custom_msgs__rosidl_generator_c.dir/rosidl_generator_c/custom_msgs/msg/detail/imu_data__type_support.c.o[0m
[ 24%] [32m[1mLinking C shared library libcustom_msgs__rosidl_generator_c.so[0m
[ 24%] Built target custom_msgs__rosidl_generator_c
[ 29%] [34m[1mGenerating C++ type support dispatch for ROS interfaces[0m
[ 29%] [34m[1mGenerating C introspection for ROS interfaces[0m
[ 29%] [34m[1mGenerating C type support for eProsima Fast-RTPS[0m
[ 31%] [34m[1mGenerating C type support dispatch for ROS interfaces[0m
[ 33%] [32mBuilding CXX object CMakeFiles/custom_msgs__rosidl_typesupport_cpp.dir/rosidl_typesupport_cpp/custom_msgs/msg/accel_data__type_support.cpp.o[0m
[ 35%] [32mBuilding CXX object CMakeFiles/custom_msgs__rosidl_typesupport_c.dir/rosidl_typesupport_c/custom_msgs/msg/accel_data__type_support.cpp.o[0m
[ 37%] [32mBuilding C object CMakeFiles/custom_msgs__rosidl_typesupport_introspection_c.dir/rosidl_typesupport_introspection_c/custom_msgs/msg/detail/accel_data__type_support.c.o[0m
[ 38%] [32mBuilding C object CMakeFiles/custom_msgs__rosidl_typesupport_introspection_c.dir/rosidl_typesupport_introspection_c/custom_msgs/msg/detail/gyro_data__type_support.c.o[0m
[ 40%] [32mBuilding CXX object CMakeFiles/custom_msgs__rosidl_typesupport_c.dir/rosidl_typesupport_c/custom_msgs/msg/gyro_data__type_support.cpp.o[0m
[ 42%] [32mBuilding C object CMakeFiles/custom_msgs__rosidl_typesupport_introspection_c.dir/rosidl_typesupport_introspection_c/custom_msgs/msg/detail/imu_data__type_support.c.o[0m
[ 44%] [32mBuilding CXX object CMakeFiles/custom_msgs__rosidl_typesupport_fastrtps_c.dir/rosidl_typesupport_fastrtps_c/custom_msgs/msg/detail/accel_data__type_support_c.cpp.o[0m
[ 46%] [32mBuilding CXX object CMakeFiles/custom_msgs__rosidl_typesupport_c.dir/rosidl_typesupport_c/custom_msgs/msg/imu_data__type_support.cpp.o[0m
[ 48%] [32m[1mLinking C shared library libcustom_msgs__rosidl_typesupport_introspection_c.so[0m
[ 50%] [32m[1mLinking CXX shared library libcustom_msgs__rosidl_typesupport_c.so[0m
[ 50%] Built target custom_msgs__rosidl_typesupport_introspection_c
[ 51%] [34m[1mGenerating C++ type support for eProsima Fast-RTPS[0m
[ 51%] Built target custom_msgs__rosidl_typesupport_c
[ 53%] [34m[1mGenerating C++ introspection for ROS interfaces[0m
[ 55%] [32mBuilding CXX object CMakeFiles/custom_msgs__rosidl_typesupport_cpp.dir/rosidl_typesupport_cpp/custom_msgs/msg/gyro_data__type_support.cpp.o[0m
[ 57%] [32mBuilding CXX object CMakeFiles/custom_msgs__rosidl_typesupport_fastrtps_c.dir/rosidl_typesupport_fastrtps_c/custom_msgs/msg/detail/gyro_data__type_support_c.cpp.o[0m
[ 59%] [32mBuilding CXX object CMakeFiles/custom_msgs__rosidl_typesupport_introspection_cpp.dir/rosidl_typesupport_introspection_cpp/custom_msgs/msg/detail/accel_data__type_support.cpp.o[0m
[ 61%] [32mBuilding CXX object CMakeFiles/custom_msgs__rosidl_typesupport_fastrtps_cpp.dir/rosidl_typesupport_fastrtps_cpp/custom_msgs/msg/detail/dds_fastrtps/accel_data__type_support.cpp.o[0m
[ 62%] [32mBuilding CXX object CMakeFiles/custom_msgs__rosidl_typesupport_cpp.dir/rosidl_typesupport_cpp/custom_msgs/msg/imu_data__type_support.cpp.o[0m
[ 64%] [32mBuilding CXX object CMakeFiles/custom_msgs__rosidl_typesupport_introspection_cpp.dir/rosidl_typesupport_introspection_cpp/custom_msgs/msg/detail/gyro_data__type_support.cpp.o[0m
[ 66%] [32mBuilding CXX object CMakeFiles/custom_msgs__rosidl_typesupport_fastrtps_cpp.dir/rosidl_typesupport_fastrtps_cpp/custom_msgs/msg/detail/dds_fastrtps/gyro_data__type_support.cpp.o[0m
[ 68%] [32mBuilding CXX object CMakeFiles/custom_msgs__rosidl_typesupport_fastrtps_c.dir/rosidl_typesupport_fastrtps_c/custom_msgs/msg/detail/imu_data__type_support_c.cpp.o[0m
[ 70%] [32mBuilding CXX object CMakeFiles/custom_msgs__rosidl_typesupport_introspection_cpp.dir/rosidl_typesupport_introspection_cpp/custom_msgs/msg/detail/imu_data__type_support.cpp.o[0m
[ 72%] [32m[1mLinking CXX shared library libcustom_msgs__rosidl_typesupport_cpp.so[0m
[ 72%] Built target custom_msgs__rosidl_typesupport_cpp
[ 74%] [32mBuilding CXX object CMakeFiles/custom_msgs__rosidl_typesupport_fastrtps_cpp.dir/rosidl_typesupport_fastrtps_cpp/custom_msgs/msg/detail/dds_fastrtps/imu_data__type_support.cpp.o[0m
[ 75%] [32m[1mLinking CXX shared library libcustom_msgs__rosidl_typesupport_introspection_cpp.so[0m
[ 75%] Built target custom_msgs__rosidl_typesupport_introspection_cpp
[ 77%] [32m[1mLinking CXX shared library libcustom_msgs__rosidl_typesupport_fastrtps_c.so[0m
[ 77%] Built target custom_msgs__rosidl_typesupport_fastrtps_c
[ 79%] [32m[1mLinking CXX shared library libcustom_msgs__rosidl_typesupport_fastrtps_cpp.so[0m
[ 79%] Built target custom_msgs__rosidl_typesupport_fastrtps_cpp
[ 79%] Built target custom_msgs
[ 81%] [34m[1mGenerating Python code for ROS interfaces[0m
[ 81%] Built target custom_msgs__py
[ 87%] [32mBuilding C object CMakeFiles/custom_msgs__rosidl_generator_py.dir/rosidl_generator_py/custom_msgs/msg/_imu_data_s.c.o[0m
[ 87%] [32mBuilding C object CMakeFiles/custom_msgs__rosidl_generator_py.dir/rosidl_generator_py/custom_msgs/msg/_accel_data_s.c.o[0m
[ 87%] [32mBuilding C object CMakeFiles/custom_msgs__rosidl_generator_py.dir/rosidl_generator_py/custom_msgs/msg/_gyro_data_s.c.o[0m
[ 88%] [32m[1mLinking C shared library libcustom_msgs__rosidl_generator_py.so[0m
[ 88%] Built target custom_msgs__rosidl_generator_py
[ 94%] [32mBuilding C object CMakeFiles/custom_msgs_s__rosidl_typesupport_fastrtps_c.dir/rosidl_generator_py/custom_msgs/_custom_msgs_s.ep.rosidl_typesupport_fastrtps_c.c.o[0m
[ 94%] [32mBuilding C object CMakeFiles/custom_msgs_s__rosidl_typesupport_introspection_c.dir/rosidl_generator_py/custom_msgs/_custom_msgs_s.ep.rosidl_typesupport_introspection_c.c.o[0m
[ 94%] [32mBuilding C object CMakeFiles/custom_msgs_s__rosidl_typesupport_c.dir/rosidl_generator_py/custom_msgs/_custom_msgs_s.ep.rosidl_typesupport_c.c.o[0m
[ 96%] [32m[1mLinking C shared module rosidl_generator_py/custom_msgs/custom_msgs_s__rosidl_typesupport_c.so[0m
[ 98%] [32m[1mLinking C shared module rosidl_generator_py/custom_msgs/custom_msgs_s__rosidl_typesupport_introspection_c.so[0m
[100%] [32m[1mLinking C shared module rosidl_generator_py/custom_msgs/custom_msgs_s__rosidl_typesupport_fastrtps_c.so[0m
[100%] Built target custom_msgs_s__rosidl_typesupport_introspection_c
[100%] Built target custom_msgs_s__rosidl_typesupport_c
[100%] Built target custom_msgs_s__rosidl_typesupport_fastrtps_c
-- Install configuration: ""
-- Installing: /home/rosbot/ros2_ws/install/custom_msgs/share/ament_index/resource_index/rosidl_interfaces/custom_msgs
-- Installing: /home/rosbot/ros2_ws/install/custom_msgs/share/custom_msgs/msg/AccelData.json
-- Installing: /home/rosbot/ros2_ws/install/custom_msgs/share/custom_msgs/msg/GyroData.json
-- Installing: /home/rosbot/ros2_ws/install/custom_msgs/share/custom_msgs/msg/ImuData.json
-- Installing: /home/rosbot/ros2_ws/install/custom_msgs/include/custom_msgs/custom_msgs
-- Installing: /home/rosbot/ros2_ws/install/custom_msgs/include/custom_msgs/custom_msgs/msg
-- Installing: /home/rosbot/ros2_ws/install/custom_msgs/include/custom_msgs/custom_msgs/msg/rosidl_generator_c__visibility_control.h
-- Installing: /home/rosbot/ros2_ws/install/custom_msgs/include/custom_msgs/custom_msgs/msg/imu_data.h
-- Installing: /home/rosbot/ros2_ws/install/custom_msgs/include/custom_msgs/custom_msgs/msg/gyro_data.h
-- Installing: /home/rosbot/ros2_ws/install/custom_msgs/include/custom_msgs/custom_msgs/msg/accel_data.h
-- Installing: /home/rosbot/ros2_ws/install/custom_msgs/include/custom_msgs/custom_msgs/msg/detail
-- Installing: /home/rosbot/ros2_ws/install/custom_msgs/include/custom_msgs/custom_msgs/msg/detail/gyro_data__functions.c
-- Installing: /home/rosbot/ros2_ws/install/custom_msgs/include/custom_msgs/custom_msgs/msg/detail/gyro_data__struct.h
-- Installing: /home/rosbot/ros2_ws/install/custom_msgs/include/custom_msgs/custom_msgs/msg/detail/gyro_data__type_support.c
-- Installing: /home/rosbot/ros2_ws/install/custom_msgs/include/custom_msgs/custom_msgs/msg/detail/imu_data__type_support.h
-- Installing: /home/rosbot/ros2_ws/install/custom_msgs/include/custom_msgs/custom_msgs/msg/detail/accel_data__functions.h
-- Installing: /home/rosbot/ros2_ws/install/custom_msgs/include/custom_msgs/custom_msgs/msg/detail/accel_data__functions.c
-- Installing: /home/rosbot/ros2_ws/install/custom_msgs/include/custom_msgs/custom_msgs/msg/detail/accel_data__type_support.c
-- Installing: /home/rosbot/ros2_ws/install/custom_msgs/include/custom_msgs/custom_msgs/msg/detail/gyro_data__description.c
-- Installing: /home/rosbot/ros2_ws/install/custom_msgs/include/custom_msgs/custom_msgs/msg/detail/gyro_data__functions.h
-- Installing: /home/rosbot/ros2_ws/install/custom_msgs/include/custom_msgs/custom_msgs/msg/detail/accel_data__description.c
-- Installing: /home/rosbot/ros2_ws/install/custom_msgs/include/custom_msgs/custom_msgs/msg/detail/accel_data__struct.h
-- Installing: /home/rosbot/ros2_ws/install/custom_msgs/include/custom_msgs/custom_msgs/msg/detail/imu_data__type_support.c
-- Installing: /home/rosbot/ros2_ws/install/custom_msgs/include/custom_msgs/custom_msgs/msg/detail/imu_data__struct.h
-- Installing: /home/rosbot/ros2_ws/install/custom_msgs/include/custom_msgs/custom_msgs/msg/detail/imu_data__functions.h
-- Installing: /home/rosbot/ros2_ws/install/custom_msgs/include/custom_msgs/custom_msgs/msg/detail/gyro_data__type_support.h
-- Installing: /home/rosbot/ros2_ws/install/custom_msgs/include/custom_msgs/custom_msgs/msg/detail/imu_data__functions.c
-- Installing: /home/rosbot/ros2_ws/install/custom_msgs/include/custom_msgs/custom_msgs/msg/detail/accel_data__type_support.h
-- Installing: /home/rosbot/ros2_ws/install/custom_msgs/include/custom_msgs/custom_msgs/msg/detail/imu_data__description.c
-- Installing: /home/rosbot/ros2_ws/install/custom_msgs/share/custom_msgs/environment/library_path.sh
-- Installing: /home/rosbot/ros2_ws/install/custom_msgs/share/custom_msgs/environment/library_path.dsv
-- Installing: /home/rosbot/ros2_ws/install/custom_msgs/lib/libcustom_msgs__rosidl_generator_c.so
-- Set non-toolchain portion of runtime path of "/home/rosbot/ros2_ws/install/custom_msgs/lib/libcustom_msgs__rosidl_generator_c.so" to ""
-- Up-to-date: /home/rosbot/ros2_ws/install/custom_msgs/include/custom_msgs/custom_msgs
-- Up-to-date: /home/rosbot/ros2_ws/install/custom_msgs/include/custom_msgs/custom_msgs/msg
-- Installing: /home/rosbot/ros2_ws/install/custom_msgs/include/custom_msgs/custom_msgs/msg/rosidl_typesupport_fastrtps_c__visibility_control.h
-- Up-to-date: /home/rosbot/ros2_ws/install/custom_msgs/include/custom_msgs/custom_msgs/msg/detail
-- Installing: /home/rosbot/ros2_ws/install/custom_msgs/include/custom_msgs/custom_msgs/msg/detail/imu_data__rosidl_typesupport_fastrtps_c.h
-- Installing: /home/rosbot/ros2_ws/install/custom_msgs/include/custom_msgs/custom_msgs/msg/detail/accel_data__rosidl_typesupport_fastrtps_c.h
-- Installing: /home/rosbot/ros2_ws/install/custom_msgs/include/custom_msgs/custom_msgs/msg/detail/gyro_data__rosidl_typesupport_fastrtps_c.h
-- Installing: /home/rosbot/ros2_ws/install/custom_msgs/lib/libcustom_msgs__rosidl_typesupport_fastrtps_c.so
-- Set non-toolchain portion of runtime path of "/home/rosbot/ros2_ws/install/custom_msgs/lib/libcustom_msgs__rosidl_typesupport_fastrtps_c.so" to ""
-- Up-to-date: /home/rosbot/ros2_ws/install/custom_msgs/include/custom_msgs/custom_msgs
-- Up-to-date: /home/rosbot/ros2_ws/install/custom_msgs/include/custom_msgs/custom_msgs/msg
-- Up-to-date: /home/rosbot/ros2_ws/install/custom_msgs/include/custom_msgs/custom_msgs/msg/detail
-- Installing: /home/rosbot/ros2_ws/install/custom_msgs/include/custom_msgs/custom_msgs/msg/detail/gyro_data__type_support.c
-- Installing: /home/rosbot/ros2_ws/install/custom_msgs/include/custom_msgs/custom_msgs/msg/detail/gyro_data__rosidl_typesupport_introspection_c.h
-- Installing: /home/rosbot/ros2_ws/install/custom_msgs/include/custom_msgs/custom_msgs/msg/detail/accel_data__type_support.c
-- Installing: /home/rosbot/ros2_ws/install/custom_msgs/include/custom_msgs/custom_msgs/msg/detail/imu_data__rosidl_typesupport_introspection_c.h
-- Installing: /home/rosbot/ros2_ws/install/custom_msgs/include/custom_msgs/custom_msgs/msg/detail/imu_data__type_support.c
-- Installing: /home/rosbot/ros2_ws/install/custom_msgs/include/custom_msgs/custom_msgs/msg/detail/accel_data__rosidl_typesupport_introspection_c.h
-- Installing: /home/rosbot/ros2_ws/install/custom_msgs/include/custom_msgs/custom_msgs/msg/rosidl_typesupport_introspection_c__visibility_control.h
-- Installing: /home/rosbot/ros2_ws/install/custom_msgs/lib/libcustom_msgs__rosidl_typesupport_introspection_c.so
-- Set non-toolchain portion of runtime path of "/home/rosbot/ros2_ws/install/custom_msgs/lib/libcustom_msgs__rosidl_typesupport_introspection_c.so" to ""
-- Installing: /home/rosbot/ros2_ws/install/custom_msgs/lib/libcustom_msgs__rosidl_typesupport_c.so
-- Set non-toolchain portion of runtime path of "/home/rosbot/ros2_ws/install/custom_msgs/lib/libcustom_msgs__rosidl_typesupport_c.so" to ""
-- Up-to-date: /home/rosbot/ros2_ws/install/custom_msgs/include/custom_msgs/custom_msgs
-- Up-to-date: /home/rosbot/ros2_ws/install/custom_msgs/include/custom_msgs/custom_msgs/msg
-- Installing: /home/rosbot/ros2_ws/install/custom_msgs/include/custom_msgs/custom_msgs/msg/accel_data.hpp
-- Installing: /home/rosbot/ros2_ws/install/custom_msgs/include/custom_msgs/custom_msgs/msg/rosidl_generator_cpp__visibility_control.hpp
-- Installing: /home/rosbot/ros2_ws/install/custom_msgs/include/custom_msgs/custom_msgs/msg/imu_data.hpp
-- Installing: /home/rosbot/ros2_ws/install/custom_msgs/include/custom_msgs/custom_msgs/msg/gyro_data.hpp
-- Up-to-date: /home/rosbot/ros2_ws/install/custom_msgs/include/custom_msgs/custom_msgs/msg/detail
-- Installing: /home/rosbot/ros2_ws/install/custom_msgs/include/custom_msgs/custom_msgs/msg/detail/gyro_data__struct.hpp
-- Installing: /home/rosbot/ros2_ws/install/custom_msgs/include/custom_msgs/custom_msgs/msg/detail/accel_data__type_support.hpp
-- Installing: /home/rosbot/ros2_ws/install/custom_msgs/include/custom_msgs/custom_msgs/msg/detail/accel_data__traits.hpp
-- Installing: /home/rosbot/ros2_ws/install/custom_msgs/include/custom_msgs/custom_msgs/msg/detail/imu_data__builder.hpp
-- Installing: /home/rosbot/ros2_ws/install/custom_msgs/include/custom_msgs/custom_msgs/msg/detail/gyro_data__builder.hpp
-- Installing: /home/rosbot/ros2_ws/install/custom_msgs/include/custom_msgs/custom_msgs/msg/detail/imu_data__traits.hpp
-- Installing: /home/rosbot/ros2_ws/install/custom_msgs/include/custom_msgs/custom_msgs/msg/detail/gyro_data__type_support.hpp
-- Installing: /home/rosbot/ros2_ws/install/custom_msgs/include/custom_msgs/custom_msgs/msg/detail/accel_data__builder.hpp
-- Installing: /home/rosbot/ros2_ws/install/custom_msgs/include/custom_msgs/custom_msgs/msg/detail/accel_data__struct.hpp
-- Installing: /home/rosbot/ros2_ws/install/custom_msgs/include/custom_msgs/custom_msgs/msg/detail/gyro_data__traits.hpp
-- Installing: /home/rosbot/ros2_ws/install/custom_msgs/include/custom_msgs/custom_msgs/msg/detail/imu_data__struct.hpp
-- Installing: /home/rosbot/ros2_ws/install/custom_msgs/include/custom_msgs/custom_msgs/msg/detail/imu_data__type_support.hpp
-- Up-to-date: /home/rosbot/ros2_ws/install/custom_msgs/include/custom_msgs/custom_msgs
-- Up-to-date: /home/rosbot/ros2_ws/install/custom_msgs/include/custom_msgs/custom_msgs/msg
-- Installing: /home/rosbot/ros2_ws/install/custom_msgs/include/custom_msgs/custom_msgs/msg/rosidl_typesupport_fastrtps_cpp__visibility_control.h
-- Up-to-date: /home/rosbot/ros2_ws/install/custom_msgs/include/custom_msgs/custom_msgs/msg/detail
-- Installing: /home/rosbot/ros2_ws/install/custom_msgs/include/custom_msgs/custom_msgs/msg/detail/accel_data__rosidl_typesupport_fastrtps_cpp.hpp
-- Installing: /home/rosbot/ros2_ws/install/custom_msgs/include/custom_msgs/custom_msgs/msg/detail/dds_fastrtps
-- Installing: /home/rosbot/ros2_ws/install/custom_msgs/include/custom_msgs/custom_msgs/msg/detail/imu_data__rosidl_typesupport_fastrtps_cpp.hpp
-- Installing: /home/rosbot/ros2_ws/install/custom_msgs/include/custom_msgs/custom_msgs/msg/detail/gyro_data__rosidl_typesupport_fastrtps_cpp.hpp
-- Installing: /home/rosbot/ros2_ws/install/custom_msgs/lib/libcustom_msgs__rosidl_typesupport_fastrtps_cpp.so
-- Set non-toolchain portion of runtime path of "/home/rosbot/ros2_ws/install/custom_msgs/lib/libcustom_msgs__rosidl_typesupport_fastrtps_cpp.so" to ""
-- Up-to-date: /home/rosbot/ros2_ws/install/custom_msgs/include/custom_msgs/custom_msgs
-- Up-to-date: /home/rosbot/ros2_ws/install/custom_msgs/include/custom_msgs/custom_msgs/msg
-- Up-to-date: /home/rosbot/ros2_ws/install/custom_msgs/include/custom_msgs/custom_msgs/msg/detail
-- Installing: /home/rosbot/ros2_ws/install/custom_msgs/include/custom_msgs/custom_msgs/msg/detail/imu_data__rosidl_typesupport_introspection_cpp.hpp
-- Installing: /home/rosbot/ros2_ws/install/custom_msgs/include/custom_msgs/custom_msgs/msg/detail/accel_data__rosidl_typesupport_introspection_cpp.hpp
-- Installing: /home/rosbot/ros2_ws/install/custom_msgs/include/custom_msgs/custom_msgs/msg/detail/gyro_data__rosidl_typesupport_introspection_cpp.hpp
-- Installing: /home/rosbot/ros2_ws/install/custom_msgs/include/custom_msgs/custom_msgs/msg/detail/imu_data__type_support.cpp
-- Installing: /home/rosbot/ros2_ws/install/custom_msgs/include/custom_msgs/custom_msgs/msg/detail/accel_data__type_support.cpp
-- Installing: /home/rosbot/ros2_ws/install/custom_msgs/include/custom_msgs/custom_msgs/msg/detail/gyro_data__type_support.cpp
-- Installing: /home/rosbot/ros2_ws/install/custom_msgs/lib/libcustom_msgs__rosidl_typesupport_introspection_cpp.so
-- Set non-toolchain portion of runtime path of "/home/rosbot/ros2_ws/install/custom_msgs/lib/libcustom_msgs__rosidl_typesupport_introspection_cpp.so" to ""
-- Installing: /home/rosbot/ros2_ws/install/custom_msgs/lib/libcustom_msgs__rosidl_typesupport_cpp.so
-- Set non-toolchain portion of runtime path of "/home/rosbot/ros2_ws/install/custom_msgs/lib/libcustom_msgs__rosidl_typesupport_cpp.so" to ""
-- Installing: /home/rosbot/ros2_ws/install/custom_msgs/share/custom_msgs/environment/pythonpath.sh
-- Installing: /home/rosbot/ros2_ws/install/custom_msgs/share/custom_msgs/environment/pythonpath.dsv
-- Installing: /home/rosbot/ros2_ws/install/custom_msgs/lib/python3.12/site-packages/custom_msgs-0.0.0-py3.12.egg-info
-- Installing: /home/rosbot/ros2_ws/install/custom_msgs/lib/python3.12/site-packages/custom_msgs-0.0.0-py3.12.egg-info/SOURCES.txt
-- Installing: /home/rosbot/ros2_ws/install/custom_msgs/lib/python3.12/site-packages/custom_msgs-0.0.0-py3.12.egg-info/top_level.txt
-- Installing: /home/rosbot/ros2_ws/install/custom_msgs/lib/python3.12/site-packages/custom_msgs-0.0.0-py3.12.egg-info/PKG-INFO
-- Installing: /home/rosbot/ros2_ws/install/custom_msgs/lib/python3.12/site-packages/custom_msgs-0.0.0-py3.12.egg-info/dependency_links.txt
-- Installing: /home/rosbot/ros2_ws/install/custom_msgs/lib/python3.12/site-packages/custom_msgs
-- Installing: /home/rosbot/ros2_ws/install/custom_msgs/lib/python3.12/site-packages/custom_msgs/custom_msgs_s__rosidl_typesupport_fastrtps_c.so
-- Installing: /home/rosbot/ros2_ws/install/custom_msgs/lib/python3.12/site-packages/custom_msgs/_custom_msgs_s.ep.rosidl_typesupport_c.c
-- Installing: /home/rosbot/ros2_ws/install/custom_msgs/lib/python3.12/site-packages/custom_msgs/msg
-- Installing: /home/rosbot/ros2_ws/install/custom_msgs/lib/python3.12/site-packages/custom_msgs/msg/_accel_data_s.c
-- Installing: /home/rosbot/ros2_ws/install/custom_msgs/lib/python3.12/site-packages/custom_msgs/msg/_imu_data_s.c
-- Installing: /home/rosbot/ros2_ws/install/custom_msgs/lib/python3.12/site-packages/custom_msgs/msg/__init__.py
-- Installing: /home/rosbot/ros2_ws/install/custom_msgs/lib/python3.12/site-packages/custom_msgs/msg/_accel_data.py
-- Installing: /home/rosbot/ros2_ws/install/custom_msgs/lib/python3.12/site-packages/custom_msgs/msg/_gyro_data.py
-- Installing: /home/rosbot/ros2_ws/install/custom_msgs/lib/python3.12/site-packages/custom_msgs/msg/_imu_data.py
-- Installing: /home/rosbot/ros2_ws/install/custom_msgs/lib/python3.12/site-packages/custom_msgs/msg/_gyro_data_s.c
-- Installing: /home/rosbot/ros2_ws/install/custom_msgs/lib/python3.12/site-packages/custom_msgs/_custom_msgs_s.ep.rosidl_typesupport_introspection_c.c
-- Installing: /home/rosbot/ros2_ws/install/custom_msgs/lib/python3.12/site-packages/custom_msgs/custom_msgs_s__rosidl_typesupport_introspection_c.so
-- Installing: /home/rosbot/ros2_ws/install/custom_msgs/lib/python3.12/site-packages/custom_msgs/custom_msgs_s__rosidl_typesupport_c.so
-- Installing: /home/rosbot/ros2_ws/install/custom_msgs/lib/python3.12/site-packages/custom_msgs/_custom_msgs_s.ep.rosidl_typesupport_fastrtps_c.c
-- Installing: /home/rosbot/ros2_ws/install/custom_msgs/lib/python3.12/site-packages/custom_msgs/__init__.py
Listing '/home/rosbot/ros2_ws/install/custom_msgs/lib/python3.12/site-packages/custom_msgs'...
Compiling '/home/rosbot/ros2_ws/install/custom_msgs/lib/python3.12/site-packages/custom_msgs/__init__.py'...
Listing '/home/rosbot/ros2_ws/install/custom_msgs/lib/python3.12/site-packages/custom_msgs/msg'...
Compiling '/home/rosbot/ros2_ws/install/custom_msgs/lib/python3.12/site-packages/custom_msgs/msg/__init__.py'...
Compiling '/home/rosbot/ros2_ws/install/custom_msgs/lib/python3.12/site-packages/custom_msgs/msg/_accel_data.py'...
Compiling '/home/rosbot/ros2_ws/install/custom_msgs/lib/python3.12/site-packages/custom_msgs/msg/_gyro_data.py'...
Compiling '/home/rosbot/ros2_ws/install/custom_msgs/lib/python3.12/site-packages/custom_msgs/msg/_imu_data.py'...
-- Installing: /home/rosbot/ros2_ws/install/custom_msgs/lib/python3.12/site-packages/custom_msgs/custom_msgs_s__rosidl_typesupport_fastrtps_c.so
-- Set non-toolchain portion of runtime path of "/home/rosbot/ros2_ws/install/custom_msgs/lib/python3.12/site-packages/custom_msgs/custom_msgs_s__rosidl_typesupport_fastrtps_c.so" to ""
-- Installing: /home/rosbot/ros2_ws/install/custom_msgs/lib/python3.12/site-packages/custom_msgs/custom_msgs_s__rosidl_typesupport_introspection_c.so
-- Set non-toolchain portion of runtime path of "/home/rosbot/ros2_ws/install/custom_msgs/lib/python3.12/site-packages/custom_msgs/custom_msgs_s__rosidl_typesupport_introspection_c.so" to ""
-- Installing: /home/rosbot/ros2_ws/install/custom_msgs/lib/python3.12/site-packages/custom_msgs/custom_msgs_s__rosidl_typesupport_c.so
-- Set non-toolchain portion of runtime path of "/home/rosbot/ros2_ws/install/custom_msgs/lib/python3.12/site-packages/custom_msgs/custom_msgs_s__rosidl_typesupport_c.so" to ""
-- Installing: /home/rosbot/ros2_ws/install/custom_msgs/lib/libcustom_msgs__rosidl_generator_py.so
-- Set non-toolchain portion of runtime path of "/home/rosbot/ros2_ws/install/custom_msgs/lib/libcustom_msgs__rosidl_generator_py.so" to ""
-- Installing: /home/rosbot/ros2_ws/install/custom_msgs/share/custom_msgs/msg/AccelData.idl
-- Installing: /home/rosbot/ros2_ws/install/custom_msgs/share/custom_msgs/msg/GyroData.idl
-- Installing: /home/rosbot/ros2_ws/install/custom_msgs/share/custom_msgs/msg/ImuData.idl
-- Installing: /home/rosbot/ros2_ws/install/custom_msgs/share/custom_msgs/msg/AccelData.msg
-- Installing: /home/rosbot/ros2_ws/install/custom_msgs/share/custom_msgs/msg/GyroData.msg
-- Installing: /home/rosbot/ros2_ws/install/custom_msgs/share/custom_msgs/msg/ImuData.msg
-- Installing: /home/rosbot/ros2_ws/install/custom_msgs/share/ament_index/resource_index/package_run_dependencies/custom_msgs
-- Installing: /home/rosbot/ros2_ws/install/custom_msgs/share/ament_index/resource_index/parent_prefix_path/custom_msgs
-- Installing: /home/rosbot/ros2_ws/install/custom_msgs/share/custom_msgs/environment/ament_prefix_path.sh
-- Installing: /home/rosbot/ros2_ws/install/custom_msgs/share/custom_msgs/environment/ament_prefix_path.dsv
-- Installing: /home/rosbot/ros2_ws/install/custom_msgs/share/custom_msgs/environment/path.sh
-- Installing: /home/rosbot/ros2_ws/install/custom_msgs/share/custom_msgs/environment/path.dsv
-- Installing: /home/rosbot/ros2_ws/install/custom_msgs/share/custom_msgs/local_setup.bash
-- Installing: /home/rosbot/ros2_ws/install/custom_msgs/share/custom_msgs/local_setup.sh
-- Installing: /home/rosbot/ros2_ws/install/custom_msgs/share/custom_msgs/local_setup.zsh
-- Installing: /home/rosbot/ros2_ws/install/custom_msgs/share/custom_msgs/local_setup.dsv
-- Installing: /home/rosbot/ros2_ws/install/custom_msgs/share/custom_msgs/package.dsv
-- Installing: /home/rosbot/ros2_ws/install/custom_msgs/share/ament_index/resource_index/packages/custom_msgs
-- Installing: /home/rosbot/ros2_ws/install/custom_msgs/share/custom_msgs/cmake/export_custom_msgs__rosidl_generator_cExport.cmake
-- Installing: /home/rosbot/ros2_ws/install/custom_msgs/share/custom_msgs/cmake/export_custom_msgs__rosidl_generator_cExport-noconfig.cmake
-- Installing: /home/rosbot/ros2_ws/install/custom_msgs/share/custom_msgs/cmake/export_custom_msgs__rosidl_typesupport_fastrtps_cExport.cmake
-- Installing: /home/rosbot/ros2_ws/install/custom_msgs/share/custom_msgs/cmake/export_custom_msgs__rosidl_typesupport_fastrtps_cExport-noconfig.cmake
-- Installing: /home/rosbot/ros2_ws/install/custom_msgs/share/custom_msgs/cmake/custom_msgs__rosidl_typesupport_introspection_cExport.cmake
-- Installing: /home/rosbot/ros2_ws/install/custom_msgs/share/custom_msgs/cmake/custom_msgs__rosidl_typesupport_introspection_cExport-noconfig.cmake
-- Installing: /home/rosbot/ros2_ws/install/custom_msgs/share/custom_msgs/cmake/custom_msgs__rosidl_typesupport_cExport.cmake
-- Installing: /home/rosbot/ros2_ws/install/custom_msgs/share/custom_msgs/cmake/custom_msgs__rosidl_typesupport_cExport-noconfig.cmake
-- Installing: /home/rosbot/ros2_ws/install/custom_msgs/share/custom_msgs/cmake/export_custom_msgs__rosidl_generator_cppExport.cmake
-- Installing: /home/rosbot/ros2_ws/install/custom_msgs/share/custom_msgs/cmake/export_custom_msgs__rosidl_typesupport_fastrtps_cppExport.cmake
-- Installing: /home/rosbot/ros2_ws/install/custom_msgs/share/custom_msgs/cmake/export_custom_msgs__rosidl_typesupport_fastrtps_cppExport-noconfig.cmake
-- Installing: /home/rosbot/ros2_ws/install/custom_msgs/share/custom_msgs/cmake/custom_msgs__rosidl_typesupport_introspection_cppExport.cmake
-- Installing: /home/rosbot/ros2_ws/install/custom_msgs/share/custom_msgs/cmake/custom_msgs__rosidl_typesupport_introspection_cppExport-noconfig.cmake
-- Installing: /home/rosbot/ros2_ws/install/custom_msgs/share/custom_msgs/cmake/custom_msgs__rosidl_typesupport_cppExport.cmake
-- Installing: /home/rosbot/ros2_ws/install/custom_msgs/share/custom_msgs/cmake/custom_msgs__rosidl_typesupport_cppExport-noconfig.cmake
-- Installing: /home/rosbot/ros2_ws/install/custom_msgs/share/custom_msgs/cmake/export_custom_msgs__rosidl_generator_pyExport.cmake
-- Installing: /home/rosbot/ros2_ws/install/custom_msgs/share/custom_msgs/cmake/export_custom_msgs__rosidl_generator_pyExport-noconfig.cmake
-- Installing: /home/rosbot/ros2_ws/install/custom_msgs/share/custom_msgs/cmake/rosidl_cmake-extras.cmake
-- Installing: /home/rosbot/ros2_ws/install/custom_msgs/share/custom_msgs/cmake/ament_cmake_export_include_directories-extras.cmake
-- Installing: /home/rosbot/ros2_ws/install/custom_msgs/share/custom_msgs/cmake/ament_cmake_export_libraries-extras.cmake
-- Installing: /home/rosbot/ros2_ws/install/custom_msgs/share/custom_msgs/cmake/ament_cmake_export_targets-extras.cmake
-- Installing: /home/rosbot/ros2_ws/install/custom_msgs/share/custom_msgs/cmake/rosidl_cmake_export_typesupport_targets-extras.cmake
-- Installing: /home/rosbot/ros2_ws/install/custom_msgs/share/custom_msgs/cmake/ament_cmake_export_dependencies-extras.cmake
-- Installing: /home/rosbot/ros2_ws/install/custom_msgs/share/custom_msgs/cmake/rosidl_cmake_export_typesupport_libraries-extras.cmake
-- Installing: /home/rosbot/ros2_ws/install/custom_msgs/share/custom_msgs/cmake/custom_msgsConfig.cmake
-- Installing: /home/rosbot/ros2_ws/install/custom_msgs/share/custom_msgs/cmake/custom_msgsConfig-version.cmake
-- Installing: /home/rosbot/ros2_ws/install/custom_msgs/share/custom_msgs/package.xml
