[3.157s] Invoking command in '/home/rosbot/ros2_ws/src/log_data_pkg': CMAKE_PREFIX_PATH=/home/rosbot/ros2_ws/install/custom_msgs:/home/rosbot/ros2_ws/install/my_cpp_pkg:/opt/ros/jazzy/opt/gz_math_vendor:/opt/ros/jazzy/opt/gz_utils_vendor:/opt/ros/jazzy/opt/gz_cmake_vendor DEBUGINFOD_URLS=https://debuginfod.ubuntu.com PS1=(venv) \[\e]0;\u@\h: \w\a\]${debian_chroot:+($debian_chroot)}\u@\h:\w\$ PYTHONPATH=/home/rosbot/ros2_ws/build/log_data_pkg/prefix_override:/usr/lib/python3/dist-packages/colcon_core/task/python/colcon_distutils_commands:/home/rosbot/ros2_ws/install/log_data_pkg/lib/python3.12/site-packages:/home/rosbot/ros2_ws/install/custom_msgs/lib/python3.12/site-packages:/home/rosbot/ros2_ws/install/um7_pkg/lib/python3.12/site-packages:/home/rosbot/ros2_ws/install/my_py_pkg/lib/python3.12/site-packages:/home/rosbot/ros2_ws/install/log_data_pkg/lib/python3.12/site-packages:/home/rosbot/ros2_ws/install/flight_controller_pkg/lib/python3.12/site-packages:/home/rosbot/ros2_ws/install/flask_pkg/lib/python3.12/site-packages:/home/rosbot/ros2_ws/install/estimator_pkg/lib/python3.12/site-packages:/opt/ros/jazzy/lib/python3.12/site-packages:/home/rosbot/ros2_ws/venv/lib/python3.12/site-packages VIRTUAL_ENV_PROMPT=(venv) /usr/bin/python3 -W ignore:setup.py install is deprecated -W ignore:easy_install command is deprecated setup.py egg_info --egg-base ../../build/log_data_pkg build --build-base /home/rosbot/ros2_ws/build/log_data_pkg/build install --record /home/rosbot/ros2_ws/build/log_data_pkg/install.log --single-version-externally-managed install_data
[3.943s] running egg_info
[3.991s] writing ../../build/log_data_pkg/log_data_pkg.egg-info/PKG-INFO
[3.992s] writing dependency_links to ../../build/log_data_pkg/log_data_pkg.egg-info/dependency_links.txt
[3.995s] writing entry points to ../../build/log_data_pkg/log_data_pkg.egg-info/entry_points.txt
[4.000s] writing requirements to ../../build/log_data_pkg/log_data_pkg.egg-info/requires.txt
[4.005s] writing top-level names to ../../build/log_data_pkg/log_data_pkg.egg-info/top_level.txt
[4.135s] reading manifest file '../../build/log_data_pkg/log_data_pkg.egg-info/SOURCES.txt'
[4.139s] writing manifest file '../../build/log_data_pkg/log_data_pkg.egg-info/SOURCES.txt'
[4.140s] running build
[4.141s] running build_py
[4.142s] copying log_data_pkg/save_to_csv.py -> /home/rosbot/ros2_ws/build/log_data_pkg/build/lib/log_data_pkg
[4.143s] running install
[4.157s] running install_lib
[4.194s] copying /home/rosbot/ros2_ws/build/log_data_pkg/build/lib/log_data_pkg/save_to_csv.py -> /home/rosbot/ros2_ws/install/log_data_pkg/lib/python3.12/site-packages/log_data_pkg
[4.197s] byte-compiling /home/rosbot/ros2_ws/install/log_data_pkg/lib/python3.12/site-packages/log_data_pkg/save_to_csv.py to save_to_csv.cpython-312.pyc
[4.199s] running install_data
[4.199s] running install_egg_info
[4.242s] removing '/home/rosbot/ros2_ws/install/log_data_pkg/lib/python3.12/site-packages/log_data_pkg-0.0.0-py3.12.egg-info' (and everything under it)
[4.242s] Copying ../../build/log_data_pkg/log_data_pkg.egg-info to /home/rosbot/ros2_ws/install/log_data_pkg/lib/python3.12/site-packages/log_data_pkg-0.0.0-py3.12.egg-info
[4.245s] running install_scripts
[4.464s] Installing data_collector script to /home/rosbot/ros2_ws/install/log_data_pkg/lib/log_data_pkg
[4.467s] writing list of installed files to '/home/rosbot/ros2_ws/build/log_data_pkg/install.log'
[4.606s] Invoked command in '/home/rosbot/ros2_ws/src/log_data_pkg' returned '0': CMAKE_PREFIX_PATH=/home/rosbot/ros2_ws/install/custom_msgs:/home/rosbot/ros2_ws/install/my_cpp_pkg:/opt/ros/jazzy/opt/gz_math_vendor:/opt/ros/jazzy/opt/gz_utils_vendor:/opt/ros/jazzy/opt/gz_cmake_vendor DEBUGINFOD_URLS=https://debuginfod.ubuntu.com PS1=(venv) \[\e]0;\u@\h: \w\a\]${debian_chroot:+($debian_chroot)}\u@\h:\w\$ PYTHONPATH=/home/rosbot/ros2_ws/build/log_data_pkg/prefix_override:/usr/lib/python3/dist-packages/colcon_core/task/python/colcon_distutils_commands:/home/rosbot/ros2_ws/install/log_data_pkg/lib/python3.12/site-packages:/home/rosbot/ros2_ws/install/custom_msgs/lib/python3.12/site-packages:/home/rosbot/ros2_ws/install/um7_pkg/lib/python3.12/site-packages:/home/rosbot/ros2_ws/install/my_py_pkg/lib/python3.12/site-packages:/home/rosbot/ros2_ws/install/log_data_pkg/lib/python3.12/site-packages:/home/rosbot/ros2_ws/install/flight_controller_pkg/lib/python3.12/site-packages:/home/rosbot/ros2_ws/install/flask_pkg/lib/python3.12/site-packages:/home/rosbot/ros2_ws/install/estimator_pkg/lib/python3.12/site-packages:/opt/ros/jazzy/lib/python3.12/site-packages:/home/rosbot/ros2_ws/venv/lib/python3.12/site-packages VIRTUAL_ENV_PROMPT=(venv) /usr/bin/python3 -W ignore:setup.py install is deprecated -W ignore:easy_install command is deprecated setup.py egg_info --egg-base ../../build/log_data_pkg build --build-base /home/rosbot/ros2_ws/build/log_data_pkg/build install --record /home/rosbot/ros2_ws/build/log_data_pkg/install.log --single-version-externally-managed install_data
