[1.891s] Invoking command in '/home/rosbot/ros2_ws/src/log_data_pkg': DEBUGINFOD_URLS=https://debuginfod.ubuntu.com PS1=(venv) \[\e]0;\u@\h: \w\a\]${debian_chroot:+($debian_chroot)}\u@\h:\w\$ PYTHONPATH=/home/rosbot/ros2_ws/build/log_data_pkg/prefix_override:/usr/lib/python3/dist-packages/colcon_core/task/python/colcon_distutils_commands:/home/rosbot/ros2_ws/install/log_data_pkg/lib/python3.12/site-packages:${PYTHONPATH} VIRTUAL_ENV_PROMPT=(venv) /usr/bin/python3 -W ignore:setup.py install is deprecated -W ignore:easy_install command is deprecated setup.py egg_info --egg-base ../../build/log_data_pkg build --build-base /home/rosbot/ros2_ws/build/log_data_pkg/build install --record /home/rosbot/ros2_ws/build/log_data_pkg/install.log --single-version-externally-managed install_data
[2.339s] running egg_info
[2.363s] writing ../../build/log_data_pkg/log_data_pkg.egg-info/PKG-INFO
[2.364s] writing dependency_links to ../../build/log_data_pkg/log_data_pkg.egg-info/dependency_links.txt
[2.364s] writing entry points to ../../build/log_data_pkg/log_data_pkg.egg-info/entry_points.txt
[2.365s] writing requirements to ../../build/log_data_pkg/log_data_pkg.egg-info/requires.txt
[2.366s] writing top-level names to ../../build/log_data_pkg/log_data_pkg.egg-info/top_level.txt
[2.423s] reading manifest file '../../build/log_data_pkg/log_data_pkg.egg-info/SOURCES.txt'
[2.425s] writing manifest file '../../build/log_data_pkg/log_data_pkg.egg-info/SOURCES.txt'
[2.426s] running build
[2.426s] running build_py
[2.427s] running install
[2.441s] running install_lib
[2.471s] running install_data
[2.471s] copying resource/log_data_pkg -> /home/rosbot/ros2_ws/install/log_data_pkg/share/ament_index/resource_index/packages
[2.472s] copying package.xml -> /home/rosbot/ros2_ws/install/log_data_pkg/share/log_data_pkg
[2.472s] running install_egg_info
[2.500s] Copying ../../build/log_data_pkg/log_data_pkg.egg-info to /home/rosbot/ros2_ws/install/log_data_pkg/lib/python3.12/site-packages/log_data_pkg-0.0.0-py3.12.egg-info
[2.502s] running install_scripts
[2.704s] Installing data_collector script to /home/rosbot/ros2_ws/install/log_data_pkg/lib/log_data_pkg
[2.709s] writing list of installed files to '/home/rosbot/ros2_ws/build/log_data_pkg/install.log'
[2.886s] Invoked command in '/home/rosbot/ros2_ws/src/log_data_pkg' returned '0': DEBUGINFOD_URLS=https://debuginfod.ubuntu.com PS1=(venv) \[\e]0;\u@\h: \w\a\]${debian_chroot:+($debian_chroot)}\u@\h:\w\$ PYTHONPATH=/home/rosbot/ros2_ws/build/log_data_pkg/prefix_override:/usr/lib/python3/dist-packages/colcon_core/task/python/colcon_distutils_commands:/home/rosbot/ros2_ws/install/log_data_pkg/lib/python3.12/site-packages:${PYTHONPATH} VIRTUAL_ENV_PROMPT=(venv) /usr/bin/python3 -W ignore:setup.py install is deprecated -W ignore:easy_install command is deprecated setup.py egg_info --egg-base ../../build/log_data_pkg build --build-base /home/rosbot/ros2_ws/build/log_data_pkg/build install --record /home/rosbot/ros2_ws/build/log_data_pkg/install.log --single-version-externally-managed install_data
