[0.464s] Invoking command in '/home/rosbot/ros2_ws/build/my_cpp_pkg': CMAKE_PREFIX_PATH=${CMAKE_PREFIX_PATH}:/home/rosbot/ros2_ws/install/my_py_pkg:/home/rosbot/ros2_ws/install/flight_controller_pkg:/home/rosbot/ros2_ws/install/flask_pkg:/opt/ros/jazzy PS1=(venv) \[\e]0;\u@\h: \w\a\]${debian_chroot:+($debian_chroot)}\u@\h:\w\$ VIRTUAL_ENV_PROMPT=(venv) /usr/bin/cmake --build /home/rosbot/ros2_ws/build/my_cpp_pkg -- -j4 -l4
[0.572s] [100%] Built target cpp_node
[0.828s] Invoked command in '/home/rosbot/ros2_ws/build/my_cpp_pkg' returned '0': CMAKE_PREFIX_PATH=${CMAKE_PREFIX_PATH}:/home/rosbot/ros2_ws/install/my_py_pkg:/home/rosbot/ros2_ws/install/flight_controller_pkg:/home/rosbot/ros2_ws/install/flask_pkg:/opt/ros/jazzy PS1=(venv) \[\e]0;\u@\h: \w\a\]${debian_chroot:+($debian_chroot)}\u@\h:\w\$ VIRTUAL_ENV_PROMPT=(venv) /usr/bin/cmake --build /home/rosbot/ros2_ws/build/my_cpp_pkg -- -j4 -l4
[0.846s] Invoking command in '/home/rosbot/ros2_ws/build/my_cpp_pkg': CMAKE_PREFIX_PATH=${CMAKE_PREFIX_PATH}:/home/rosbot/ros2_ws/install/my_py_pkg:/home/rosbot/ros2_ws/install/flight_controller_pkg:/home/rosbot/ros2_ws/install/flask_pkg:/opt/ros/jazzy PS1=(venv) \[\e]0;\u@\h: \w\a\]${debian_chroot:+($debian_chroot)}\u@\h:\w\$ VIRTUAL_ENV_PROMPT=(venv) /usr/bin/cmake --install /home/rosbot/ros2_ws/build/my_cpp_pkg
[0.863s] -- Install configuration: ""
[0.864s] -- Up-to-date: /home/rosbot/ros2_ws/install/my_cpp_pkg/lib/my_cpp_pkg/cpp_node
[0.864s] -- Up-to-date: /home/rosbot/ros2_ws/install/my_cpp_pkg/share/ament_index/resource_index/package_run_dependencies/my_cpp_pkg
[0.864s] -- Up-to-date: /home/rosbot/ros2_ws/install/my_cpp_pkg/share/ament_index/resource_index/parent_prefix_path/my_cpp_pkg
[0.865s] -- Up-to-date: /home/rosbot/ros2_ws/install/my_cpp_pkg/share/my_cpp_pkg/environment/ament_prefix_path.sh
[0.865s] -- Up-to-date: /home/rosbot/ros2_ws/install/my_cpp_pkg/share/my_cpp_pkg/environment/ament_prefix_path.dsv
[0.865s] -- Up-to-date: /home/rosbot/ros2_ws/install/my_cpp_pkg/share/my_cpp_pkg/environment/path.sh
[0.865s] -- Up-to-date: /home/rosbot/ros2_ws/install/my_cpp_pkg/share/my_cpp_pkg/environment/path.dsv
[0.867s] -- Up-to-date: /home/rosbot/ros2_ws/install/my_cpp_pkg/share/my_cpp_pkg/local_setup.bash
[0.867s] -- Up-to-date: /home/rosbot/ros2_ws/install/my_cpp_pkg/share/my_cpp_pkg/local_setup.sh
[0.872s] -- Up-to-date: /home/rosbot/ros2_ws/install/my_cpp_pkg/share/my_cpp_pkg/local_setup.zsh
[0.873s] -- Up-to-date: /home/rosbot/ros2_ws/install/my_cpp_pkg/share/my_cpp_pkg/local_setup.dsv
[0.874s] -- Installing: /home/rosbot/ros2_ws/install/my_cpp_pkg/share/my_cpp_pkg/package.dsv
[0.886s] -- Up-to-date: /home/rosbot/ros2_ws/install/my_cpp_pkg/share/ament_index/resource_index/packages/my_cpp_pkg
[0.886s] -- Up-to-date: /home/rosbot/ros2_ws/install/my_cpp_pkg/share/my_cpp_pkg/cmake/my_cpp_pkgConfig.cmake
[0.886s] -- Up-to-date: /home/rosbot/ros2_ws/install/my_cpp_pkg/share/my_cpp_pkg/cmake/my_cpp_pkgConfig-version.cmake
[0.886s] -- Up-to-date: /home/rosbot/ros2_ws/install/my_cpp_pkg/share/my_cpp_pkg/package.xml
[0.902s] Invoked command in '/home/rosbot/ros2_ws/build/my_cpp_pkg' returned '0': CMAKE_PREFIX_PATH=${CMAKE_PREFIX_PATH}:/home/rosbot/ros2_ws/install/my_py_pkg:/home/rosbot/ros2_ws/install/flight_controller_pkg:/home/rosbot/ros2_ws/install/flask_pkg:/opt/ros/jazzy PS1=(venv) \[\e]0;\u@\h: \w\a\]${debian_chroot:+($debian_chroot)}\u@\h:\w\$ VIRTUAL_ENV_PROMPT=(venv) /usr/bin/cmake --install /home/rosbot/ros2_ws/build/my_cpp_pkg
