running egg_info
writing ../../build/flask_pkg/flask_pkg.egg-info/PKG-INFO
writing dependency_links to ../../build/flask_pkg/flask_pkg.egg-info/dependency_links.txt
writing entry points to ../../build/flask_pkg/flask_pkg.egg-info/entry_points.txt
writing requirements to ../../build/flask_pkg/flask_pkg.egg-info/requires.txt
writing top-level names to ../../build/flask_pkg/flask_pkg.egg-info/top_level.txt
reading manifest file '../../build/flask_pkg/flask_pkg.egg-info/SOURCES.txt'
writing manifest file '../../build/flask_pkg/flask_pkg.egg-info/SOURCES.txt'
running build
running build_py
copying flask_pkg/flask_server copy.py -> /home/rosbot/ros2_ws/build/flask_pkg/build/lib/flask_pkg
copying flask_pkg/flask_server.py -> /home/rosbot/ros2_ws/build/flask_pkg/build/lib/flask_pkg
running install
running install_lib
copying /home/rosbot/ros2_ws/build/flask_pkg/build/lib/flask_pkg/flask_server copy.py -> /home/rosbot/ros2_ws/install/flask_pkg/lib/python3.12/site-packages/flask_pkg
copying /home/rosbot/ros2_ws/build/flask_pkg/build/lib/flask_pkg/flask_server.py -> /home/rosbot/ros2_ws/install/flask_pkg/lib/python3.12/site-packages/flask_pkg
byte-compiling /home/rosbot/ros2_ws/install/flask_pkg/lib/python3.12/site-packages/flask_pkg/flask_server copy.py to flask_server copy.cpython-312.pyc
byte-compiling /home/rosbot/ros2_ws/install/flask_pkg/lib/python3.12/site-packages/flask_pkg/flask_server.py to flask_server.cpython-312.pyc
running install_data
running install_egg_info
removing '/home/rosbot/ros2_ws/install/flask_pkg/lib/python3.12/site-packages/flask_pkg-0.0.0-py3.12.egg-info' (and everything under it)
Copying ../../build/flask_pkg/flask_pkg.egg-info to /home/rosbot/ros2_ws/install/flask_pkg/lib/python3.12/site-packages/flask_pkg-0.0.0-py3.12.egg-info
running install_scripts
Installing flask_server script to /home/rosbot/ros2_ws/install/flask_pkg/lib/flask_pkg
writing list of installed files to '/home/rosbot/ros2_ws/build/flask_pkg/install.log'
