[1.152s] Invoking command in '/home/rosbot/ros2_ws/src/flask_pkg': CMAKE_PREFIX_PATH=/home/rosbot/ros2_ws/install/custom_msgs:/home/rosbot/ros2_ws/install/my_cpp_pkg:/opt/ros/jazzy/opt/gz_math_vendor:/opt/ros/jazzy/opt/gz_utils_vendor:/opt/ros/jazzy/opt/gz_cmake_vendor PS1=(venv) \[\e]0;\u@\h: \w\a\]${debian_chroot:+($debian_chroot)}\u@\h:\w\$ PYTHONPATH=/home/rosbot/ros2_ws/build/flask_pkg/prefix_override:/usr/lib/python3/dist-packages/colcon_core/task/python/colcon_distutils_commands:/home/rosbot/ros2_ws/install/flask_pkg/lib/python3.12/site-packages:/home/rosbot/ros2_ws/install/custom_msgs/lib/python3.12/site-packages:/home/rosbot/ros2_ws/install/my_py_pkg/lib/python3.12/site-packages:/home/rosbot/ros2_ws/install/flight_controller_pkg/lib/python3.12/site-packages:/home/rosbot/ros2_ws/install/flask_pkg/lib/python3.12/site-packages:/opt/ros/jazzy/lib/python3.12/site-packages VIRTUAL_ENV_PROMPT=(venv) /usr/bin/python3 -W ignore:setup.py install is deprecated -W ignore:easy_install command is deprecated setup.py egg_info --egg-base ../../build/flask_pkg build --build-base /home/rosbot/ros2_ws/build/flask_pkg/build install --record /home/rosbot/ros2_ws/build/flask_pkg/install.log --single-version-externally-managed install_data
[1.522s] running egg_info
[1.529s] writing ../../build/flask_pkg/flask_pkg.egg-info/PKG-INFO
[1.529s] writing dependency_links to ../../build/flask_pkg/flask_pkg.egg-info/dependency_links.txt
[1.531s] writing entry points to ../../build/flask_pkg/flask_pkg.egg-info/entry_points.txt
[1.532s] writing requirements to ../../build/flask_pkg/flask_pkg.egg-info/requires.txt
[1.532s] writing top-level names to ../../build/flask_pkg/flask_pkg.egg-info/top_level.txt
[1.586s] reading manifest file '../../build/flask_pkg/flask_pkg.egg-info/SOURCES.txt'
[1.587s] writing manifest file '../../build/flask_pkg/flask_pkg.egg-info/SOURCES.txt'
[1.587s] running build
[1.587s] running build_py
[1.588s] copying flask_pkg/flask_server.py -> /home/rosbot/ros2_ws/build/flask_pkg/build/lib/flask_pkg
[1.588s] running install
[1.597s] running install_lib
[1.623s] copying /home/rosbot/ros2_ws/build/flask_pkg/build/lib/flask_pkg/flask_server.py -> /home/rosbot/ros2_ws/install/flask_pkg/lib/python3.12/site-packages/flask_pkg
[1.624s] byte-compiling /home/rosbot/ros2_ws/install/flask_pkg/lib/python3.12/site-packages/flask_pkg/flask_server.py to flask_server.cpython-312.pyc
[1.625s] running install_data
[1.625s] running install_egg_info
[1.653s] removing '/home/rosbot/ros2_ws/install/flask_pkg/lib/python3.12/site-packages/flask_pkg-0.0.0-py3.12.egg-info' (and everything under it)
[1.653s] Copying ../../build/flask_pkg/flask_pkg.egg-info to /home/rosbot/ros2_ws/install/flask_pkg/lib/python3.12/site-packages/flask_pkg-0.0.0-py3.12.egg-info
[1.655s] running install_scripts
[1.832s] Installing flask_server script to /home/rosbot/ros2_ws/install/flask_pkg/lib/flask_pkg
[1.833s] writing list of installed files to '/home/rosbot/ros2_ws/build/flask_pkg/install.log'
[1.905s] Invoked command in '/home/rosbot/ros2_ws/src/flask_pkg' returned '0': CMAKE_PREFIX_PATH=/home/rosbot/ros2_ws/install/custom_msgs:/home/rosbot/ros2_ws/install/my_cpp_pkg:/opt/ros/jazzy/opt/gz_math_vendor:/opt/ros/jazzy/opt/gz_utils_vendor:/opt/ros/jazzy/opt/gz_cmake_vendor PS1=(venv) \[\e]0;\u@\h: \w\a\]${debian_chroot:+($debian_chroot)}\u@\h:\w\$ PYTHONPATH=/home/rosbot/ros2_ws/build/flask_pkg/prefix_override:/usr/lib/python3/dist-packages/colcon_core/task/python/colcon_distutils_commands:/home/rosbot/ros2_ws/install/flask_pkg/lib/python3.12/site-packages:/home/rosbot/ros2_ws/install/custom_msgs/lib/python3.12/site-packages:/home/rosbot/ros2_ws/install/my_py_pkg/lib/python3.12/site-packages:/home/rosbot/ros2_ws/install/flight_controller_pkg/lib/python3.12/site-packages:/home/rosbot/ros2_ws/install/flask_pkg/lib/python3.12/site-packages:/opt/ros/jazzy/lib/python3.12/site-packages VIRTUAL_ENV_PROMPT=(venv) /usr/bin/python3 -W ignore:setup.py install is deprecated -W ignore:easy_install command is deprecated setup.py egg_info --egg-base ../../build/flask_pkg build --build-base /home/rosbot/ros2_ws/build/flask_pkg/build install --record /home/rosbot/ros2_ws/build/flask_pkg/install.log --single-version-externally-managed install_data
