running egg_info
writing ../../build/flight_controller_pkg/flight_controller_pkg.egg-info/PKG-INFO
writing dependency_links to ../../build/flight_controller_pkg/flight_controller_pkg.egg-info/dependency_links.txt
writing entry points to ../../build/flight_controller_pkg/flight_controller_pkg.egg-info/entry_points.txt
writing requirements to ../../build/flight_controller_pkg/flight_controller_pkg.egg-info/requires.txt
writing top-level names to ../../build/flight_controller_pkg/flight_controller_pkg.egg-info/top_level.txt
reading manifest file '../../build/flight_controller_pkg/flight_controller_pkg.egg-info/SOURCES.txt'
writing manifest file '../../build/flight_controller_pkg/flight_controller_pkg.egg-info/SOURCES.txt'
running build
running build_py
copying flight_controller_pkg/imu_reader.py -> /home/rosbot/ros2_ws/build/flight_controller_pkg/build/lib/flight_controller_pkg
copying flight_controller_pkg/MavlinkHz.py -> /home/rosbot/ros2_ws/build/flight_controller_pkg/build/lib/flight_controller_pkg
running install
running install_lib
copying /home/rosbot/ros2_ws/build/flight_controller_pkg/build/lib/flight_controller_pkg/imu_reader.py -> /home/rosbot/ros2_ws/install/flight_controller_pkg/lib/python3.12/site-packages/flight_controller_pkg
copying /home/rosbot/ros2_ws/build/flight_controller_pkg/build/lib/flight_controller_pkg/MavlinkHz.py -> /home/rosbot/ros2_ws/install/flight_controller_pkg/lib/python3.12/site-packages/flight_controller_pkg
byte-compiling /home/rosbot/ros2_ws/install/flight_controller_pkg/lib/python3.12/site-packages/flight_controller_pkg/imu_reader.py to imu_reader.cpython-312.pyc
byte-compiling /home/rosbot/ros2_ws/install/flight_controller_pkg/lib/python3.12/site-packages/flight_controller_pkg/MavlinkHz.py to MavlinkHz.cpython-312.pyc
running install_data
copying package.xml -> /home/rosbot/ros2_ws/install/flight_controller_pkg/share/flight_controller_pkg
running install_egg_info
removing '/home/rosbot/ros2_ws/install/flight_controller_pkg/lib/python3.12/site-packages/flight_controller_pkg-0.0.0-py3.12.egg-info' (and everything under it)
Copying ../../build/flight_controller_pkg/flight_controller_pkg.egg-info to /home/rosbot/ros2_ws/install/flight_controller_pkg/lib/python3.12/site-packages/flight_controller_pkg-0.0.0-py3.12.egg-info
running install_scripts
Installing IMU_node script to /home/rosbot/ros2_ws/install/flight_controller_pkg/lib/flight_controller_pkg
writing list of installed files to '/home/rosbot/ros2_ws/build/flight_controller_pkg/install.log'
