[0.028s] Invoking command in '/home/rosbot/ros2_ws/build/custom_msgs': CMAKE_PREFIX_PATH=${CMAKE_PREFIX_PATH}:/home/rosbot/ros2_ws/install/my_py_pkg:/home/rosbot/ros2_ws/install/flight_controller_pkg:/home/rosbot/ros2_ws/install/flask_pkg:/home/rosbot/ros2_ws/install/estimator_pkg:/opt/ros/jazzy PS1=(venv) \[\e]0;\u@\h: \w\a\]${debian_chroot:+($debian_chroot)}\u@\h:\w\$ VIRTUAL_ENV_PROMPT=(venv) /usr/bin/cmake --build /home/rosbot/ros2_ws/build/custom_msgs -- -j4 -l4
[0.148s] [  1%] Built target custom_msgs__rosidl_generator_type_description
[0.170s] [  1%] Built target ament_cmake_python_copy_custom_msgs
[0.216s] [  2%] Built target custom_msgs__cpp
[0.220s] [ 26%] Built target custom_msgs__rosidl_generator_c
[0.298s] [ 36%] Built target custom_msgs__rosidl_typesupport_fastrtps_cpp
[0.311s] [ 45%] Built target custom_msgs__rosidl_typesupport_introspection_cpp
[0.320s] [ 55%] Built target custom_msgs__rosidl_typesupport_cpp
[0.386s] [ 64%] Built target custom_msgs__rosidl_typesupport_fastrtps_c
[0.387s] [ 74%] Built target custom_msgs__rosidl_typesupport_introspection_c
[0.396s] [ 84%] Built target custom_msgs__rosidl_typesupport_c
[0.438s] [ 84%] Built target custom_msgs
[0.484s] [ 85%] Built target custom_msgs__py
[0.541s] [ 93%] Built target custom_msgs__rosidl_generator_py
[0.597s] [ 95%] Built target custom_msgs_s__rosidl_typesupport_fastrtps_c
[0.617s] [ 97%] Built target custom_msgs_s__rosidl_typesupport_introspection_c
[0.618s] [100%] Built target custom_msgs_s__rosidl_typesupport_c
[0.683s] running egg_info
[0.714s] writing custom_msgs.egg-info/PKG-INFO
[0.714s] writing dependency_links to custom_msgs.egg-info/dependency_links.txt
[0.715s] writing top-level names to custom_msgs.egg-info/top_level.txt
[0.803s] reading manifest file 'custom_msgs.egg-info/SOURCES.txt'
[0.804s] writing manifest file 'custom_msgs.egg-info/SOURCES.txt'
[0.879s] [100%] Built target ament_cmake_python_build_custom_msgs_egg
[0.902s] Invoked command in '/home/rosbot/ros2_ws/build/custom_msgs' returned '0': CMAKE_PREFIX_PATH=${CMAKE_PREFIX_PATH}:/home/rosbot/ros2_ws/install/my_py_pkg:/home/rosbot/ros2_ws/install/flight_controller_pkg:/home/rosbot/ros2_ws/install/flask_pkg:/home/rosbot/ros2_ws/install/estimator_pkg:/opt/ros/jazzy PS1=(venv) \[\e]0;\u@\h: \w\a\]${debian_chroot:+($debian_chroot)}\u@\h:\w\$ VIRTUAL_ENV_PROMPT=(venv) /usr/bin/cmake --build /home/rosbot/ros2_ws/build/custom_msgs -- -j4 -l4
[0.905s] Invoking command in '/home/rosbot/ros2_ws/build/custom_msgs': CMAKE_PREFIX_PATH=${CMAKE_PREFIX_PATH}:/home/rosbot/ros2_ws/install/my_py_pkg:/home/rosbot/ros2_ws/install/flight_controller_pkg:/home/rosbot/ros2_ws/install/flask_pkg:/home/rosbot/ros2_ws/install/estimator_pkg:/opt/ros/jazzy PS1=(venv) \[\e]0;\u@\h: \w\a\]${debian_chroot:+($debian_chroot)}\u@\h:\w\$ VIRTUAL_ENV_PROMPT=(venv) /usr/bin/cmake --install /home/rosbot/ros2_ws/build/custom_msgs
[0.921s] -- Install configuration: ""
[0.922s] -- Up-to-date: /home/rosbot/ros2_ws/install/custom_msgs/share/ament_index/resource_index/rosidl_interfaces/custom_msgs
[0.922s] -- Up-to-date: /home/rosbot/ros2_ws/install/custom_msgs/share/custom_msgs/msg/AccelData.json
[0.922s] -- Up-to-date: /home/rosbot/ros2_ws/install/custom_msgs/share/custom_msgs/msg/GyroData.json
[0.922s] -- Up-to-date: /home/rosbot/ros2_ws/install/custom_msgs/share/custom_msgs/msg/ImuData.json
[0.922s] -- Up-to-date: /home/rosbot/ros2_ws/install/custom_msgs/share/custom_msgs/msg/EstimatorData.json
[0.922s] -- Up-to-date: /home/rosbot/ros2_ws/install/custom_msgs/share/custom_msgs/msg/PossitionData.json
[0.922s] -- Up-to-date: /home/rosbot/ros2_ws/install/custom_msgs/share/custom_msgs/msg/SpeedData.json
[0.922s] -- Up-to-date: /home/rosbot/ros2_ws/install/custom_msgs/share/custom_msgs/msg/DataXYZ.json
[0.923s] -- Up-to-date: /home/rosbot/ros2_ws/install/custom_msgs/include/custom_msgs/custom_msgs
[0.923s] -- Up-to-date: /home/rosbot/ros2_ws/install/custom_msgs/include/custom_msgs/custom_msgs/msg
[0.923s] -- Up-to-date: /home/rosbot/ros2_ws/install/custom_msgs/include/custom_msgs/custom_msgs/msg/rosidl_generator_c__visibility_control.h
[0.923s] -- Up-to-date: /home/rosbot/ros2_ws/install/custom_msgs/include/custom_msgs/custom_msgs/msg/imu_data.h
[0.923s] -- Up-to-date: /home/rosbot/ros2_ws/install/custom_msgs/include/custom_msgs/custom_msgs/msg/data_xyz.h
[0.923s] -- Up-to-date: /home/rosbot/ros2_ws/install/custom_msgs/include/custom_msgs/custom_msgs/msg/gyro_data.h
[0.923s] -- Up-to-date: /home/rosbot/ros2_ws/install/custom_msgs/include/custom_msgs/custom_msgs/msg/estimator_data.h
[0.923s] -- Up-to-date: /home/rosbot/ros2_ws/install/custom_msgs/include/custom_msgs/custom_msgs/msg/accel_data.h
[0.923s] -- Up-to-date: /home/rosbot/ros2_ws/install/custom_msgs/include/custom_msgs/custom_msgs/msg/speed_data.h
[0.923s] -- Up-to-date: /home/rosbot/ros2_ws/install/custom_msgs/include/custom_msgs/custom_msgs/msg/detail
[0.926s] -- Up-to-date: /home/rosbot/ros2_ws/install/custom_msgs/include/custom_msgs/custom_msgs/msg/detail/estimator_data__description.c
[0.926s] -- Up-to-date: /home/rosbot/ros2_ws/install/custom_msgs/include/custom_msgs/custom_msgs/msg/detail/gyro_data__functions.c
[0.926s] -- Up-to-date: /home/rosbot/ros2_ws/install/custom_msgs/include/custom_msgs/custom_msgs/msg/detail/data_xyz__functions.h
[0.926s] -- Up-to-date: /home/rosbot/ros2_ws/install/custom_msgs/include/custom_msgs/custom_msgs/msg/detail/data_xyz__struct.h
[0.926s] -- Up-to-date: /home/rosbot/ros2_ws/install/custom_msgs/include/custom_msgs/custom_msgs/msg/detail/speed_data__functions.c
[0.926s] -- Up-to-date: /home/rosbot/ros2_ws/install/custom_msgs/include/custom_msgs/custom_msgs/msg/detail/gyro_data__struct.h
[0.926s] -- Up-to-date: /home/rosbot/ros2_ws/install/custom_msgs/include/custom_msgs/custom_msgs/msg/detail/data_xyz__functions.c
[0.926s] -- Installing: /home/rosbot/ros2_ws/install/custom_msgs/include/custom_msgs/custom_msgs/msg/detail/gyro_data__type_support.c
[0.927s] -- Up-to-date: /home/rosbot/ros2_ws/install/custom_msgs/include/custom_msgs/custom_msgs/msg/detail/estimator_data__functions.h
[0.927s] -- Up-to-date: /home/rosbot/ros2_ws/install/custom_msgs/include/custom_msgs/custom_msgs/msg/detail/imu_data__type_support.h
[0.927s] -- Installing: /home/rosbot/ros2_ws/install/custom_msgs/include/custom_msgs/custom_msgs/msg/detail/speed_data__type_support.c
[0.927s] -- Up-to-date: /home/rosbot/ros2_ws/install/custom_msgs/include/custom_msgs/custom_msgs/msg/detail/accel_data__functions.h
[0.927s] -- Up-to-date: /home/rosbot/ros2_ws/install/custom_msgs/include/custom_msgs/custom_msgs/msg/detail/estimator_data__type_support.h
[0.927s] -- Up-to-date: /home/rosbot/ros2_ws/install/custom_msgs/include/custom_msgs/custom_msgs/msg/detail/accel_data__functions.c
[0.927s] -- Installing: /home/rosbot/ros2_ws/install/custom_msgs/include/custom_msgs/custom_msgs/msg/detail/accel_data__type_support.c
[0.927s] -- Up-to-date: /home/rosbot/ros2_ws/install/custom_msgs/include/custom_msgs/custom_msgs/msg/detail/possition_data__description.c
[0.927s] -- Up-to-date: /home/rosbot/ros2_ws/install/custom_msgs/include/custom_msgs/custom_msgs/msg/detail/speed_data__description.c
[0.928s] -- Up-to-date: /home/rosbot/ros2_ws/install/custom_msgs/include/custom_msgs/custom_msgs/msg/detail/speed_data__functions.h
[0.928s] -- Up-to-date: /home/rosbot/ros2_ws/install/custom_msgs/include/custom_msgs/custom_msgs/msg/detail/estimator_data__functions.c
[0.928s] -- Up-to-date: /home/rosbot/ros2_ws/install/custom_msgs/include/custom_msgs/custom_msgs/msg/detail/possition_data__functions.h
[0.928s] -- Installing: /home/rosbot/ros2_ws/install/custom_msgs/include/custom_msgs/custom_msgs/msg/detail/estimator_data__type_support.c
[0.928s] -- Up-to-date: /home/rosbot/ros2_ws/install/custom_msgs/include/custom_msgs/custom_msgs/msg/detail/gyro_data__description.c
[0.930s] -- Installing: /home/rosbot/ros2_ws/install/custom_msgs/include/custom_msgs/custom_msgs/msg/detail/possition_data__type_support.c
[0.930s] -- Up-to-date: /home/rosbot/ros2_ws/install/custom_msgs/include/custom_msgs/custom_msgs/msg/detail/possition_data__functions.c
[0.930s] -- Up-to-date: /home/rosbot/ros2_ws/install/custom_msgs/include/custom_msgs/custom_msgs/msg/detail/possition_data__type_support.h
[0.930s] -- Up-to-date: /home/rosbot/ros2_ws/install/custom_msgs/include/custom_msgs/custom_msgs/msg/detail/gyro_data__functions.h
[0.930s] -- Up-to-date: /home/rosbot/ros2_ws/install/custom_msgs/include/custom_msgs/custom_msgs/msg/detail/accel_data__description.c
[0.930s] -- Up-to-date: /home/rosbot/ros2_ws/install/custom_msgs/include/custom_msgs/custom_msgs/msg/detail/accel_data__struct.h
[0.930s] -- Installing: /home/rosbot/ros2_ws/install/custom_msgs/include/custom_msgs/custom_msgs/msg/detail/imu_data__type_support.c
[0.930s] -- Up-to-date: /home/rosbot/ros2_ws/install/custom_msgs/include/custom_msgs/custom_msgs/msg/detail/imu_data__struct.h
[0.930s] -- Up-to-date: /home/rosbot/ros2_ws/install/custom_msgs/include/custom_msgs/custom_msgs/msg/detail/possition_data__struct.h
[0.931s] -- Up-to-date: /home/rosbot/ros2_ws/install/custom_msgs/include/custom_msgs/custom_msgs/msg/detail/imu_data__functions.h
[0.931s] -- Up-to-date: /home/rosbot/ros2_ws/install/custom_msgs/include/custom_msgs/custom_msgs/msg/detail/data_xyz__type_support.h
[0.931s] -- Up-to-date: /home/rosbot/ros2_ws/install/custom_msgs/include/custom_msgs/custom_msgs/msg/detail/gyro_data__type_support.h
[0.931s] -- Up-to-date: /home/rosbot/ros2_ws/install/custom_msgs/include/custom_msgs/custom_msgs/msg/detail/speed_data__struct.h
[0.931s] -- Installing: /home/rosbot/ros2_ws/install/custom_msgs/include/custom_msgs/custom_msgs/msg/detail/data_xyz__type_support.c
[0.931s] -- Up-to-date: /home/rosbot/ros2_ws/install/custom_msgs/include/custom_msgs/custom_msgs/msg/detail/imu_data__functions.c
[0.931s] -- Up-to-date: /home/rosbot/ros2_ws/install/custom_msgs/include/custom_msgs/custom_msgs/msg/detail/accel_data__type_support.h
[0.931s] -- Up-to-date: /home/rosbot/ros2_ws/install/custom_msgs/include/custom_msgs/custom_msgs/msg/detail/speed_data__type_support.h
[0.931s] -- Up-to-date: /home/rosbot/ros2_ws/install/custom_msgs/include/custom_msgs/custom_msgs/msg/detail/estimator_data__struct.h
[0.931s] -- Up-to-date: /home/rosbot/ros2_ws/install/custom_msgs/include/custom_msgs/custom_msgs/msg/detail/imu_data__description.c
[0.932s] -- Up-to-date: /home/rosbot/ros2_ws/install/custom_msgs/include/custom_msgs/custom_msgs/msg/detail/data_xyz__description.c
[0.932s] -- Up-to-date: /home/rosbot/ros2_ws/install/custom_msgs/include/custom_msgs/custom_msgs/msg/possition_data.h
[0.932s] -- Up-to-date: /home/rosbot/ros2_ws/install/custom_msgs/share/custom_msgs/environment/library_path.sh
[0.932s] -- Up-to-date: /home/rosbot/ros2_ws/install/custom_msgs/share/custom_msgs/environment/library_path.dsv
[0.932s] -- Up-to-date: /home/rosbot/ros2_ws/install/custom_msgs/lib/libcustom_msgs__rosidl_generator_c.so
[0.932s] -- Up-to-date: /home/rosbot/ros2_ws/install/custom_msgs/include/custom_msgs/custom_msgs
[0.932s] -- Up-to-date: /home/rosbot/ros2_ws/install/custom_msgs/include/custom_msgs/custom_msgs/msg
[0.932s] -- Up-to-date: /home/rosbot/ros2_ws/install/custom_msgs/include/custom_msgs/custom_msgs/msg/rosidl_typesupport_fastrtps_c__visibility_control.h
[0.932s] -- Up-to-date: /home/rosbot/ros2_ws/install/custom_msgs/include/custom_msgs/custom_msgs/msg/detail
[0.932s] -- Up-to-date: /home/rosbot/ros2_ws/install/custom_msgs/include/custom_msgs/custom_msgs/msg/detail/possition_data__rosidl_typesupport_fastrtps_c.h
[0.933s] -- Up-to-date: /home/rosbot/ros2_ws/install/custom_msgs/include/custom_msgs/custom_msgs/msg/detail/imu_data__rosidl_typesupport_fastrtps_c.h
[0.933s] -- Up-to-date: /home/rosbot/ros2_ws/install/custom_msgs/include/custom_msgs/custom_msgs/msg/detail/data_xyz__rosidl_typesupport_fastrtps_c.h
[0.933s] -- Up-to-date: /home/rosbot/ros2_ws/install/custom_msgs/include/custom_msgs/custom_msgs/msg/detail/speed_data__rosidl_typesupport_fastrtps_c.h
[0.933s] -- Up-to-date: /home/rosbot/ros2_ws/install/custom_msgs/include/custom_msgs/custom_msgs/msg/detail/accel_data__rosidl_typesupport_fastrtps_c.h
[0.933s] -- Up-to-date: /home/rosbot/ros2_ws/install/custom_msgs/include/custom_msgs/custom_msgs/msg/detail/estimator_data__rosidl_typesupport_fastrtps_c.h
[0.933s] -- Up-to-date: /home/rosbot/ros2_ws/install/custom_msgs/include/custom_msgs/custom_msgs/msg/detail/gyro_data__rosidl_typesupport_fastrtps_c.h
[0.933s] -- Up-to-date: /home/rosbot/ros2_ws/install/custom_msgs/lib/libcustom_msgs__rosidl_typesupport_fastrtps_c.so
[0.933s] -- Up-to-date: /home/rosbot/ros2_ws/install/custom_msgs/include/custom_msgs/custom_msgs
[0.933s] -- Up-to-date: /home/rosbot/ros2_ws/install/custom_msgs/include/custom_msgs/custom_msgs/msg
[0.933s] -- Up-to-date: /home/rosbot/ros2_ws/install/custom_msgs/include/custom_msgs/custom_msgs/msg/detail
[0.934s] -- Up-to-date: /home/rosbot/ros2_ws/install/custom_msgs/include/custom_msgs/custom_msgs/msg/detail/possition_data__rosidl_typesupport_introspection_c.h
[0.934s] -- Installing: /home/rosbot/ros2_ws/install/custom_msgs/include/custom_msgs/custom_msgs/msg/detail/gyro_data__type_support.c
[0.934s] -- Installing: /home/rosbot/ros2_ws/install/custom_msgs/include/custom_msgs/custom_msgs/msg/detail/speed_data__type_support.c
[0.934s] -- Up-to-date: /home/rosbot/ros2_ws/install/custom_msgs/include/custom_msgs/custom_msgs/msg/detail/gyro_data__rosidl_typesupport_introspection_c.h
[0.934s] -- Installing: /home/rosbot/ros2_ws/install/custom_msgs/include/custom_msgs/custom_msgs/msg/detail/accel_data__type_support.c
[0.934s] -- Up-to-date: /home/rosbot/ros2_ws/install/custom_msgs/include/custom_msgs/custom_msgs/msg/detail/imu_data__rosidl_typesupport_introspection_c.h
[0.934s] -- Up-to-date: /home/rosbot/ros2_ws/install/custom_msgs/include/custom_msgs/custom_msgs/msg/detail/estimator_data__rosidl_typesupport_introspection_c.h
[0.934s] -- Installing: /home/rosbot/ros2_ws/install/custom_msgs/include/custom_msgs/custom_msgs/msg/detail/estimator_data__type_support.c
[0.934s] -- Installing: /home/rosbot/ros2_ws/install/custom_msgs/include/custom_msgs/custom_msgs/msg/detail/possition_data__type_support.c
[0.934s] -- Up-to-date: /home/rosbot/ros2_ws/install/custom_msgs/include/custom_msgs/custom_msgs/msg/detail/speed_data__rosidl_typesupport_introspection_c.h
[0.934s] -- Installing: /home/rosbot/ros2_ws/install/custom_msgs/include/custom_msgs/custom_msgs/msg/detail/imu_data__type_support.c
[0.934s] -- Up-to-date: /home/rosbot/ros2_ws/install/custom_msgs/include/custom_msgs/custom_msgs/msg/detail/data_xyz__rosidl_typesupport_introspection_c.h
[0.935s] -- Installing: /home/rosbot/ros2_ws/install/custom_msgs/include/custom_msgs/custom_msgs/msg/detail/data_xyz__type_support.c
[0.935s] -- Up-to-date: /home/rosbot/ros2_ws/install/custom_msgs/include/custom_msgs/custom_msgs/msg/detail/accel_data__rosidl_typesupport_introspection_c.h
[0.935s] -- Up-to-date: /home/rosbot/ros2_ws/install/custom_msgs/include/custom_msgs/custom_msgs/msg/rosidl_typesupport_introspection_c__visibility_control.h
[0.935s] -- Up-to-date: /home/rosbot/ros2_ws/install/custom_msgs/lib/libcustom_msgs__rosidl_typesupport_introspection_c.so
[0.935s] -- Up-to-date: /home/rosbot/ros2_ws/install/custom_msgs/lib/libcustom_msgs__rosidl_typesupport_c.so
[0.935s] -- Up-to-date: /home/rosbot/ros2_ws/install/custom_msgs/include/custom_msgs/custom_msgs
[0.935s] -- Up-to-date: /home/rosbot/ros2_ws/install/custom_msgs/include/custom_msgs/custom_msgs/msg
[0.935s] -- Up-to-date: /home/rosbot/ros2_ws/install/custom_msgs/include/custom_msgs/custom_msgs/msg/accel_data.hpp
[0.935s] -- Up-to-date: /home/rosbot/ros2_ws/install/custom_msgs/include/custom_msgs/custom_msgs/msg/rosidl_generator_cpp__visibility_control.hpp
[0.936s] -- Up-to-date: /home/rosbot/ros2_ws/install/custom_msgs/include/custom_msgs/custom_msgs/msg/imu_data.hpp
[0.936s] -- Up-to-date: /home/rosbot/ros2_ws/install/custom_msgs/include/custom_msgs/custom_msgs/msg/possition_data.hpp
[0.936s] -- Up-to-date: /home/rosbot/ros2_ws/install/custom_msgs/include/custom_msgs/custom_msgs/msg/gyro_data.hpp
[0.936s] -- Up-to-date: /home/rosbot/ros2_ws/install/custom_msgs/include/custom_msgs/custom_msgs/msg/data_xyz.hpp
[0.936s] -- Up-to-date: /home/rosbot/ros2_ws/install/custom_msgs/include/custom_msgs/custom_msgs/msg/detail
[0.936s] -- Up-to-date: /home/rosbot/ros2_ws/install/custom_msgs/include/custom_msgs/custom_msgs/msg/detail/possition_data__type_support.hpp
[0.936s] -- Up-to-date: /home/rosbot/ros2_ws/install/custom_msgs/include/custom_msgs/custom_msgs/msg/detail/possition_data__traits.hpp
[0.936s] -- Up-to-date: /home/rosbot/ros2_ws/install/custom_msgs/include/custom_msgs/custom_msgs/msg/detail/data_xyz__builder.hpp
[0.938s] -- Up-to-date: /home/rosbot/ros2_ws/install/custom_msgs/include/custom_msgs/custom_msgs/msg/detail/gyro_data__struct.hpp
[0.940s] -- Up-to-date: /home/rosbot/ros2_ws/install/custom_msgs/include/custom_msgs/custom_msgs/msg/detail/accel_data__type_support.hpp
[0.940s] -- Up-to-date: /home/rosbot/ros2_ws/install/custom_msgs/include/custom_msgs/custom_msgs/msg/detail/accel_data__traits.hpp
[0.940s] -- Up-to-date: /home/rosbot/ros2_ws/install/custom_msgs/include/custom_msgs/custom_msgs/msg/detail/speed_data__builder.hpp
[0.941s] -- Up-to-date: /home/rosbot/ros2_ws/install/custom_msgs/include/custom_msgs/custom_msgs/msg/detail/speed_data__struct.hpp
[0.941s] -- Up-to-date: /home/rosbot/ros2_ws/install/custom_msgs/include/custom_msgs/custom_msgs/msg/detail/imu_data__builder.hpp
[0.941s] -- Up-to-date: /home/rosbot/ros2_ws/install/custom_msgs/include/custom_msgs/custom_msgs/msg/detail/estimator_data__struct.hpp
[0.941s] -- Up-to-date: /home/rosbot/ros2_ws/install/custom_msgs/include/custom_msgs/custom_msgs/msg/detail/gyro_data__builder.hpp
[0.941s] -- Up-to-date: /home/rosbot/ros2_ws/install/custom_msgs/include/custom_msgs/custom_msgs/msg/detail/imu_data__traits.hpp
[0.941s] -- Up-to-date: /home/rosbot/ros2_ws/install/custom_msgs/include/custom_msgs/custom_msgs/msg/detail/possition_data__struct.hpp
[0.941s] -- Up-to-date: /home/rosbot/ros2_ws/install/custom_msgs/include/custom_msgs/custom_msgs/msg/detail/possition_data__builder.hpp
[0.941s] -- Up-to-date: /home/rosbot/ros2_ws/install/custom_msgs/include/custom_msgs/custom_msgs/msg/detail/gyro_data__type_support.hpp
[0.941s] -- Up-to-date: /home/rosbot/ros2_ws/install/custom_msgs/include/custom_msgs/custom_msgs/msg/detail/data_xyz__struct.hpp
[0.941s] -- Up-to-date: /home/rosbot/ros2_ws/install/custom_msgs/include/custom_msgs/custom_msgs/msg/detail/speed_data__type_support.hpp
[0.941s] -- Up-to-date: /home/rosbot/ros2_ws/install/custom_msgs/include/custom_msgs/custom_msgs/msg/detail/data_xyz__traits.hpp
[0.941s] -- Up-to-date: /home/rosbot/ros2_ws/install/custom_msgs/include/custom_msgs/custom_msgs/msg/detail/estimator_data__builder.hpp
[0.941s] -- Up-to-date: /home/rosbot/ros2_ws/install/custom_msgs/include/custom_msgs/custom_msgs/msg/detail/data_xyz__type_support.hpp
[0.942s] -- Up-to-date: /home/rosbot/ros2_ws/install/custom_msgs/include/custom_msgs/custom_msgs/msg/detail/estimator_data__type_support.hpp
[0.942s] -- Up-to-date: /home/rosbot/ros2_ws/install/custom_msgs/include/custom_msgs/custom_msgs/msg/detail/accel_data__builder.hpp
[0.942s] -- Up-to-date: /home/rosbot/ros2_ws/install/custom_msgs/include/custom_msgs/custom_msgs/msg/detail/accel_data__struct.hpp
[0.942s] -- Up-to-date: /home/rosbot/ros2_ws/install/custom_msgs/include/custom_msgs/custom_msgs/msg/detail/estimator_data__traits.hpp
[0.942s] -- Up-to-date: /home/rosbot/ros2_ws/install/custom_msgs/include/custom_msgs/custom_msgs/msg/detail/gyro_data__traits.hpp
[0.942s] -- Up-to-date: /home/rosbot/ros2_ws/install/custom_msgs/include/custom_msgs/custom_msgs/msg/detail/imu_data__struct.hpp
[0.942s] -- Up-to-date: /home/rosbot/ros2_ws/install/custom_msgs/include/custom_msgs/custom_msgs/msg/detail/speed_data__traits.hpp
[0.942s] -- Up-to-date: /home/rosbot/ros2_ws/install/custom_msgs/include/custom_msgs/custom_msgs/msg/detail/imu_data__type_support.hpp
[0.942s] -- Up-to-date: /home/rosbot/ros2_ws/install/custom_msgs/include/custom_msgs/custom_msgs/msg/estimator_data.hpp
[0.942s] -- Up-to-date: /home/rosbot/ros2_ws/install/custom_msgs/include/custom_msgs/custom_msgs/msg/speed_data.hpp
[0.942s] -- Up-to-date: /home/rosbot/ros2_ws/install/custom_msgs/include/custom_msgs/custom_msgs
[0.942s] -- Up-to-date: /home/rosbot/ros2_ws/install/custom_msgs/include/custom_msgs/custom_msgs/msg
[0.943s] -- Up-to-date: /home/rosbot/ros2_ws/install/custom_msgs/include/custom_msgs/custom_msgs/msg/rosidl_typesupport_fastrtps_cpp__visibility_control.h
[0.943s] -- Up-to-date: /home/rosbot/ros2_ws/install/custom_msgs/include/custom_msgs/custom_msgs/msg/detail
[0.943s] -- Up-to-date: /home/rosbot/ros2_ws/install/custom_msgs/include/custom_msgs/custom_msgs/msg/detail/data_xyz__rosidl_typesupport_fastrtps_cpp.hpp
[0.943s] -- Up-to-date: /home/rosbot/ros2_ws/install/custom_msgs/include/custom_msgs/custom_msgs/msg/detail/accel_data__rosidl_typesupport_fastrtps_cpp.hpp
[0.943s] -- Up-to-date: /home/rosbot/ros2_ws/install/custom_msgs/include/custom_msgs/custom_msgs/msg/detail/speed_data__rosidl_typesupport_fastrtps_cpp.hpp
[0.943s] -- Up-to-date: /home/rosbot/ros2_ws/install/custom_msgs/include/custom_msgs/custom_msgs/msg/detail/dds_fastrtps
[0.943s] -- Up-to-date: /home/rosbot/ros2_ws/install/custom_msgs/include/custom_msgs/custom_msgs/msg/detail/imu_data__rosidl_typesupport_fastrtps_cpp.hpp
[0.943s] -- Up-to-date: /home/rosbot/ros2_ws/install/custom_msgs/include/custom_msgs/custom_msgs/msg/detail/possition_data__rosidl_typesupport_fastrtps_cpp.hpp
[0.943s] -- Up-to-date: /home/rosbot/ros2_ws/install/custom_msgs/include/custom_msgs/custom_msgs/msg/detail/gyro_data__rosidl_typesupport_fastrtps_cpp.hpp
[0.943s] -- Up-to-date: /home/rosbot/ros2_ws/install/custom_msgs/include/custom_msgs/custom_msgs/msg/detail/estimator_data__rosidl_typesupport_fastrtps_cpp.hpp
[0.944s] -- Up-to-date: /home/rosbot/ros2_ws/install/custom_msgs/lib/libcustom_msgs__rosidl_typesupport_fastrtps_cpp.so
[0.944s] -- Up-to-date: /home/rosbot/ros2_ws/install/custom_msgs/include/custom_msgs/custom_msgs
[0.944s] -- Up-to-date: /home/rosbot/ros2_ws/install/custom_msgs/include/custom_msgs/custom_msgs/msg
[0.944s] -- Up-to-date: /home/rosbot/ros2_ws/install/custom_msgs/include/custom_msgs/custom_msgs/msg/detail
[0.944s] -- Up-to-date: /home/rosbot/ros2_ws/install/custom_msgs/include/custom_msgs/custom_msgs/msg/detail/speed_data__type_support.cpp
[0.944s] -- Up-to-date: /home/rosbot/ros2_ws/install/custom_msgs/include/custom_msgs/custom_msgs/msg/detail/imu_data__rosidl_typesupport_introspection_cpp.hpp
[0.944s] -- Up-to-date: /home/rosbot/ros2_ws/install/custom_msgs/include/custom_msgs/custom_msgs/msg/detail/accel_data__rosidl_typesupport_introspection_cpp.hpp
[0.944s] -- Up-to-date: /home/rosbot/ros2_ws/install/custom_msgs/include/custom_msgs/custom_msgs/msg/detail/possition_data__type_support.cpp
[0.944s] -- Up-to-date: /home/rosbot/ros2_ws/install/custom_msgs/include/custom_msgs/custom_msgs/msg/detail/speed_data__rosidl_typesupport_introspection_cpp.hpp
[0.944s] -- Up-to-date: /home/rosbot/ros2_ws/install/custom_msgs/include/custom_msgs/custom_msgs/msg/detail/gyro_data__rosidl_typesupport_introspection_cpp.hpp
[0.945s] -- Up-to-date: /home/rosbot/ros2_ws/install/custom_msgs/include/custom_msgs/custom_msgs/msg/detail/estimator_data__type_support.cpp
[0.945s] -- Up-to-date: /home/rosbot/ros2_ws/install/custom_msgs/include/custom_msgs/custom_msgs/msg/detail/imu_data__type_support.cpp
[0.945s] -- Up-to-date: /home/rosbot/ros2_ws/install/custom_msgs/include/custom_msgs/custom_msgs/msg/detail/estimator_data__rosidl_typesupport_introspection_cpp.hpp
[0.945s] -- Up-to-date: /home/rosbot/ros2_ws/install/custom_msgs/include/custom_msgs/custom_msgs/msg/detail/accel_data__type_support.cpp
[0.945s] -- Up-to-date: /home/rosbot/ros2_ws/install/custom_msgs/include/custom_msgs/custom_msgs/msg/detail/gyro_data__type_support.cpp
[0.945s] -- Up-to-date: /home/rosbot/ros2_ws/install/custom_msgs/include/custom_msgs/custom_msgs/msg/detail/data_xyz__type_support.cpp
[0.945s] -- Up-to-date: /home/rosbot/ros2_ws/install/custom_msgs/include/custom_msgs/custom_msgs/msg/detail/data_xyz__rosidl_typesupport_introspection_cpp.hpp
[0.945s] -- Up-to-date: /home/rosbot/ros2_ws/install/custom_msgs/include/custom_msgs/custom_msgs/msg/detail/possition_data__rosidl_typesupport_introspection_cpp.hpp
[0.945s] -- Up-to-date: /home/rosbot/ros2_ws/install/custom_msgs/lib/libcustom_msgs__rosidl_typesupport_introspection_cpp.so
[0.946s] -- Up-to-date: /home/rosbot/ros2_ws/install/custom_msgs/lib/libcustom_msgs__rosidl_typesupport_cpp.so
[0.946s] -- Up-to-date: /home/rosbot/ros2_ws/install/custom_msgs/share/custom_msgs/environment/pythonpath.sh
[0.946s] -- Up-to-date: /home/rosbot/ros2_ws/install/custom_msgs/share/custom_msgs/environment/pythonpath.dsv
[0.946s] -- Up-to-date: /home/rosbot/ros2_ws/install/custom_msgs/lib/python3.12/site-packages/custom_msgs-0.0.0-py3.12.egg-info
[0.946s] -- Installing: /home/rosbot/ros2_ws/install/custom_msgs/lib/python3.12/site-packages/custom_msgs-0.0.0-py3.12.egg-info/SOURCES.txt
[0.946s] -- Installing: /home/rosbot/ros2_ws/install/custom_msgs/lib/python3.12/site-packages/custom_msgs-0.0.0-py3.12.egg-info/top_level.txt
[0.946s] -- Installing: /home/rosbot/ros2_ws/install/custom_msgs/lib/python3.12/site-packages/custom_msgs-0.0.0-py3.12.egg-info/PKG-INFO
[0.946s] -- Installing: /home/rosbot/ros2_ws/install/custom_msgs/lib/python3.12/site-packages/custom_msgs-0.0.0-py3.12.egg-info/dependency_links.txt
[0.946s] -- Up-to-date: /home/rosbot/ros2_ws/install/custom_msgs/lib/python3.12/site-packages/custom_msgs
[0.946s] -- Up-to-date: /home/rosbot/ros2_ws/install/custom_msgs/lib/python3.12/site-packages/custom_msgs/custom_msgs_s__rosidl_typesupport_fastrtps_c.so
[0.946s] -- Up-to-date: /home/rosbot/ros2_ws/install/custom_msgs/lib/python3.12/site-packages/custom_msgs/_custom_msgs_s.ep.rosidl_typesupport_c.c
[0.946s] -- Up-to-date: /home/rosbot/ros2_ws/install/custom_msgs/lib/python3.12/site-packages/custom_msgs/msg
[0.946s] -- Up-to-date: /home/rosbot/ros2_ws/install/custom_msgs/lib/python3.12/site-packages/custom_msgs/msg/_estimator_data_s.c
[0.947s] -- Up-to-date: /home/rosbot/ros2_ws/install/custom_msgs/lib/python3.12/site-packages/custom_msgs/msg/_data_xyz_s.c
[0.947s] -- Up-to-date: /home/rosbot/ros2_ws/install/custom_msgs/lib/python3.12/site-packages/custom_msgs/msg/_possition_data.py
[0.947s] -- Up-to-date: /home/rosbot/ros2_ws/install/custom_msgs/lib/python3.12/site-packages/custom_msgs/msg/_accel_data_s.c
[0.947s] -- Up-to-date: /home/rosbot/ros2_ws/install/custom_msgs/lib/python3.12/site-packages/custom_msgs/msg/_possition_data_s.c
[0.947s] -- Up-to-date: /home/rosbot/ros2_ws/install/custom_msgs/lib/python3.12/site-packages/custom_msgs/msg/_imu_data_s.c
[0.947s] -- Up-to-date: /home/rosbot/ros2_ws/install/custom_msgs/lib/python3.12/site-packages/custom_msgs/msg/_estimator_data.py
[0.947s] -- Up-to-date: /home/rosbot/ros2_ws/install/custom_msgs/lib/python3.12/site-packages/custom_msgs/msg/_speed_data_s.c
[0.947s] -- Up-to-date: /home/rosbot/ros2_ws/install/custom_msgs/lib/python3.12/site-packages/custom_msgs/msg/__init__.py
[0.947s] -- Up-to-date: /home/rosbot/ros2_ws/install/custom_msgs/lib/python3.12/site-packages/custom_msgs/msg/_accel_data.py
[0.947s] -- Up-to-date: /home/rosbot/ros2_ws/install/custom_msgs/lib/python3.12/site-packages/custom_msgs/msg/_speed_data.py
[0.947s] -- Up-to-date: /home/rosbot/ros2_ws/install/custom_msgs/lib/python3.12/site-packages/custom_msgs/msg/_gyro_data.py
[0.947s] -- Up-to-date: /home/rosbot/ros2_ws/install/custom_msgs/lib/python3.12/site-packages/custom_msgs/msg/_imu_data.py
[0.948s] -- Up-to-date: /home/rosbot/ros2_ws/install/custom_msgs/lib/python3.12/site-packages/custom_msgs/msg/_gyro_data_s.c
[0.948s] -- Up-to-date: /home/rosbot/ros2_ws/install/custom_msgs/lib/python3.12/site-packages/custom_msgs/msg/_data_xyz.py
[0.948s] -- Up-to-date: /home/rosbot/ros2_ws/install/custom_msgs/lib/python3.12/site-packages/custom_msgs/_custom_msgs_s.ep.rosidl_typesupport_introspection_c.c
[0.948s] -- Up-to-date: /home/rosbot/ros2_ws/install/custom_msgs/lib/python3.12/site-packages/custom_msgs/custom_msgs_s__rosidl_typesupport_introspection_c.so
[0.948s] -- Up-to-date: /home/rosbot/ros2_ws/install/custom_msgs/lib/python3.12/site-packages/custom_msgs/custom_msgs_s__rosidl_typesupport_c.so
[0.948s] -- Up-to-date: /home/rosbot/ros2_ws/install/custom_msgs/lib/python3.12/site-packages/custom_msgs/_custom_msgs_s.ep.rosidl_typesupport_fastrtps_c.c
[0.948s] -- Up-to-date: /home/rosbot/ros2_ws/install/custom_msgs/lib/python3.12/site-packages/custom_msgs/__init__.py
[0.999s] Listing '/home/rosbot/ros2_ws/install/custom_msgs/lib/python3.12/site-packages/custom_msgs'...
[0.999s] Listing '/home/rosbot/ros2_ws/install/custom_msgs/lib/python3.12/site-packages/custom_msgs/msg'...
[1.018s] -- Up-to-date: /home/rosbot/ros2_ws/install/custom_msgs/lib/python3.12/site-packages/custom_msgs/custom_msgs_s__rosidl_typesupport_fastrtps_c.so
[1.018s] -- Up-to-date: /home/rosbot/ros2_ws/install/custom_msgs/lib/python3.12/site-packages/custom_msgs/custom_msgs_s__rosidl_typesupport_introspection_c.so
[1.018s] -- Up-to-date: /home/rosbot/ros2_ws/install/custom_msgs/lib/python3.12/site-packages/custom_msgs/custom_msgs_s__rosidl_typesupport_c.so
[1.018s] -- Up-to-date: /home/rosbot/ros2_ws/install/custom_msgs/lib/libcustom_msgs__rosidl_generator_py.so
[1.019s] -- Up-to-date: /home/rosbot/ros2_ws/install/custom_msgs/share/custom_msgs/msg/AccelData.idl
[1.020s] -- Up-to-date: /home/rosbot/ros2_ws/install/custom_msgs/share/custom_msgs/msg/GyroData.idl
[1.020s] -- Up-to-date: /home/rosbot/ros2_ws/install/custom_msgs/share/custom_msgs/msg/ImuData.idl
[1.020s] -- Up-to-date: /home/rosbot/ros2_ws/install/custom_msgs/share/custom_msgs/msg/EstimatorData.idl
[1.020s] -- Up-to-date: /home/rosbot/ros2_ws/install/custom_msgs/share/custom_msgs/msg/PossitionData.idl
[1.020s] -- Up-to-date: /home/rosbot/ros2_ws/install/custom_msgs/share/custom_msgs/msg/SpeedData.idl
[1.022s] -- Up-to-date: /home/rosbot/ros2_ws/install/custom_msgs/share/custom_msgs/msg/DataXYZ.idl
[1.023s] -- Up-to-date: /home/rosbot/ros2_ws/install/custom_msgs/share/custom_msgs/msg/AccelData.msg
[1.023s] -- Up-to-date: /home/rosbot/ros2_ws/install/custom_msgs/share/custom_msgs/msg/GyroData.msg
[1.023s] -- Up-to-date: /home/rosbot/ros2_ws/install/custom_msgs/share/custom_msgs/msg/ImuData.msg
[1.023s] -- Up-to-date: /home/rosbot/ros2_ws/install/custom_msgs/share/custom_msgs/msg/EstimatorData.msg
[1.023s] -- Up-to-date: /home/rosbot/ros2_ws/install/custom_msgs/share/custom_msgs/msg/PossitionData.msg
[1.023s] -- Up-to-date: /home/rosbot/ros2_ws/install/custom_msgs/share/custom_msgs/msg/SpeedData.msg
[1.023s] -- Up-to-date: /home/rosbot/ros2_ws/install/custom_msgs/share/custom_msgs/msg/DataXYZ.msg
[1.023s] -- Up-to-date: /home/rosbot/ros2_ws/install/custom_msgs/share/ament_index/resource_index/package_run_dependencies/custom_msgs
[1.024s] -- Up-to-date: /home/rosbot/ros2_ws/install/custom_msgs/share/ament_index/resource_index/parent_prefix_path/custom_msgs
[1.025s] -- Up-to-date: /home/rosbot/ros2_ws/install/custom_msgs/share/custom_msgs/environment/ament_prefix_path.sh
[1.025s] -- Up-to-date: /home/rosbot/ros2_ws/install/custom_msgs/share/custom_msgs/environment/ament_prefix_path.dsv
[1.025s] -- Up-to-date: /home/rosbot/ros2_ws/install/custom_msgs/share/custom_msgs/environment/path.sh
[1.025s] -- Up-to-date: /home/rosbot/ros2_ws/install/custom_msgs/share/custom_msgs/environment/path.dsv
[1.025s] -- Up-to-date: /home/rosbot/ros2_ws/install/custom_msgs/share/custom_msgs/local_setup.bash
[1.025s] -- Up-to-date: /home/rosbot/ros2_ws/install/custom_msgs/share/custom_msgs/local_setup.sh
[1.025s] -- Up-to-date: /home/rosbot/ros2_ws/install/custom_msgs/share/custom_msgs/local_setup.zsh
[1.025s] -- Up-to-date: /home/rosbot/ros2_ws/install/custom_msgs/share/custom_msgs/local_setup.dsv
[1.025s] -- Installing: /home/rosbot/ros2_ws/install/custom_msgs/share/custom_msgs/package.dsv
[1.026s] -- Up-to-date: /home/rosbot/ros2_ws/install/custom_msgs/share/ament_index/resource_index/packages/custom_msgs
[1.026s] -- Up-to-date: /home/rosbot/ros2_ws/install/custom_msgs/share/custom_msgs/cmake/export_custom_msgs__rosidl_generator_cExport.cmake
[1.026s] -- Up-to-date: /home/rosbot/ros2_ws/install/custom_msgs/share/custom_msgs/cmake/export_custom_msgs__rosidl_generator_cExport-noconfig.cmake
[1.026s] -- Up-to-date: /home/rosbot/ros2_ws/install/custom_msgs/share/custom_msgs/cmake/export_custom_msgs__rosidl_typesupport_fastrtps_cExport.cmake
[1.027s] -- Up-to-date: /home/rosbot/ros2_ws/install/custom_msgs/share/custom_msgs/cmake/export_custom_msgs__rosidl_typesupport_fastrtps_cExport-noconfig.cmake
[1.027s] -- Up-to-date: /home/rosbot/ros2_ws/install/custom_msgs/share/custom_msgs/cmake/custom_msgs__rosidl_typesupport_introspection_cExport.cmake
[1.027s] -- Up-to-date: /home/rosbot/ros2_ws/install/custom_msgs/share/custom_msgs/cmake/custom_msgs__rosidl_typesupport_introspection_cExport-noconfig.cmake
[1.027s] -- Up-to-date: /home/rosbot/ros2_ws/install/custom_msgs/share/custom_msgs/cmake/custom_msgs__rosidl_typesupport_cExport.cmake
[1.028s] -- Up-to-date: /home/rosbot/ros2_ws/install/custom_msgs/share/custom_msgs/cmake/custom_msgs__rosidl_typesupport_cExport-noconfig.cmake
[1.028s] -- Up-to-date: /home/rosbot/ros2_ws/install/custom_msgs/share/custom_msgs/cmake/export_custom_msgs__rosidl_generator_cppExport.cmake
[1.028s] -- Up-to-date: /home/rosbot/ros2_ws/install/custom_msgs/share/custom_msgs/cmake/export_custom_msgs__rosidl_typesupport_fastrtps_cppExport.cmake
[1.028s] -- Up-to-date: /home/rosbot/ros2_ws/install/custom_msgs/share/custom_msgs/cmake/export_custom_msgs__rosidl_typesupport_fastrtps_cppExport-noconfig.cmake
[1.028s] -- Up-to-date: /home/rosbot/ros2_ws/install/custom_msgs/share/custom_msgs/cmake/custom_msgs__rosidl_typesupport_introspection_cppExport.cmake
[1.028s] -- Up-to-date: /home/rosbot/ros2_ws/install/custom_msgs/share/custom_msgs/cmake/custom_msgs__rosidl_typesupport_introspection_cppExport-noconfig.cmake
[1.029s] -- Up-to-date: /home/rosbot/ros2_ws/install/custom_msgs/share/custom_msgs/cmake/custom_msgs__rosidl_typesupport_cppExport.cmake
[1.029s] -- Up-to-date: /home/rosbot/ros2_ws/install/custom_msgs/share/custom_msgs/cmake/custom_msgs__rosidl_typesupport_cppExport-noconfig.cmake
[1.029s] -- Up-to-date: /home/rosbot/ros2_ws/install/custom_msgs/share/custom_msgs/cmake/export_custom_msgs__rosidl_generator_pyExport.cmake
[1.029s] -- Up-to-date: /home/rosbot/ros2_ws/install/custom_msgs/share/custom_msgs/cmake/export_custom_msgs__rosidl_generator_pyExport-noconfig.cmake
[1.029s] -- Up-to-date: /home/rosbot/ros2_ws/install/custom_msgs/share/custom_msgs/cmake/rosidl_cmake-extras.cmake
[1.030s] -- Up-to-date: /home/rosbot/ros2_ws/install/custom_msgs/share/custom_msgs/cmake/ament_cmake_export_include_directories-extras.cmake
[1.030s] -- Up-to-date: /home/rosbot/ros2_ws/install/custom_msgs/share/custom_msgs/cmake/ament_cmake_export_libraries-extras.cmake
[1.030s] -- Up-to-date: /home/rosbot/ros2_ws/install/custom_msgs/share/custom_msgs/cmake/ament_cmake_export_targets-extras.cmake
[1.030s] -- Up-to-date: /home/rosbot/ros2_ws/install/custom_msgs/share/custom_msgs/cmake/rosidl_cmake_export_typesupport_targets-extras.cmake
[1.030s] -- Up-to-date: /home/rosbot/ros2_ws/install/custom_msgs/share/custom_msgs/cmake/ament_cmake_export_dependencies-extras.cmake
[1.030s] -- Up-to-date: /home/rosbot/ros2_ws/install/custom_msgs/share/custom_msgs/cmake/rosidl_cmake_export_typesupport_libraries-extras.cmake
[1.030s] -- Up-to-date: /home/rosbot/ros2_ws/install/custom_msgs/share/custom_msgs/cmake/custom_msgsConfig.cmake
[1.030s] -- Up-to-date: /home/rosbot/ros2_ws/install/custom_msgs/share/custom_msgs/cmake/custom_msgsConfig-version.cmake
[1.031s] -- Up-to-date: /home/rosbot/ros2_ws/install/custom_msgs/share/custom_msgs/package.xml
[1.035s] Invoked command in '/home/rosbot/ros2_ws/build/custom_msgs' returned '0': CMAKE_PREFIX_PATH=${CMAKE_PREFIX_PATH}:/home/rosbot/ros2_ws/install/my_py_pkg:/home/rosbot/ros2_ws/install/flight_controller_pkg:/home/rosbot/ros2_ws/install/flask_pkg:/home/rosbot/ros2_ws/install/estimator_pkg:/opt/ros/jazzy PS1=(venv) \[\e]0;\u@\h: \w\a\]${debian_chroot:+($debian_chroot)}\u@\h:\w\$ VIRTUAL_ENV_PROMPT=(venv) /usr/bin/cmake --install /home/rosbot/ros2_ws/build/custom_msgs
