[1.245s] Invoking command in '/home/rosbot/ros2_ws/src/flight_controller_pkg': AMENT_PREFIX_PATH=/home/rosbot/ros2_ws/install/custom_msgs:${AMENT_PREFIX_PATH} CMAKE_PREFIX_PATH=/home/rosbot/ros2_ws/install/custom_msgs:${CMAKE_PREFIX_PATH} LD_LIBRARY_PATH=/home/rosbot/ros2_ws/install/custom_msgs/lib:${LD_LIBRARY_PATH} PS1=(venv) \[\e]0;\u@\h: \w\a\]${debian_chroot:+($debian_chroot)}\u@\h:\w\$ PYTHONPATH=/home/rosbot/ros2_ws/build/flight_controller_pkg/prefix_override:/usr/lib/python3/dist-packages/colcon_core/task/python/colcon_distutils_commands:/home/rosbot/ros2_ws/install/flight_controller_pkg/lib/python3.12/site-packages:/home/rosbot/ros2_ws/install/custom_msgs/lib/python3.12/site-packages:${PYTHONPATH} VIRTUAL_ENV_PROMPT=(venv) /usr/bin/python3 -W ignore:setup.py install is deprecated -W ignore:easy_install command is deprecated setup.py egg_info --egg-base ../../build/flight_controller_pkg build --build-base /home/rosbot/ros2_ws/build/flight_controller_pkg/build install --record /home/rosbot/ros2_ws/build/flight_controller_pkg/install.log --single-version-externally-managed install_data
[1.614s] running egg_info
[1.639s] writing ../../build/flight_controller_pkg/flight_controller_pkg.egg-info/PKG-INFO
[1.639s] writing dependency_links to ../../build/flight_controller_pkg/flight_controller_pkg.egg-info/dependency_links.txt
[1.640s] writing entry points to ../../build/flight_controller_pkg/flight_controller_pkg.egg-info/entry_points.txt
[1.641s] writing requirements to ../../build/flight_controller_pkg/flight_controller_pkg.egg-info/requires.txt
[1.642s] writing top-level names to ../../build/flight_controller_pkg/flight_controller_pkg.egg-info/top_level.txt
[1.695s] reading manifest file '../../build/flight_controller_pkg/flight_controller_pkg.egg-info/SOURCES.txt'
[1.696s] writing manifest file '../../build/flight_controller_pkg/flight_controller_pkg.egg-info/SOURCES.txt'
[1.696s] running build
[1.696s] running build_py
[1.696s] copying flight_controller_pkg/imu_reader.py -> /home/rosbot/ros2_ws/build/flight_controller_pkg/build/lib/flight_controller_pkg
[1.697s] running install
[1.706s] running install_lib
[1.732s] copying /home/rosbot/ros2_ws/build/flight_controller_pkg/build/lib/flight_controller_pkg/imu_reader.py -> /home/rosbot/ros2_ws/install/flight_controller_pkg/lib/python3.12/site-packages/flight_controller_pkg
[1.733s] byte-compiling /home/rosbot/ros2_ws/install/flight_controller_pkg/lib/python3.12/site-packages/flight_controller_pkg/imu_reader.py to imu_reader.cpython-312.pyc
[1.734s] running install_data
[1.735s] running install_egg_info
[1.762s] removing '/home/rosbot/ros2_ws/install/flight_controller_pkg/lib/python3.12/site-packages/flight_controller_pkg-0.0.0-py3.12.egg-info' (and everything under it)
[1.763s] Copying ../../build/flight_controller_pkg/flight_controller_pkg.egg-info to /home/rosbot/ros2_ws/install/flight_controller_pkg/lib/python3.12/site-packages/flight_controller_pkg-0.0.0-py3.12.egg-info
[1.764s] running install_scripts
[1.944s] Installing IMU_node script to /home/rosbot/ros2_ws/install/flight_controller_pkg/lib/flight_controller_pkg
[1.944s] writing list of installed files to '/home/rosbot/ros2_ws/build/flight_controller_pkg/install.log'
[2.025s] Invoked command in '/home/rosbot/ros2_ws/src/flight_controller_pkg' returned '0': AMENT_PREFIX_PATH=/home/rosbot/ros2_ws/install/custom_msgs:${AMENT_PREFIX_PATH} CMAKE_PREFIX_PATH=/home/rosbot/ros2_ws/install/custom_msgs:${CMAKE_PREFIX_PATH} LD_LIBRARY_PATH=/home/rosbot/ros2_ws/install/custom_msgs/lib:${LD_LIBRARY_PATH} PS1=(venv) \[\e]0;\u@\h: \w\a\]${debian_chroot:+($debian_chroot)}\u@\h:\w\$ PYTHONPATH=/home/rosbot/ros2_ws/build/flight_controller_pkg/prefix_override:/usr/lib/python3/dist-packages/colcon_core/task/python/colcon_distutils_commands:/home/rosbot/ros2_ws/install/flight_controller_pkg/lib/python3.12/site-packages:/home/rosbot/ros2_ws/install/custom_msgs/lib/python3.12/site-packages:${PYTHONPATH} VIRTUAL_ENV_PROMPT=(venv) /usr/bin/python3 -W ignore:setup.py install is deprecated -W ignore:easy_install command is deprecated setup.py egg_info --egg-base ../../build/flight_controller_pkg build --build-base /home/rosbot/ros2_ws/build/flight_controller_pkg/build install --record /home/rosbot/ros2_ws/build/flight_controller_pkg/install.log --single-version-externally-managed install_data
