[2.242s] Invoking command in '/home/rosbot/ros2_ws/src/estimator_pkg': CMAKE_PREFIX_PATH=/home/rosbot/ros2_ws/install/custom_msgs:/home/rosbot/ros2_ws/install/my_cpp_pkg:/opt/ros/jazzy/opt/gz_math_vendor:/opt/ros/jazzy/opt/gz_utils_vendor:/opt/ros/jazzy/opt/gz_cmake_vendor PS1=(venv) \[\e]0;\u@\h: \w\a\]${debian_chroot:+($debian_chroot)}\u@\h:\w\$ PYTHONPATH=/home/rosbot/ros2_ws/build/estimator_pkg/prefix_override:/usr/lib/python3/dist-packages/colcon_core/task/python/colcon_distutils_commands:/home/rosbot/ros2_ws/install/estimator_pkg/lib/python3.12/site-packages:/home/rosbot/ros2_ws/install/custom_msgs/lib/python3.12/site-packages:/home/rosbot/ros2_ws/install/my_py_pkg/lib/python3.12/site-packages:/home/rosbot/ros2_ws/install/flight_controller_pkg/lib/python3.12/site-packages:/home/rosbot/ros2_ws/install/flask_pkg/lib/python3.12/site-packages:/opt/ros/jazzy/lib/python3.12/site-packages VIRTUAL_ENV_PROMPT=(venv) /usr/bin/python3 -W ignore:setup.py install is deprecated -W ignore:easy_install command is deprecated setup.py egg_info --egg-base ../../build/estimator_pkg build --build-base /home/rosbot/ros2_ws/build/estimator_pkg/build install --record /home/rosbot/ros2_ws/build/estimator_pkg/install.log --single-version-externally-managed install_data
[2.652s] running egg_info
[2.677s] writing ../../build/estimator_pkg/estimator_pkg.egg-info/PKG-INFO
[2.678s] writing dependency_links to ../../build/estimator_pkg/estimator_pkg.egg-info/dependency_links.txt
[2.679s] writing entry points to ../../build/estimator_pkg/estimator_pkg.egg-info/entry_points.txt
[2.682s] writing requirements to ../../build/estimator_pkg/estimator_pkg.egg-info/requires.txt
[2.683s] writing top-level names to ../../build/estimator_pkg/estimator_pkg.egg-info/top_level.txt
[2.738s] reading manifest file '../../build/estimator_pkg/estimator_pkg.egg-info/SOURCES.txt'
[2.739s] writing manifest file '../../build/estimator_pkg/estimator_pkg.egg-info/SOURCES.txt'
[2.739s] running build
[2.740s] running build_py
[2.740s] copying estimator_pkg/Estymator G.py -> /home/rosbot/ros2_ws/build/estimator_pkg/build/lib/estimator_pkg
[2.740s] copying estimator_pkg/estimator_node.py -> /home/rosbot/ros2_ws/build/estimator_pkg/build/lib/estimator_pkg
[2.741s] running install
[2.750s] running install_lib
[2.778s] copying /home/rosbot/ros2_ws/build/estimator_pkg/build/lib/estimator_pkg/Estymator G.py -> /home/rosbot/ros2_ws/install/estimator_pkg/lib/python3.12/site-packages/estimator_pkg
[2.778s] copying /home/rosbot/ros2_ws/build/estimator_pkg/build/lib/estimator_pkg/estimator_node.py -> /home/rosbot/ros2_ws/install/estimator_pkg/lib/python3.12/site-packages/estimator_pkg
[2.779s] byte-compiling /home/rosbot/ros2_ws/install/estimator_pkg/lib/python3.12/site-packages/estimator_pkg/Estymator G.py to Estymator G.cpython-312.pyc
[2.785s] byte-compiling /home/rosbot/ros2_ws/install/estimator_pkg/lib/python3.12/site-packages/estimator_pkg/estimator_node.py to estimator_node.cpython-312.pyc
[2.787s] running install_data
[2.787s] copying package.xml -> /home/rosbot/ros2_ws/install/estimator_pkg/share/estimator_pkg
[2.788s] running install_egg_info
[2.816s] removing '/home/rosbot/ros2_ws/install/estimator_pkg/lib/python3.12/site-packages/estimator_pkg-0.0.0-py3.12.egg-info' (and everything under it)
[2.817s] Copying ../../build/estimator_pkg/estimator_pkg.egg-info to /home/rosbot/ros2_ws/install/estimator_pkg/lib/python3.12/site-packages/estimator_pkg-0.0.0-py3.12.egg-info
[2.818s] running install_scripts
[3.019s] Installing estimator_node script to /home/rosbot/ros2_ws/install/estimator_pkg/lib/my_py_pkg
[3.019s] writing list of installed files to '/home/rosbot/ros2_ws/build/estimator_pkg/install.log'
[3.188s] Invoked command in '/home/rosbot/ros2_ws/src/estimator_pkg' returned '0': CMAKE_PREFIX_PATH=/home/rosbot/ros2_ws/install/custom_msgs:/home/rosbot/ros2_ws/install/my_cpp_pkg:/opt/ros/jazzy/opt/gz_math_vendor:/opt/ros/jazzy/opt/gz_utils_vendor:/opt/ros/jazzy/opt/gz_cmake_vendor PS1=(venv) \[\e]0;\u@\h: \w\a\]${debian_chroot:+($debian_chroot)}\u@\h:\w\$ PYTHONPATH=/home/rosbot/ros2_ws/build/estimator_pkg/prefix_override:/usr/lib/python3/dist-packages/colcon_core/task/python/colcon_distutils_commands:/home/rosbot/ros2_ws/install/estimator_pkg/lib/python3.12/site-packages:/home/rosbot/ros2_ws/install/custom_msgs/lib/python3.12/site-packages:/home/rosbot/ros2_ws/install/my_py_pkg/lib/python3.12/site-packages:/home/rosbot/ros2_ws/install/flight_controller_pkg/lib/python3.12/site-packages:/home/rosbot/ros2_ws/install/flask_pkg/lib/python3.12/site-packages:/opt/ros/jazzy/lib/python3.12/site-packages VIRTUAL_ENV_PROMPT=(venv) /usr/bin/python3 -W ignore:setup.py install is deprecated -W ignore:easy_install command is deprecated setup.py egg_info --egg-base ../../build/estimator_pkg build --build-base /home/rosbot/ros2_ws/build/estimator_pkg/build install --record /home/rosbot/ros2_ws/build/estimator_pkg/install.log --single-version-externally-managed install_data
