[0.030s] Invoking command in '/home/rosbot/ros2_ws/build/custom_msgs': CMAKE_PREFIX_PATH=${CMAKE_PREFIX_PATH}:/home/rosbot/ros2_ws/install/um7_pkg:/home/rosbot/ros2_ws/install/my_py_pkg:/home/rosbot/ros2_ws/install/log_data_pkg:/home/rosbot/ros2_ws/install/flight_controller_pkg:/home/rosbot/ros2_ws/install/flask_pkg:/home/rosbot/ros2_ws/install/estimator_pkg:/opt/ros/jazzy DEBUGINFOD_URLS=https://debuginfod.ubuntu.com PS1=(venv) \[\e]0;\u@\h: \w\a\]${debian_chroot:+($debian_chroot)}\u@\h:\w\$ VIRTUAL_ENV_PROMPT=(venv) /usr/bin/cmake --build /home/rosbot/ros2_ws/build/custom_msgs -- -j4 -l4
[0.131s] [  1%] Built target custom_msgs__rosidl_generator_type_description
[0.177s] [  1%] Built target ament_cmake_python_copy_custom_msgs
[0.193s] [ 25%] Built target custom_msgs__rosidl_generator_c
[0.198s] [ 26%] Built target custom_msgs__cpp
[0.261s] [ 36%] Built target custom_msgs__rosidl_typesupport_introspection_c
[0.270s] [ 45%] Built target custom_msgs__rosidl_typesupport_c
[0.274s] [ 55%] Built target custom_msgs__rosidl_typesupport_fastrtps_c
[0.323s] [ 64%] Built target custom_msgs__rosidl_typesupport_fastrtps_cpp
[0.336s] [ 74%] Built target custom_msgs__rosidl_typesupport_cpp
[0.342s] [ 84%] Built target custom_msgs__rosidl_typesupport_introspection_cpp
[0.378s] [ 84%] Built target custom_msgs
[0.416s] [ 85%] Built target custom_msgs__py
[0.468s] [ 93%] Built target custom_msgs__rosidl_generator_py
[0.513s] [ 95%] Built target custom_msgs_s__rosidl_typesupport_fastrtps_c
[0.520s] [ 97%] Built target custom_msgs_s__rosidl_typesupport_c
[0.536s] [100%] Built target custom_msgs_s__rosidl_typesupport_introspection_c
[0.585s] running egg_info
[0.611s] writing custom_msgs.egg-info/PKG-INFO
[0.611s] writing dependency_links to custom_msgs.egg-info/dependency_links.txt
[0.613s] writing top-level names to custom_msgs.egg-info/top_level.txt
[0.686s] reading manifest file 'custom_msgs.egg-info/SOURCES.txt'
[0.687s] writing manifest file 'custom_msgs.egg-info/SOURCES.txt'
[0.756s] [100%] Built target ament_cmake_python_build_custom_msgs_egg
[0.779s] Invoked command in '/home/rosbot/ros2_ws/build/custom_msgs' returned '0': CMAKE_PREFIX_PATH=${CMAKE_PREFIX_PATH}:/home/rosbot/ros2_ws/install/um7_pkg:/home/rosbot/ros2_ws/install/my_py_pkg:/home/rosbot/ros2_ws/install/log_data_pkg:/home/rosbot/ros2_ws/install/flight_controller_pkg:/home/rosbot/ros2_ws/install/flask_pkg:/home/rosbot/ros2_ws/install/estimator_pkg:/opt/ros/jazzy DEBUGINFOD_URLS=https://debuginfod.ubuntu.com PS1=(venv) \[\e]0;\u@\h: \w\a\]${debian_chroot:+($debian_chroot)}\u@\h:\w\$ VIRTUAL_ENV_PROMPT=(venv) /usr/bin/cmake --build /home/rosbot/ros2_ws/build/custom_msgs -- -j4 -l4
[0.779s] Invoking command in '/home/rosbot/ros2_ws/build/custom_msgs': CMAKE_PREFIX_PATH=${CMAKE_PREFIX_PATH}:/home/rosbot/ros2_ws/install/um7_pkg:/home/rosbot/ros2_ws/install/my_py_pkg:/home/rosbot/ros2_ws/install/log_data_pkg:/home/rosbot/ros2_ws/install/flight_controller_pkg:/home/rosbot/ros2_ws/install/flask_pkg:/home/rosbot/ros2_ws/install/estimator_pkg:/opt/ros/jazzy DEBUGINFOD_URLS=https://debuginfod.ubuntu.com PS1=(venv) \[\e]0;\u@\h: \w\a\]${debian_chroot:+($debian_chroot)}\u@\h:\w\$ VIRTUAL_ENV_PROMPT=(venv) /usr/bin/cmake --install /home/rosbot/ros2_ws/build/custom_msgs
[0.793s] -- Install configuration: ""
[0.796s] -- Up-to-date: /home/rosbot/ros2_ws/install/custom_msgs/share/ament_index/resource_index/rosidl_interfaces/custom_msgs
[0.796s] -- Up-to-date: /home/rosbot/ros2_ws/install/custom_msgs/share/custom_msgs/msg/AccelData.json
[0.796s] -- Up-to-date: /home/rosbot/ros2_ws/install/custom_msgs/share/custom_msgs/msg/GyroData.json
[0.796s] -- Up-to-date: /home/rosbot/ros2_ws/install/custom_msgs/share/custom_msgs/msg/ImuData.json
[0.796s] -- Up-to-date: /home/rosbot/ros2_ws/install/custom_msgs/share/custom_msgs/msg/EstimatorData.json
[0.797s] -- Up-to-date: /home/rosbot/ros2_ws/install/custom_msgs/share/custom_msgs/msg/PossitionData.json
[0.797s] -- Up-to-date: /home/rosbot/ros2_ws/install/custom_msgs/share/custom_msgs/msg/SpeedData.json
[0.797s] -- Up-to-date: /home/rosbot/ros2_ws/install/custom_msgs/share/custom_msgs/msg/DataXYZ.json
[0.797s] -- Up-to-date: /home/rosbot/ros2_ws/install/custom_msgs/include/custom_msgs/custom_msgs
[0.797s] -- Up-to-date: /home/rosbot/ros2_ws/install/custom_msgs/include/custom_msgs/custom_msgs/msg
[0.797s] -- Up-to-date: /home/rosbot/ros2_ws/install/custom_msgs/include/custom_msgs/custom_msgs/msg/gyro_data.h
[0.797s] -- Up-to-date: /home/rosbot/ros2_ws/install/custom_msgs/include/custom_msgs/custom_msgs/msg/imu_data.h
[0.798s] -- Up-to-date: /home/rosbot/ros2_ws/install/custom_msgs/include/custom_msgs/custom_msgs/msg/data_xyz.h
[0.798s] -- Up-to-date: /home/rosbot/ros2_ws/install/custom_msgs/include/custom_msgs/custom_msgs/msg/possition_data.h
[0.798s] -- Up-to-date: /home/rosbot/ros2_ws/install/custom_msgs/include/custom_msgs/custom_msgs/msg/rosidl_generator_c__visibility_control.h
[0.798s] -- Up-to-date: /home/rosbot/ros2_ws/install/custom_msgs/include/custom_msgs/custom_msgs/msg/estimator_data.h
[0.798s] -- Up-to-date: /home/rosbot/ros2_ws/install/custom_msgs/include/custom_msgs/custom_msgs/msg/detail
[0.798s] -- Up-to-date: /home/rosbot/ros2_ws/install/custom_msgs/include/custom_msgs/custom_msgs/msg/detail/speed_data__description.c
[0.798s] -- Up-to-date: /home/rosbot/ros2_ws/install/custom_msgs/include/custom_msgs/custom_msgs/msg/detail/data_xyz__functions.c
[0.799s] -- Installing: /home/rosbot/ros2_ws/install/custom_msgs/include/custom_msgs/custom_msgs/msg/detail/imu_data__type_support.c
[0.799s] -- Up-to-date: /home/rosbot/ros2_ws/install/custom_msgs/include/custom_msgs/custom_msgs/msg/detail/estimator_data__functions.h
[0.799s] -- Up-to-date: /home/rosbot/ros2_ws/install/custom_msgs/include/custom_msgs/custom_msgs/msg/detail/data_xyz__functions.h
[0.799s] -- Up-to-date: /home/rosbot/ros2_ws/install/custom_msgs/include/custom_msgs/custom_msgs/msg/detail/imu_data__functions.h
[0.799s] -- Up-to-date: /home/rosbot/ros2_ws/install/custom_msgs/include/custom_msgs/custom_msgs/msg/detail/gyro_data__functions.c
[0.799s] -- Up-to-date: /home/rosbot/ros2_ws/install/custom_msgs/include/custom_msgs/custom_msgs/msg/detail/imu_data__struct.h
[0.799s] -- Up-to-date: /home/rosbot/ros2_ws/install/custom_msgs/include/custom_msgs/custom_msgs/msg/detail/imu_data__type_support.h
[0.799s] -- Up-to-date: /home/rosbot/ros2_ws/install/custom_msgs/include/custom_msgs/custom_msgs/msg/detail/accel_data__description.c
[0.799s] -- Up-to-date: /home/rosbot/ros2_ws/install/custom_msgs/include/custom_msgs/custom_msgs/msg/detail/accel_data__struct.h
[0.800s] -- Up-to-date: /home/rosbot/ros2_ws/install/custom_msgs/include/custom_msgs/custom_msgs/msg/detail/estimator_data__functions.c
[0.800s] -- Up-to-date: /home/rosbot/ros2_ws/install/custom_msgs/include/custom_msgs/custom_msgs/msg/detail/gyro_data__type_support.h
[0.800s] -- Installing: /home/rosbot/ros2_ws/install/custom_msgs/include/custom_msgs/custom_msgs/msg/detail/speed_data__type_support.c
[0.800s] -- Up-to-date: /home/rosbot/ros2_ws/install/custom_msgs/include/custom_msgs/custom_msgs/msg/detail/possition_data__functions.c
[0.800s] -- Up-to-date: /home/rosbot/ros2_ws/install/custom_msgs/include/custom_msgs/custom_msgs/msg/detail/speed_data__struct.h
[0.800s] -- Up-to-date: /home/rosbot/ros2_ws/install/custom_msgs/include/custom_msgs/custom_msgs/msg/detail/estimator_data__type_support.h
[0.800s] -- Up-to-date: /home/rosbot/ros2_ws/install/custom_msgs/include/custom_msgs/custom_msgs/msg/detail/possition_data__functions.h
[0.800s] -- Up-to-date: /home/rosbot/ros2_ws/install/custom_msgs/include/custom_msgs/custom_msgs/msg/detail/imu_data__functions.c
[0.800s] -- Up-to-date: /home/rosbot/ros2_ws/install/custom_msgs/include/custom_msgs/custom_msgs/msg/detail/gyro_data__functions.h
[0.800s] -- Up-to-date: /home/rosbot/ros2_ws/install/custom_msgs/include/custom_msgs/custom_msgs/msg/detail/accel_data__functions.c
[0.800s] -- Installing: /home/rosbot/ros2_ws/install/custom_msgs/include/custom_msgs/custom_msgs/msg/detail/accel_data__type_support.c
[0.800s] -- Up-to-date: /home/rosbot/ros2_ws/install/custom_msgs/include/custom_msgs/custom_msgs/msg/detail/possition_data__struct.h
[0.801s] -- Up-to-date: /home/rosbot/ros2_ws/install/custom_msgs/include/custom_msgs/custom_msgs/msg/detail/data_xyz__description.c
[0.801s] -- Up-to-date: /home/rosbot/ros2_ws/install/custom_msgs/include/custom_msgs/custom_msgs/msg/detail/data_xyz__type_support.h
[0.801s] -- Up-to-date: /home/rosbot/ros2_ws/install/custom_msgs/include/custom_msgs/custom_msgs/msg/detail/possition_data__description.c
[0.801s] -- Up-to-date: /home/rosbot/ros2_ws/install/custom_msgs/include/custom_msgs/custom_msgs/msg/detail/data_xyz__struct.h
[0.801s] -- Up-to-date: /home/rosbot/ros2_ws/install/custom_msgs/include/custom_msgs/custom_msgs/msg/detail/speed_data__functions.h
[0.801s] -- Installing: /home/rosbot/ros2_ws/install/custom_msgs/include/custom_msgs/custom_msgs/msg/detail/gyro_data__type_support.c
[0.801s] -- Up-to-date: /home/rosbot/ros2_ws/install/custom_msgs/include/custom_msgs/custom_msgs/msg/detail/estimator_data__struct.h
[0.801s] -- Up-to-date: /home/rosbot/ros2_ws/install/custom_msgs/include/custom_msgs/custom_msgs/msg/detail/accel_data__functions.h
[0.801s] -- Up-to-date: /home/rosbot/ros2_ws/install/custom_msgs/include/custom_msgs/custom_msgs/msg/detail/speed_data__functions.c
[0.801s] -- Up-to-date: /home/rosbot/ros2_ws/install/custom_msgs/include/custom_msgs/custom_msgs/msg/detail/gyro_data__struct.h
[0.801s] -- Up-to-date: /home/rosbot/ros2_ws/install/custom_msgs/include/custom_msgs/custom_msgs/msg/detail/gyro_data__description.c
[0.801s] -- Installing: /home/rosbot/ros2_ws/install/custom_msgs/include/custom_msgs/custom_msgs/msg/detail/estimator_data__type_support.c
[0.802s] -- Up-to-date: /home/rosbot/ros2_ws/install/custom_msgs/include/custom_msgs/custom_msgs/msg/detail/accel_data__type_support.h
[0.802s] -- Up-to-date: /home/rosbot/ros2_ws/install/custom_msgs/include/custom_msgs/custom_msgs/msg/detail/estimator_data__description.c
[0.802s] -- Up-to-date: /home/rosbot/ros2_ws/install/custom_msgs/include/custom_msgs/custom_msgs/msg/detail/possition_data__type_support.h
[0.810s] -- Installing: /home/rosbot/ros2_ws/install/custom_msgs/include/custom_msgs/custom_msgs/msg/detail/possition_data__type_support.c
[0.810s] -- Up-to-date: /home/rosbot/ros2_ws/install/custom_msgs/include/custom_msgs/custom_msgs/msg/detail/speed_data__type_support.h
[0.810s] -- Installing: /home/rosbot/ros2_ws/install/custom_msgs/include/custom_msgs/custom_msgs/msg/detail/data_xyz__type_support.c
[0.810s] -- Up-to-date: /home/rosbot/ros2_ws/install/custom_msgs/include/custom_msgs/custom_msgs/msg/detail/imu_data__description.c
[0.810s] -- Up-to-date: /home/rosbot/ros2_ws/install/custom_msgs/include/custom_msgs/custom_msgs/msg/speed_data.h
[0.810s] -- Up-to-date: /home/rosbot/ros2_ws/install/custom_msgs/include/custom_msgs/custom_msgs/msg/accel_data.h
[0.810s] -- Up-to-date: /home/rosbot/ros2_ws/install/custom_msgs/share/custom_msgs/environment/library_path.sh
[0.810s] -- Up-to-date: /home/rosbot/ros2_ws/install/custom_msgs/share/custom_msgs/environment/library_path.dsv
[0.810s] -- Up-to-date: /home/rosbot/ros2_ws/install/custom_msgs/lib/libcustom_msgs__rosidl_generator_c.so
[0.810s] -- Up-to-date: /home/rosbot/ros2_ws/install/custom_msgs/include/custom_msgs/custom_msgs
[0.810s] -- Up-to-date: /home/rosbot/ros2_ws/install/custom_msgs/include/custom_msgs/custom_msgs/msg
[0.811s] -- Up-to-date: /home/rosbot/ros2_ws/install/custom_msgs/include/custom_msgs/custom_msgs/msg/rosidl_typesupport_fastrtps_c__visibility_control.h
[0.811s] -- Up-to-date: /home/rosbot/ros2_ws/install/custom_msgs/include/custom_msgs/custom_msgs/msg/detail
[0.811s] -- Up-to-date: /home/rosbot/ros2_ws/install/custom_msgs/include/custom_msgs/custom_msgs/msg/detail/estimator_data__rosidl_typesupport_fastrtps_c.h
[0.811s] -- Up-to-date: /home/rosbot/ros2_ws/install/custom_msgs/include/custom_msgs/custom_msgs/msg/detail/gyro_data__rosidl_typesupport_fastrtps_c.h
[0.811s] -- Up-to-date: /home/rosbot/ros2_ws/install/custom_msgs/include/custom_msgs/custom_msgs/msg/detail/possition_data__rosidl_typesupport_fastrtps_c.h
[0.811s] -- Up-to-date: /home/rosbot/ros2_ws/install/custom_msgs/include/custom_msgs/custom_msgs/msg/detail/data_xyz__rosidl_typesupport_fastrtps_c.h
[0.811s] -- Up-to-date: /home/rosbot/ros2_ws/install/custom_msgs/include/custom_msgs/custom_msgs/msg/detail/accel_data__rosidl_typesupport_fastrtps_c.h
[0.811s] -- Up-to-date: /home/rosbot/ros2_ws/install/custom_msgs/include/custom_msgs/custom_msgs/msg/detail/imu_data__rosidl_typesupport_fastrtps_c.h
[0.811s] -- Up-to-date: /home/rosbot/ros2_ws/install/custom_msgs/include/custom_msgs/custom_msgs/msg/detail/speed_data__rosidl_typesupport_fastrtps_c.h
[0.811s] -- Up-to-date: /home/rosbot/ros2_ws/install/custom_msgs/lib/libcustom_msgs__rosidl_typesupport_fastrtps_c.so
[0.811s] -- Up-to-date: /home/rosbot/ros2_ws/install/custom_msgs/include/custom_msgs/custom_msgs
[0.812s] -- Up-to-date: /home/rosbot/ros2_ws/install/custom_msgs/include/custom_msgs/custom_msgs/msg
[0.812s] -- Up-to-date: /home/rosbot/ros2_ws/install/custom_msgs/include/custom_msgs/custom_msgs/msg/detail
[0.812s] -- Installing: /home/rosbot/ros2_ws/install/custom_msgs/include/custom_msgs/custom_msgs/msg/detail/imu_data__type_support.c
[0.816s] -- Up-to-date: /home/rosbot/ros2_ws/install/custom_msgs/include/custom_msgs/custom_msgs/msg/detail/possition_data__rosidl_typesupport_introspection_c.h
[0.816s] -- Up-to-date: /home/rosbot/ros2_ws/install/custom_msgs/include/custom_msgs/custom_msgs/msg/detail/estimator_data__rosidl_typesupport_introspection_c.h
[0.816s] -- Up-to-date: /home/rosbot/ros2_ws/install/custom_msgs/include/custom_msgs/custom_msgs/msg/detail/data_xyz__rosidl_typesupport_introspection_c.h
[0.816s] -- Up-to-date: /home/rosbot/ros2_ws/install/custom_msgs/include/custom_msgs/custom_msgs/msg/detail/imu_data__rosidl_typesupport_introspection_c.h
[0.816s] -- Installing: /home/rosbot/ros2_ws/install/custom_msgs/include/custom_msgs/custom_msgs/msg/detail/speed_data__type_support.c
[0.816s] -- Installing: /home/rosbot/ros2_ws/install/custom_msgs/include/custom_msgs/custom_msgs/msg/detail/accel_data__type_support.c
[0.817s] -- Up-to-date: /home/rosbot/ros2_ws/install/custom_msgs/include/custom_msgs/custom_msgs/msg/detail/speed_data__rosidl_typesupport_introspection_c.h
[0.817s] -- Installing: /home/rosbot/ros2_ws/install/custom_msgs/include/custom_msgs/custom_msgs/msg/detail/gyro_data__type_support.c
[0.817s] -- Up-to-date: /home/rosbot/ros2_ws/install/custom_msgs/include/custom_msgs/custom_msgs/msg/detail/gyro_data__rosidl_typesupport_introspection_c.h
[0.817s] -- Installing: /home/rosbot/ros2_ws/install/custom_msgs/include/custom_msgs/custom_msgs/msg/detail/estimator_data__type_support.c
[0.817s] -- Up-to-date: /home/rosbot/ros2_ws/install/custom_msgs/include/custom_msgs/custom_msgs/msg/detail/accel_data__rosidl_typesupport_introspection_c.h
[0.817s] -- Installing: /home/rosbot/ros2_ws/install/custom_msgs/include/custom_msgs/custom_msgs/msg/detail/possition_data__type_support.c
[0.817s] -- Installing: /home/rosbot/ros2_ws/install/custom_msgs/include/custom_msgs/custom_msgs/msg/detail/data_xyz__type_support.c
[0.817s] -- Up-to-date: /home/rosbot/ros2_ws/install/custom_msgs/include/custom_msgs/custom_msgs/msg/rosidl_typesupport_introspection_c__visibility_control.h
[0.817s] -- Up-to-date: /home/rosbot/ros2_ws/install/custom_msgs/lib/libcustom_msgs__rosidl_typesupport_introspection_c.so
[0.817s] -- Up-to-date: /home/rosbot/ros2_ws/install/custom_msgs/lib/libcustom_msgs__rosidl_typesupport_c.so
[0.817s] -- Up-to-date: /home/rosbot/ros2_ws/install/custom_msgs/include/custom_msgs/custom_msgs
[0.817s] -- Up-to-date: /home/rosbot/ros2_ws/install/custom_msgs/include/custom_msgs/custom_msgs/msg
[0.818s] -- Up-to-date: /home/rosbot/ros2_ws/install/custom_msgs/include/custom_msgs/custom_msgs/msg/speed_data.hpp
[0.818s] -- Up-to-date: /home/rosbot/ros2_ws/install/custom_msgs/include/custom_msgs/custom_msgs/msg/possition_data.hpp
[0.818s] -- Up-to-date: /home/rosbot/ros2_ws/install/custom_msgs/include/custom_msgs/custom_msgs/msg/detail
[0.818s] -- Up-to-date: /home/rosbot/ros2_ws/install/custom_msgs/include/custom_msgs/custom_msgs/msg/detail/data_xyz__builder.hpp
[0.818s] -- Up-to-date: /home/rosbot/ros2_ws/install/custom_msgs/include/custom_msgs/custom_msgs/msg/detail/gyro_data__traits.hpp
[0.818s] -- Up-to-date: /home/rosbot/ros2_ws/install/custom_msgs/include/custom_msgs/custom_msgs/msg/detail/imu_data__builder.hpp
[0.818s] -- Up-to-date: /home/rosbot/ros2_ws/install/custom_msgs/include/custom_msgs/custom_msgs/msg/detail/speed_data__builder.hpp
[0.818s] -- Up-to-date: /home/rosbot/ros2_ws/install/custom_msgs/include/custom_msgs/custom_msgs/msg/detail/imu_data__type_support.hpp
[0.818s] -- Up-to-date: /home/rosbot/ros2_ws/install/custom_msgs/include/custom_msgs/custom_msgs/msg/detail/possition_data__type_support.hpp
[0.818s] -- Up-to-date: /home/rosbot/ros2_ws/install/custom_msgs/include/custom_msgs/custom_msgs/msg/detail/imu_data__struct.hpp
[0.818s] -- Up-to-date: /home/rosbot/ros2_ws/install/custom_msgs/include/custom_msgs/custom_msgs/msg/detail/estimator_data__traits.hpp
[0.818s] -- Up-to-date: /home/rosbot/ros2_ws/install/custom_msgs/include/custom_msgs/custom_msgs/msg/detail/estimator_data__builder.hpp
[0.819s] -- Up-to-date: /home/rosbot/ros2_ws/install/custom_msgs/include/custom_msgs/custom_msgs/msg/detail/accel_data__builder.hpp
[0.819s] -- Up-to-date: /home/rosbot/ros2_ws/install/custom_msgs/include/custom_msgs/custom_msgs/msg/detail/estimator_data__struct.hpp
[0.819s] -- Up-to-date: /home/rosbot/ros2_ws/install/custom_msgs/include/custom_msgs/custom_msgs/msg/detail/accel_data__traits.hpp
[0.819s] -- Up-to-date: /home/rosbot/ros2_ws/install/custom_msgs/include/custom_msgs/custom_msgs/msg/detail/accel_data__struct.hpp
[0.819s] -- Up-to-date: /home/rosbot/ros2_ws/install/custom_msgs/include/custom_msgs/custom_msgs/msg/detail/accel_data__type_support.hpp
[0.819s] -- Up-to-date: /home/rosbot/ros2_ws/install/custom_msgs/include/custom_msgs/custom_msgs/msg/detail/speed_data__type_support.hpp
[0.819s] -- Up-to-date: /home/rosbot/ros2_ws/install/custom_msgs/include/custom_msgs/custom_msgs/msg/detail/possition_data__builder.hpp
[0.819s] -- Up-to-date: /home/rosbot/ros2_ws/install/custom_msgs/include/custom_msgs/custom_msgs/msg/detail/possition_data__struct.hpp
[0.819s] -- Up-to-date: /home/rosbot/ros2_ws/install/custom_msgs/include/custom_msgs/custom_msgs/msg/detail/gyro_data__type_support.hpp
[0.819s] -- Up-to-date: /home/rosbot/ros2_ws/install/custom_msgs/include/custom_msgs/custom_msgs/msg/detail/imu_data__traits.hpp
[0.819s] -- Up-to-date: /home/rosbot/ros2_ws/install/custom_msgs/include/custom_msgs/custom_msgs/msg/detail/data_xyz__type_support.hpp
[0.819s] -- Up-to-date: /home/rosbot/ros2_ws/install/custom_msgs/include/custom_msgs/custom_msgs/msg/detail/gyro_data__struct.hpp
[0.820s] -- Up-to-date: /home/rosbot/ros2_ws/install/custom_msgs/include/custom_msgs/custom_msgs/msg/detail/possition_data__traits.hpp
[0.820s] -- Up-to-date: /home/rosbot/ros2_ws/install/custom_msgs/include/custom_msgs/custom_msgs/msg/detail/gyro_data__builder.hpp
[0.820s] -- Up-to-date: /home/rosbot/ros2_ws/install/custom_msgs/include/custom_msgs/custom_msgs/msg/detail/estimator_data__type_support.hpp
[0.820s] -- Up-to-date: /home/rosbot/ros2_ws/install/custom_msgs/include/custom_msgs/custom_msgs/msg/detail/data_xyz__traits.hpp
[0.820s] -- Up-to-date: /home/rosbot/ros2_ws/install/custom_msgs/include/custom_msgs/custom_msgs/msg/detail/speed_data__traits.hpp
[0.820s] -- Up-to-date: /home/rosbot/ros2_ws/install/custom_msgs/include/custom_msgs/custom_msgs/msg/detail/speed_data__struct.hpp
[0.820s] -- Up-to-date: /home/rosbot/ros2_ws/install/custom_msgs/include/custom_msgs/custom_msgs/msg/detail/data_xyz__struct.hpp
[0.820s] -- Up-to-date: /home/rosbot/ros2_ws/install/custom_msgs/include/custom_msgs/custom_msgs/msg/accel_data.hpp
[0.820s] -- Up-to-date: /home/rosbot/ros2_ws/install/custom_msgs/include/custom_msgs/custom_msgs/msg/rosidl_generator_cpp__visibility_control.hpp
[0.820s] -- Up-to-date: /home/rosbot/ros2_ws/install/custom_msgs/include/custom_msgs/custom_msgs/msg/data_xyz.hpp
[0.820s] -- Up-to-date: /home/rosbot/ros2_ws/install/custom_msgs/include/custom_msgs/custom_msgs/msg/estimator_data.hpp
[0.821s] -- Up-to-date: /home/rosbot/ros2_ws/install/custom_msgs/include/custom_msgs/custom_msgs/msg/imu_data.hpp
[0.821s] -- Up-to-date: /home/rosbot/ros2_ws/install/custom_msgs/include/custom_msgs/custom_msgs/msg/gyro_data.hpp
[0.821s] -- Up-to-date: /home/rosbot/ros2_ws/install/custom_msgs/include/custom_msgs/custom_msgs
[0.821s] -- Up-to-date: /home/rosbot/ros2_ws/install/custom_msgs/include/custom_msgs/custom_msgs/msg
[0.821s] -- Up-to-date: /home/rosbot/ros2_ws/install/custom_msgs/include/custom_msgs/custom_msgs/msg/detail
[0.821s] -- Up-to-date: /home/rosbot/ros2_ws/install/custom_msgs/include/custom_msgs/custom_msgs/msg/detail/dds_fastrtps
[0.821s] -- Up-to-date: /home/rosbot/ros2_ws/install/custom_msgs/include/custom_msgs/custom_msgs/msg/detail/imu_data__rosidl_typesupport_fastrtps_cpp.hpp
[0.821s] -- Up-to-date: /home/rosbot/ros2_ws/install/custom_msgs/include/custom_msgs/custom_msgs/msg/detail/accel_data__rosidl_typesupport_fastrtps_cpp.hpp
[0.821s] -- Up-to-date: /home/rosbot/ros2_ws/install/custom_msgs/include/custom_msgs/custom_msgs/msg/detail/gyro_data__rosidl_typesupport_fastrtps_cpp.hpp
[0.821s] -- Up-to-date: /home/rosbot/ros2_ws/install/custom_msgs/include/custom_msgs/custom_msgs/msg/detail/estimator_data__rosidl_typesupport_fastrtps_cpp.hpp
[0.822s] -- Up-to-date: /home/rosbot/ros2_ws/install/custom_msgs/include/custom_msgs/custom_msgs/msg/detail/speed_data__rosidl_typesupport_fastrtps_cpp.hpp
[0.822s] -- Up-to-date: /home/rosbot/ros2_ws/install/custom_msgs/include/custom_msgs/custom_msgs/msg/detail/data_xyz__rosidl_typesupport_fastrtps_cpp.hpp
[0.822s] -- Up-to-date: /home/rosbot/ros2_ws/install/custom_msgs/include/custom_msgs/custom_msgs/msg/detail/possition_data__rosidl_typesupport_fastrtps_cpp.hpp
[0.822s] -- Up-to-date: /home/rosbot/ros2_ws/install/custom_msgs/include/custom_msgs/custom_msgs/msg/rosidl_typesupport_fastrtps_cpp__visibility_control.h
[0.822s] -- Up-to-date: /home/rosbot/ros2_ws/install/custom_msgs/lib/libcustom_msgs__rosidl_typesupport_fastrtps_cpp.so
[0.822s] -- Up-to-date: /home/rosbot/ros2_ws/install/custom_msgs/include/custom_msgs/custom_msgs
[0.822s] -- Up-to-date: /home/rosbot/ros2_ws/install/custom_msgs/include/custom_msgs/custom_msgs/msg
[0.822s] -- Up-to-date: /home/rosbot/ros2_ws/install/custom_msgs/include/custom_msgs/custom_msgs/msg/detail
[0.822s] -- Up-to-date: /home/rosbot/ros2_ws/install/custom_msgs/include/custom_msgs/custom_msgs/msg/detail/data_xyz__type_support.cpp
[0.822s] -- Up-to-date: /home/rosbot/ros2_ws/install/custom_msgs/include/custom_msgs/custom_msgs/msg/detail/gyro_data__type_support.cpp
[0.822s] -- Up-to-date: /home/rosbot/ros2_ws/install/custom_msgs/include/custom_msgs/custom_msgs/msg/detail/estimator_data__type_support.cpp
[0.823s] -- Up-to-date: /home/rosbot/ros2_ws/install/custom_msgs/include/custom_msgs/custom_msgs/msg/detail/data_xyz__rosidl_typesupport_introspection_cpp.hpp
[0.823s] -- Up-to-date: /home/rosbot/ros2_ws/install/custom_msgs/include/custom_msgs/custom_msgs/msg/detail/possition_data__type_support.cpp
[0.823s] -- Up-to-date: /home/rosbot/ros2_ws/install/custom_msgs/include/custom_msgs/custom_msgs/msg/detail/speed_data__type_support.cpp
[0.823s] -- Up-to-date: /home/rosbot/ros2_ws/install/custom_msgs/include/custom_msgs/custom_msgs/msg/detail/imu_data__rosidl_typesupport_introspection_cpp.hpp
[0.823s] -- Up-to-date: /home/rosbot/ros2_ws/install/custom_msgs/include/custom_msgs/custom_msgs/msg/detail/possition_data__rosidl_typesupport_introspection_cpp.hpp
[0.823s] -- Up-to-date: /home/rosbot/ros2_ws/install/custom_msgs/include/custom_msgs/custom_msgs/msg/detail/gyro_data__rosidl_typesupport_introspection_cpp.hpp
[0.823s] -- Up-to-date: /home/rosbot/ros2_ws/install/custom_msgs/include/custom_msgs/custom_msgs/msg/detail/accel_data__rosidl_typesupport_introspection_cpp.hpp
[0.823s] -- Up-to-date: /home/rosbot/ros2_ws/install/custom_msgs/include/custom_msgs/custom_msgs/msg/detail/accel_data__type_support.cpp
[0.823s] -- Up-to-date: /home/rosbot/ros2_ws/install/custom_msgs/include/custom_msgs/custom_msgs/msg/detail/speed_data__rosidl_typesupport_introspection_cpp.hpp
[0.823s] -- Up-to-date: /home/rosbot/ros2_ws/install/custom_msgs/include/custom_msgs/custom_msgs/msg/detail/estimator_data__rosidl_typesupport_introspection_cpp.hpp
[0.823s] -- Up-to-date: /home/rosbot/ros2_ws/install/custom_msgs/include/custom_msgs/custom_msgs/msg/detail/imu_data__type_support.cpp
[0.823s] -- Up-to-date: /home/rosbot/ros2_ws/install/custom_msgs/lib/libcustom_msgs__rosidl_typesupport_introspection_cpp.so
[0.824s] -- Up-to-date: /home/rosbot/ros2_ws/install/custom_msgs/lib/libcustom_msgs__rosidl_typesupport_cpp.so
[0.824s] -- Up-to-date: /home/rosbot/ros2_ws/install/custom_msgs/share/custom_msgs/environment/pythonpath.sh
[0.824s] -- Up-to-date: /home/rosbot/ros2_ws/install/custom_msgs/share/custom_msgs/environment/pythonpath.dsv
[0.824s] -- Up-to-date: /home/rosbot/ros2_ws/install/custom_msgs/lib/python3.12/site-packages/custom_msgs-0.0.0-py3.12.egg-info
[0.824s] -- Installing: /home/rosbot/ros2_ws/install/custom_msgs/lib/python3.12/site-packages/custom_msgs-0.0.0-py3.12.egg-info/dependency_links.txt
[0.824s] -- Installing: /home/rosbot/ros2_ws/install/custom_msgs/lib/python3.12/site-packages/custom_msgs-0.0.0-py3.12.egg-info/PKG-INFO
[0.824s] -- Installing: /home/rosbot/ros2_ws/install/custom_msgs/lib/python3.12/site-packages/custom_msgs-0.0.0-py3.12.egg-info/top_level.txt
[0.824s] -- Installing: /home/rosbot/ros2_ws/install/custom_msgs/lib/python3.12/site-packages/custom_msgs-0.0.0-py3.12.egg-info/SOURCES.txt
[0.824s] -- Up-to-date: /home/rosbot/ros2_ws/install/custom_msgs/lib/python3.12/site-packages/custom_msgs
[0.824s] -- Up-to-date: /home/rosbot/ros2_ws/install/custom_msgs/lib/python3.12/site-packages/custom_msgs/_custom_msgs_s.ep.rosidl_typesupport_fastrtps_c.c
[0.824s] -- Up-to-date: /home/rosbot/ros2_ws/install/custom_msgs/lib/python3.12/site-packages/custom_msgs/custom_msgs_s__rosidl_typesupport_c.so
[0.824s] -- Up-to-date: /home/rosbot/ros2_ws/install/custom_msgs/lib/python3.12/site-packages/custom_msgs/_custom_msgs_s.ep.rosidl_typesupport_introspection_c.c
[0.825s] -- Up-to-date: /home/rosbot/ros2_ws/install/custom_msgs/lib/python3.12/site-packages/custom_msgs/__init__.py
[0.825s] -- Up-to-date: /home/rosbot/ros2_ws/install/custom_msgs/lib/python3.12/site-packages/custom_msgs/custom_msgs_s__rosidl_typesupport_fastrtps_c.so
[0.825s] -- Up-to-date: /home/rosbot/ros2_ws/install/custom_msgs/lib/python3.12/site-packages/custom_msgs/msg
[0.825s] -- Up-to-date: /home/rosbot/ros2_ws/install/custom_msgs/lib/python3.12/site-packages/custom_msgs/msg/_estimator_data.py
[0.825s] -- Up-to-date: /home/rosbot/ros2_ws/install/custom_msgs/lib/python3.12/site-packages/custom_msgs/msg/_speed_data_s.c
[0.825s] -- Up-to-date: /home/rosbot/ros2_ws/install/custom_msgs/lib/python3.12/site-packages/custom_msgs/msg/_accel_data.py
[0.825s] -- Up-to-date: /home/rosbot/ros2_ws/install/custom_msgs/lib/python3.12/site-packages/custom_msgs/msg/_imu_data.py
[0.825s] -- Up-to-date: /home/rosbot/ros2_ws/install/custom_msgs/lib/python3.12/site-packages/custom_msgs/msg/_gyro_data.py
[0.825s] -- Up-to-date: /home/rosbot/ros2_ws/install/custom_msgs/lib/python3.12/site-packages/custom_msgs/msg/_speed_data.py
[0.825s] -- Up-to-date: /home/rosbot/ros2_ws/install/custom_msgs/lib/python3.12/site-packages/custom_msgs/msg/_accel_data_s.c
[0.825s] -- Up-to-date: /home/rosbot/ros2_ws/install/custom_msgs/lib/python3.12/site-packages/custom_msgs/msg/_possition_data.py
[0.825s] -- Up-to-date: /home/rosbot/ros2_ws/install/custom_msgs/lib/python3.12/site-packages/custom_msgs/msg/_data_xyz_s.c
[0.826s] -- Up-to-date: /home/rosbot/ros2_ws/install/custom_msgs/lib/python3.12/site-packages/custom_msgs/msg/__init__.py
[0.826s] -- Up-to-date: /home/rosbot/ros2_ws/install/custom_msgs/lib/python3.12/site-packages/custom_msgs/msg/_imu_data_s.c
[0.826s] -- Up-to-date: /home/rosbot/ros2_ws/install/custom_msgs/lib/python3.12/site-packages/custom_msgs/msg/_estimator_data_s.c
[0.826s] -- Up-to-date: /home/rosbot/ros2_ws/install/custom_msgs/lib/python3.12/site-packages/custom_msgs/msg/_data_xyz.py
[0.826s] -- Up-to-date: /home/rosbot/ros2_ws/install/custom_msgs/lib/python3.12/site-packages/custom_msgs/msg/_possition_data_s.c
[0.826s] -- Up-to-date: /home/rosbot/ros2_ws/install/custom_msgs/lib/python3.12/site-packages/custom_msgs/msg/_gyro_data_s.c
[0.826s] -- Up-to-date: /home/rosbot/ros2_ws/install/custom_msgs/lib/python3.12/site-packages/custom_msgs/_custom_msgs_s.ep.rosidl_typesupport_c.c
[0.826s] -- Up-to-date: /home/rosbot/ros2_ws/install/custom_msgs/lib/python3.12/site-packages/custom_msgs/custom_msgs_s__rosidl_typesupport_introspection_c.so
[0.863s] Listing '/home/rosbot/ros2_ws/install/custom_msgs/lib/python3.12/site-packages/custom_msgs'...
[0.863s] Listing '/home/rosbot/ros2_ws/install/custom_msgs/lib/python3.12/site-packages/custom_msgs/msg'...
[0.876s] -- Up-to-date: /home/rosbot/ros2_ws/install/custom_msgs/lib/python3.12/site-packages/custom_msgs/custom_msgs_s__rosidl_typesupport_fastrtps_c.so
[0.877s] -- Up-to-date: /home/rosbot/ros2_ws/install/custom_msgs/lib/python3.12/site-packages/custom_msgs/custom_msgs_s__rosidl_typesupport_introspection_c.so
[0.878s] -- Up-to-date: /home/rosbot/ros2_ws/install/custom_msgs/lib/python3.12/site-packages/custom_msgs/custom_msgs_s__rosidl_typesupport_c.so
[0.879s] -- Up-to-date: /home/rosbot/ros2_ws/install/custom_msgs/lib/libcustom_msgs__rosidl_generator_py.so
[0.879s] -- Up-to-date: /home/rosbot/ros2_ws/install/custom_msgs/share/custom_msgs/msg/AccelData.idl
[0.879s] -- Up-to-date: /home/rosbot/ros2_ws/install/custom_msgs/share/custom_msgs/msg/GyroData.idl
[0.879s] -- Up-to-date: /home/rosbot/ros2_ws/install/custom_msgs/share/custom_msgs/msg/ImuData.idl
[0.880s] -- Up-to-date: /home/rosbot/ros2_ws/install/custom_msgs/share/custom_msgs/msg/EstimatorData.idl
[0.880s] -- Up-to-date: /home/rosbot/ros2_ws/install/custom_msgs/share/custom_msgs/msg/PossitionData.idl
[0.880s] -- Up-to-date: /home/rosbot/ros2_ws/install/custom_msgs/share/custom_msgs/msg/SpeedData.idl
[0.880s] -- Up-to-date: /home/rosbot/ros2_ws/install/custom_msgs/share/custom_msgs/msg/DataXYZ.idl
[0.881s] -- Up-to-date: /home/rosbot/ros2_ws/install/custom_msgs/share/custom_msgs/msg/AccelData.msg
[0.881s] -- Up-to-date: /home/rosbot/ros2_ws/install/custom_msgs/share/custom_msgs/msg/GyroData.msg
[0.881s] -- Up-to-date: /home/rosbot/ros2_ws/install/custom_msgs/share/custom_msgs/msg/ImuData.msg
[0.882s] -- Up-to-date: /home/rosbot/ros2_ws/install/custom_msgs/share/custom_msgs/msg/EstimatorData.msg
[0.882s] -- Up-to-date: /home/rosbot/ros2_ws/install/custom_msgs/share/custom_msgs/msg/PossitionData.msg
[0.882s] -- Up-to-date: /home/rosbot/ros2_ws/install/custom_msgs/share/custom_msgs/msg/SpeedData.msg
[0.882s] -- Up-to-date: /home/rosbot/ros2_ws/install/custom_msgs/share/custom_msgs/msg/DataXYZ.msg
[0.882s] -- Up-to-date: /home/rosbot/ros2_ws/install/custom_msgs/share/ament_index/resource_index/package_run_dependencies/custom_msgs
[0.883s] -- Up-to-date: /home/rosbot/ros2_ws/install/custom_msgs/share/ament_index/resource_index/parent_prefix_path/custom_msgs
[0.883s] -- Up-to-date: /home/rosbot/ros2_ws/install/custom_msgs/share/custom_msgs/environment/ament_prefix_path.sh
[0.883s] -- Up-to-date: /home/rosbot/ros2_ws/install/custom_msgs/share/custom_msgs/environment/ament_prefix_path.dsv
[0.883s] -- Up-to-date: /home/rosbot/ros2_ws/install/custom_msgs/share/custom_msgs/environment/path.sh
[0.884s] -- Up-to-date: /home/rosbot/ros2_ws/install/custom_msgs/share/custom_msgs/environment/path.dsv
[0.884s] -- Up-to-date: /home/rosbot/ros2_ws/install/custom_msgs/share/custom_msgs/local_setup.bash
[0.884s] -- Up-to-date: /home/rosbot/ros2_ws/install/custom_msgs/share/custom_msgs/local_setup.sh
[0.884s] -- Up-to-date: /home/rosbot/ros2_ws/install/custom_msgs/share/custom_msgs/local_setup.zsh
[0.884s] -- Up-to-date: /home/rosbot/ros2_ws/install/custom_msgs/share/custom_msgs/local_setup.dsv
[0.884s] -- Installing: /home/rosbot/ros2_ws/install/custom_msgs/share/custom_msgs/package.dsv
[0.885s] -- Up-to-date: /home/rosbot/ros2_ws/install/custom_msgs/share/ament_index/resource_index/packages/custom_msgs
[0.885s] -- Up-to-date: /home/rosbot/ros2_ws/install/custom_msgs/share/custom_msgs/cmake/export_custom_msgs__rosidl_generator_cExport.cmake
[0.886s] -- Up-to-date: /home/rosbot/ros2_ws/install/custom_msgs/share/custom_msgs/cmake/export_custom_msgs__rosidl_generator_cExport-noconfig.cmake
[0.886s] -- Up-to-date: /home/rosbot/ros2_ws/install/custom_msgs/share/custom_msgs/cmake/export_custom_msgs__rosidl_typesupport_fastrtps_cExport.cmake
[0.886s] -- Up-to-date: /home/rosbot/ros2_ws/install/custom_msgs/share/custom_msgs/cmake/export_custom_msgs__rosidl_typesupport_fastrtps_cExport-noconfig.cmake
[0.887s] -- Up-to-date: /home/rosbot/ros2_ws/install/custom_msgs/share/custom_msgs/cmake/custom_msgs__rosidl_typesupport_introspection_cExport.cmake
[0.887s] -- Up-to-date: /home/rosbot/ros2_ws/install/custom_msgs/share/custom_msgs/cmake/custom_msgs__rosidl_typesupport_introspection_cExport-noconfig.cmake
[0.887s] -- Up-to-date: /home/rosbot/ros2_ws/install/custom_msgs/share/custom_msgs/cmake/custom_msgs__rosidl_typesupport_cExport.cmake
[0.887s] -- Up-to-date: /home/rosbot/ros2_ws/install/custom_msgs/share/custom_msgs/cmake/custom_msgs__rosidl_typesupport_cExport-noconfig.cmake
[0.888s] -- Up-to-date: /home/rosbot/ros2_ws/install/custom_msgs/share/custom_msgs/cmake/export_custom_msgs__rosidl_generator_cppExport.cmake
[0.888s] -- Up-to-date: /home/rosbot/ros2_ws/install/custom_msgs/share/custom_msgs/cmake/export_custom_msgs__rosidl_typesupport_fastrtps_cppExport.cmake
[0.888s] -- Up-to-date: /home/rosbot/ros2_ws/install/custom_msgs/share/custom_msgs/cmake/export_custom_msgs__rosidl_typesupport_fastrtps_cppExport-noconfig.cmake
[0.889s] -- Up-to-date: /home/rosbot/ros2_ws/install/custom_msgs/share/custom_msgs/cmake/custom_msgs__rosidl_typesupport_introspection_cppExport.cmake
[0.889s] -- Up-to-date: /home/rosbot/ros2_ws/install/custom_msgs/share/custom_msgs/cmake/custom_msgs__rosidl_typesupport_introspection_cppExport-noconfig.cmake
[0.890s] -- Up-to-date: /home/rosbot/ros2_ws/install/custom_msgs/share/custom_msgs/cmake/custom_msgs__rosidl_typesupport_cppExport.cmake
[0.890s] -- Up-to-date: /home/rosbot/ros2_ws/install/custom_msgs/share/custom_msgs/cmake/custom_msgs__rosidl_typesupport_cppExport-noconfig.cmake
[0.890s] -- Up-to-date: /home/rosbot/ros2_ws/install/custom_msgs/share/custom_msgs/cmake/export_custom_msgs__rosidl_generator_pyExport.cmake
[0.890s] -- Up-to-date: /home/rosbot/ros2_ws/install/custom_msgs/share/custom_msgs/cmake/export_custom_msgs__rosidl_generator_pyExport-noconfig.cmake
[0.890s] -- Up-to-date: /home/rosbot/ros2_ws/install/custom_msgs/share/custom_msgs/cmake/rosidl_cmake-extras.cmake
[0.891s] -- Up-to-date: /home/rosbot/ros2_ws/install/custom_msgs/share/custom_msgs/cmake/ament_cmake_export_include_directories-extras.cmake
[0.891s] -- Up-to-date: /home/rosbot/ros2_ws/install/custom_msgs/share/custom_msgs/cmake/ament_cmake_export_libraries-extras.cmake
[0.891s] -- Up-to-date: /home/rosbot/ros2_ws/install/custom_msgs/share/custom_msgs/cmake/ament_cmake_export_targets-extras.cmake
[0.891s] -- Up-to-date: /home/rosbot/ros2_ws/install/custom_msgs/share/custom_msgs/cmake/rosidl_cmake_export_typesupport_targets-extras.cmake
[0.892s] -- Up-to-date: /home/rosbot/ros2_ws/install/custom_msgs/share/custom_msgs/cmake/ament_cmake_export_dependencies-extras.cmake
[0.892s] -- Up-to-date: /home/rosbot/ros2_ws/install/custom_msgs/share/custom_msgs/cmake/rosidl_cmake_export_typesupport_libraries-extras.cmake
[0.892s] -- Up-to-date: /home/rosbot/ros2_ws/install/custom_msgs/share/custom_msgs/cmake/custom_msgsConfig.cmake
[0.892s] -- Up-to-date: /home/rosbot/ros2_ws/install/custom_msgs/share/custom_msgs/cmake/custom_msgsConfig-version.cmake
[0.893s] -- Up-to-date: /home/rosbot/ros2_ws/install/custom_msgs/share/custom_msgs/package.xml
[0.897s] Invoked command in '/home/rosbot/ros2_ws/build/custom_msgs' returned '0': CMAKE_PREFIX_PATH=${CMAKE_PREFIX_PATH}:/home/rosbot/ros2_ws/install/um7_pkg:/home/rosbot/ros2_ws/install/my_py_pkg:/home/rosbot/ros2_ws/install/log_data_pkg:/home/rosbot/ros2_ws/install/flight_controller_pkg:/home/rosbot/ros2_ws/install/flask_pkg:/home/rosbot/ros2_ws/install/estimator_pkg:/opt/ros/jazzy DEBUGINFOD_URLS=https://debuginfod.ubuntu.com PS1=(venv) \[\e]0;\u@\h: \w\a\]${debian_chroot:+($debian_chroot)}\u@\h:\w\$ VIRTUAL_ENV_PROMPT=(venv) /usr/bin/cmake --install /home/rosbot/ros2_ws/build/custom_msgs
