[0.144s] DEBUG:colcon:Command line arguments: ['/usr/bin/colcon', 'build']
[0.144s] DEBUG:colcon:Parsed command line arguments: Namespace(log_base=None, log_level=None, verb_name='build', build_base='build', install_base='install', merge_install=False, symlink_install=False, test_result_base=None, continue_on_error=False, executor='parallel', parallel_workers=4, event_handlers=None, ignore_user_meta=False, metas=['./colcon.meta'], base_paths=['.'], packages_ignore=None, packages_ignore_regex=None, paths=None, packages_up_to=None, packages_up_to_regex=None, packages_above=None, packages_above_and_dependencies=None, packages_above_depth=None, packages_select_by_dep=None, packages_skip_by_dep=None, packages_skip_up_to=None, packages_select_build_failed=False, packages_skip_build_finished=False, packages_select_test_failures=False, packages_skip_test_passed=False, packages_select=None, packages_skip=None, packages_select_regex=None, packages_skip_regex=None, packages_start=None, packages_end=None, allow_overriding=[], cmake_args=None, cmake_target=None, cmake_target_skip_unavailable=False, cmake_clean_cache=False, cmake_clean_first=False, cmake_force_configure=False, ament_cmake_args=None, catkin_cmake_args=None, catkin_skip_building_tests=False, mixin_files=None, mixin=None, verb_parser=<colcon_mixin.mixin.mixin_argument.MixinArgumentDecorator object at 0xffffb823ee40>, verb_extension=<colcon_core.verb.build.BuildVerb object at 0xffffb839f6b0>, main=<bound method BuildVerb.main of <colcon_core.verb.build.BuildVerb object at 0xffffb839f6b0>>, mixin_verb=('build',))
[0.198s] Level 1:colcon.colcon_core.package_discovery:discover_packages(colcon_meta) check parameters
[0.198s] Level 1:colcon.colcon_core.package_discovery:discover_packages(recursive) check parameters
[0.198s] Level 1:colcon.colcon_core.package_discovery:discover_packages(ignore) check parameters
[0.198s] Level 1:colcon.colcon_core.package_discovery:discover_packages(path) check parameters
[0.198s] Level 1:colcon.colcon_core.package_discovery:discover_packages(colcon_meta) discover
[0.199s] Level 1:colcon.colcon_core.package_discovery:discover_packages(recursive) discover
[0.199s] INFO:colcon.colcon_core.package_discovery:Crawling recursively for packages in '/home/rosbot/ros2_ws'
[0.199s] Level 1:colcon.colcon_core.package_identification:_identify(.) by extensions ['ignore', 'ignore_ament_install']
[0.199s] Level 1:colcon.colcon_core.package_identification:_identify(.) by extension 'ignore'
[0.199s] Level 1:colcon.colcon_core.package_identification:_identify(.) by extension 'ignore_ament_install'
[0.199s] Level 1:colcon.colcon_core.package_identification:_identify(.) by extensions ['colcon_pkg']
[0.199s] Level 1:colcon.colcon_core.package_identification:_identify(.) by extension 'colcon_pkg'
[0.199s] Level 1:colcon.colcon_core.package_identification:_identify(.) by extensions ['colcon_meta']
[0.199s] Level 1:colcon.colcon_core.package_identification:_identify(.) by extension 'colcon_meta'
[0.199s] Level 1:colcon.colcon_core.package_identification:_identify(.) by extensions ['ros']
[0.199s] Level 1:colcon.colcon_core.package_identification:_identify(.) by extension 'ros'
[0.235s] Level 1:colcon.colcon_core.package_identification:_identify(.) by extensions ['cmake', 'python']
[0.235s] Level 1:colcon.colcon_core.package_identification:_identify(.) by extension 'cmake'
[0.235s] Level 1:colcon.colcon_core.package_identification:_identify(.) by extension 'python'
[0.236s] Level 1:colcon.colcon_core.package_identification:_identify(.) by extensions ['python_setup_py']
[0.236s] Level 1:colcon.colcon_core.package_identification:_identify(.) by extension 'python_setup_py'
[0.236s] Level 1:colcon.colcon_core.package_identification:_identify(build) by extensions ['ignore', 'ignore_ament_install']
[0.236s] Level 1:colcon.colcon_core.package_identification:_identify(build) by extension 'ignore'
[0.236s] Level 1:colcon.colcon_core.package_identification:_identify(build) ignored
[0.236s] Level 1:colcon.colcon_core.package_identification:_identify(install) by extensions ['ignore', 'ignore_ament_install']
[0.236s] Level 1:colcon.colcon_core.package_identification:_identify(install) by extension 'ignore'
[0.236s] Level 1:colcon.colcon_core.package_identification:_identify(install) ignored
[0.237s] Level 1:colcon.colcon_core.package_identification:_identify(log) by extensions ['ignore', 'ignore_ament_install']
[0.237s] Level 1:colcon.colcon_core.package_identification:_identify(log) by extension 'ignore'
[0.237s] Level 1:colcon.colcon_core.package_identification:_identify(log) ignored
[0.237s] Level 1:colcon.colcon_core.package_identification:_identify(src) by extensions ['ignore', 'ignore_ament_install']
[0.237s] Level 1:colcon.colcon_core.package_identification:_identify(src) by extension 'ignore'
[0.237s] Level 1:colcon.colcon_core.package_identification:_identify(src) by extension 'ignore_ament_install'
[0.237s] Level 1:colcon.colcon_core.package_identification:_identify(src) by extensions ['colcon_pkg']
[0.237s] Level 1:colcon.colcon_core.package_identification:_identify(src) by extension 'colcon_pkg'
[0.237s] Level 1:colcon.colcon_core.package_identification:_identify(src) by extensions ['colcon_meta']
[0.237s] Level 1:colcon.colcon_core.package_identification:_identify(src) by extension 'colcon_meta'
[0.237s] Level 1:colcon.colcon_core.package_identification:_identify(src) by extensions ['ros']
[0.237s] Level 1:colcon.colcon_core.package_identification:_identify(src) by extension 'ros'
[0.237s] Level 1:colcon.colcon_core.package_identification:_identify(src) by extensions ['cmake', 'python']
[0.237s] Level 1:colcon.colcon_core.package_identification:_identify(src) by extension 'cmake'
[0.237s] Level 1:colcon.colcon_core.package_identification:_identify(src) by extension 'python'
[0.237s] Level 1:colcon.colcon_core.package_identification:_identify(src) by extensions ['python_setup_py']
[0.237s] Level 1:colcon.colcon_core.package_identification:_identify(src) by extension 'python_setup_py'
[0.237s] Level 1:colcon.colcon_core.package_identification:_identify(src/custom_msgs) by extensions ['ignore', 'ignore_ament_install']
[0.238s] Level 1:colcon.colcon_core.package_identification:_identify(src/custom_msgs) by extension 'ignore'
[0.238s] Level 1:colcon.colcon_core.package_identification:_identify(src/custom_msgs) by extension 'ignore_ament_install'
[0.238s] Level 1:colcon.colcon_core.package_identification:_identify(src/custom_msgs) by extensions ['colcon_pkg']
[0.238s] Level 1:colcon.colcon_core.package_identification:_identify(src/custom_msgs) by extension 'colcon_pkg'
[0.238s] Level 1:colcon.colcon_core.package_identification:_identify(src/custom_msgs) by extensions ['colcon_meta']
[0.238s] Level 1:colcon.colcon_core.package_identification:_identify(src/custom_msgs) by extension 'colcon_meta'
[0.238s] Level 1:colcon.colcon_core.package_identification:_identify(src/custom_msgs) by extensions ['ros']
[0.238s] Level 1:colcon.colcon_core.package_identification:_identify(src/custom_msgs) by extension 'ros'
[0.241s] DEBUG:colcon.colcon_core.package_identification:Package 'src/custom_msgs' with type 'ros.ament_cmake' and name 'custom_msgs'
[0.241s] Level 1:colcon.colcon_core.package_identification:_identify(src/estimator_pkg) by extensions ['ignore', 'ignore_ament_install']
[0.241s] Level 1:colcon.colcon_core.package_identification:_identify(src/estimator_pkg) by extension 'ignore'
[0.241s] Level 1:colcon.colcon_core.package_identification:_identify(src/estimator_pkg) by extension 'ignore_ament_install'
[0.241s] Level 1:colcon.colcon_core.package_identification:_identify(src/estimator_pkg) by extensions ['colcon_pkg']
[0.241s] Level 1:colcon.colcon_core.package_identification:_identify(src/estimator_pkg) by extension 'colcon_pkg'
[0.241s] Level 1:colcon.colcon_core.package_identification:_identify(src/estimator_pkg) by extensions ['colcon_meta']
[0.241s] Level 1:colcon.colcon_core.package_identification:_identify(src/estimator_pkg) by extension 'colcon_meta'
[0.241s] Level 1:colcon.colcon_core.package_identification:_identify(src/estimator_pkg) by extensions ['ros']
[0.241s] Level 1:colcon.colcon_core.package_identification:_identify(src/estimator_pkg) by extension 'ros'
[0.242s] DEBUG:colcon.colcon_core.package_identification:Package 'src/estimator_pkg' with type 'ros.ament_python' and name 'estimator_pkg'
[0.243s] Level 1:colcon.colcon_core.package_identification:_identify(src/flask_pkg) by extensions ['ignore', 'ignore_ament_install']
[0.243s] Level 1:colcon.colcon_core.package_identification:_identify(src/flask_pkg) by extension 'ignore'
[0.243s] Level 1:colcon.colcon_core.package_identification:_identify(src/flask_pkg) by extension 'ignore_ament_install'
[0.243s] Level 1:colcon.colcon_core.package_identification:_identify(src/flask_pkg) by extensions ['colcon_pkg']
[0.243s] Level 1:colcon.colcon_core.package_identification:_identify(src/flask_pkg) by extension 'colcon_pkg'
[0.243s] Level 1:colcon.colcon_core.package_identification:_identify(src/flask_pkg) by extensions ['colcon_meta']
[0.243s] Level 1:colcon.colcon_core.package_identification:_identify(src/flask_pkg) by extension 'colcon_meta'
[0.243s] Level 1:colcon.colcon_core.package_identification:_identify(src/flask_pkg) by extensions ['ros']
[0.243s] Level 1:colcon.colcon_core.package_identification:_identify(src/flask_pkg) by extension 'ros'
[0.244s] DEBUG:colcon.colcon_core.package_identification:Package 'src/flask_pkg' with type 'ros.ament_python' and name 'flask_pkg'
[0.244s] Level 1:colcon.colcon_core.package_identification:_identify(src/flight_controller_pkg) by extensions ['ignore', 'ignore_ament_install']
[0.244s] Level 1:colcon.colcon_core.package_identification:_identify(src/flight_controller_pkg) by extension 'ignore'
[0.244s] Level 1:colcon.colcon_core.package_identification:_identify(src/flight_controller_pkg) by extension 'ignore_ament_install'
[0.244s] Level 1:colcon.colcon_core.package_identification:_identify(src/flight_controller_pkg) by extensions ['colcon_pkg']
[0.244s] Level 1:colcon.colcon_core.package_identification:_identify(src/flight_controller_pkg) by extension 'colcon_pkg'
[0.244s] Level 1:colcon.colcon_core.package_identification:_identify(src/flight_controller_pkg) by extensions ['colcon_meta']
[0.244s] Level 1:colcon.colcon_core.package_identification:_identify(src/flight_controller_pkg) by extension 'colcon_meta'
[0.244s] Level 1:colcon.colcon_core.package_identification:_identify(src/flight_controller_pkg) by extensions ['ros']
[0.244s] Level 1:colcon.colcon_core.package_identification:_identify(src/flight_controller_pkg) by extension 'ros'
[0.245s] DEBUG:colcon.colcon_core.package_identification:Package 'src/flight_controller_pkg' with type 'ros.ament_python' and name 'flight_controller_pkg'
[0.245s] Level 1:colcon.colcon_core.package_identification:_identify(src/my_cpp_pkg) by extensions ['ignore', 'ignore_ament_install']
[0.245s] Level 1:colcon.colcon_core.package_identification:_identify(src/my_cpp_pkg) by extension 'ignore'
[0.245s] Level 1:colcon.colcon_core.package_identification:_identify(src/my_cpp_pkg) by extension 'ignore_ament_install'
[0.245s] Level 1:colcon.colcon_core.package_identification:_identify(src/my_cpp_pkg) by extensions ['colcon_pkg']
[0.245s] Level 1:colcon.colcon_core.package_identification:_identify(src/my_cpp_pkg) by extension 'colcon_pkg'
[0.245s] Level 1:colcon.colcon_core.package_identification:_identify(src/my_cpp_pkg) by extensions ['colcon_meta']
[0.246s] Level 1:colcon.colcon_core.package_identification:_identify(src/my_cpp_pkg) by extension 'colcon_meta'
[0.246s] Level 1:colcon.colcon_core.package_identification:_identify(src/my_cpp_pkg) by extensions ['ros']
[0.246s] Level 1:colcon.colcon_core.package_identification:_identify(src/my_cpp_pkg) by extension 'ros'
[0.246s] DEBUG:colcon.colcon_core.package_identification:Package 'src/my_cpp_pkg' with type 'ros.ament_cmake' and name 'my_cpp_pkg'
[0.246s] Level 1:colcon.colcon_core.package_identification:_identify(src/my_py_pkg) by extensions ['ignore', 'ignore_ament_install']
[0.246s] Level 1:colcon.colcon_core.package_identification:_identify(src/my_py_pkg) by extension 'ignore'
[0.246s] Level 1:colcon.colcon_core.package_identification:_identify(src/my_py_pkg) by extension 'ignore_ament_install'
[0.246s] Level 1:colcon.colcon_core.package_identification:_identify(src/my_py_pkg) by extensions ['colcon_pkg']
[0.246s] Level 1:colcon.colcon_core.package_identification:_identify(src/my_py_pkg) by extension 'colcon_pkg'
[0.246s] Level 1:colcon.colcon_core.package_identification:_identify(src/my_py_pkg) by extensions ['colcon_meta']
[0.246s] Level 1:colcon.colcon_core.package_identification:_identify(src/my_py_pkg) by extension 'colcon_meta'
[0.247s] Level 1:colcon.colcon_core.package_identification:_identify(src/my_py_pkg) by extensions ['ros']
[0.247s] Level 1:colcon.colcon_core.package_identification:_identify(src/my_py_pkg) by extension 'ros'
[0.247s] DEBUG:colcon.colcon_core.package_identification:Package 'src/my_py_pkg' with type 'ros.ament_python' and name 'my_py_pkg'
[0.247s] Level 1:colcon.colcon_core.package_identification:_identify(venv) by extensions ['ignore', 'ignore_ament_install']
[0.247s] Level 1:colcon.colcon_core.package_identification:_identify(venv) by extension 'ignore'
[0.247s] Level 1:colcon.colcon_core.package_identification:_identify(venv) ignored
[0.247s] Level 1:colcon.colcon_core.package_discovery:discover_packages(recursive) using defaults
[0.247s] Level 1:colcon.colcon_core.package_discovery:discover_packages(ignore) discover
[0.247s] Level 1:colcon.colcon_core.package_discovery:discover_packages(ignore) using defaults
[0.247s] Level 1:colcon.colcon_core.package_discovery:discover_packages(path) discover
[0.247s] Level 1:colcon.colcon_core.package_discovery:discover_packages(path) using defaults
[0.272s] Level 1:colcon.colcon_core.package_discovery:discover_packages(prefix_path) check parameters
[0.272s] Level 1:colcon.colcon_core.package_discovery:discover_packages(prefix_path) discover
[0.274s] DEBUG:colcon.colcon_installed_package_information.package_discovery:Found 6 installed packages in /home/rosbot/ros2_ws/install
[0.276s] DEBUG:colcon.colcon_installed_package_information.package_discovery:Found 285 installed packages in /opt/ros/jazzy
[0.279s] Level 1:colcon.colcon_core.package_discovery:discover_packages(prefix_path) using defaults
[0.337s] Level 5:colcon.colcon_core.verb:set package 'custom_msgs' build argument 'cmake_args' from command line to 'None'
[0.337s] Level 5:colcon.colcon_core.verb:set package 'custom_msgs' build argument 'cmake_target' from command line to 'None'
[0.337s] Level 5:colcon.colcon_core.verb:set package 'custom_msgs' build argument 'cmake_target_skip_unavailable' from command line to 'False'
[0.337s] Level 5:colcon.colcon_core.verb:set package 'custom_msgs' build argument 'cmake_clean_cache' from command line to 'False'
[0.337s] Level 5:colcon.colcon_core.verb:set package 'custom_msgs' build argument 'cmake_clean_first' from command line to 'False'
[0.337s] Level 5:colcon.colcon_core.verb:set package 'custom_msgs' build argument 'cmake_force_configure' from command line to 'False'
[0.337s] Level 5:colcon.colcon_core.verb:set package 'custom_msgs' build argument 'ament_cmake_args' from command line to 'None'
[0.337s] Level 5:colcon.colcon_core.verb:set package 'custom_msgs' build argument 'catkin_cmake_args' from command line to 'None'
[0.337s] Level 5:colcon.colcon_core.verb:set package 'custom_msgs' build argument 'catkin_skip_building_tests' from command line to 'False'
[0.337s] DEBUG:colcon.colcon_core.verb:Building package 'custom_msgs' with the following arguments: {'ament_cmake_args': None, 'build_base': '/home/rosbot/ros2_ws/build/custom_msgs', 'catkin_cmake_args': None, 'catkin_skip_building_tests': False, 'cmake_args': None, 'cmake_clean_cache': False, 'cmake_clean_first': False, 'cmake_force_configure': False, 'cmake_target': None, 'cmake_target_skip_unavailable': False, 'install_base': '/home/rosbot/ros2_ws/install/custom_msgs', 'merge_install': False, 'path': '/home/rosbot/ros2_ws/src/custom_msgs', 'symlink_install': False, 'test_result_base': None}
[0.338s] Level 5:colcon.colcon_core.verb:set package 'my_cpp_pkg' build argument 'cmake_args' from command line to 'None'
[0.338s] Level 5:colcon.colcon_core.verb:set package 'my_cpp_pkg' build argument 'cmake_target' from command line to 'None'
[0.338s] Level 5:colcon.colcon_core.verb:set package 'my_cpp_pkg' build argument 'cmake_target_skip_unavailable' from command line to 'False'
[0.338s] Level 5:colcon.colcon_core.verb:set package 'my_cpp_pkg' build argument 'cmake_clean_cache' from command line to 'False'
[0.338s] Level 5:colcon.colcon_core.verb:set package 'my_cpp_pkg' build argument 'cmake_clean_first' from command line to 'False'
[0.338s] Level 5:colcon.colcon_core.verb:set package 'my_cpp_pkg' build argument 'cmake_force_configure' from command line to 'False'
[0.338s] Level 5:colcon.colcon_core.verb:set package 'my_cpp_pkg' build argument 'ament_cmake_args' from command line to 'None'
[0.338s] Level 5:colcon.colcon_core.verb:set package 'my_cpp_pkg' build argument 'catkin_cmake_args' from command line to 'None'
[0.338s] Level 5:colcon.colcon_core.verb:set package 'my_cpp_pkg' build argument 'catkin_skip_building_tests' from command line to 'False'
[0.338s] DEBUG:colcon.colcon_core.verb:Building package 'my_cpp_pkg' with the following arguments: {'ament_cmake_args': None, 'build_base': '/home/rosbot/ros2_ws/build/my_cpp_pkg', 'catkin_cmake_args': None, 'catkin_skip_building_tests': False, 'cmake_args': None, 'cmake_clean_cache': False, 'cmake_clean_first': False, 'cmake_force_configure': False, 'cmake_target': None, 'cmake_target_skip_unavailable': False, 'install_base': '/home/rosbot/ros2_ws/install/my_cpp_pkg', 'merge_install': False, 'path': '/home/rosbot/ros2_ws/src/my_cpp_pkg', 'symlink_install': False, 'test_result_base': None}
[0.338s] Level 5:colcon.colcon_core.verb:set package 'my_py_pkg' build argument 'cmake_args' from command line to 'None'
[0.338s] Level 5:colcon.colcon_core.verb:set package 'my_py_pkg' build argument 'cmake_target' from command line to 'None'
[0.338s] Level 5:colcon.colcon_core.verb:set package 'my_py_pkg' build argument 'cmake_target_skip_unavailable' from command line to 'False'
[0.338s] Level 5:colcon.colcon_core.verb:set package 'my_py_pkg' build argument 'cmake_clean_cache' from command line to 'False'
[0.338s] Level 5:colcon.colcon_core.verb:set package 'my_py_pkg' build argument 'cmake_clean_first' from command line to 'False'
[0.338s] Level 5:colcon.colcon_core.verb:set package 'my_py_pkg' build argument 'cmake_force_configure' from command line to 'False'
[0.338s] Level 5:colcon.colcon_core.verb:set package 'my_py_pkg' build argument 'ament_cmake_args' from command line to 'None'
[0.338s] Level 5:colcon.colcon_core.verb:set package 'my_py_pkg' build argument 'catkin_cmake_args' from command line to 'None'
[0.338s] Level 5:colcon.colcon_core.verb:set package 'my_py_pkg' build argument 'catkin_skip_building_tests' from command line to 'False'
[0.339s] DEBUG:colcon.colcon_core.verb:Building package 'my_py_pkg' with the following arguments: {'ament_cmake_args': None, 'build_base': '/home/rosbot/ros2_ws/build/my_py_pkg', 'catkin_cmake_args': None, 'catkin_skip_building_tests': False, 'cmake_args': None, 'cmake_clean_cache': False, 'cmake_clean_first': False, 'cmake_force_configure': False, 'cmake_target': None, 'cmake_target_skip_unavailable': False, 'install_base': '/home/rosbot/ros2_ws/install/my_py_pkg', 'merge_install': False, 'path': '/home/rosbot/ros2_ws/src/my_py_pkg', 'symlink_install': False, 'test_result_base': None}
[0.339s] Level 5:colcon.colcon_core.verb:set package 'estimator_pkg' build argument 'cmake_args' from command line to 'None'
[0.339s] Level 5:colcon.colcon_core.verb:set package 'estimator_pkg' build argument 'cmake_target' from command line to 'None'
[0.339s] Level 5:colcon.colcon_core.verb:set package 'estimator_pkg' build argument 'cmake_target_skip_unavailable' from command line to 'False'
[0.339s] Level 5:colcon.colcon_core.verb:set package 'estimator_pkg' build argument 'cmake_clean_cache' from command line to 'False'
[0.339s] Level 5:colcon.colcon_core.verb:set package 'estimator_pkg' build argument 'cmake_clean_first' from command line to 'False'
[0.339s] Level 5:colcon.colcon_core.verb:set package 'estimator_pkg' build argument 'cmake_force_configure' from command line to 'False'
[0.339s] Level 5:colcon.colcon_core.verb:set package 'estimator_pkg' build argument 'ament_cmake_args' from command line to 'None'
[0.339s] Level 5:colcon.colcon_core.verb:set package 'estimator_pkg' build argument 'catkin_cmake_args' from command line to 'None'
[0.339s] Level 5:colcon.colcon_core.verb:set package 'estimator_pkg' build argument 'catkin_skip_building_tests' from command line to 'False'
[0.339s] DEBUG:colcon.colcon_core.verb:Building package 'estimator_pkg' with the following arguments: {'ament_cmake_args': None, 'build_base': '/home/rosbot/ros2_ws/build/estimator_pkg', 'catkin_cmake_args': None, 'catkin_skip_building_tests': False, 'cmake_args': None, 'cmake_clean_cache': False, 'cmake_clean_first': False, 'cmake_force_configure': False, 'cmake_target': None, 'cmake_target_skip_unavailable': False, 'install_base': '/home/rosbot/ros2_ws/install/estimator_pkg', 'merge_install': False, 'path': '/home/rosbot/ros2_ws/src/estimator_pkg', 'symlink_install': False, 'test_result_base': None}
[0.339s] Level 5:colcon.colcon_core.verb:set package 'flask_pkg' build argument 'cmake_args' from command line to 'None'
[0.339s] Level 5:colcon.colcon_core.verb:set package 'flask_pkg' build argument 'cmake_target' from command line to 'None'
[0.339s] Level 5:colcon.colcon_core.verb:set package 'flask_pkg' build argument 'cmake_target_skip_unavailable' from command line to 'False'
[0.339s] Level 5:colcon.colcon_core.verb:set package 'flask_pkg' build argument 'cmake_clean_cache' from command line to 'False'
[0.339s] Level 5:colcon.colcon_core.verb:set package 'flask_pkg' build argument 'cmake_clean_first' from command line to 'False'
[0.339s] Level 5:colcon.colcon_core.verb:set package 'flask_pkg' build argument 'cmake_force_configure' from command line to 'False'
[0.339s] Level 5:colcon.colcon_core.verb:set package 'flask_pkg' build argument 'ament_cmake_args' from command line to 'None'
[0.340s] Level 5:colcon.colcon_core.verb:set package 'flask_pkg' build argument 'catkin_cmake_args' from command line to 'None'
[0.340s] Level 5:colcon.colcon_core.verb:set package 'flask_pkg' build argument 'catkin_skip_building_tests' from command line to 'False'
[0.340s] DEBUG:colcon.colcon_core.verb:Building package 'flask_pkg' with the following arguments: {'ament_cmake_args': None, 'build_base': '/home/rosbot/ros2_ws/build/flask_pkg', 'catkin_cmake_args': None, 'catkin_skip_building_tests': False, 'cmake_args': None, 'cmake_clean_cache': False, 'cmake_clean_first': False, 'cmake_force_configure': False, 'cmake_target': None, 'cmake_target_skip_unavailable': False, 'install_base': '/home/rosbot/ros2_ws/install/flask_pkg', 'merge_install': False, 'path': '/home/rosbot/ros2_ws/src/flask_pkg', 'symlink_install': False, 'test_result_base': None}
[0.340s] Level 5:colcon.colcon_core.verb:set package 'flight_controller_pkg' build argument 'cmake_args' from command line to 'None'
[0.340s] Level 5:colcon.colcon_core.verb:set package 'flight_controller_pkg' build argument 'cmake_target' from command line to 'None'
[0.340s] Level 5:colcon.colcon_core.verb:set package 'flight_controller_pkg' build argument 'cmake_target_skip_unavailable' from command line to 'False'
[0.340s] Level 5:colcon.colcon_core.verb:set package 'flight_controller_pkg' build argument 'cmake_clean_cache' from command line to 'False'
[0.340s] Level 5:colcon.colcon_core.verb:set package 'flight_controller_pkg' build argument 'cmake_clean_first' from command line to 'False'
[0.340s] Level 5:colcon.colcon_core.verb:set package 'flight_controller_pkg' build argument 'cmake_force_configure' from command line to 'False'
[0.340s] Level 5:colcon.colcon_core.verb:set package 'flight_controller_pkg' build argument 'ament_cmake_args' from command line to 'None'
[0.340s] Level 5:colcon.colcon_core.verb:set package 'flight_controller_pkg' build argument 'catkin_cmake_args' from command line to 'None'
[0.340s] Level 5:colcon.colcon_core.verb:set package 'flight_controller_pkg' build argument 'catkin_skip_building_tests' from command line to 'False'
[0.340s] DEBUG:colcon.colcon_core.verb:Building package 'flight_controller_pkg' with the following arguments: {'ament_cmake_args': None, 'build_base': '/home/rosbot/ros2_ws/build/flight_controller_pkg', 'catkin_cmake_args': None, 'catkin_skip_building_tests': False, 'cmake_args': None, 'cmake_clean_cache': False, 'cmake_clean_first': False, 'cmake_force_configure': False, 'cmake_target': None, 'cmake_target_skip_unavailable': False, 'install_base': '/home/rosbot/ros2_ws/install/flight_controller_pkg', 'merge_install': False, 'path': '/home/rosbot/ros2_ws/src/flight_controller_pkg', 'symlink_install': False, 'test_result_base': None}
[0.340s] INFO:colcon.colcon_core.executor:Executing jobs using 'parallel' executor
[0.341s] DEBUG:colcon.colcon_parallel_executor.executor.parallel:run_until_complete
[0.342s] INFO:colcon.colcon_ros.task.ament_cmake.build:Building ROS package in '/home/rosbot/ros2_ws/src/custom_msgs' with build type 'ament_cmake'
[0.342s] INFO:colcon.colcon_cmake.task.cmake.build:Building CMake package in '/home/rosbot/ros2_ws/src/custom_msgs'
[0.344s] INFO:colcon.colcon_core.plugin_system:Skipping extension 'colcon_core.shell.bat': Not used on non-Windows systems
[0.344s] INFO:colcon.colcon_core.shell:Skip shell extension 'powershell' for command environment: Not usable outside of PowerShell
[0.345s] DEBUG:colcon.colcon_core.shell:Skip shell extension 'dsv' for command environment
[0.349s] INFO:colcon.colcon_ros.task.ament_cmake.build:Building ROS package in '/home/rosbot/ros2_ws/src/my_cpp_pkg' with build type 'ament_cmake'
[0.349s] INFO:colcon.colcon_cmake.task.cmake.build:Building CMake package in '/home/rosbot/ros2_ws/src/my_cpp_pkg'
[0.350s] INFO:colcon.colcon_core.shell:Skip shell extension 'powershell' for command environment: Not usable outside of PowerShell
[0.350s] DEBUG:colcon.colcon_core.shell:Skip shell extension 'dsv' for command environment
[0.354s] INFO:colcon.colcon_ros.task.ament_python.build:Building ROS package in '/home/rosbot/ros2_ws/src/my_py_pkg' with build type 'ament_python'
[0.354s] Level 1:colcon.colcon_core.shell:create_environment_hook('my_py_pkg', 'ament_prefix_path')
[0.355s] INFO:colcon.colcon_core.shell:Creating environment hook '/home/rosbot/ros2_ws/install/my_py_pkg/share/my_py_pkg/hook/ament_prefix_path.ps1'
[0.356s] INFO:colcon.colcon_core.shell:Creating environment descriptor '/home/rosbot/ros2_ws/install/my_py_pkg/share/my_py_pkg/hook/ament_prefix_path.dsv'
[0.357s] INFO:colcon.colcon_core.shell:Creating environment hook '/home/rosbot/ros2_ws/install/my_py_pkg/share/my_py_pkg/hook/ament_prefix_path.sh'
[0.358s] INFO:colcon.colcon_core.shell:Skip shell extension 'powershell' for command environment: Not usable outside of PowerShell
[0.358s] DEBUG:colcon.colcon_core.shell:Skip shell extension 'dsv' for command environment
[0.370s] DEBUG:colcon.colcon_core.event_handler.log_command:Invoking command in '/home/rosbot/ros2_ws/build/custom_msgs': CMAKE_PREFIX_PATH=${CMAKE_PREFIX_PATH}:/home/rosbot/ros2_ws/install/my_py_pkg:/home/rosbot/ros2_ws/install/flight_controller_pkg:/home/rosbot/ros2_ws/install/flask_pkg:/home/rosbot/ros2_ws/install/estimator_pkg:/opt/ros/jazzy PS1=(venv) \[\e]0;\u@\h: \w\a\]${debian_chroot:+($debian_chroot)}\u@\h:\w\$ VIRTUAL_ENV_PROMPT=(venv) /usr/bin/cmake --build /home/rosbot/ros2_ws/build/custom_msgs -- -j4 -l4
[0.376s] DEBUG:colcon.colcon_core.event_handler.log_command:Invoking command in '/home/rosbot/ros2_ws/build/my_cpp_pkg': CMAKE_PREFIX_PATH=${CMAKE_PREFIX_PATH}:/home/rosbot/ros2_ws/install/my_py_pkg:/home/rosbot/ros2_ws/install/flight_controller_pkg:/home/rosbot/ros2_ws/install/flask_pkg:/home/rosbot/ros2_ws/install/estimator_pkg:/opt/ros/jazzy PS1=(venv) \[\e]0;\u@\h: \w\a\]${debian_chroot:+($debian_chroot)}\u@\h:\w\$ VIRTUAL_ENV_PROMPT=(venv) /usr/bin/cmake --build /home/rosbot/ros2_ws/build/my_cpp_pkg -- -j4 -l4
[0.799s] INFO:colcon.colcon_core.task.python.build:Building Python package in '/home/rosbot/ros2_ws/src/my_py_pkg'
[0.799s] INFO:colcon.colcon_core.shell:Skip shell extension 'powershell' for command environment: Not usable outside of PowerShell
[0.799s] DEBUG:colcon.colcon_core.shell:Skip shell extension 'dsv' for command environment
[0.807s] DEBUG:colcon.colcon_core.event_handler.log_command:Invoked command in '/home/rosbot/ros2_ws/build/my_cpp_pkg' returned '0': CMAKE_PREFIX_PATH=${CMAKE_PREFIX_PATH}:/home/rosbot/ros2_ws/install/my_py_pkg:/home/rosbot/ros2_ws/install/flight_controller_pkg:/home/rosbot/ros2_ws/install/flask_pkg:/home/rosbot/ros2_ws/install/estimator_pkg:/opt/ros/jazzy PS1=(venv) \[\e]0;\u@\h: \w\a\]${debian_chroot:+($debian_chroot)}\u@\h:\w\$ VIRTUAL_ENV_PROMPT=(venv) /usr/bin/cmake --build /home/rosbot/ros2_ws/build/my_cpp_pkg -- -j4 -l4
[0.832s] DEBUG:colcon.colcon_core.event_handler.log_command:Invoking command in '/home/rosbot/ros2_ws/build/my_cpp_pkg': CMAKE_PREFIX_PATH=${CMAKE_PREFIX_PATH}:/home/rosbot/ros2_ws/install/my_py_pkg:/home/rosbot/ros2_ws/install/flight_controller_pkg:/home/rosbot/ros2_ws/install/flask_pkg:/home/rosbot/ros2_ws/install/estimator_pkg:/opt/ros/jazzy PS1=(venv) \[\e]0;\u@\h: \w\a\]${debian_chroot:+($debian_chroot)}\u@\h:\w\$ VIRTUAL_ENV_PROMPT=(venv) /usr/bin/cmake --install /home/rosbot/ros2_ws/build/my_cpp_pkg
[0.864s] Level 1:colcon.colcon_core.environment:create_environment_scripts_only(my_cpp_pkg)
[0.864s] DEBUG:colcon.colcon_core.event_handler.log_command:Invoked command in '/home/rosbot/ros2_ws/build/my_cpp_pkg' returned '0': CMAKE_PREFIX_PATH=${CMAKE_PREFIX_PATH}:/home/rosbot/ros2_ws/install/my_py_pkg:/home/rosbot/ros2_ws/install/flight_controller_pkg:/home/rosbot/ros2_ws/install/flask_pkg:/home/rosbot/ros2_ws/install/estimator_pkg:/opt/ros/jazzy PS1=(venv) \[\e]0;\u@\h: \w\a\]${debian_chroot:+($debian_chroot)}\u@\h:\w\$ VIRTUAL_ENV_PROMPT=(venv) /usr/bin/cmake --install /home/rosbot/ros2_ws/build/my_cpp_pkg
[0.868s] Level 1:colcon.colcon_core.environment:checking '/home/rosbot/ros2_ws/install/my_cpp_pkg' for CMake module files
[0.869s] Level 1:colcon.colcon_core.environment:checking '/home/rosbot/ros2_ws/install/my_cpp_pkg' for CMake config files
[0.869s] Level 1:colcon.colcon_core.shell:create_environment_hook('my_cpp_pkg', 'cmake_prefix_path')
[0.870s] INFO:colcon.colcon_core.shell:Creating environment hook '/home/rosbot/ros2_ws/install/my_cpp_pkg/share/my_cpp_pkg/hook/cmake_prefix_path.ps1'
[0.871s] INFO:colcon.colcon_core.shell:Creating environment descriptor '/home/rosbot/ros2_ws/install/my_cpp_pkg/share/my_cpp_pkg/hook/cmake_prefix_path.dsv'
[0.872s] INFO:colcon.colcon_core.shell:Creating environment hook '/home/rosbot/ros2_ws/install/my_cpp_pkg/share/my_cpp_pkg/hook/cmake_prefix_path.sh'
[0.873s] Level 1:colcon.colcon_core.environment:checking '/home/rosbot/ros2_ws/install/my_cpp_pkg/lib'
[0.873s] Level 1:colcon.colcon_core.environment:checking '/home/rosbot/ros2_ws/install/my_cpp_pkg/bin'
[0.874s] Level 1:colcon.colcon_core.environment:checking '/home/rosbot/ros2_ws/install/my_cpp_pkg/lib/pkgconfig/my_cpp_pkg.pc'
[0.874s] Level 1:colcon.colcon_core.environment:checking '/home/rosbot/ros2_ws/install/my_cpp_pkg/lib/python3.12/site-packages'
[0.874s] Level 1:colcon.colcon_core.environment:checking '/home/rosbot/ros2_ws/install/my_cpp_pkg/bin'
[0.875s] INFO:colcon.colcon_core.shell:Creating package script '/home/rosbot/ros2_ws/install/my_cpp_pkg/share/my_cpp_pkg/package.ps1'
[0.876s] INFO:colcon.colcon_core.shell:Creating package descriptor '/home/rosbot/ros2_ws/install/my_cpp_pkg/share/my_cpp_pkg/package.dsv'
[0.877s] INFO:colcon.colcon_core.shell:Creating package script '/home/rosbot/ros2_ws/install/my_cpp_pkg/share/my_cpp_pkg/package.sh'
[0.879s] INFO:colcon.colcon_core.shell:Creating package script '/home/rosbot/ros2_ws/install/my_cpp_pkg/share/my_cpp_pkg/package.bash'
[0.880s] INFO:colcon.colcon_core.shell:Creating package script '/home/rosbot/ros2_ws/install/my_cpp_pkg/share/my_cpp_pkg/package.zsh'
[0.881s] Level 1:colcon.colcon_core.environment:create_file_with_runtime_dependencies(/home/rosbot/ros2_ws/install/my_cpp_pkg/share/colcon-core/packages/my_cpp_pkg)
[0.883s] Level 1:colcon.colcon_core.environment:create_environment_scripts_only(my_cpp_pkg)
[0.883s] Level 1:colcon.colcon_core.environment:checking '/home/rosbot/ros2_ws/install/my_cpp_pkg' for CMake module files
[0.884s] Level 1:colcon.colcon_core.environment:checking '/home/rosbot/ros2_ws/install/my_cpp_pkg' for CMake config files
[0.884s] Level 1:colcon.colcon_core.shell:create_environment_hook('my_cpp_pkg', 'cmake_prefix_path')
[0.884s] INFO:colcon.colcon_core.shell:Creating environment hook '/home/rosbot/ros2_ws/install/my_cpp_pkg/share/my_cpp_pkg/hook/cmake_prefix_path.ps1'
[0.885s] INFO:colcon.colcon_core.shell:Creating environment descriptor '/home/rosbot/ros2_ws/install/my_cpp_pkg/share/my_cpp_pkg/hook/cmake_prefix_path.dsv'
[0.886s] INFO:colcon.colcon_core.shell:Creating environment hook '/home/rosbot/ros2_ws/install/my_cpp_pkg/share/my_cpp_pkg/hook/cmake_prefix_path.sh'
[0.887s] Level 1:colcon.colcon_core.environment:checking '/home/rosbot/ros2_ws/install/my_cpp_pkg/lib'
[0.887s] Level 1:colcon.colcon_core.environment:checking '/home/rosbot/ros2_ws/install/my_cpp_pkg/bin'
[0.887s] Level 1:colcon.colcon_core.environment:checking '/home/rosbot/ros2_ws/install/my_cpp_pkg/lib/pkgconfig/my_cpp_pkg.pc'
[0.888s] Level 1:colcon.colcon_core.environment:checking '/home/rosbot/ros2_ws/install/my_cpp_pkg/lib/python3.12/site-packages'
[0.888s] Level 1:colcon.colcon_core.environment:checking '/home/rosbot/ros2_ws/install/my_cpp_pkg/bin'
[0.888s] INFO:colcon.colcon_core.shell:Creating package script '/home/rosbot/ros2_ws/install/my_cpp_pkg/share/my_cpp_pkg/package.ps1'
[0.889s] INFO:colcon.colcon_core.shell:Creating package descriptor '/home/rosbot/ros2_ws/install/my_cpp_pkg/share/my_cpp_pkg/package.dsv'
[0.891s] INFO:colcon.colcon_core.shell:Creating package script '/home/rosbot/ros2_ws/install/my_cpp_pkg/share/my_cpp_pkg/package.sh'
[0.891s] INFO:colcon.colcon_core.shell:Creating package script '/home/rosbot/ros2_ws/install/my_cpp_pkg/share/my_cpp_pkg/package.bash'
[0.894s] INFO:colcon.colcon_core.shell:Creating package script '/home/rosbot/ros2_ws/install/my_cpp_pkg/share/my_cpp_pkg/package.zsh'
[0.897s] Level 1:colcon.colcon_core.environment:create_file_with_runtime_dependencies(/home/rosbot/ros2_ws/install/my_cpp_pkg/share/colcon-core/packages/my_cpp_pkg)
[1.102s] DEBUG:colcon.colcon_core.event_handler.log_command:Invoked command in '/home/rosbot/ros2_ws/build/custom_msgs' returned '0': CMAKE_PREFIX_PATH=${CMAKE_PREFIX_PATH}:/home/rosbot/ros2_ws/install/my_py_pkg:/home/rosbot/ros2_ws/install/flight_controller_pkg:/home/rosbot/ros2_ws/install/flask_pkg:/home/rosbot/ros2_ws/install/estimator_pkg:/opt/ros/jazzy PS1=(venv) \[\e]0;\u@\h: \w\a\]${debian_chroot:+($debian_chroot)}\u@\h:\w\$ VIRTUAL_ENV_PROMPT=(venv) /usr/bin/cmake --build /home/rosbot/ros2_ws/build/custom_msgs -- -j4 -l4
[1.104s] DEBUG:colcon.colcon_core.event_handler.log_command:Invoking command in '/home/rosbot/ros2_ws/build/custom_msgs': CMAKE_PREFIX_PATH=${CMAKE_PREFIX_PATH}:/home/rosbot/ros2_ws/install/my_py_pkg:/home/rosbot/ros2_ws/install/flight_controller_pkg:/home/rosbot/ros2_ws/install/flask_pkg:/home/rosbot/ros2_ws/install/estimator_pkg:/opt/ros/jazzy PS1=(venv) \[\e]0;\u@\h: \w\a\]${debian_chroot:+($debian_chroot)}\u@\h:\w\$ VIRTUAL_ENV_PROMPT=(venv) /usr/bin/cmake --install /home/rosbot/ros2_ws/build/custom_msgs
[1.202s] Level 1:colcon.colcon_core.environment:create_environment_scripts_only(custom_msgs)
[1.203s] Level 1:colcon.colcon_core.environment:checking '/home/rosbot/ros2_ws/install/custom_msgs' for CMake module files
[1.203s] DEBUG:colcon.colcon_core.event_handler.log_command:Invoked command in '/home/rosbot/ros2_ws/build/custom_msgs' returned '0': CMAKE_PREFIX_PATH=${CMAKE_PREFIX_PATH}:/home/rosbot/ros2_ws/install/my_py_pkg:/home/rosbot/ros2_ws/install/flight_controller_pkg:/home/rosbot/ros2_ws/install/flask_pkg:/home/rosbot/ros2_ws/install/estimator_pkg:/opt/ros/jazzy PS1=(venv) \[\e]0;\u@\h: \w\a\]${debian_chroot:+($debian_chroot)}\u@\h:\w\$ VIRTUAL_ENV_PROMPT=(venv) /usr/bin/cmake --install /home/rosbot/ros2_ws/build/custom_msgs
[1.204s] Level 1:colcon.colcon_core.environment:checking '/home/rosbot/ros2_ws/install/custom_msgs' for CMake config files
[1.204s] Level 1:colcon.colcon_core.shell:create_environment_hook('custom_msgs', 'cmake_prefix_path')
[1.205s] INFO:colcon.colcon_core.shell:Creating environment hook '/home/rosbot/ros2_ws/install/custom_msgs/share/custom_msgs/hook/cmake_prefix_path.ps1'
[1.205s] INFO:colcon.colcon_core.shell:Creating environment descriptor '/home/rosbot/ros2_ws/install/custom_msgs/share/custom_msgs/hook/cmake_prefix_path.dsv'
[1.206s] INFO:colcon.colcon_core.shell:Creating environment hook '/home/rosbot/ros2_ws/install/custom_msgs/share/custom_msgs/hook/cmake_prefix_path.sh'
[1.208s] Level 1:colcon.colcon_core.environment:checking '/home/rosbot/ros2_ws/install/custom_msgs/lib'
[1.208s] Level 1:colcon.colcon_core.shell:create_environment_hook('custom_msgs', 'ld_library_path_lib')
[1.208s] INFO:colcon.colcon_core.shell:Creating environment hook '/home/rosbot/ros2_ws/install/custom_msgs/share/custom_msgs/hook/ld_library_path_lib.ps1'
[1.209s] INFO:colcon.colcon_core.shell:Creating environment descriptor '/home/rosbot/ros2_ws/install/custom_msgs/share/custom_msgs/hook/ld_library_path_lib.dsv'
[1.210s] INFO:colcon.colcon_core.shell:Creating environment hook '/home/rosbot/ros2_ws/install/custom_msgs/share/custom_msgs/hook/ld_library_path_lib.sh'
[1.213s] Level 1:colcon.colcon_core.environment:checking '/home/rosbot/ros2_ws/install/custom_msgs/bin'
[1.213s] Level 1:colcon.colcon_core.environment:checking '/home/rosbot/ros2_ws/install/custom_msgs/lib/pkgconfig/custom_msgs.pc'
[1.214s] Level 1:colcon.colcon_core.environment:checking '/home/rosbot/ros2_ws/install/custom_msgs/lib/python3.12/site-packages'
[1.214s] Level 1:colcon.colcon_core.shell:create_environment_hook('custom_msgs', 'pythonpath')
[1.214s] INFO:colcon.colcon_core.shell:Creating environment hook '/home/rosbot/ros2_ws/install/custom_msgs/share/custom_msgs/hook/pythonpath.ps1'
[1.215s] INFO:colcon.colcon_core.shell:Creating environment descriptor '/home/rosbot/ros2_ws/install/custom_msgs/share/custom_msgs/hook/pythonpath.dsv'
[1.216s] INFO:colcon.colcon_core.shell:Creating environment hook '/home/rosbot/ros2_ws/install/custom_msgs/share/custom_msgs/hook/pythonpath.sh'
[1.217s] Level 1:colcon.colcon_core.environment:checking '/home/rosbot/ros2_ws/install/custom_msgs/bin'
[1.217s] INFO:colcon.colcon_core.shell:Creating package script '/home/rosbot/ros2_ws/install/custom_msgs/share/custom_msgs/package.ps1'
[1.219s] INFO:colcon.colcon_core.shell:Creating package descriptor '/home/rosbot/ros2_ws/install/custom_msgs/share/custom_msgs/package.dsv'
[1.220s] INFO:colcon.colcon_core.shell:Creating package script '/home/rosbot/ros2_ws/install/custom_msgs/share/custom_msgs/package.sh'
[1.221s] INFO:colcon.colcon_core.shell:Creating package script '/home/rosbot/ros2_ws/install/custom_msgs/share/custom_msgs/package.bash'
[1.222s] INFO:colcon.colcon_core.shell:Creating package script '/home/rosbot/ros2_ws/install/custom_msgs/share/custom_msgs/package.zsh'
[1.223s] Level 1:colcon.colcon_core.environment:create_file_with_runtime_dependencies(/home/rosbot/ros2_ws/install/custom_msgs/share/colcon-core/packages/custom_msgs)
[1.225s] Level 1:colcon.colcon_core.environment:create_environment_scripts_only(custom_msgs)
[1.225s] Level 1:colcon.colcon_core.environment:checking '/home/rosbot/ros2_ws/install/custom_msgs' for CMake module files
[1.226s] Level 1:colcon.colcon_core.environment:checking '/home/rosbot/ros2_ws/install/custom_msgs' for CMake config files
[1.226s] Level 1:colcon.colcon_core.shell:create_environment_hook('custom_msgs', 'cmake_prefix_path')
[1.227s] INFO:colcon.colcon_core.shell:Creating environment hook '/home/rosbot/ros2_ws/install/custom_msgs/share/custom_msgs/hook/cmake_prefix_path.ps1'
[1.227s] INFO:colcon.colcon_core.shell:Creating environment descriptor '/home/rosbot/ros2_ws/install/custom_msgs/share/custom_msgs/hook/cmake_prefix_path.dsv'
[1.228s] INFO:colcon.colcon_core.shell:Creating environment hook '/home/rosbot/ros2_ws/install/custom_msgs/share/custom_msgs/hook/cmake_prefix_path.sh'
[1.230s] Level 1:colcon.colcon_core.environment:checking '/home/rosbot/ros2_ws/install/custom_msgs/lib'
[1.230s] Level 1:colcon.colcon_core.shell:create_environment_hook('custom_msgs', 'ld_library_path_lib')
[1.230s] INFO:colcon.colcon_core.shell:Creating environment hook '/home/rosbot/ros2_ws/install/custom_msgs/share/custom_msgs/hook/ld_library_path_lib.ps1'
[1.231s] INFO:colcon.colcon_core.shell:Creating environment descriptor '/home/rosbot/ros2_ws/install/custom_msgs/share/custom_msgs/hook/ld_library_path_lib.dsv'
[1.232s] INFO:colcon.colcon_core.shell:Creating environment hook '/home/rosbot/ros2_ws/install/custom_msgs/share/custom_msgs/hook/ld_library_path_lib.sh'
[1.233s] Level 1:colcon.colcon_core.environment:checking '/home/rosbot/ros2_ws/install/custom_msgs/bin'
[1.233s] Level 1:colcon.colcon_core.environment:checking '/home/rosbot/ros2_ws/install/custom_msgs/lib/pkgconfig/custom_msgs.pc'
[1.233s] Level 1:colcon.colcon_core.environment:checking '/home/rosbot/ros2_ws/install/custom_msgs/lib/python3.12/site-packages'
[1.233s] Level 1:colcon.colcon_core.shell:create_environment_hook('custom_msgs', 'pythonpath')
[1.233s] INFO:colcon.colcon_core.shell:Creating environment hook '/home/rosbot/ros2_ws/install/custom_msgs/share/custom_msgs/hook/pythonpath.ps1'
[1.234s] INFO:colcon.colcon_core.shell:Creating environment descriptor '/home/rosbot/ros2_ws/install/custom_msgs/share/custom_msgs/hook/pythonpath.dsv'
[1.235s] INFO:colcon.colcon_core.shell:Creating environment hook '/home/rosbot/ros2_ws/install/custom_msgs/share/custom_msgs/hook/pythonpath.sh'
[1.236s] Level 1:colcon.colcon_core.environment:checking '/home/rosbot/ros2_ws/install/custom_msgs/bin'
[1.237s] INFO:colcon.colcon_core.shell:Creating package script '/home/rosbot/ros2_ws/install/custom_msgs/share/custom_msgs/package.ps1'
[1.237s] INFO:colcon.colcon_core.shell:Creating package descriptor '/home/rosbot/ros2_ws/install/custom_msgs/share/custom_msgs/package.dsv'
[1.238s] INFO:colcon.colcon_core.shell:Creating package script '/home/rosbot/ros2_ws/install/custom_msgs/share/custom_msgs/package.sh'
[1.240s] INFO:colcon.colcon_core.shell:Creating package script '/home/rosbot/ros2_ws/install/custom_msgs/share/custom_msgs/package.bash'
[1.241s] INFO:colcon.colcon_core.shell:Creating package script '/home/rosbot/ros2_ws/install/custom_msgs/share/custom_msgs/package.zsh'
[1.242s] Level 1:colcon.colcon_core.environment:create_file_with_runtime_dependencies(/home/rosbot/ros2_ws/install/custom_msgs/share/colcon-core/packages/custom_msgs)
[1.246s] INFO:colcon.colcon_ros.task.ament_python.build:Building ROS package in '/home/rosbot/ros2_ws/src/estimator_pkg' with build type 'ament_python'
[1.246s] Level 1:colcon.colcon_core.shell:create_environment_hook('estimator_pkg', 'ament_prefix_path')
[1.246s] INFO:colcon.colcon_core.shell:Creating environment hook '/home/rosbot/ros2_ws/install/estimator_pkg/share/estimator_pkg/hook/ament_prefix_path.ps1'
[1.250s] INFO:colcon.colcon_core.shell:Creating environment descriptor '/home/rosbot/ros2_ws/install/estimator_pkg/share/estimator_pkg/hook/ament_prefix_path.dsv'
[1.251s] INFO:colcon.colcon_core.shell:Creating environment hook '/home/rosbot/ros2_ws/install/estimator_pkg/share/estimator_pkg/hook/ament_prefix_path.sh'
[1.252s] INFO:colcon.colcon_core.shell:Skip shell extension 'powershell' for command environment: Not usable outside of PowerShell
[1.252s] DEBUG:colcon.colcon_core.shell:Skip shell extension 'dsv' for command environment
[1.257s] INFO:colcon.colcon_ros.task.ament_python.build:Building ROS package in '/home/rosbot/ros2_ws/src/flask_pkg' with build type 'ament_python'
[1.257s] Level 1:colcon.colcon_core.shell:create_environment_hook('flask_pkg', 'ament_prefix_path')
[1.257s] INFO:colcon.colcon_core.shell:Creating environment hook '/home/rosbot/ros2_ws/install/flask_pkg/share/flask_pkg/hook/ament_prefix_path.ps1'
[1.258s] INFO:colcon.colcon_core.shell:Creating environment descriptor '/home/rosbot/ros2_ws/install/flask_pkg/share/flask_pkg/hook/ament_prefix_path.dsv'
[1.259s] INFO:colcon.colcon_core.shell:Creating environment hook '/home/rosbot/ros2_ws/install/flask_pkg/share/flask_pkg/hook/ament_prefix_path.sh'
[1.260s] INFO:colcon.colcon_core.shell:Skip shell extension 'powershell' for command environment: Not usable outside of PowerShell
[1.260s] DEBUG:colcon.colcon_core.shell:Skip shell extension 'dsv' for command environment
[1.265s] INFO:colcon.colcon_ros.task.ament_python.build:Building ROS package in '/home/rosbot/ros2_ws/src/flight_controller_pkg' with build type 'ament_python'
[1.265s] Level 1:colcon.colcon_core.shell:create_environment_hook('flight_controller_pkg', 'ament_prefix_path')
[1.265s] INFO:colcon.colcon_core.shell:Creating environment hook '/home/rosbot/ros2_ws/install/flight_controller_pkg/share/flight_controller_pkg/hook/ament_prefix_path.ps1'
[1.266s] INFO:colcon.colcon_core.shell:Creating environment descriptor '/home/rosbot/ros2_ws/install/flight_controller_pkg/share/flight_controller_pkg/hook/ament_prefix_path.dsv'
[1.268s] INFO:colcon.colcon_core.shell:Creating environment hook '/home/rosbot/ros2_ws/install/flight_controller_pkg/share/flight_controller_pkg/hook/ament_prefix_path.sh'
[1.269s] INFO:colcon.colcon_core.shell:Skip shell extension 'powershell' for command environment: Not usable outside of PowerShell
[1.269s] DEBUG:colcon.colcon_core.shell:Skip shell extension 'dsv' for command environment
[1.597s] INFO:colcon.colcon_core.task.python.build:Building Python package in '/home/rosbot/ros2_ws/src/estimator_pkg'
[1.598s] INFO:colcon.colcon_core.shell:Skip shell extension 'powershell' for command environment: Not usable outside of PowerShell
[1.598s] DEBUG:colcon.colcon_core.shell:Skip shell extension 'dsv' for command environment
[1.922s] INFO:colcon.colcon_core.task.python.build:Building Python package in '/home/rosbot/ros2_ws/src/flask_pkg'
[1.922s] INFO:colcon.colcon_core.shell:Skip shell extension 'powershell' for command environment: Not usable outside of PowerShell
[1.923s] DEBUG:colcon.colcon_core.shell:Skip shell extension 'dsv' for command environment
[2.233s] INFO:colcon.colcon_core.task.python.build:Building Python package in '/home/rosbot/ros2_ws/src/flight_controller_pkg'
[2.234s] INFO:colcon.colcon_core.shell:Skip shell extension 'powershell' for command environment: Not usable outside of PowerShell
[2.234s] DEBUG:colcon.colcon_core.shell:Skip shell extension 'dsv' for command environment
[2.242s] DEBUG:colcon.colcon_core.event_handler.log_command:Invoking command in '/home/rosbot/ros2_ws/src/my_py_pkg': PS1=(venv) \[\e]0;\u@\h: \w\a\]${debian_chroot:+($debian_chroot)}\u@\h:\w\$ PYTHONPATH=/home/rosbot/ros2_ws/build/my_py_pkg/prefix_override:/usr/lib/python3/dist-packages/colcon_core/task/python/colcon_distutils_commands:/home/rosbot/ros2_ws/install/my_py_pkg/lib/python3.12/site-packages:${PYTHONPATH} VIRTUAL_ENV_PROMPT=(venv) /usr/bin/python3 -W ignore:setup.py install is deprecated -W ignore:easy_install command is deprecated setup.py egg_info --egg-base ../../build/my_py_pkg build --build-base /home/rosbot/ros2_ws/build/my_py_pkg/build install --record /home/rosbot/ros2_ws/build/my_py_pkg/install.log --single-version-externally-managed install_data
[3.171s] Level 1:colcon.colcon_core.environment:checking '/home/rosbot/ros2_ws/install/my_py_pkg' for CMake module files
[3.173s] Level 1:colcon.colcon_core.environment:checking '/home/rosbot/ros2_ws/install/my_py_pkg' for CMake config files
[3.172s] DEBUG:colcon.colcon_core.event_handler.log_command:Invoked command in '/home/rosbot/ros2_ws/src/my_py_pkg' returned '0': PS1=(venv) \[\e]0;\u@\h: \w\a\]${debian_chroot:+($debian_chroot)}\u@\h:\w\$ PYTHONPATH=/home/rosbot/ros2_ws/build/my_py_pkg/prefix_override:/usr/lib/python3/dist-packages/colcon_core/task/python/colcon_distutils_commands:/home/rosbot/ros2_ws/install/my_py_pkg/lib/python3.12/site-packages:${PYTHONPATH} VIRTUAL_ENV_PROMPT=(venv) /usr/bin/python3 -W ignore:setup.py install is deprecated -W ignore:easy_install command is deprecated setup.py egg_info --egg-base ../../build/my_py_pkg build --build-base /home/rosbot/ros2_ws/build/my_py_pkg/build install --record /home/rosbot/ros2_ws/build/my_py_pkg/install.log --single-version-externally-managed install_data
[3.174s] Level 1:colcon.colcon_core.environment:checking '/home/rosbot/ros2_ws/install/my_py_pkg/lib'
[3.175s] Level 1:colcon.colcon_core.environment:checking '/home/rosbot/ros2_ws/install/my_py_pkg/bin'
[3.175s] Level 1:colcon.colcon_core.environment:checking '/home/rosbot/ros2_ws/install/my_py_pkg/lib/pkgconfig/my_py_pkg.pc'
[3.175s] Level 1:colcon.colcon_core.environment:checking '/home/rosbot/ros2_ws/install/my_py_pkg/lib/python3.12/site-packages'
[3.175s] Level 1:colcon.colcon_core.shell:create_environment_hook('my_py_pkg', 'pythonpath')
[3.176s] INFO:colcon.colcon_core.shell:Creating environment hook '/home/rosbot/ros2_ws/install/my_py_pkg/share/my_py_pkg/hook/pythonpath.ps1'
[3.177s] INFO:colcon.colcon_core.shell:Creating environment descriptor '/home/rosbot/ros2_ws/install/my_py_pkg/share/my_py_pkg/hook/pythonpath.dsv'
[3.178s] INFO:colcon.colcon_core.shell:Creating environment hook '/home/rosbot/ros2_ws/install/my_py_pkg/share/my_py_pkg/hook/pythonpath.sh'
[3.179s] Level 1:colcon.colcon_core.environment:checking '/home/rosbot/ros2_ws/install/my_py_pkg/bin'
[3.180s] Level 1:colcon.colcon_core.environment:create_environment_scripts_only(my_py_pkg)
[3.180s] INFO:colcon.colcon_core.shell:Creating package script '/home/rosbot/ros2_ws/install/my_py_pkg/share/my_py_pkg/package.ps1'
[3.182s] INFO:colcon.colcon_core.shell:Creating package descriptor '/home/rosbot/ros2_ws/install/my_py_pkg/share/my_py_pkg/package.dsv'
[3.183s] INFO:colcon.colcon_core.shell:Creating package script '/home/rosbot/ros2_ws/install/my_py_pkg/share/my_py_pkg/package.sh'
[3.185s] INFO:colcon.colcon_core.shell:Creating package script '/home/rosbot/ros2_ws/install/my_py_pkg/share/my_py_pkg/package.bash'
[3.186s] INFO:colcon.colcon_core.shell:Creating package script '/home/rosbot/ros2_ws/install/my_py_pkg/share/my_py_pkg/package.zsh'
[3.187s] Level 1:colcon.colcon_core.environment:create_file_with_runtime_dependencies(/home/rosbot/ros2_ws/install/my_py_pkg/share/colcon-core/packages/my_py_pkg)
[3.270s] DEBUG:colcon.colcon_core.event_handler.log_command:Invoking command in '/home/rosbot/ros2_ws/src/estimator_pkg': CMAKE_PREFIX_PATH=/home/rosbot/ros2_ws/install/custom_msgs:/home/rosbot/ros2_ws/install/my_cpp_pkg:/opt/ros/jazzy/opt/gz_math_vendor:/opt/ros/jazzy/opt/gz_utils_vendor:/opt/ros/jazzy/opt/gz_cmake_vendor PS1=(venv) \[\e]0;\u@\h: \w\a\]${debian_chroot:+($debian_chroot)}\u@\h:\w\$ PYTHONPATH=/home/rosbot/ros2_ws/build/estimator_pkg/prefix_override:/usr/lib/python3/dist-packages/colcon_core/task/python/colcon_distutils_commands:/home/rosbot/ros2_ws/install/estimator_pkg/lib/python3.12/site-packages:/home/rosbot/ros2_ws/install/custom_msgs/lib/python3.12/site-packages:/home/rosbot/ros2_ws/install/my_py_pkg/lib/python3.12/site-packages:/home/rosbot/ros2_ws/install/flight_controller_pkg/lib/python3.12/site-packages:/home/rosbot/ros2_ws/install/flask_pkg/lib/python3.12/site-packages:/home/rosbot/ros2_ws/install/estimator_pkg/lib/python3.12/site-packages:/opt/ros/jazzy/lib/python3.12/site-packages VIRTUAL_ENV_PROMPT=(venv) /usr/bin/python3 -W ignore:setup.py install is deprecated -W ignore:easy_install command is deprecated setup.py egg_info --egg-base ../../build/estimator_pkg build --build-base /home/rosbot/ros2_ws/build/estimator_pkg/build install --record /home/rosbot/ros2_ws/build/estimator_pkg/install.log --single-version-externally-managed install_data
[3.276s] DEBUG:colcon.colcon_core.event_handler.log_command:Invoking command in '/home/rosbot/ros2_ws/src/flask_pkg': CMAKE_PREFIX_PATH=/home/rosbot/ros2_ws/install/custom_msgs:/home/rosbot/ros2_ws/install/my_cpp_pkg:/opt/ros/jazzy/opt/gz_math_vendor:/opt/ros/jazzy/opt/gz_utils_vendor:/opt/ros/jazzy/opt/gz_cmake_vendor PS1=(venv) \[\e]0;\u@\h: \w\a\]${debian_chroot:+($debian_chroot)}\u@\h:\w\$ PYTHONPATH=/home/rosbot/ros2_ws/build/flask_pkg/prefix_override:/usr/lib/python3/dist-packages/colcon_core/task/python/colcon_distutils_commands:/home/rosbot/ros2_ws/install/flask_pkg/lib/python3.12/site-packages:/home/rosbot/ros2_ws/install/custom_msgs/lib/python3.12/site-packages:/home/rosbot/ros2_ws/install/my_py_pkg/lib/python3.12/site-packages:/home/rosbot/ros2_ws/install/flight_controller_pkg/lib/python3.12/site-packages:/home/rosbot/ros2_ws/install/flask_pkg/lib/python3.12/site-packages:/home/rosbot/ros2_ws/install/estimator_pkg/lib/python3.12/site-packages:/opt/ros/jazzy/lib/python3.12/site-packages VIRTUAL_ENV_PROMPT=(venv) /usr/bin/python3 -W ignore:setup.py install is deprecated -W ignore:easy_install command is deprecated setup.py egg_info --egg-base ../../build/flask_pkg build --build-base /home/rosbot/ros2_ws/build/flask_pkg/build install --record /home/rosbot/ros2_ws/build/flask_pkg/install.log --single-version-externally-managed install_data
[3.302s] DEBUG:colcon.colcon_core.event_handler.log_command:Invoking command in '/home/rosbot/ros2_ws/src/flight_controller_pkg': CMAKE_PREFIX_PATH=/home/rosbot/ros2_ws/install/custom_msgs:/home/rosbot/ros2_ws/install/my_cpp_pkg:/opt/ros/jazzy/opt/gz_math_vendor:/opt/ros/jazzy/opt/gz_utils_vendor:/opt/ros/jazzy/opt/gz_cmake_vendor PS1=(venv) \[\e]0;\u@\h: \w\a\]${debian_chroot:+($debian_chroot)}\u@\h:\w\$ PYTHONPATH=/home/rosbot/ros2_ws/build/flight_controller_pkg/prefix_override:/usr/lib/python3/dist-packages/colcon_core/task/python/colcon_distutils_commands:/home/rosbot/ros2_ws/install/flight_controller_pkg/lib/python3.12/site-packages:/home/rosbot/ros2_ws/install/custom_msgs/lib/python3.12/site-packages:/home/rosbot/ros2_ws/install/my_py_pkg/lib/python3.12/site-packages:/home/rosbot/ros2_ws/install/flight_controller_pkg/lib/python3.12/site-packages:/home/rosbot/ros2_ws/install/flask_pkg/lib/python3.12/site-packages:/home/rosbot/ros2_ws/install/estimator_pkg/lib/python3.12/site-packages:/opt/ros/jazzy/lib/python3.12/site-packages VIRTUAL_ENV_PROMPT=(venv) /usr/bin/python3 -W ignore:setup.py install is deprecated -W ignore:easy_install command is deprecated setup.py egg_info --egg-base ../../build/flight_controller_pkg build --build-base /home/rosbot/ros2_ws/build/flight_controller_pkg/build install --record /home/rosbot/ros2_ws/build/flight_controller_pkg/install.log --single-version-externally-managed install_data
[4.111s] Level 1:colcon.colcon_core.environment:checking '/home/rosbot/ros2_ws/install/estimator_pkg' for CMake module files
[4.112s] DEBUG:colcon.colcon_core.event_handler.log_command:Invoked command in '/home/rosbot/ros2_ws/src/estimator_pkg' returned '0': CMAKE_PREFIX_PATH=/home/rosbot/ros2_ws/install/custom_msgs:/home/rosbot/ros2_ws/install/my_cpp_pkg:/opt/ros/jazzy/opt/gz_math_vendor:/opt/ros/jazzy/opt/gz_utils_vendor:/opt/ros/jazzy/opt/gz_cmake_vendor PS1=(venv) \[\e]0;\u@\h: \w\a\]${debian_chroot:+($debian_chroot)}\u@\h:\w\$ PYTHONPATH=/home/rosbot/ros2_ws/build/estimator_pkg/prefix_override:/usr/lib/python3/dist-packages/colcon_core/task/python/colcon_distutils_commands:/home/rosbot/ros2_ws/install/estimator_pkg/lib/python3.12/site-packages:/home/rosbot/ros2_ws/install/custom_msgs/lib/python3.12/site-packages:/home/rosbot/ros2_ws/install/my_py_pkg/lib/python3.12/site-packages:/home/rosbot/ros2_ws/install/flight_controller_pkg/lib/python3.12/site-packages:/home/rosbot/ros2_ws/install/flask_pkg/lib/python3.12/site-packages:/home/rosbot/ros2_ws/install/estimator_pkg/lib/python3.12/site-packages:/opt/ros/jazzy/lib/python3.12/site-packages VIRTUAL_ENV_PROMPT=(venv) /usr/bin/python3 -W ignore:setup.py install is deprecated -W ignore:easy_install command is deprecated setup.py egg_info --egg-base ../../build/estimator_pkg build --build-base /home/rosbot/ros2_ws/build/estimator_pkg/build install --record /home/rosbot/ros2_ws/build/estimator_pkg/install.log --single-version-externally-managed install_data
[4.113s] Level 1:colcon.colcon_core.environment:checking '/home/rosbot/ros2_ws/install/estimator_pkg' for CMake config files
[4.113s] Level 1:colcon.colcon_core.environment:checking '/home/rosbot/ros2_ws/install/estimator_pkg/lib'
[4.114s] Level 1:colcon.colcon_core.environment:checking '/home/rosbot/ros2_ws/install/estimator_pkg/bin'
[4.114s] Level 1:colcon.colcon_core.environment:checking '/home/rosbot/ros2_ws/install/estimator_pkg/lib/pkgconfig/estimator_pkg.pc'
[4.114s] Level 1:colcon.colcon_core.environment:checking '/home/rosbot/ros2_ws/install/estimator_pkg/lib/python3.12/site-packages'
[4.114s] Level 1:colcon.colcon_core.shell:create_environment_hook('estimator_pkg', 'pythonpath')
[4.114s] INFO:colcon.colcon_core.shell:Creating environment hook '/home/rosbot/ros2_ws/install/estimator_pkg/share/estimator_pkg/hook/pythonpath.ps1'
[4.115s] INFO:colcon.colcon_core.shell:Creating environment descriptor '/home/rosbot/ros2_ws/install/estimator_pkg/share/estimator_pkg/hook/pythonpath.dsv'
[4.116s] INFO:colcon.colcon_core.shell:Creating environment hook '/home/rosbot/ros2_ws/install/estimator_pkg/share/estimator_pkg/hook/pythonpath.sh'
[4.118s] Level 1:colcon.colcon_core.environment:checking '/home/rosbot/ros2_ws/install/estimator_pkg/bin'
[4.118s] Level 1:colcon.colcon_core.environment:create_environment_scripts_only(estimator_pkg)
[4.118s] INFO:colcon.colcon_core.shell:Creating package script '/home/rosbot/ros2_ws/install/estimator_pkg/share/estimator_pkg/package.ps1'
[4.119s] INFO:colcon.colcon_core.shell:Creating package descriptor '/home/rosbot/ros2_ws/install/estimator_pkg/share/estimator_pkg/package.dsv'
[4.120s] INFO:colcon.colcon_core.shell:Creating package script '/home/rosbot/ros2_ws/install/estimator_pkg/share/estimator_pkg/package.sh'
[4.121s] INFO:colcon.colcon_core.shell:Creating package script '/home/rosbot/ros2_ws/install/estimator_pkg/share/estimator_pkg/package.bash'
[4.122s] INFO:colcon.colcon_core.shell:Creating package script '/home/rosbot/ros2_ws/install/estimator_pkg/share/estimator_pkg/package.zsh'
[4.123s] Level 1:colcon.colcon_core.environment:create_file_with_runtime_dependencies(/home/rosbot/ros2_ws/install/estimator_pkg/share/colcon-core/packages/estimator_pkg)
[4.126s] Level 1:colcon.colcon_core.environment:checking '/home/rosbot/ros2_ws/install/flask_pkg' for CMake module files
[4.127s] DEBUG:colcon.colcon_core.event_handler.log_command:Invoked command in '/home/rosbot/ros2_ws/src/flask_pkg' returned '0': CMAKE_PREFIX_PATH=/home/rosbot/ros2_ws/install/custom_msgs:/home/rosbot/ros2_ws/install/my_cpp_pkg:/opt/ros/jazzy/opt/gz_math_vendor:/opt/ros/jazzy/opt/gz_utils_vendor:/opt/ros/jazzy/opt/gz_cmake_vendor PS1=(venv) \[\e]0;\u@\h: \w\a\]${debian_chroot:+($debian_chroot)}\u@\h:\w\$ PYTHONPATH=/home/rosbot/ros2_ws/build/flask_pkg/prefix_override:/usr/lib/python3/dist-packages/colcon_core/task/python/colcon_distutils_commands:/home/rosbot/ros2_ws/install/flask_pkg/lib/python3.12/site-packages:/home/rosbot/ros2_ws/install/custom_msgs/lib/python3.12/site-packages:/home/rosbot/ros2_ws/install/my_py_pkg/lib/python3.12/site-packages:/home/rosbot/ros2_ws/install/flight_controller_pkg/lib/python3.12/site-packages:/home/rosbot/ros2_ws/install/flask_pkg/lib/python3.12/site-packages:/home/rosbot/ros2_ws/install/estimator_pkg/lib/python3.12/site-packages:/opt/ros/jazzy/lib/python3.12/site-packages VIRTUAL_ENV_PROMPT=(venv) /usr/bin/python3 -W ignore:setup.py install is deprecated -W ignore:easy_install command is deprecated setup.py egg_info --egg-base ../../build/flask_pkg build --build-base /home/rosbot/ros2_ws/build/flask_pkg/build install --record /home/rosbot/ros2_ws/build/flask_pkg/install.log --single-version-externally-managed install_data
[4.127s] Level 1:colcon.colcon_core.environment:checking '/home/rosbot/ros2_ws/install/flask_pkg' for CMake config files
[4.128s] Level 1:colcon.colcon_core.environment:checking '/home/rosbot/ros2_ws/install/flask_pkg/lib'
[4.128s] Level 1:colcon.colcon_core.environment:checking '/home/rosbot/ros2_ws/install/flask_pkg/bin'
[4.128s] Level 1:colcon.colcon_core.environment:checking '/home/rosbot/ros2_ws/install/flask_pkg/lib/pkgconfig/flask_pkg.pc'
[4.128s] Level 1:colcon.colcon_core.environment:checking '/home/rosbot/ros2_ws/install/flask_pkg/lib/python3.12/site-packages'
[4.129s] Level 1:colcon.colcon_core.shell:create_environment_hook('flask_pkg', 'pythonpath')
[4.129s] INFO:colcon.colcon_core.shell:Creating environment hook '/home/rosbot/ros2_ws/install/flask_pkg/share/flask_pkg/hook/pythonpath.ps1'
[4.130s] INFO:colcon.colcon_core.shell:Creating environment descriptor '/home/rosbot/ros2_ws/install/flask_pkg/share/flask_pkg/hook/pythonpath.dsv'
[4.131s] INFO:colcon.colcon_core.shell:Creating environment hook '/home/rosbot/ros2_ws/install/flask_pkg/share/flask_pkg/hook/pythonpath.sh'
[4.132s] Level 1:colcon.colcon_core.environment:checking '/home/rosbot/ros2_ws/install/flask_pkg/bin'
[4.132s] Level 1:colcon.colcon_core.environment:create_environment_scripts_only(flask_pkg)
[4.133s] INFO:colcon.colcon_core.shell:Creating package script '/home/rosbot/ros2_ws/install/flask_pkg/share/flask_pkg/package.ps1'
[4.133s] INFO:colcon.colcon_core.shell:Creating package descriptor '/home/rosbot/ros2_ws/install/flask_pkg/share/flask_pkg/package.dsv'
[4.134s] INFO:colcon.colcon_core.shell:Creating package script '/home/rosbot/ros2_ws/install/flask_pkg/share/flask_pkg/package.sh'
[4.135s] INFO:colcon.colcon_core.shell:Creating package script '/home/rosbot/ros2_ws/install/flask_pkg/share/flask_pkg/package.bash'
[4.136s] INFO:colcon.colcon_core.shell:Creating package script '/home/rosbot/ros2_ws/install/flask_pkg/share/flask_pkg/package.zsh'
[4.138s] Level 1:colcon.colcon_core.environment:create_file_with_runtime_dependencies(/home/rosbot/ros2_ws/install/flask_pkg/share/colcon-core/packages/flask_pkg)
[4.152s] Level 1:colcon.colcon_core.environment:checking '/home/rosbot/ros2_ws/install/flight_controller_pkg' for CMake module files
[4.153s] DEBUG:colcon.colcon_core.event_handler.log_command:Invoked command in '/home/rosbot/ros2_ws/src/flight_controller_pkg' returned '0': CMAKE_PREFIX_PATH=/home/rosbot/ros2_ws/install/custom_msgs:/home/rosbot/ros2_ws/install/my_cpp_pkg:/opt/ros/jazzy/opt/gz_math_vendor:/opt/ros/jazzy/opt/gz_utils_vendor:/opt/ros/jazzy/opt/gz_cmake_vendor PS1=(venv) \[\e]0;\u@\h: \w\a\]${debian_chroot:+($debian_chroot)}\u@\h:\w\$ PYTHONPATH=/home/rosbot/ros2_ws/build/flight_controller_pkg/prefix_override:/usr/lib/python3/dist-packages/colcon_core/task/python/colcon_distutils_commands:/home/rosbot/ros2_ws/install/flight_controller_pkg/lib/python3.12/site-packages:/home/rosbot/ros2_ws/install/custom_msgs/lib/python3.12/site-packages:/home/rosbot/ros2_ws/install/my_py_pkg/lib/python3.12/site-packages:/home/rosbot/ros2_ws/install/flight_controller_pkg/lib/python3.12/site-packages:/home/rosbot/ros2_ws/install/flask_pkg/lib/python3.12/site-packages:/home/rosbot/ros2_ws/install/estimator_pkg/lib/python3.12/site-packages:/opt/ros/jazzy/lib/python3.12/site-packages VIRTUAL_ENV_PROMPT=(venv) /usr/bin/python3 -W ignore:setup.py install is deprecated -W ignore:easy_install command is deprecated setup.py egg_info --egg-base ../../build/flight_controller_pkg build --build-base /home/rosbot/ros2_ws/build/flight_controller_pkg/build install --record /home/rosbot/ros2_ws/build/flight_controller_pkg/install.log --single-version-externally-managed install_data
[4.153s] Level 1:colcon.colcon_core.environment:checking '/home/rosbot/ros2_ws/install/flight_controller_pkg' for CMake config files
[4.154s] Level 1:colcon.colcon_core.environment:checking '/home/rosbot/ros2_ws/install/flight_controller_pkg/lib'
[4.154s] Level 1:colcon.colcon_core.environment:checking '/home/rosbot/ros2_ws/install/flight_controller_pkg/bin'
[4.154s] Level 1:colcon.colcon_core.environment:checking '/home/rosbot/ros2_ws/install/flight_controller_pkg/lib/pkgconfig/flight_controller_pkg.pc'
[4.154s] Level 1:colcon.colcon_core.environment:checking '/home/rosbot/ros2_ws/install/flight_controller_pkg/lib/python3.12/site-packages'
[4.154s] Level 1:colcon.colcon_core.shell:create_environment_hook('flight_controller_pkg', 'pythonpath')
[4.155s] INFO:colcon.colcon_core.shell:Creating environment hook '/home/rosbot/ros2_ws/install/flight_controller_pkg/share/flight_controller_pkg/hook/pythonpath.ps1'
[4.155s] INFO:colcon.colcon_core.shell:Creating environment descriptor '/home/rosbot/ros2_ws/install/flight_controller_pkg/share/flight_controller_pkg/hook/pythonpath.dsv'
[4.156s] INFO:colcon.colcon_core.shell:Creating environment hook '/home/rosbot/ros2_ws/install/flight_controller_pkg/share/flight_controller_pkg/hook/pythonpath.sh'
[4.158s] Level 1:colcon.colcon_core.environment:checking '/home/rosbot/ros2_ws/install/flight_controller_pkg/bin'
[4.158s] Level 1:colcon.colcon_core.environment:create_environment_scripts_only(flight_controller_pkg)
[4.158s] INFO:colcon.colcon_core.shell:Creating package script '/home/rosbot/ros2_ws/install/flight_controller_pkg/share/flight_controller_pkg/package.ps1'
[4.159s] INFO:colcon.colcon_core.shell:Creating package descriptor '/home/rosbot/ros2_ws/install/flight_controller_pkg/share/flight_controller_pkg/package.dsv'
[4.160s] INFO:colcon.colcon_core.shell:Creating package script '/home/rosbot/ros2_ws/install/flight_controller_pkg/share/flight_controller_pkg/package.sh'
[4.161s] INFO:colcon.colcon_core.shell:Creating package script '/home/rosbot/ros2_ws/install/flight_controller_pkg/share/flight_controller_pkg/package.bash'
[4.165s] INFO:colcon.colcon_core.shell:Creating package script '/home/rosbot/ros2_ws/install/flight_controller_pkg/share/flight_controller_pkg/package.zsh'
[4.166s] Level 1:colcon.colcon_core.environment:create_file_with_runtime_dependencies(/home/rosbot/ros2_ws/install/flight_controller_pkg/share/colcon-core/packages/flight_controller_pkg)
[4.167s] DEBUG:colcon.colcon_parallel_executor.executor.parallel:closing loop
[4.167s] DEBUG:colcon.colcon_parallel_executor.executor.parallel:loop closed
[4.167s] DEBUG:colcon.colcon_parallel_executor.executor.parallel:run_until_complete finished with '0'
[4.167s] DEBUG:colcon.colcon_core.event_reactor:joining thread
[4.175s] INFO:colcon.colcon_core.plugin_system:Skipping extension 'colcon_notification.desktop_notification.notify_send': Could not find 'notify-send'
[4.175s] INFO:colcon.colcon_core.plugin_system:Skipping extension 'colcon_notification.desktop_notification.terminal_notifier': Not used on non-Darwin systems
[4.175s] INFO:colcon.colcon_core.plugin_system:Skipping extension 'colcon_notification.desktop_notification.win32': Not used on non-Windows systems
[4.175s] INFO:colcon.colcon_notification.desktop_notification:Sending desktop notification using 'notify2'
[4.176s] DEBUG:colcon.colcon_notification.desktop_notification.notify2:Failed to initialize notify2: org.freedesktop.DBus.Error.ServiceUnknown: The name org.freedesktop.Notifications was not provided by any .service files
[4.177s] DEBUG:colcon.colcon_core.event_reactor:joined thread
[4.177s] INFO:colcon.colcon_core.shell:Creating prefix script '/home/rosbot/ros2_ws/install/local_setup.ps1'
[4.178s] INFO:colcon.colcon_core.shell:Creating prefix util module '/home/rosbot/ros2_ws/install/_local_setup_util_ps1.py'
[4.180s] INFO:colcon.colcon_core.shell:Creating prefix chain script '/home/rosbot/ros2_ws/install/setup.ps1'
[4.181s] INFO:colcon.colcon_core.shell:Creating prefix script '/home/rosbot/ros2_ws/install/local_setup.sh'
[4.182s] INFO:colcon.colcon_core.shell:Creating prefix util module '/home/rosbot/ros2_ws/install/_local_setup_util_sh.py'
[4.183s] INFO:colcon.colcon_core.shell:Creating prefix chain script '/home/rosbot/ros2_ws/install/setup.sh'
[4.185s] INFO:colcon.colcon_core.shell:Creating prefix script '/home/rosbot/ros2_ws/install/local_setup.bash'
[4.186s] INFO:colcon.colcon_core.shell:Creating prefix chain script '/home/rosbot/ros2_ws/install/setup.bash'
[4.187s] INFO:colcon.colcon_core.shell:Creating prefix script '/home/rosbot/ros2_ws/install/local_setup.zsh'
[4.188s] INFO:colcon.colcon_core.shell:Creating prefix chain script '/home/rosbot/ros2_ws/install/setup.zsh'
