[2.424s] Invoking command in '/home/rosbot/ros2_ws/src/estimator_pkg': PS1=(venv) \[\e]0;\u@\h: \w\a\]${debian_chroot:+($debian_chroot)}\u@\h:\w\$ PYTHONPATH=/home/rosbot/ros2_ws/build/estimator_pkg/prefix_override:/usr/lib/python3/dist-packages/colcon_core/task/python/colcon_distutils_commands:/home/rosbot/ros2_ws/install/estimator_pkg/lib/python3.12/site-packages:${PYTHONPATH} VIRTUAL_ENV_PROMPT=(venv) /usr/bin/python3 -W ignore:setup.py install is deprecated -W ignore:easy_install command is deprecated setup.py egg_info --egg-base ../../build/estimator_pkg build --build-base /home/rosbot/ros2_ws/build/estimator_pkg/build install --record /home/rosbot/ros2_ws/build/estimator_pkg/install.log --single-version-externally-managed install_data
[2.865s] running egg_info
[2.865s] creating ../../build/estimator_pkg/estimator_pkg.egg-info
[2.892s] writing ../../build/estimator_pkg/estimator_pkg.egg-info/PKG-INFO
[2.892s] writing dependency_links to ../../build/estimator_pkg/estimator_pkg.egg-info/dependency_links.txt
[2.892s] writing entry points to ../../build/estimator_pkg/estimator_pkg.egg-info/entry_points.txt
[2.893s] writing requirements to ../../build/estimator_pkg/estimator_pkg.egg-info/requires.txt
[2.893s] writing top-level names to ../../build/estimator_pkg/estimator_pkg.egg-info/top_level.txt
[2.893s] writing manifest file '../../build/estimator_pkg/estimator_pkg.egg-info/SOURCES.txt'
[2.956s] reading manifest file '../../build/estimator_pkg/estimator_pkg.egg-info/SOURCES.txt'
[2.957s] writing manifest file '../../build/estimator_pkg/estimator_pkg.egg-info/SOURCES.txt'
[2.958s] running build
[2.958s] running build_py
[2.959s] creating /home/rosbot/ros2_ws/build/estimator_pkg/build
[2.959s] creating /home/rosbot/ros2_ws/build/estimator_pkg/build/lib
[2.959s] creating /home/rosbot/ros2_ws/build/estimator_pkg/build/lib/estimator_pkg
[2.960s] copying estimator_pkg/__init__.py -> /home/rosbot/ros2_ws/build/estimator_pkg/build/lib/estimator_pkg
[2.960s] copying estimator_pkg/estimator_node.py -> /home/rosbot/ros2_ws/build/estimator_pkg/build/lib/estimator_pkg
[2.961s] copying estimator_pkg/my_first_node.py -> /home/rosbot/ros2_ws/build/estimator_pkg/build/lib/estimator_pkg
[2.961s] running install
[2.972s] running install_lib
[3.018s] creating /home/rosbot/ros2_ws/install/estimator_pkg/lib/python3.12/site-packages/estimator_pkg
[3.019s] copying /home/rosbot/ros2_ws/build/estimator_pkg/build/lib/estimator_pkg/__init__.py -> /home/rosbot/ros2_ws/install/estimator_pkg/lib/python3.12/site-packages/estimator_pkg
[3.019s] copying /home/rosbot/ros2_ws/build/estimator_pkg/build/lib/estimator_pkg/estimator_node.py -> /home/rosbot/ros2_ws/install/estimator_pkg/lib/python3.12/site-packages/estimator_pkg
[3.021s] copying /home/rosbot/ros2_ws/build/estimator_pkg/build/lib/estimator_pkg/my_first_node.py -> /home/rosbot/ros2_ws/install/estimator_pkg/lib/python3.12/site-packages/estimator_pkg
[3.022s] byte-compiling /home/rosbot/ros2_ws/install/estimator_pkg/lib/python3.12/site-packages/estimator_pkg/__init__.py to __init__.cpython-312.pyc
[3.023s] byte-compiling /home/rosbot/ros2_ws/install/estimator_pkg/lib/python3.12/site-packages/estimator_pkg/estimator_node.py to estimator_node.cpython-312.pyc
[3.025s] byte-compiling /home/rosbot/ros2_ws/install/estimator_pkg/lib/python3.12/site-packages/estimator_pkg/my_first_node.py to my_first_node.cpython-312.pyc
[3.027s] running install_data
[3.028s] creating /home/rosbot/ros2_ws/install/estimator_pkg/share/ament_index
[3.028s] creating /home/rosbot/ros2_ws/install/estimator_pkg/share/ament_index/resource_index
[3.033s] creating /home/rosbot/ros2_ws/install/estimator_pkg/share/ament_index/resource_index/packages
[3.033s] error: can't copy 'resource/estimator_pkg': doesn't exist or not a regular file
[3.160s] Invoked command in '/home/rosbot/ros2_ws/src/estimator_pkg' returned '1': PS1=(venv) \[\e]0;\u@\h: \w\a\]${debian_chroot:+($debian_chroot)}\u@\h:\w\$ PYTHONPATH=/home/rosbot/ros2_ws/build/estimator_pkg/prefix_override:/usr/lib/python3/dist-packages/colcon_core/task/python/colcon_distutils_commands:/home/rosbot/ros2_ws/install/estimator_pkg/lib/python3.12/site-packages:${PYTHONPATH} VIRTUAL_ENV_PROMPT=(venv) /usr/bin/python3 -W ignore:setup.py install is deprecated -W ignore:easy_install command is deprecated setup.py egg_info --egg-base ../../build/estimator_pkg build --build-base /home/rosbot/ros2_ws/build/estimator_pkg/build install --record /home/rosbot/ros2_ws/build/estimator_pkg/install.log --single-version-externally-managed install_data
