running egg_info
writing ../../build/estimator_pkg/estimator_pkg.egg-info/PKG-INFO
writing dependency_links to ../../build/estimator_pkg/estimator_pkg.egg-info/dependency_links.txt
writing entry points to ../../build/estimator_pkg/estimator_pkg.egg-info/entry_points.txt
writing requirements to ../../build/estimator_pkg/estimator_pkg.egg-info/requires.txt
writing top-level names to ../../build/estimator_pkg/estimator_pkg.egg-info/top_level.txt
reading manifest file '../../build/estimator_pkg/estimator_pkg.egg-info/SOURCES.txt'
writing manifest file '../../build/estimator_pkg/estimator_pkg.egg-info/SOURCES.txt'
running build
running build_py
copying estimator_pkg/estimator_node.py -> /home/rosbot/ros2_ws/build/estimator_pkg/build/lib/estimator_pkg
running install
running install_lib
copying /home/rosbot/ros2_ws/build/estimator_pkg/build/lib/estimator_pkg/estimator_node.py -> /home/rosbot/ros2_ws/install/estimator_pkg/lib/python3.12/site-packages/estimator_pkg
byte-compiling /home/rosbot/ros2_ws/install/estimator_pkg/lib/python3.12/site-packages/estimator_pkg/estimator_node.py to estimator_node.cpython-312.pyc
running install_data
copying package.xml -> /home/rosbot/ros2_ws/install/estimator_pkg/share/estimator_pkg
running install_egg_info
removing '/home/rosbot/ros2_ws/install/estimator_pkg/lib/python3.12/site-packages/estimator_pkg-0.0.0-py3.12.egg-info' (and everything under it)
Copying ../../build/estimator_pkg/estimator_pkg.egg-info to /home/rosbot/ros2_ws/install/estimator_pkg/lib/python3.12/site-packages/estimator_pkg-0.0.0-py3.12.egg-info
running install_scripts
Installing estimator_node script to /home/rosbot/ros2_ws/install/estimator_pkg/lib/estimator_pkg
writing list of installed files to '/home/rosbot/ros2_ws/build/estimator_pkg/install.log'
