[2.236s] Invoking command in '/home/rosbot/ros2_ws/src/my_py_pkg': PS1=(venv) \[\e]0;\u@\h: \w\a\]${debian_chroot:+($debian_chroot)}\u@\h:\w\$ PYTHONPATH=/home/rosbot/ros2_ws/build/my_py_pkg/prefix_override:/usr/lib/python3/dist-packages/colcon_core/task/python/colcon_distutils_commands:/home/rosbot/ros2_ws/install/my_py_pkg/lib/python3.12/site-packages:${PYTHONPATH} VIRTUAL_ENV_PROMPT=(venv) /usr/bin/python3 -W ignore:setup.py install is deprecated -W ignore:easy_install command is deprecated setup.py egg_info --egg-base ../../build/my_py_pkg build --build-base /home/rosbot/ros2_ws/build/my_py_pkg/build install --record /home/rosbot/ros2_ws/build/my_py_pkg/install.log --single-version-externally-managed install_data
[2.911s] running egg_info
[2.953s] writing ../../build/my_py_pkg/my_py_pkg.egg-info/PKG-INFO
[2.953s] writing dependency_links to ../../build/my_py_pkg/my_py_pkg.egg-info/dependency_links.txt
[2.957s] writing entry points to ../../build/my_py_pkg/my_py_pkg.egg-info/entry_points.txt
[2.960s] writing requirements to ../../build/my_py_pkg/my_py_pkg.egg-info/requires.txt
[2.963s] writing top-level names to ../../build/my_py_pkg/my_py_pkg.egg-info/top_level.txt
[3.067s] reading manifest file '../../build/my_py_pkg/my_py_pkg.egg-info/SOURCES.txt'
[3.067s] writing manifest file '../../build/my_py_pkg/my_py_pkg.egg-info/SOURCES.txt'
[3.156s] running build
[3.156s] running build_py
[3.161s] running install
[3.184s] running install_lib
[3.225s] running install_data
[3.226s] running install_egg_info
[3.266s] removing '/home/rosbot/ros2_ws/install/my_py_pkg/lib/python3.12/site-packages/my_py_pkg-0.0.0-py3.12.egg-info' (and everything under it)
[3.270s] Copying ../../build/my_py_pkg/my_py_pkg.egg-info to /home/rosbot/ros2_ws/install/my_py_pkg/lib/python3.12/site-packages/my_py_pkg-0.0.0-py3.12.egg-info
[3.280s] running install_scripts
[3.561s] Installing py_node script to /home/rosbot/ros2_ws/install/my_py_pkg/lib/my_py_pkg
[3.564s] writing list of installed files to '/home/rosbot/ros2_ws/build/my_py_pkg/install.log'
[3.764s] Invoked command in '/home/rosbot/ros2_ws/src/my_py_pkg' returned '0': PS1=(venv) \[\e]0;\u@\h: \w\a\]${debian_chroot:+($debian_chroot)}\u@\h:\w\$ PYTHONPATH=/home/rosbot/ros2_ws/build/my_py_pkg/prefix_override:/usr/lib/python3/dist-packages/colcon_core/task/python/colcon_distutils_commands:/home/rosbot/ros2_ws/install/my_py_pkg/lib/python3.12/site-packages:${PYTHONPATH} VIRTUAL_ENV_PROMPT=(venv) /usr/bin/python3 -W ignore:setup.py install is deprecated -W ignore:easy_install command is deprecated setup.py egg_info --egg-base ../../build/my_py_pkg build --build-base /home/rosbot/ros2_ws/build/my_py_pkg/build install --record /home/rosbot/ros2_ws/build/my_py_pkg/install.log --single-version-externally-managed install_data
