[0.034s] Invoking command in '/home/rosbot/ros2_ws/build/custom_msgs': CMAKE_PREFIX_PATH=${CMAKE_PREFIX_PATH}:/home/rosbot/ros2_ws/install/my_py_pkg:/home/rosbot/ros2_ws/install/flight_controller_pkg:/home/rosbot/ros2_ws/install/flask_pkg:/home/rosbot/ros2_ws/install/estimator_pkg:/opt/ros/jazzy PS1=(venv) \[\e]0;\u@\h: \w\a\]${debian_chroot:+($debian_chroot)}\u@\h:\w\$ VIRTUAL_ENV_PROMPT=(venv) /usr/bin/cmake --build /home/rosbot/ros2_ws/build/custom_msgs -- -j4 -l4
[0.131s] [  1%] Built target custom_msgs__rosidl_generator_type_description
[0.155s] [  1%] Built target ament_cmake_python_copy_custom_msgs
[0.180s] [  3%] Built target custom_msgs__cpp
[0.194s] [ 24%] Built target custom_msgs__rosidl_generator_c
[0.246s] [ 33%] Built target custom_msgs__rosidl_typesupport_introspection_c
[0.257s] [ 42%] Built target custom_msgs__rosidl_typesupport_cpp
[0.274s] [ 51%] Built target custom_msgs__rosidl_typesupport_fastrtps_c
[0.295s] [ 61%] Built target custom_msgs__rosidl_typesupport_c
[0.319s] [ 70%] Built target custom_msgs__rosidl_typesupport_fastrtps_cpp
[0.329s] [ 79%] Built target custom_msgs__rosidl_typesupport_introspection_cpp
[0.364s] [ 79%] Built target custom_msgs
[0.400s] [ 81%] Built target custom_msgs__py
[0.440s] [ 88%] Built target custom_msgs__rosidl_generator_py
[0.493s] [ 92%] Built target custom_msgs_s__rosidl_typesupport_fastrtps_c
[0.513s] [ 96%] Built target custom_msgs_s__rosidl_typesupport_introspection_c
[0.516s] [100%] Built target custom_msgs_s__rosidl_typesupport_c
[0.587s] running egg_info
[0.617s] writing custom_msgs.egg-info/PKG-INFO
[0.617s] writing dependency_links to custom_msgs.egg-info/dependency_links.txt
[0.617s] writing top-level names to custom_msgs.egg-info/top_level.txt
[0.698s] reading manifest file 'custom_msgs.egg-info/SOURCES.txt'
[0.699s] writing manifest file 'custom_msgs.egg-info/SOURCES.txt'
[0.774s] [100%] Built target ament_cmake_python_build_custom_msgs_egg
[0.793s] Invoked command in '/home/rosbot/ros2_ws/build/custom_msgs' returned '0': CMAKE_PREFIX_PATH=${CMAKE_PREFIX_PATH}:/home/rosbot/ros2_ws/install/my_py_pkg:/home/rosbot/ros2_ws/install/flight_controller_pkg:/home/rosbot/ros2_ws/install/flask_pkg:/home/rosbot/ros2_ws/install/estimator_pkg:/opt/ros/jazzy PS1=(venv) \[\e]0;\u@\h: \w\a\]${debian_chroot:+($debian_chroot)}\u@\h:\w\$ VIRTUAL_ENV_PROMPT=(venv) /usr/bin/cmake --build /home/rosbot/ros2_ws/build/custom_msgs -- -j4 -l4
[0.795s] Invoking command in '/home/rosbot/ros2_ws/build/custom_msgs': CMAKE_PREFIX_PATH=${CMAKE_PREFIX_PATH}:/home/rosbot/ros2_ws/install/my_py_pkg:/home/rosbot/ros2_ws/install/flight_controller_pkg:/home/rosbot/ros2_ws/install/flask_pkg:/home/rosbot/ros2_ws/install/estimator_pkg:/opt/ros/jazzy PS1=(venv) \[\e]0;\u@\h: \w\a\]${debian_chroot:+($debian_chroot)}\u@\h:\w\$ VIRTUAL_ENV_PROMPT=(venv) /usr/bin/cmake --install /home/rosbot/ros2_ws/build/custom_msgs
[0.809s] -- Install configuration: ""
[0.809s] -- Up-to-date: /home/rosbot/ros2_ws/install/custom_msgs/share/ament_index/resource_index/rosidl_interfaces/custom_msgs
[0.809s] -- Up-to-date: /home/rosbot/ros2_ws/install/custom_msgs/share/custom_msgs/msg/AccelData.json
[0.809s] -- Up-to-date: /home/rosbot/ros2_ws/install/custom_msgs/share/custom_msgs/msg/GyroData.json
[0.810s] -- Up-to-date: /home/rosbot/ros2_ws/install/custom_msgs/share/custom_msgs/msg/ImuData.json
[0.810s] -- Up-to-date: /home/rosbot/ros2_ws/install/custom_msgs/include/custom_msgs/custom_msgs
[0.810s] -- Up-to-date: /home/rosbot/ros2_ws/install/custom_msgs/include/custom_msgs/custom_msgs/msg
[0.810s] -- Up-to-date: /home/rosbot/ros2_ws/install/custom_msgs/include/custom_msgs/custom_msgs/msg/rosidl_generator_c__visibility_control.h
[0.810s] -- Up-to-date: /home/rosbot/ros2_ws/install/custom_msgs/include/custom_msgs/custom_msgs/msg/imu_data.h
[0.810s] -- Up-to-date: /home/rosbot/ros2_ws/install/custom_msgs/include/custom_msgs/custom_msgs/msg/gyro_data.h
[0.810s] -- Up-to-date: /home/rosbot/ros2_ws/install/custom_msgs/include/custom_msgs/custom_msgs/msg/accel_data.h
[0.810s] -- Up-to-date: /home/rosbot/ros2_ws/install/custom_msgs/include/custom_msgs/custom_msgs/msg/detail
[0.811s] -- Up-to-date: /home/rosbot/ros2_ws/install/custom_msgs/include/custom_msgs/custom_msgs/msg/detail/gyro_data__functions.c
[0.811s] -- Up-to-date: /home/rosbot/ros2_ws/install/custom_msgs/include/custom_msgs/custom_msgs/msg/detail/gyro_data__struct.h
[0.811s] -- Up-to-date: /home/rosbot/ros2_ws/install/custom_msgs/include/custom_msgs/custom_msgs/msg/detail/gyro_data__type_support.c
[0.811s] -- Up-to-date: /home/rosbot/ros2_ws/install/custom_msgs/include/custom_msgs/custom_msgs/msg/detail/imu_data__type_support.h
[0.811s] -- Up-to-date: /home/rosbot/ros2_ws/install/custom_msgs/include/custom_msgs/custom_msgs/msg/detail/accel_data__functions.h
[0.811s] -- Up-to-date: /home/rosbot/ros2_ws/install/custom_msgs/include/custom_msgs/custom_msgs/msg/detail/accel_data__functions.c
[0.811s] -- Up-to-date: /home/rosbot/ros2_ws/install/custom_msgs/include/custom_msgs/custom_msgs/msg/detail/accel_data__type_support.c
[0.811s] -- Up-to-date: /home/rosbot/ros2_ws/install/custom_msgs/include/custom_msgs/custom_msgs/msg/detail/gyro_data__description.c
[0.811s] -- Up-to-date: /home/rosbot/ros2_ws/install/custom_msgs/include/custom_msgs/custom_msgs/msg/detail/gyro_data__functions.h
[0.811s] -- Up-to-date: /home/rosbot/ros2_ws/install/custom_msgs/include/custom_msgs/custom_msgs/msg/detail/accel_data__description.c
[0.811s] -- Up-to-date: /home/rosbot/ros2_ws/install/custom_msgs/include/custom_msgs/custom_msgs/msg/detail/accel_data__struct.h
[0.812s] -- Up-to-date: /home/rosbot/ros2_ws/install/custom_msgs/include/custom_msgs/custom_msgs/msg/detail/imu_data__type_support.c
[0.812s] -- Up-to-date: /home/rosbot/ros2_ws/install/custom_msgs/include/custom_msgs/custom_msgs/msg/detail/imu_data__struct.h
[0.812s] -- Up-to-date: /home/rosbot/ros2_ws/install/custom_msgs/include/custom_msgs/custom_msgs/msg/detail/imu_data__functions.h
[0.812s] -- Up-to-date: /home/rosbot/ros2_ws/install/custom_msgs/include/custom_msgs/custom_msgs/msg/detail/gyro_data__type_support.h
[0.812s] -- Up-to-date: /home/rosbot/ros2_ws/install/custom_msgs/include/custom_msgs/custom_msgs/msg/detail/imu_data__functions.c
[0.812s] -- Up-to-date: /home/rosbot/ros2_ws/install/custom_msgs/include/custom_msgs/custom_msgs/msg/detail/accel_data__type_support.h
[0.812s] -- Up-to-date: /home/rosbot/ros2_ws/install/custom_msgs/include/custom_msgs/custom_msgs/msg/detail/imu_data__description.c
[0.812s] -- Up-to-date: /home/rosbot/ros2_ws/install/custom_msgs/share/custom_msgs/environment/library_path.sh
[0.812s] -- Up-to-date: /home/rosbot/ros2_ws/install/custom_msgs/share/custom_msgs/environment/library_path.dsv
[0.812s] -- Up-to-date: /home/rosbot/ros2_ws/install/custom_msgs/lib/libcustom_msgs__rosidl_generator_c.so
[0.812s] -- Up-to-date: /home/rosbot/ros2_ws/install/custom_msgs/include/custom_msgs/custom_msgs
[0.813s] -- Up-to-date: /home/rosbot/ros2_ws/install/custom_msgs/include/custom_msgs/custom_msgs/msg
[0.813s] -- Up-to-date: /home/rosbot/ros2_ws/install/custom_msgs/include/custom_msgs/custom_msgs/msg/rosidl_typesupport_fastrtps_c__visibility_control.h
[0.813s] -- Up-to-date: /home/rosbot/ros2_ws/install/custom_msgs/include/custom_msgs/custom_msgs/msg/detail
[0.813s] -- Up-to-date: /home/rosbot/ros2_ws/install/custom_msgs/include/custom_msgs/custom_msgs/msg/detail/imu_data__rosidl_typesupport_fastrtps_c.h
[0.813s] -- Up-to-date: /home/rosbot/ros2_ws/install/custom_msgs/include/custom_msgs/custom_msgs/msg/detail/accel_data__rosidl_typesupport_fastrtps_c.h
[0.813s] -- Up-to-date: /home/rosbot/ros2_ws/install/custom_msgs/include/custom_msgs/custom_msgs/msg/detail/gyro_data__rosidl_typesupport_fastrtps_c.h
[0.813s] -- Up-to-date: /home/rosbot/ros2_ws/install/custom_msgs/lib/libcustom_msgs__rosidl_typesupport_fastrtps_c.so
[0.813s] -- Up-to-date: /home/rosbot/ros2_ws/install/custom_msgs/include/custom_msgs/custom_msgs
[0.813s] -- Up-to-date: /home/rosbot/ros2_ws/install/custom_msgs/include/custom_msgs/custom_msgs/msg
[0.813s] -- Up-to-date: /home/rosbot/ros2_ws/install/custom_msgs/include/custom_msgs/custom_msgs/msg/detail
[0.814s] -- Up-to-date: /home/rosbot/ros2_ws/install/custom_msgs/include/custom_msgs/custom_msgs/msg/detail/gyro_data__type_support.c
[0.814s] -- Up-to-date: /home/rosbot/ros2_ws/install/custom_msgs/include/custom_msgs/custom_msgs/msg/detail/gyro_data__rosidl_typesupport_introspection_c.h
[0.814s] -- Up-to-date: /home/rosbot/ros2_ws/install/custom_msgs/include/custom_msgs/custom_msgs/msg/detail/accel_data__type_support.c
[0.814s] -- Up-to-date: /home/rosbot/ros2_ws/install/custom_msgs/include/custom_msgs/custom_msgs/msg/detail/imu_data__rosidl_typesupport_introspection_c.h
[0.814s] -- Up-to-date: /home/rosbot/ros2_ws/install/custom_msgs/include/custom_msgs/custom_msgs/msg/detail/imu_data__type_support.c
[0.814s] -- Up-to-date: /home/rosbot/ros2_ws/install/custom_msgs/include/custom_msgs/custom_msgs/msg/detail/accel_data__rosidl_typesupport_introspection_c.h
[0.814s] -- Up-to-date: /home/rosbot/ros2_ws/install/custom_msgs/include/custom_msgs/custom_msgs/msg/rosidl_typesupport_introspection_c__visibility_control.h
[0.814s] -- Up-to-date: /home/rosbot/ros2_ws/install/custom_msgs/lib/libcustom_msgs__rosidl_typesupport_introspection_c.so
[0.814s] -- Up-to-date: /home/rosbot/ros2_ws/install/custom_msgs/lib/libcustom_msgs__rosidl_typesupport_c.so
[0.814s] -- Up-to-date: /home/rosbot/ros2_ws/install/custom_msgs/include/custom_msgs/custom_msgs
[0.814s] -- Up-to-date: /home/rosbot/ros2_ws/install/custom_msgs/include/custom_msgs/custom_msgs/msg
[0.814s] -- Up-to-date: /home/rosbot/ros2_ws/install/custom_msgs/include/custom_msgs/custom_msgs/msg/accel_data.hpp
[0.815s] -- Up-to-date: /home/rosbot/ros2_ws/install/custom_msgs/include/custom_msgs/custom_msgs/msg/rosidl_generator_cpp__visibility_control.hpp
[0.815s] -- Up-to-date: /home/rosbot/ros2_ws/install/custom_msgs/include/custom_msgs/custom_msgs/msg/imu_data.hpp
[0.815s] -- Up-to-date: /home/rosbot/ros2_ws/install/custom_msgs/include/custom_msgs/custom_msgs/msg/gyro_data.hpp
[0.815s] -- Up-to-date: /home/rosbot/ros2_ws/install/custom_msgs/include/custom_msgs/custom_msgs/msg/detail
[0.815s] -- Up-to-date: /home/rosbot/ros2_ws/install/custom_msgs/include/custom_msgs/custom_msgs/msg/detail/gyro_data__struct.hpp
[0.815s] -- Up-to-date: /home/rosbot/ros2_ws/install/custom_msgs/include/custom_msgs/custom_msgs/msg/detail/accel_data__type_support.hpp
[0.815s] -- Up-to-date: /home/rosbot/ros2_ws/install/custom_msgs/include/custom_msgs/custom_msgs/msg/detail/accel_data__traits.hpp
[0.815s] -- Up-to-date: /home/rosbot/ros2_ws/install/custom_msgs/include/custom_msgs/custom_msgs/msg/detail/imu_data__builder.hpp
[0.815s] -- Up-to-date: /home/rosbot/ros2_ws/install/custom_msgs/include/custom_msgs/custom_msgs/msg/detail/gyro_data__builder.hpp
[0.815s] -- Up-to-date: /home/rosbot/ros2_ws/install/custom_msgs/include/custom_msgs/custom_msgs/msg/detail/imu_data__traits.hpp
[0.816s] -- Up-to-date: /home/rosbot/ros2_ws/install/custom_msgs/include/custom_msgs/custom_msgs/msg/detail/gyro_data__type_support.hpp
[0.816s] -- Up-to-date: /home/rosbot/ros2_ws/install/custom_msgs/include/custom_msgs/custom_msgs/msg/detail/accel_data__builder.hpp
[0.816s] -- Up-to-date: /home/rosbot/ros2_ws/install/custom_msgs/include/custom_msgs/custom_msgs/msg/detail/accel_data__struct.hpp
[0.816s] -- Up-to-date: /home/rosbot/ros2_ws/install/custom_msgs/include/custom_msgs/custom_msgs/msg/detail/gyro_data__traits.hpp
[0.816s] -- Up-to-date: /home/rosbot/ros2_ws/install/custom_msgs/include/custom_msgs/custom_msgs/msg/detail/imu_data__struct.hpp
[0.816s] -- Up-to-date: /home/rosbot/ros2_ws/install/custom_msgs/include/custom_msgs/custom_msgs/msg/detail/imu_data__type_support.hpp
[0.816s] -- Up-to-date: /home/rosbot/ros2_ws/install/custom_msgs/include/custom_msgs/custom_msgs
[0.816s] -- Up-to-date: /home/rosbot/ros2_ws/install/custom_msgs/include/custom_msgs/custom_msgs/msg
[0.816s] -- Up-to-date: /home/rosbot/ros2_ws/install/custom_msgs/include/custom_msgs/custom_msgs/msg/rosidl_typesupport_fastrtps_cpp__visibility_control.h
[0.816s] -- Up-to-date: /home/rosbot/ros2_ws/install/custom_msgs/include/custom_msgs/custom_msgs/msg/detail
[0.816s] -- Up-to-date: /home/rosbot/ros2_ws/install/custom_msgs/include/custom_msgs/custom_msgs/msg/detail/accel_data__rosidl_typesupport_fastrtps_cpp.hpp
[0.816s] -- Up-to-date: /home/rosbot/ros2_ws/install/custom_msgs/include/custom_msgs/custom_msgs/msg/detail/dds_fastrtps
[0.817s] -- Up-to-date: /home/rosbot/ros2_ws/install/custom_msgs/include/custom_msgs/custom_msgs/msg/detail/imu_data__rosidl_typesupport_fastrtps_cpp.hpp
[0.817s] -- Up-to-date: /home/rosbot/ros2_ws/install/custom_msgs/include/custom_msgs/custom_msgs/msg/detail/gyro_data__rosidl_typesupport_fastrtps_cpp.hpp
[0.817s] -- Up-to-date: /home/rosbot/ros2_ws/install/custom_msgs/lib/libcustom_msgs__rosidl_typesupport_fastrtps_cpp.so
[0.817s] -- Up-to-date: /home/rosbot/ros2_ws/install/custom_msgs/include/custom_msgs/custom_msgs
[0.817s] -- Up-to-date: /home/rosbot/ros2_ws/install/custom_msgs/include/custom_msgs/custom_msgs/msg
[0.817s] -- Up-to-date: /home/rosbot/ros2_ws/install/custom_msgs/include/custom_msgs/custom_msgs/msg/detail
[0.817s] -- Up-to-date: /home/rosbot/ros2_ws/install/custom_msgs/include/custom_msgs/custom_msgs/msg/detail/imu_data__rosidl_typesupport_introspection_cpp.hpp
[0.817s] -- Up-to-date: /home/rosbot/ros2_ws/install/custom_msgs/include/custom_msgs/custom_msgs/msg/detail/accel_data__rosidl_typesupport_introspection_cpp.hpp
[0.817s] -- Up-to-date: /home/rosbot/ros2_ws/install/custom_msgs/include/custom_msgs/custom_msgs/msg/detail/gyro_data__rosidl_typesupport_introspection_cpp.hpp
[0.817s] -- Up-to-date: /home/rosbot/ros2_ws/install/custom_msgs/include/custom_msgs/custom_msgs/msg/detail/imu_data__type_support.cpp
[0.817s] -- Up-to-date: /home/rosbot/ros2_ws/install/custom_msgs/include/custom_msgs/custom_msgs/msg/detail/accel_data__type_support.cpp
[0.817s] -- Up-to-date: /home/rosbot/ros2_ws/install/custom_msgs/include/custom_msgs/custom_msgs/msg/detail/gyro_data__type_support.cpp
[0.818s] -- Up-to-date: /home/rosbot/ros2_ws/install/custom_msgs/lib/libcustom_msgs__rosidl_typesupport_introspection_cpp.so
[0.818s] -- Up-to-date: /home/rosbot/ros2_ws/install/custom_msgs/lib/libcustom_msgs__rosidl_typesupport_cpp.so
[0.818s] -- Up-to-date: /home/rosbot/ros2_ws/install/custom_msgs/share/custom_msgs/environment/pythonpath.sh
[0.818s] -- Up-to-date: /home/rosbot/ros2_ws/install/custom_msgs/share/custom_msgs/environment/pythonpath.dsv
[0.818s] -- Up-to-date: /home/rosbot/ros2_ws/install/custom_msgs/lib/python3.12/site-packages/custom_msgs-0.0.0-py3.12.egg-info
[0.818s] -- Installing: /home/rosbot/ros2_ws/install/custom_msgs/lib/python3.12/site-packages/custom_msgs-0.0.0-py3.12.egg-info/SOURCES.txt
[0.818s] -- Installing: /home/rosbot/ros2_ws/install/custom_msgs/lib/python3.12/site-packages/custom_msgs-0.0.0-py3.12.egg-info/top_level.txt
[0.818s] -- Installing: /home/rosbot/ros2_ws/install/custom_msgs/lib/python3.12/site-packages/custom_msgs-0.0.0-py3.12.egg-info/PKG-INFO
[0.818s] -- Installing: /home/rosbot/ros2_ws/install/custom_msgs/lib/python3.12/site-packages/custom_msgs-0.0.0-py3.12.egg-info/dependency_links.txt
[0.819s] -- Up-to-date: /home/rosbot/ros2_ws/install/custom_msgs/lib/python3.12/site-packages/custom_msgs
[0.819s] -- Up-to-date: /home/rosbot/ros2_ws/install/custom_msgs/lib/python3.12/site-packages/custom_msgs/custom_msgs_s__rosidl_typesupport_fastrtps_c.so
[0.819s] -- Up-to-date: /home/rosbot/ros2_ws/install/custom_msgs/lib/python3.12/site-packages/custom_msgs/_custom_msgs_s.ep.rosidl_typesupport_c.c
[0.819s] -- Up-to-date: /home/rosbot/ros2_ws/install/custom_msgs/lib/python3.12/site-packages/custom_msgs/msg
[0.819s] -- Up-to-date: /home/rosbot/ros2_ws/install/custom_msgs/lib/python3.12/site-packages/custom_msgs/msg/_accel_data_s.c
[0.819s] -- Up-to-date: /home/rosbot/ros2_ws/install/custom_msgs/lib/python3.12/site-packages/custom_msgs/msg/_imu_data_s.c
[0.819s] -- Up-to-date: /home/rosbot/ros2_ws/install/custom_msgs/lib/python3.12/site-packages/custom_msgs/msg/__init__.py
[0.819s] -- Up-to-date: /home/rosbot/ros2_ws/install/custom_msgs/lib/python3.12/site-packages/custom_msgs/msg/_accel_data.py
[0.819s] -- Up-to-date: /home/rosbot/ros2_ws/install/custom_msgs/lib/python3.12/site-packages/custom_msgs/msg/_gyro_data.py
[0.819s] -- Up-to-date: /home/rosbot/ros2_ws/install/custom_msgs/lib/python3.12/site-packages/custom_msgs/msg/_imu_data.py
[0.819s] -- Up-to-date: /home/rosbot/ros2_ws/install/custom_msgs/lib/python3.12/site-packages/custom_msgs/msg/_gyro_data_s.c
[0.819s] -- Up-to-date: /home/rosbot/ros2_ws/install/custom_msgs/lib/python3.12/site-packages/custom_msgs/_custom_msgs_s.ep.rosidl_typesupport_introspection_c.c
[0.819s] -- Up-to-date: /home/rosbot/ros2_ws/install/custom_msgs/lib/python3.12/site-packages/custom_msgs/custom_msgs_s__rosidl_typesupport_introspection_c.so
[0.820s] -- Up-to-date: /home/rosbot/ros2_ws/install/custom_msgs/lib/python3.12/site-packages/custom_msgs/custom_msgs_s__rosidl_typesupport_c.so
[0.820s] -- Up-to-date: /home/rosbot/ros2_ws/install/custom_msgs/lib/python3.12/site-packages/custom_msgs/_custom_msgs_s.ep.rosidl_typesupport_fastrtps_c.c
[0.820s] -- Up-to-date: /home/rosbot/ros2_ws/install/custom_msgs/lib/python3.12/site-packages/custom_msgs/__init__.py
[0.870s] Listing '/home/rosbot/ros2_ws/install/custom_msgs/lib/python3.12/site-packages/custom_msgs'...
[0.870s] Listing '/home/rosbot/ros2_ws/install/custom_msgs/lib/python3.12/site-packages/custom_msgs/msg'...
[0.884s] -- Up-to-date: /home/rosbot/ros2_ws/install/custom_msgs/lib/python3.12/site-packages/custom_msgs/custom_msgs_s__rosidl_typesupport_fastrtps_c.so
[0.884s] -- Up-to-date: /home/rosbot/ros2_ws/install/custom_msgs/lib/python3.12/site-packages/custom_msgs/custom_msgs_s__rosidl_typesupport_introspection_c.so
[0.885s] -- Up-to-date: /home/rosbot/ros2_ws/install/custom_msgs/lib/python3.12/site-packages/custom_msgs/custom_msgs_s__rosidl_typesupport_c.so
[0.885s] -- Up-to-date: /home/rosbot/ros2_ws/install/custom_msgs/lib/libcustom_msgs__rosidl_generator_py.so
[0.885s] -- Up-to-date: /home/rosbot/ros2_ws/install/custom_msgs/share/custom_msgs/msg/AccelData.idl
[0.885s] -- Up-to-date: /home/rosbot/ros2_ws/install/custom_msgs/share/custom_msgs/msg/GyroData.idl
[0.885s] -- Up-to-date: /home/rosbot/ros2_ws/install/custom_msgs/share/custom_msgs/msg/ImuData.idl
[0.885s] -- Up-to-date: /home/rosbot/ros2_ws/install/custom_msgs/share/custom_msgs/msg/AccelData.msg
[0.886s] -- Up-to-date: /home/rosbot/ros2_ws/install/custom_msgs/share/custom_msgs/msg/GyroData.msg
[0.886s] -- Up-to-date: /home/rosbot/ros2_ws/install/custom_msgs/share/custom_msgs/msg/ImuData.msg
[0.886s] -- Up-to-date: /home/rosbot/ros2_ws/install/custom_msgs/share/ament_index/resource_index/package_run_dependencies/custom_msgs
[0.886s] -- Up-to-date: /home/rosbot/ros2_ws/install/custom_msgs/share/ament_index/resource_index/parent_prefix_path/custom_msgs
[0.886s] -- Up-to-date: /home/rosbot/ros2_ws/install/custom_msgs/share/custom_msgs/environment/ament_prefix_path.sh
[0.886s] -- Up-to-date: /home/rosbot/ros2_ws/install/custom_msgs/share/custom_msgs/environment/ament_prefix_path.dsv
[0.886s] -- Up-to-date: /home/rosbot/ros2_ws/install/custom_msgs/share/custom_msgs/environment/path.sh
[0.886s] -- Up-to-date: /home/rosbot/ros2_ws/install/custom_msgs/share/custom_msgs/environment/path.dsv
[0.886s] -- Up-to-date: /home/rosbot/ros2_ws/install/custom_msgs/share/custom_msgs/local_setup.bash
[0.886s] -- Up-to-date: /home/rosbot/ros2_ws/install/custom_msgs/share/custom_msgs/local_setup.sh
[0.887s] -- Up-to-date: /home/rosbot/ros2_ws/install/custom_msgs/share/custom_msgs/local_setup.zsh
[0.887s] -- Up-to-date: /home/rosbot/ros2_ws/install/custom_msgs/share/custom_msgs/local_setup.dsv
[0.887s] -- Installing: /home/rosbot/ros2_ws/install/custom_msgs/share/custom_msgs/package.dsv
[0.887s] -- Up-to-date: /home/rosbot/ros2_ws/install/custom_msgs/share/ament_index/resource_index/packages/custom_msgs
[0.887s] -- Up-to-date: /home/rosbot/ros2_ws/install/custom_msgs/share/custom_msgs/cmake/export_custom_msgs__rosidl_generator_cExport.cmake
[0.887s] -- Up-to-date: /home/rosbot/ros2_ws/install/custom_msgs/share/custom_msgs/cmake/export_custom_msgs__rosidl_generator_cExport-noconfig.cmake
[0.887s] -- Up-to-date: /home/rosbot/ros2_ws/install/custom_msgs/share/custom_msgs/cmake/export_custom_msgs__rosidl_typesupport_fastrtps_cExport.cmake
[0.887s] -- Up-to-date: /home/rosbot/ros2_ws/install/custom_msgs/share/custom_msgs/cmake/export_custom_msgs__rosidl_typesupport_fastrtps_cExport-noconfig.cmake
[0.887s] -- Up-to-date: /home/rosbot/ros2_ws/install/custom_msgs/share/custom_msgs/cmake/custom_msgs__rosidl_typesupport_introspection_cExport.cmake
[0.887s] -- Up-to-date: /home/rosbot/ros2_ws/install/custom_msgs/share/custom_msgs/cmake/custom_msgs__rosidl_typesupport_introspection_cExport-noconfig.cmake
[0.887s] -- Up-to-date: /home/rosbot/ros2_ws/install/custom_msgs/share/custom_msgs/cmake/custom_msgs__rosidl_typesupport_cExport.cmake
[0.888s] -- Up-to-date: /home/rosbot/ros2_ws/install/custom_msgs/share/custom_msgs/cmake/custom_msgs__rosidl_typesupport_cExport-noconfig.cmake
[0.888s] -- Up-to-date: /home/rosbot/ros2_ws/install/custom_msgs/share/custom_msgs/cmake/export_custom_msgs__rosidl_generator_cppExport.cmake
[0.888s] -- Up-to-date: /home/rosbot/ros2_ws/install/custom_msgs/share/custom_msgs/cmake/export_custom_msgs__rosidl_typesupport_fastrtps_cppExport.cmake
[0.888s] -- Up-to-date: /home/rosbot/ros2_ws/install/custom_msgs/share/custom_msgs/cmake/export_custom_msgs__rosidl_typesupport_fastrtps_cppExport-noconfig.cmake
[0.888s] -- Up-to-date: /home/rosbot/ros2_ws/install/custom_msgs/share/custom_msgs/cmake/custom_msgs__rosidl_typesupport_introspection_cppExport.cmake
[0.888s] -- Up-to-date: /home/rosbot/ros2_ws/install/custom_msgs/share/custom_msgs/cmake/custom_msgs__rosidl_typesupport_introspection_cppExport-noconfig.cmake
[0.888s] -- Up-to-date: /home/rosbot/ros2_ws/install/custom_msgs/share/custom_msgs/cmake/custom_msgs__rosidl_typesupport_cppExport.cmake
[0.888s] -- Up-to-date: /home/rosbot/ros2_ws/install/custom_msgs/share/custom_msgs/cmake/custom_msgs__rosidl_typesupport_cppExport-noconfig.cmake
[0.888s] -- Up-to-date: /home/rosbot/ros2_ws/install/custom_msgs/share/custom_msgs/cmake/export_custom_msgs__rosidl_generator_pyExport.cmake
[0.888s] -- Up-to-date: /home/rosbot/ros2_ws/install/custom_msgs/share/custom_msgs/cmake/export_custom_msgs__rosidl_generator_pyExport-noconfig.cmake
[0.889s] -- Up-to-date: /home/rosbot/ros2_ws/install/custom_msgs/share/custom_msgs/cmake/rosidl_cmake-extras.cmake
[0.889s] -- Up-to-date: /home/rosbot/ros2_ws/install/custom_msgs/share/custom_msgs/cmake/ament_cmake_export_include_directories-extras.cmake
[0.889s] -- Up-to-date: /home/rosbot/ros2_ws/install/custom_msgs/share/custom_msgs/cmake/ament_cmake_export_libraries-extras.cmake
[0.889s] -- Up-to-date: /home/rosbot/ros2_ws/install/custom_msgs/share/custom_msgs/cmake/ament_cmake_export_targets-extras.cmake
[0.889s] -- Up-to-date: /home/rosbot/ros2_ws/install/custom_msgs/share/custom_msgs/cmake/rosidl_cmake_export_typesupport_targets-extras.cmake
[0.889s] -- Up-to-date: /home/rosbot/ros2_ws/install/custom_msgs/share/custom_msgs/cmake/ament_cmake_export_dependencies-extras.cmake
[0.889s] -- Up-to-date: /home/rosbot/ros2_ws/install/custom_msgs/share/custom_msgs/cmake/rosidl_cmake_export_typesupport_libraries-extras.cmake
[0.889s] -- Up-to-date: /home/rosbot/ros2_ws/install/custom_msgs/share/custom_msgs/cmake/custom_msgsConfig.cmake
[0.889s] -- Up-to-date: /home/rosbot/ros2_ws/install/custom_msgs/share/custom_msgs/cmake/custom_msgsConfig-version.cmake
[0.889s] -- Up-to-date: /home/rosbot/ros2_ws/install/custom_msgs/share/custom_msgs/package.xml
[0.892s] Invoked command in '/home/rosbot/ros2_ws/build/custom_msgs' returned '0': CMAKE_PREFIX_PATH=${CMAKE_PREFIX_PATH}:/home/rosbot/ros2_ws/install/my_py_pkg:/home/rosbot/ros2_ws/install/flight_controller_pkg:/home/rosbot/ros2_ws/install/flask_pkg:/home/rosbot/ros2_ws/install/estimator_pkg:/opt/ros/jazzy PS1=(venv) \[\e]0;\u@\h: \w\a\]${debian_chroot:+($debian_chroot)}\u@\h:\w\$ VIRTUAL_ENV_PROMPT=(venv) /usr/bin/cmake --install /home/rosbot/ros2_ws/build/custom_msgs
