running egg_info
creating ../../build/flask_pkg/flask_pkg.egg-info
writing ../../build/flask_pkg/flask_pkg.egg-info/PKG-INFO
writing dependency_links to ../../build/flask_pkg/flask_pkg.egg-info/dependency_links.txt
writing entry points to ../../build/flask_pkg/flask_pkg.egg-info/entry_points.txt
writing requirements to ../../build/flask_pkg/flask_pkg.egg-info/requires.txt
writing top-level names to ../../build/flask_pkg/flask_pkg.egg-info/top_level.txt
writing manifest file '../../build/flask_pkg/flask_pkg.egg-info/SOURCES.txt'
reading manifest file '../../build/flask_pkg/flask_pkg.egg-info/SOURCES.txt'
writing manifest file '../../build/flask_pkg/flask_pkg.egg-info/SOURCES.txt'
running build
running build_py
creating /home/rosbot/ros2_ws/build/flask_pkg/build
creating /home/rosbot/ros2_ws/build/flask_pkg/build/lib
creating /home/rosbot/ros2_ws/build/flask_pkg/build/lib/flask_pkg
copying flask_pkg/__init__.py -> /home/rosbot/ros2_ws/build/flask_pkg/build/lib/flask_pkg
copying flask_pkg/flask_server.py -> /home/rosbot/ros2_ws/build/flask_pkg/build/lib/flask_pkg
running install
running install_lib
creating /home/rosbot/ros2_ws/install/flask_pkg/lib/python3.12/site-packages/flask_pkg
copying /home/rosbot/ros2_ws/build/flask_pkg/build/lib/flask_pkg/__init__.py -> /home/rosbot/ros2_ws/install/flask_pkg/lib/python3.12/site-packages/flask_pkg
copying /home/rosbot/ros2_ws/build/flask_pkg/build/lib/flask_pkg/flask_server.py -> /home/rosbot/ros2_ws/install/flask_pkg/lib/python3.12/site-packages/flask_pkg
byte-compiling /home/rosbot/ros2_ws/install/flask_pkg/lib/python3.12/site-packages/flask_pkg/__init__.py to __init__.cpython-312.pyc
byte-compiling /home/rosbot/ros2_ws/install/flask_pkg/lib/python3.12/site-packages/flask_pkg/flask_server.py to flask_server.cpython-312.pyc
running install_data
creating /home/rosbot/ros2_ws/install/flask_pkg/share/ament_index
creating /home/rosbot/ros2_ws/install/flask_pkg/share/ament_index/resource_index
creating /home/rosbot/ros2_ws/install/flask_pkg/share/ament_index/resource_index/packages
error: can't copy 'resource/flask_pkg': doesn't exist or not a regular file
