[1.648s] Invoking command in '/home/rosbot/ros2_ws/src/um7_pkg': CMAKE_PREFIX_PATH=/home/rosbot/ros2_ws/install/custom_msgs:/home/rosbot/ros2_ws/install/my_cpp_pkg:/opt/ros/jazzy/opt/gz_math_vendor:/opt/ros/jazzy/opt/gz_utils_vendor:/opt/ros/jazzy/opt/gz_cmake_vendor PS1=(venv) \[\e]0;\u@\h: \w\a\]${debian_chroot:+($debian_chroot)}\u@\h:\w\$ PYTHONPATH=/home/rosbot/ros2_ws/build/um7_pkg/prefix_override:/usr/lib/python3/dist-packages/colcon_core/task/python/colcon_distutils_commands:/home/rosbot/ros2_ws/install/um7_pkg/lib/python3.12/site-packages:/home/rosbot/ros2_ws/install/custom_msgs/lib/python3.12/site-packages:/home/rosbot/ros2_ws/install/um7_pkg/lib/python3.12/site-packages:/home/rosbot/ros2_ws/install/my_py_pkg/lib/python3.12/site-packages:/home/rosbot/ros2_ws/install/flight_controller_pkg/lib/python3.12/site-packages:/home/rosbot/ros2_ws/install/flask_pkg/lib/python3.12/site-packages:/home/rosbot/ros2_ws/install/estimator_pkg/lib/python3.12/site-packages:/opt/ros/jazzy/lib/python3.12/site-packages:/home/rosbot/ros2_ws/venv/lib/python3.12/site-packages VIRTUAL_ENV_PROMPT=(venv) /usr/bin/python3 -W ignore:setup.py install is deprecated -W ignore:easy_install command is deprecated setup.py egg_info --egg-base ../../build/um7_pkg build --build-base /home/rosbot/ros2_ws/build/um7_pkg/build install --record /home/rosbot/ros2_ws/build/um7_pkg/install.log --single-version-externally-managed install_data
[2.045s] running egg_info
[2.074s] writing ../../build/um7_pkg/um7_pkg.egg-info/PKG-INFO
[2.075s] writing dependency_links to ../../build/um7_pkg/um7_pkg.egg-info/dependency_links.txt
[2.077s] writing entry points to ../../build/um7_pkg/um7_pkg.egg-info/entry_points.txt
[2.078s] writing requirements to ../../build/um7_pkg/um7_pkg.egg-info/requires.txt
[2.079s] writing top-level names to ../../build/um7_pkg/um7_pkg.egg-info/top_level.txt
[2.136s] reading manifest file '../../build/um7_pkg/um7_pkg.egg-info/SOURCES.txt'
[2.137s] writing manifest file '../../build/um7_pkg/um7_pkg.egg-info/SOURCES.txt'
[2.138s] running build
[2.138s] running build_py
[2.138s] copying um7_pkg/imu_reader.py -> /home/rosbot/ros2_ws/build/um7_pkg/build/lib/um7_pkg
[2.139s] running install
[2.148s] running install_lib
[2.176s] copying /home/rosbot/ros2_ws/build/um7_pkg/build/lib/um7_pkg/imu_reader.py -> /home/rosbot/ros2_ws/install/um7_pkg/lib/python3.12/site-packages/um7_pkg
[2.177s] byte-compiling /home/rosbot/ros2_ws/install/um7_pkg/lib/python3.12/site-packages/um7_pkg/imu_reader.py to imu_reader.cpython-312.pyc
[2.178s] running install_data
[2.178s] running install_egg_info
[2.207s] removing '/home/rosbot/ros2_ws/install/um7_pkg/lib/python3.12/site-packages/um7_pkg-0.0.0-py3.12.egg-info' (and everything under it)
[2.210s] Copying ../../build/um7_pkg/um7_pkg.egg-info to /home/rosbot/ros2_ws/install/um7_pkg/lib/python3.12/site-packages/um7_pkg-0.0.0-py3.12.egg-info
[2.210s] running install_scripts
[2.395s] Installing imu_reader script to /home/rosbot/ros2_ws/install/um7_pkg/lib/um7_pkg
[2.395s] writing list of installed files to '/home/rosbot/ros2_ws/build/um7_pkg/install.log'
[2.473s] Invoked command in '/home/rosbot/ros2_ws/src/um7_pkg' returned '0': CMAKE_PREFIX_PATH=/home/rosbot/ros2_ws/install/custom_msgs:/home/rosbot/ros2_ws/install/my_cpp_pkg:/opt/ros/jazzy/opt/gz_math_vendor:/opt/ros/jazzy/opt/gz_utils_vendor:/opt/ros/jazzy/opt/gz_cmake_vendor PS1=(venv) \[\e]0;\u@\h: \w\a\]${debian_chroot:+($debian_chroot)}\u@\h:\w\$ PYTHONPATH=/home/rosbot/ros2_ws/build/um7_pkg/prefix_override:/usr/lib/python3/dist-packages/colcon_core/task/python/colcon_distutils_commands:/home/rosbot/ros2_ws/install/um7_pkg/lib/python3.12/site-packages:/home/rosbot/ros2_ws/install/custom_msgs/lib/python3.12/site-packages:/home/rosbot/ros2_ws/install/um7_pkg/lib/python3.12/site-packages:/home/rosbot/ros2_ws/install/my_py_pkg/lib/python3.12/site-packages:/home/rosbot/ros2_ws/install/flight_controller_pkg/lib/python3.12/site-packages:/home/rosbot/ros2_ws/install/flask_pkg/lib/python3.12/site-packages:/home/rosbot/ros2_ws/install/estimator_pkg/lib/python3.12/site-packages:/opt/ros/jazzy/lib/python3.12/site-packages:/home/rosbot/ros2_ws/venv/lib/python3.12/site-packages VIRTUAL_ENV_PROMPT=(venv) /usr/bin/python3 -W ignore:setup.py install is deprecated -W ignore:easy_install command is deprecated setup.py egg_info --egg-base ../../build/um7_pkg build --build-base /home/rosbot/ros2_ws/build/um7_pkg/build install --record /home/rosbot/ros2_ws/build/um7_pkg/install.log --single-version-externally-managed install_data
