[0.148s] DEBUG:colcon:Command line arguments: ['/usr/bin/colcon', 'build']
[0.148s] DEBUG:colcon:Parsed command line arguments: Namespace(log_base=None, log_level=None, verb_name='build', build_base='build', install_base='install', merge_install=False, symlink_install=False, test_result_base=None, continue_on_error=False, executor='parallel', parallel_workers=4, event_handlers=None, ignore_user_meta=False, metas=['./colcon.meta'], base_paths=['.'], packages_ignore=None, packages_ignore_regex=None, paths=None, packages_up_to=None, packages_up_to_regex=None, packages_above=None, packages_above_and_dependencies=None, packages_above_depth=None, packages_select_by_dep=None, packages_skip_by_dep=None, packages_skip_up_to=None, packages_select_build_failed=False, packages_skip_build_finished=False, packages_select_test_failures=False, packages_skip_test_passed=False, packages_select=None, packages_skip=None, packages_select_regex=None, packages_skip_regex=None, packages_start=None, packages_end=None, allow_overriding=[], cmake_args=None, cmake_target=None, cmake_target_skip_unavailable=False, cmake_clean_cache=False, cmake_clean_first=False, cmake_force_configure=False, ament_cmake_args=None, catkin_cmake_args=None, catkin_skip_building_tests=False, mixin_files=None, mixin=None, verb_parser=<colcon_mixin.mixin.mixin_argument.MixinArgumentDecorator object at 0xffffb49eee10>, verb_extension=<colcon_core.verb.build.BuildVerb object at 0xffffb4ba35f0>, main=<bound method BuildVerb.main of <colcon_core.verb.build.BuildVerb object at 0xffffb4ba35f0>>, mixin_verb=('build',))
[0.204s] Level 1:colcon.colcon_core.package_discovery:discover_packages(colcon_meta) check parameters
[0.204s] Level 1:colcon.colcon_core.package_discovery:discover_packages(recursive) check parameters
[0.204s] Level 1:colcon.colcon_core.package_discovery:discover_packages(ignore) check parameters
[0.204s] Level 1:colcon.colcon_core.package_discovery:discover_packages(path) check parameters
[0.204s] Level 1:colcon.colcon_core.package_discovery:discover_packages(colcon_meta) discover
[0.204s] Level 1:colcon.colcon_core.package_discovery:discover_packages(recursive) discover
[0.204s] INFO:colcon.colcon_core.package_discovery:Crawling recursively for packages in '/home/rosbot/ros2_ws'
[0.205s] Level 1:colcon.colcon_core.package_identification:_identify(.) by extensions ['ignore', 'ignore_ament_install']
[0.205s] Level 1:colcon.colcon_core.package_identification:_identify(.) by extension 'ignore'
[0.205s] Level 1:colcon.colcon_core.package_identification:_identify(.) by extension 'ignore_ament_install'
[0.205s] Level 1:colcon.colcon_core.package_identification:_identify(.) by extensions ['colcon_pkg']
[0.205s] Level 1:colcon.colcon_core.package_identification:_identify(.) by extension 'colcon_pkg'
[0.205s] Level 1:colcon.colcon_core.package_identification:_identify(.) by extensions ['colcon_meta']
[0.205s] Level 1:colcon.colcon_core.package_identification:_identify(.) by extension 'colcon_meta'
[0.205s] Level 1:colcon.colcon_core.package_identification:_identify(.) by extensions ['ros']
[0.205s] Level 1:colcon.colcon_core.package_identification:_identify(.) by extension 'ros'
[0.242s] Level 1:colcon.colcon_core.package_identification:_identify(.) by extensions ['cmake', 'python']
[0.243s] Level 1:colcon.colcon_core.package_identification:_identify(.) by extension 'cmake'
[0.243s] Level 1:colcon.colcon_core.package_identification:_identify(.) by extension 'python'
[0.243s] Level 1:colcon.colcon_core.package_identification:_identify(.) by extensions ['python_setup_py']
[0.243s] Level 1:colcon.colcon_core.package_identification:_identify(.) by extension 'python_setup_py'
[0.243s] Level 1:colcon.colcon_core.package_identification:_identify(build) by extensions ['ignore', 'ignore_ament_install']
[0.243s] Level 1:colcon.colcon_core.package_identification:_identify(build) by extension 'ignore'
[0.243s] Level 1:colcon.colcon_core.package_identification:_identify(build) ignored
[0.243s] Level 1:colcon.colcon_core.package_identification:_identify(install) by extensions ['ignore', 'ignore_ament_install']
[0.243s] Level 1:colcon.colcon_core.package_identification:_identify(install) by extension 'ignore'
[0.243s] Level 1:colcon.colcon_core.package_identification:_identify(install) ignored
[0.244s] Level 1:colcon.colcon_core.package_identification:_identify(log) by extensions ['ignore', 'ignore_ament_install']
[0.244s] Level 1:colcon.colcon_core.package_identification:_identify(log) by extension 'ignore'
[0.244s] Level 1:colcon.colcon_core.package_identification:_identify(log) ignored
[0.244s] Level 1:colcon.colcon_core.package_identification:_identify(src) by extensions ['ignore', 'ignore_ament_install']
[0.244s] Level 1:colcon.colcon_core.package_identification:_identify(src) by extension 'ignore'
[0.244s] Level 1:colcon.colcon_core.package_identification:_identify(src) by extension 'ignore_ament_install'
[0.244s] Level 1:colcon.colcon_core.package_identification:_identify(src) by extensions ['colcon_pkg']
[0.244s] Level 1:colcon.colcon_core.package_identification:_identify(src) by extension 'colcon_pkg'
[0.244s] Level 1:colcon.colcon_core.package_identification:_identify(src) by extensions ['colcon_meta']
[0.244s] Level 1:colcon.colcon_core.package_identification:_identify(src) by extension 'colcon_meta'
[0.244s] Level 1:colcon.colcon_core.package_identification:_identify(src) by extensions ['ros']
[0.244s] Level 1:colcon.colcon_core.package_identification:_identify(src) by extension 'ros'
[0.244s] Level 1:colcon.colcon_core.package_identification:_identify(src) by extensions ['cmake', 'python']
[0.244s] Level 1:colcon.colcon_core.package_identification:_identify(src) by extension 'cmake'
[0.244s] Level 1:colcon.colcon_core.package_identification:_identify(src) by extension 'python'
[0.244s] Level 1:colcon.colcon_core.package_identification:_identify(src) by extensions ['python_setup_py']
[0.244s] Level 1:colcon.colcon_core.package_identification:_identify(src) by extension 'python_setup_py'
[0.245s] Level 1:colcon.colcon_core.package_identification:_identify(src/custom_msgs) by extensions ['ignore', 'ignore_ament_install']
[0.245s] Level 1:colcon.colcon_core.package_identification:_identify(src/custom_msgs) by extension 'ignore'
[0.245s] Level 1:colcon.colcon_core.package_identification:_identify(src/custom_msgs) by extension 'ignore_ament_install'
[0.245s] Level 1:colcon.colcon_core.package_identification:_identify(src/custom_msgs) by extensions ['colcon_pkg']
[0.245s] Level 1:colcon.colcon_core.package_identification:_identify(src/custom_msgs) by extension 'colcon_pkg'
[0.245s] Level 1:colcon.colcon_core.package_identification:_identify(src/custom_msgs) by extensions ['colcon_meta']
[0.245s] Level 1:colcon.colcon_core.package_identification:_identify(src/custom_msgs) by extension 'colcon_meta'
[0.245s] Level 1:colcon.colcon_core.package_identification:_identify(src/custom_msgs) by extensions ['ros']
[0.245s] Level 1:colcon.colcon_core.package_identification:_identify(src/custom_msgs) by extension 'ros'
[0.248s] DEBUG:colcon.colcon_core.package_identification:Package 'src/custom_msgs' with type 'ros.ament_cmake' and name 'custom_msgs'
[0.248s] Level 1:colcon.colcon_core.package_identification:_identify(src/estimator_pkg) by extensions ['ignore', 'ignore_ament_install']
[0.248s] Level 1:colcon.colcon_core.package_identification:_identify(src/estimator_pkg) by extension 'ignore'
[0.248s] Level 1:colcon.colcon_core.package_identification:_identify(src/estimator_pkg) by extension 'ignore_ament_install'
[0.248s] Level 1:colcon.colcon_core.package_identification:_identify(src/estimator_pkg) by extensions ['colcon_pkg']
[0.248s] Level 1:colcon.colcon_core.package_identification:_identify(src/estimator_pkg) by extension 'colcon_pkg'
[0.248s] Level 1:colcon.colcon_core.package_identification:_identify(src/estimator_pkg) by extensions ['colcon_meta']
[0.248s] Level 1:colcon.colcon_core.package_identification:_identify(src/estimator_pkg) by extension 'colcon_meta'
[0.249s] Level 1:colcon.colcon_core.package_identification:_identify(src/estimator_pkg) by extensions ['ros']
[0.249s] Level 1:colcon.colcon_core.package_identification:_identify(src/estimator_pkg) by extension 'ros'
[0.249s] DEBUG:colcon.colcon_core.package_identification:Package 'src/estimator_pkg' with type 'ros.ament_python' and name 'estimator_pkg'
[0.250s] Level 1:colcon.colcon_core.package_identification:_identify(src/flask_pkg) by extensions ['ignore', 'ignore_ament_install']
[0.250s] Level 1:colcon.colcon_core.package_identification:_identify(src/flask_pkg) by extension 'ignore'
[0.250s] Level 1:colcon.colcon_core.package_identification:_identify(src/flask_pkg) by extension 'ignore_ament_install'
[0.250s] Level 1:colcon.colcon_core.package_identification:_identify(src/flask_pkg) by extensions ['colcon_pkg']
[0.250s] Level 1:colcon.colcon_core.package_identification:_identify(src/flask_pkg) by extension 'colcon_pkg'
[0.250s] Level 1:colcon.colcon_core.package_identification:_identify(src/flask_pkg) by extensions ['colcon_meta']
[0.250s] Level 1:colcon.colcon_core.package_identification:_identify(src/flask_pkg) by extension 'colcon_meta'
[0.250s] Level 1:colcon.colcon_core.package_identification:_identify(src/flask_pkg) by extensions ['ros']
[0.250s] Level 1:colcon.colcon_core.package_identification:_identify(src/flask_pkg) by extension 'ros'
[0.251s] DEBUG:colcon.colcon_core.package_identification:Package 'src/flask_pkg' with type 'ros.ament_python' and name 'flask_pkg'
[0.251s] Level 1:colcon.colcon_core.package_identification:_identify(src/flight_controller_pkg) by extensions ['ignore', 'ignore_ament_install']
[0.251s] Level 1:colcon.colcon_core.package_identification:_identify(src/flight_controller_pkg) by extension 'ignore'
[0.251s] Level 1:colcon.colcon_core.package_identification:_identify(src/flight_controller_pkg) by extension 'ignore_ament_install'
[0.251s] Level 1:colcon.colcon_core.package_identification:_identify(src/flight_controller_pkg) by extensions ['colcon_pkg']
[0.251s] Level 1:colcon.colcon_core.package_identification:_identify(src/flight_controller_pkg) by extension 'colcon_pkg'
[0.251s] Level 1:colcon.colcon_core.package_identification:_identify(src/flight_controller_pkg) by extensions ['colcon_meta']
[0.251s] Level 1:colcon.colcon_core.package_identification:_identify(src/flight_controller_pkg) by extension 'colcon_meta'
[0.251s] Level 1:colcon.colcon_core.package_identification:_identify(src/flight_controller_pkg) by extensions ['ros']
[0.251s] Level 1:colcon.colcon_core.package_identification:_identify(src/flight_controller_pkg) by extension 'ros'
[0.252s] DEBUG:colcon.colcon_core.package_identification:Package 'src/flight_controller_pkg' with type 'ros.ament_python' and name 'flight_controller_pkg'
[0.252s] Level 1:colcon.colcon_core.package_identification:_identify(src/my_cpp_pkg) by extensions ['ignore', 'ignore_ament_install']
[0.252s] Level 1:colcon.colcon_core.package_identification:_identify(src/my_cpp_pkg) by extension 'ignore'
[0.252s] Level 1:colcon.colcon_core.package_identification:_identify(src/my_cpp_pkg) by extension 'ignore_ament_install'
[0.252s] Level 1:colcon.colcon_core.package_identification:_identify(src/my_cpp_pkg) by extensions ['colcon_pkg']
[0.253s] Level 1:colcon.colcon_core.package_identification:_identify(src/my_cpp_pkg) by extension 'colcon_pkg'
[0.253s] Level 1:colcon.colcon_core.package_identification:_identify(src/my_cpp_pkg) by extensions ['colcon_meta']
[0.253s] Level 1:colcon.colcon_core.package_identification:_identify(src/my_cpp_pkg) by extension 'colcon_meta'
[0.253s] Level 1:colcon.colcon_core.package_identification:_identify(src/my_cpp_pkg) by extensions ['ros']
[0.253s] Level 1:colcon.colcon_core.package_identification:_identify(src/my_cpp_pkg) by extension 'ros'
[0.253s] DEBUG:colcon.colcon_core.package_identification:Package 'src/my_cpp_pkg' with type 'ros.ament_cmake' and name 'my_cpp_pkg'
[0.253s] Level 1:colcon.colcon_core.package_identification:_identify(src/my_py_pkg) by extensions ['ignore', 'ignore_ament_install']
[0.253s] Level 1:colcon.colcon_core.package_identification:_identify(src/my_py_pkg) by extension 'ignore'
[0.253s] Level 1:colcon.colcon_core.package_identification:_identify(src/my_py_pkg) by extension 'ignore_ament_install'
[0.253s] Level 1:colcon.colcon_core.package_identification:_identify(src/my_py_pkg) by extensions ['colcon_pkg']
[0.253s] Level 1:colcon.colcon_core.package_identification:_identify(src/my_py_pkg) by extension 'colcon_pkg'
[0.254s] Level 1:colcon.colcon_core.package_identification:_identify(src/my_py_pkg) by extensions ['colcon_meta']
[0.254s] Level 1:colcon.colcon_core.package_identification:_identify(src/my_py_pkg) by extension 'colcon_meta'
[0.254s] Level 1:colcon.colcon_core.package_identification:_identify(src/my_py_pkg) by extensions ['ros']
[0.254s] Level 1:colcon.colcon_core.package_identification:_identify(src/my_py_pkg) by extension 'ros'
[0.254s] DEBUG:colcon.colcon_core.package_identification:Package 'src/my_py_pkg' with type 'ros.ament_python' and name 'my_py_pkg'
[0.254s] Level 1:colcon.colcon_core.package_identification:_identify(venv) by extensions ['ignore', 'ignore_ament_install']
[0.254s] Level 1:colcon.colcon_core.package_identification:_identify(venv) by extension 'ignore'
[0.254s] Level 1:colcon.colcon_core.package_identification:_identify(venv) ignored
[0.254s] Level 1:colcon.colcon_core.package_discovery:discover_packages(recursive) using defaults
[0.254s] Level 1:colcon.colcon_core.package_discovery:discover_packages(ignore) discover
[0.255s] Level 1:colcon.colcon_core.package_discovery:discover_packages(ignore) using defaults
[0.255s] Level 1:colcon.colcon_core.package_discovery:discover_packages(path) discover
[0.255s] Level 1:colcon.colcon_core.package_discovery:discover_packages(path) using defaults
[0.279s] Level 1:colcon.colcon_core.package_discovery:discover_packages(prefix_path) check parameters
[0.279s] Level 1:colcon.colcon_core.package_discovery:discover_packages(prefix_path) discover
[0.282s] DEBUG:colcon.colcon_installed_package_information.package_discovery:Found 6 installed packages in /home/rosbot/ros2_ws/install
[0.284s] DEBUG:colcon.colcon_installed_package_information.package_discovery:Found 285 installed packages in /opt/ros/jazzy
[0.287s] Level 1:colcon.colcon_core.package_discovery:discover_packages(prefix_path) using defaults
[0.345s] Level 5:colcon.colcon_core.verb:set package 'custom_msgs' build argument 'cmake_args' from command line to 'None'
[0.345s] Level 5:colcon.colcon_core.verb:set package 'custom_msgs' build argument 'cmake_target' from command line to 'None'
[0.345s] Level 5:colcon.colcon_core.verb:set package 'custom_msgs' build argument 'cmake_target_skip_unavailable' from command line to 'False'
[0.345s] Level 5:colcon.colcon_core.verb:set package 'custom_msgs' build argument 'cmake_clean_cache' from command line to 'False'
[0.345s] Level 5:colcon.colcon_core.verb:set package 'custom_msgs' build argument 'cmake_clean_first' from command line to 'False'
[0.345s] Level 5:colcon.colcon_core.verb:set package 'custom_msgs' build argument 'cmake_force_configure' from command line to 'False'
[0.345s] Level 5:colcon.colcon_core.verb:set package 'custom_msgs' build argument 'ament_cmake_args' from command line to 'None'
[0.346s] Level 5:colcon.colcon_core.verb:set package 'custom_msgs' build argument 'catkin_cmake_args' from command line to 'None'
[0.346s] Level 5:colcon.colcon_core.verb:set package 'custom_msgs' build argument 'catkin_skip_building_tests' from command line to 'False'
[0.346s] DEBUG:colcon.colcon_core.verb:Building package 'custom_msgs' with the following arguments: {'ament_cmake_args': None, 'build_base': '/home/rosbot/ros2_ws/build/custom_msgs', 'catkin_cmake_args': None, 'catkin_skip_building_tests': False, 'cmake_args': None, 'cmake_clean_cache': False, 'cmake_clean_first': False, 'cmake_force_configure': False, 'cmake_target': None, 'cmake_target_skip_unavailable': False, 'install_base': '/home/rosbot/ros2_ws/install/custom_msgs', 'merge_install': False, 'path': '/home/rosbot/ros2_ws/src/custom_msgs', 'symlink_install': False, 'test_result_base': None}
[0.346s] Level 5:colcon.colcon_core.verb:set package 'my_cpp_pkg' build argument 'cmake_args' from command line to 'None'
[0.346s] Level 5:colcon.colcon_core.verb:set package 'my_cpp_pkg' build argument 'cmake_target' from command line to 'None'
[0.346s] Level 5:colcon.colcon_core.verb:set package 'my_cpp_pkg' build argument 'cmake_target_skip_unavailable' from command line to 'False'
[0.346s] Level 5:colcon.colcon_core.verb:set package 'my_cpp_pkg' build argument 'cmake_clean_cache' from command line to 'False'
[0.346s] Level 5:colcon.colcon_core.verb:set package 'my_cpp_pkg' build argument 'cmake_clean_first' from command line to 'False'
[0.346s] Level 5:colcon.colcon_core.verb:set package 'my_cpp_pkg' build argument 'cmake_force_configure' from command line to 'False'
[0.346s] Level 5:colcon.colcon_core.verb:set package 'my_cpp_pkg' build argument 'ament_cmake_args' from command line to 'None'
[0.346s] Level 5:colcon.colcon_core.verb:set package 'my_cpp_pkg' build argument 'catkin_cmake_args' from command line to 'None'
[0.346s] Level 5:colcon.colcon_core.verb:set package 'my_cpp_pkg' build argument 'catkin_skip_building_tests' from command line to 'False'
[0.346s] DEBUG:colcon.colcon_core.verb:Building package 'my_cpp_pkg' with the following arguments: {'ament_cmake_args': None, 'build_base': '/home/rosbot/ros2_ws/build/my_cpp_pkg', 'catkin_cmake_args': None, 'catkin_skip_building_tests': False, 'cmake_args': None, 'cmake_clean_cache': False, 'cmake_clean_first': False, 'cmake_force_configure': False, 'cmake_target': None, 'cmake_target_skip_unavailable': False, 'install_base': '/home/rosbot/ros2_ws/install/my_cpp_pkg', 'merge_install': False, 'path': '/home/rosbot/ros2_ws/src/my_cpp_pkg', 'symlink_install': False, 'test_result_base': None}
[0.347s] Level 5:colcon.colcon_core.verb:set package 'my_py_pkg' build argument 'cmake_args' from command line to 'None'
[0.347s] Level 5:colcon.colcon_core.verb:set package 'my_py_pkg' build argument 'cmake_target' from command line to 'None'
[0.347s] Level 5:colcon.colcon_core.verb:set package 'my_py_pkg' build argument 'cmake_target_skip_unavailable' from command line to 'False'
[0.347s] Level 5:colcon.colcon_core.verb:set package 'my_py_pkg' build argument 'cmake_clean_cache' from command line to 'False'
[0.347s] Level 5:colcon.colcon_core.verb:set package 'my_py_pkg' build argument 'cmake_clean_first' from command line to 'False'
[0.347s] Level 5:colcon.colcon_core.verb:set package 'my_py_pkg' build argument 'cmake_force_configure' from command line to 'False'
[0.347s] Level 5:colcon.colcon_core.verb:set package 'my_py_pkg' build argument 'ament_cmake_args' from command line to 'None'
[0.347s] Level 5:colcon.colcon_core.verb:set package 'my_py_pkg' build argument 'catkin_cmake_args' from command line to 'None'
[0.347s] Level 5:colcon.colcon_core.verb:set package 'my_py_pkg' build argument 'catkin_skip_building_tests' from command line to 'False'
[0.347s] DEBUG:colcon.colcon_core.verb:Building package 'my_py_pkg' with the following arguments: {'ament_cmake_args': None, 'build_base': '/home/rosbot/ros2_ws/build/my_py_pkg', 'catkin_cmake_args': None, 'catkin_skip_building_tests': False, 'cmake_args': None, 'cmake_clean_cache': False, 'cmake_clean_first': False, 'cmake_force_configure': False, 'cmake_target': None, 'cmake_target_skip_unavailable': False, 'install_base': '/home/rosbot/ros2_ws/install/my_py_pkg', 'merge_install': False, 'path': '/home/rosbot/ros2_ws/src/my_py_pkg', 'symlink_install': False, 'test_result_base': None}
[0.347s] Level 5:colcon.colcon_core.verb:set package 'estimator_pkg' build argument 'cmake_args' from command line to 'None'
[0.347s] Level 5:colcon.colcon_core.verb:set package 'estimator_pkg' build argument 'cmake_target' from command line to 'None'
[0.347s] Level 5:colcon.colcon_core.verb:set package 'estimator_pkg' build argument 'cmake_target_skip_unavailable' from command line to 'False'
[0.347s] Level 5:colcon.colcon_core.verb:set package 'estimator_pkg' build argument 'cmake_clean_cache' from command line to 'False'
[0.347s] Level 5:colcon.colcon_core.verb:set package 'estimator_pkg' build argument 'cmake_clean_first' from command line to 'False'
[0.347s] Level 5:colcon.colcon_core.verb:set package 'estimator_pkg' build argument 'cmake_force_configure' from command line to 'False'
[0.347s] Level 5:colcon.colcon_core.verb:set package 'estimator_pkg' build argument 'ament_cmake_args' from command line to 'None'
[0.347s] Level 5:colcon.colcon_core.verb:set package 'estimator_pkg' build argument 'catkin_cmake_args' from command line to 'None'
[0.347s] Level 5:colcon.colcon_core.verb:set package 'estimator_pkg' build argument 'catkin_skip_building_tests' from command line to 'False'
[0.347s] DEBUG:colcon.colcon_core.verb:Building package 'estimator_pkg' with the following arguments: {'ament_cmake_args': None, 'build_base': '/home/rosbot/ros2_ws/build/estimator_pkg', 'catkin_cmake_args': None, 'catkin_skip_building_tests': False, 'cmake_args': None, 'cmake_clean_cache': False, 'cmake_clean_first': False, 'cmake_force_configure': False, 'cmake_target': None, 'cmake_target_skip_unavailable': False, 'install_base': '/home/rosbot/ros2_ws/install/estimator_pkg', 'merge_install': False, 'path': '/home/rosbot/ros2_ws/src/estimator_pkg', 'symlink_install': False, 'test_result_base': None}
[0.348s] Level 5:colcon.colcon_core.verb:set package 'flask_pkg' build argument 'cmake_args' from command line to 'None'
[0.348s] Level 5:colcon.colcon_core.verb:set package 'flask_pkg' build argument 'cmake_target' from command line to 'None'
[0.348s] Level 5:colcon.colcon_core.verb:set package 'flask_pkg' build argument 'cmake_target_skip_unavailable' from command line to 'False'
[0.348s] Level 5:colcon.colcon_core.verb:set package 'flask_pkg' build argument 'cmake_clean_cache' from command line to 'False'
[0.348s] Level 5:colcon.colcon_core.verb:set package 'flask_pkg' build argument 'cmake_clean_first' from command line to 'False'
[0.348s] Level 5:colcon.colcon_core.verb:set package 'flask_pkg' build argument 'cmake_force_configure' from command line to 'False'
[0.348s] Level 5:colcon.colcon_core.verb:set package 'flask_pkg' build argument 'ament_cmake_args' from command line to 'None'
[0.348s] Level 5:colcon.colcon_core.verb:set package 'flask_pkg' build argument 'catkin_cmake_args' from command line to 'None'
[0.348s] Level 5:colcon.colcon_core.verb:set package 'flask_pkg' build argument 'catkin_skip_building_tests' from command line to 'False'
[0.348s] DEBUG:colcon.colcon_core.verb:Building package 'flask_pkg' with the following arguments: {'ament_cmake_args': None, 'build_base': '/home/rosbot/ros2_ws/build/flask_pkg', 'catkin_cmake_args': None, 'catkin_skip_building_tests': False, 'cmake_args': None, 'cmake_clean_cache': False, 'cmake_clean_first': False, 'cmake_force_configure': False, 'cmake_target': None, 'cmake_target_skip_unavailable': False, 'install_base': '/home/rosbot/ros2_ws/install/flask_pkg', 'merge_install': False, 'path': '/home/rosbot/ros2_ws/src/flask_pkg', 'symlink_install': False, 'test_result_base': None}
[0.348s] Level 5:colcon.colcon_core.verb:set package 'flight_controller_pkg' build argument 'cmake_args' from command line to 'None'
[0.348s] Level 5:colcon.colcon_core.verb:set package 'flight_controller_pkg' build argument 'cmake_target' from command line to 'None'
[0.348s] Level 5:colcon.colcon_core.verb:set package 'flight_controller_pkg' build argument 'cmake_target_skip_unavailable' from command line to 'False'
[0.348s] Level 5:colcon.colcon_core.verb:set package 'flight_controller_pkg' build argument 'cmake_clean_cache' from command line to 'False'
[0.348s] Level 5:colcon.colcon_core.verb:set package 'flight_controller_pkg' build argument 'cmake_clean_first' from command line to 'False'
[0.348s] Level 5:colcon.colcon_core.verb:set package 'flight_controller_pkg' build argument 'cmake_force_configure' from command line to 'False'
[0.348s] Level 5:colcon.colcon_core.verb:set package 'flight_controller_pkg' build argument 'ament_cmake_args' from command line to 'None'
[0.348s] Level 5:colcon.colcon_core.verb:set package 'flight_controller_pkg' build argument 'catkin_cmake_args' from command line to 'None'
[0.348s] Level 5:colcon.colcon_core.verb:set package 'flight_controller_pkg' build argument 'catkin_skip_building_tests' from command line to 'False'
[0.349s] DEBUG:colcon.colcon_core.verb:Building package 'flight_controller_pkg' with the following arguments: {'ament_cmake_args': None, 'build_base': '/home/rosbot/ros2_ws/build/flight_controller_pkg', 'catkin_cmake_args': None, 'catkin_skip_building_tests': False, 'cmake_args': None, 'cmake_clean_cache': False, 'cmake_clean_first': False, 'cmake_force_configure': False, 'cmake_target': None, 'cmake_target_skip_unavailable': False, 'install_base': '/home/rosbot/ros2_ws/install/flight_controller_pkg', 'merge_install': False, 'path': '/home/rosbot/ros2_ws/src/flight_controller_pkg', 'symlink_install': False, 'test_result_base': None}
[0.349s] INFO:colcon.colcon_core.executor:Executing jobs using 'parallel' executor
[0.350s] DEBUG:colcon.colcon_parallel_executor.executor.parallel:run_until_complete
[0.350s] INFO:colcon.colcon_ros.task.ament_cmake.build:Building ROS package in '/home/rosbot/ros2_ws/src/custom_msgs' with build type 'ament_cmake'
[0.350s] INFO:colcon.colcon_cmake.task.cmake.build:Building CMake package in '/home/rosbot/ros2_ws/src/custom_msgs'
[0.353s] INFO:colcon.colcon_core.plugin_system:Skipping extension 'colcon_core.shell.bat': Not used on non-Windows systems
[0.353s] INFO:colcon.colcon_core.shell:Skip shell extension 'powershell' for command environment: Not usable outside of PowerShell
[0.353s] DEBUG:colcon.colcon_core.shell:Skip shell extension 'dsv' for command environment
[0.358s] INFO:colcon.colcon_ros.task.ament_cmake.build:Building ROS package in '/home/rosbot/ros2_ws/src/my_cpp_pkg' with build type 'ament_cmake'
[0.358s] INFO:colcon.colcon_cmake.task.cmake.build:Building CMake package in '/home/rosbot/ros2_ws/src/my_cpp_pkg'
[0.358s] INFO:colcon.colcon_core.shell:Skip shell extension 'powershell' for command environment: Not usable outside of PowerShell
[0.358s] DEBUG:colcon.colcon_core.shell:Skip shell extension 'dsv' for command environment
[0.363s] INFO:colcon.colcon_ros.task.ament_python.build:Building ROS package in '/home/rosbot/ros2_ws/src/my_py_pkg' with build type 'ament_python'
[0.363s] Level 1:colcon.colcon_core.shell:create_environment_hook('my_py_pkg', 'ament_prefix_path')
[0.364s] INFO:colcon.colcon_core.shell:Creating environment hook '/home/rosbot/ros2_ws/install/my_py_pkg/share/my_py_pkg/hook/ament_prefix_path.ps1'
[0.366s] INFO:colcon.colcon_core.shell:Creating environment descriptor '/home/rosbot/ros2_ws/install/my_py_pkg/share/my_py_pkg/hook/ament_prefix_path.dsv'
[0.372s] INFO:colcon.colcon_core.shell:Creating environment hook '/home/rosbot/ros2_ws/install/my_py_pkg/share/my_py_pkg/hook/ament_prefix_path.sh'
[0.375s] INFO:colcon.colcon_core.shell:Skip shell extension 'powershell' for command environment: Not usable outside of PowerShell
[0.375s] DEBUG:colcon.colcon_core.shell:Skip shell extension 'dsv' for command environment
[0.390s] DEBUG:colcon.colcon_core.event_handler.log_command:Invoking command in '/home/rosbot/ros2_ws/build/custom_msgs': CMAKE_PREFIX_PATH=${CMAKE_PREFIX_PATH}:/home/rosbot/ros2_ws/install/my_py_pkg:/home/rosbot/ros2_ws/install/flight_controller_pkg:/home/rosbot/ros2_ws/install/flask_pkg:/home/rosbot/ros2_ws/install/estimator_pkg:/opt/ros/jazzy PS1=(venv) \[\e]0;\u@\h: \w\a\]${debian_chroot:+($debian_chroot)}\u@\h:\w\$ VIRTUAL_ENV_PROMPT=(venv) /usr/bin/cmake --build /home/rosbot/ros2_ws/build/custom_msgs -- -j4 -l4
[0.396s] DEBUG:colcon.colcon_core.event_handler.log_command:Invoking command in '/home/rosbot/ros2_ws/build/my_cpp_pkg': CMAKE_PREFIX_PATH=${CMAKE_PREFIX_PATH}:/home/rosbot/ros2_ws/install/my_py_pkg:/home/rosbot/ros2_ws/install/flight_controller_pkg:/home/rosbot/ros2_ws/install/flask_pkg:/home/rosbot/ros2_ws/install/estimator_pkg:/opt/ros/jazzy PS1=(venv) \[\e]0;\u@\h: \w\a\]${debian_chroot:+($debian_chroot)}\u@\h:\w\$ VIRTUAL_ENV_PROMPT=(venv) /usr/bin/cmake --build /home/rosbot/ros2_ws/build/my_cpp_pkg -- -j4 -l4
[0.872s] INFO:colcon.colcon_core.task.python.build:Building Python package in '/home/rosbot/ros2_ws/src/my_py_pkg'
[0.872s] INFO:colcon.colcon_core.shell:Skip shell extension 'powershell' for command environment: Not usable outside of PowerShell
[0.872s] DEBUG:colcon.colcon_core.shell:Skip shell extension 'dsv' for command environment
[0.879s] DEBUG:colcon.colcon_core.event_handler.log_command:Invoked command in '/home/rosbot/ros2_ws/build/my_cpp_pkg' returned '0': CMAKE_PREFIX_PATH=${CMAKE_PREFIX_PATH}:/home/rosbot/ros2_ws/install/my_py_pkg:/home/rosbot/ros2_ws/install/flight_controller_pkg:/home/rosbot/ros2_ws/install/flask_pkg:/home/rosbot/ros2_ws/install/estimator_pkg:/opt/ros/jazzy PS1=(venv) \[\e]0;\u@\h: \w\a\]${debian_chroot:+($debian_chroot)}\u@\h:\w\$ VIRTUAL_ENV_PROMPT=(venv) /usr/bin/cmake --build /home/rosbot/ros2_ws/build/my_cpp_pkg -- -j4 -l4
[0.895s] DEBUG:colcon.colcon_core.event_handler.log_command:Invoking command in '/home/rosbot/ros2_ws/build/my_cpp_pkg': CMAKE_PREFIX_PATH=${CMAKE_PREFIX_PATH}:/home/rosbot/ros2_ws/install/my_py_pkg:/home/rosbot/ros2_ws/install/flight_controller_pkg:/home/rosbot/ros2_ws/install/flask_pkg:/home/rosbot/ros2_ws/install/estimator_pkg:/opt/ros/jazzy PS1=(venv) \[\e]0;\u@\h: \w\a\]${debian_chroot:+($debian_chroot)}\u@\h:\w\$ VIRTUAL_ENV_PROMPT=(venv) /usr/bin/cmake --install /home/rosbot/ros2_ws/build/my_cpp_pkg
[0.913s] Level 1:colcon.colcon_core.environment:create_environment_scripts_only(my_cpp_pkg)
[0.914s] DEBUG:colcon.colcon_core.event_handler.log_command:Invoked command in '/home/rosbot/ros2_ws/build/my_cpp_pkg' returned '0': CMAKE_PREFIX_PATH=${CMAKE_PREFIX_PATH}:/home/rosbot/ros2_ws/install/my_py_pkg:/home/rosbot/ros2_ws/install/flight_controller_pkg:/home/rosbot/ros2_ws/install/flask_pkg:/home/rosbot/ros2_ws/install/estimator_pkg:/opt/ros/jazzy PS1=(venv) \[\e]0;\u@\h: \w\a\]${debian_chroot:+($debian_chroot)}\u@\h:\w\$ VIRTUAL_ENV_PROMPT=(venv) /usr/bin/cmake --install /home/rosbot/ros2_ws/build/my_cpp_pkg
[0.917s] Level 1:colcon.colcon_core.environment:checking '/home/rosbot/ros2_ws/install/my_cpp_pkg' for CMake module files
[0.917s] Level 1:colcon.colcon_core.environment:checking '/home/rosbot/ros2_ws/install/my_cpp_pkg' for CMake config files
[0.918s] Level 1:colcon.colcon_core.shell:create_environment_hook('my_cpp_pkg', 'cmake_prefix_path')
[0.918s] INFO:colcon.colcon_core.shell:Creating environment hook '/home/rosbot/ros2_ws/install/my_cpp_pkg/share/my_cpp_pkg/hook/cmake_prefix_path.ps1'
[0.919s] INFO:colcon.colcon_core.shell:Creating environment descriptor '/home/rosbot/ros2_ws/install/my_cpp_pkg/share/my_cpp_pkg/hook/cmake_prefix_path.dsv'
[0.922s] INFO:colcon.colcon_core.shell:Creating environment hook '/home/rosbot/ros2_ws/install/my_cpp_pkg/share/my_cpp_pkg/hook/cmake_prefix_path.sh'
[0.925s] Level 1:colcon.colcon_core.environment:checking '/home/rosbot/ros2_ws/install/my_cpp_pkg/lib'
[0.926s] Level 1:colcon.colcon_core.environment:checking '/home/rosbot/ros2_ws/install/my_cpp_pkg/bin'
[0.926s] Level 1:colcon.colcon_core.environment:checking '/home/rosbot/ros2_ws/install/my_cpp_pkg/lib/pkgconfig/my_cpp_pkg.pc'
[0.926s] Level 1:colcon.colcon_core.environment:checking '/home/rosbot/ros2_ws/install/my_cpp_pkg/lib/python3.12/site-packages'
[0.926s] Level 1:colcon.colcon_core.environment:checking '/home/rosbot/ros2_ws/install/my_cpp_pkg/bin'
[0.927s] INFO:colcon.colcon_core.shell:Creating package script '/home/rosbot/ros2_ws/install/my_cpp_pkg/share/my_cpp_pkg/package.ps1'
[0.928s] INFO:colcon.colcon_core.shell:Creating package descriptor '/home/rosbot/ros2_ws/install/my_cpp_pkg/share/my_cpp_pkg/package.dsv'
[0.931s] INFO:colcon.colcon_core.shell:Creating package script '/home/rosbot/ros2_ws/install/my_cpp_pkg/share/my_cpp_pkg/package.sh'
[0.934s] INFO:colcon.colcon_core.shell:Creating package script '/home/rosbot/ros2_ws/install/my_cpp_pkg/share/my_cpp_pkg/package.bash'
[0.935s] INFO:colcon.colcon_core.shell:Creating package script '/home/rosbot/ros2_ws/install/my_cpp_pkg/share/my_cpp_pkg/package.zsh'
[0.936s] Level 1:colcon.colcon_core.environment:create_file_with_runtime_dependencies(/home/rosbot/ros2_ws/install/my_cpp_pkg/share/colcon-core/packages/my_cpp_pkg)
[0.936s] Level 1:colcon.colcon_core.environment:create_environment_scripts_only(my_cpp_pkg)
[0.937s] Level 1:colcon.colcon_core.environment:checking '/home/rosbot/ros2_ws/install/my_cpp_pkg' for CMake module files
[0.937s] Level 1:colcon.colcon_core.environment:checking '/home/rosbot/ros2_ws/install/my_cpp_pkg' for CMake config files
[0.938s] Level 1:colcon.colcon_core.shell:create_environment_hook('my_cpp_pkg', 'cmake_prefix_path')
[0.938s] INFO:colcon.colcon_core.shell:Creating environment hook '/home/rosbot/ros2_ws/install/my_cpp_pkg/share/my_cpp_pkg/hook/cmake_prefix_path.ps1'
[0.938s] INFO:colcon.colcon_core.shell:Creating environment descriptor '/home/rosbot/ros2_ws/install/my_cpp_pkg/share/my_cpp_pkg/hook/cmake_prefix_path.dsv'
[0.939s] INFO:colcon.colcon_core.shell:Creating environment hook '/home/rosbot/ros2_ws/install/my_cpp_pkg/share/my_cpp_pkg/hook/cmake_prefix_path.sh'
[0.939s] Level 1:colcon.colcon_core.environment:checking '/home/rosbot/ros2_ws/install/my_cpp_pkg/lib'
[0.939s] Level 1:colcon.colcon_core.environment:checking '/home/rosbot/ros2_ws/install/my_cpp_pkg/bin'
[0.939s] Level 1:colcon.colcon_core.environment:checking '/home/rosbot/ros2_ws/install/my_cpp_pkg/lib/pkgconfig/my_cpp_pkg.pc'
[0.940s] Level 1:colcon.colcon_core.environment:checking '/home/rosbot/ros2_ws/install/my_cpp_pkg/lib/python3.12/site-packages'
[0.940s] Level 1:colcon.colcon_core.environment:checking '/home/rosbot/ros2_ws/install/my_cpp_pkg/bin'
[0.940s] INFO:colcon.colcon_core.shell:Creating package script '/home/rosbot/ros2_ws/install/my_cpp_pkg/share/my_cpp_pkg/package.ps1'
[0.943s] INFO:colcon.colcon_core.shell:Creating package descriptor '/home/rosbot/ros2_ws/install/my_cpp_pkg/share/my_cpp_pkg/package.dsv'
[0.947s] INFO:colcon.colcon_core.shell:Creating package script '/home/rosbot/ros2_ws/install/my_cpp_pkg/share/my_cpp_pkg/package.sh'
[0.949s] INFO:colcon.colcon_core.shell:Creating package script '/home/rosbot/ros2_ws/install/my_cpp_pkg/share/my_cpp_pkg/package.bash'
[0.952s] INFO:colcon.colcon_core.shell:Creating package script '/home/rosbot/ros2_ws/install/my_cpp_pkg/share/my_cpp_pkg/package.zsh'
[0.955s] Level 1:colcon.colcon_core.environment:create_file_with_runtime_dependencies(/home/rosbot/ros2_ws/install/my_cpp_pkg/share/colcon-core/packages/my_cpp_pkg)
[1.135s] DEBUG:colcon.colcon_core.event_handler.log_command:Invoked command in '/home/rosbot/ros2_ws/build/custom_msgs' returned '0': CMAKE_PREFIX_PATH=${CMAKE_PREFIX_PATH}:/home/rosbot/ros2_ws/install/my_py_pkg:/home/rosbot/ros2_ws/install/flight_controller_pkg:/home/rosbot/ros2_ws/install/flask_pkg:/home/rosbot/ros2_ws/install/estimator_pkg:/opt/ros/jazzy PS1=(venv) \[\e]0;\u@\h: \w\a\]${debian_chroot:+($debian_chroot)}\u@\h:\w\$ VIRTUAL_ENV_PROMPT=(venv) /usr/bin/cmake --build /home/rosbot/ros2_ws/build/custom_msgs -- -j4 -l4
[1.137s] DEBUG:colcon.colcon_core.event_handler.log_command:Invoking command in '/home/rosbot/ros2_ws/build/custom_msgs': CMAKE_PREFIX_PATH=${CMAKE_PREFIX_PATH}:/home/rosbot/ros2_ws/install/my_py_pkg:/home/rosbot/ros2_ws/install/flight_controller_pkg:/home/rosbot/ros2_ws/install/flask_pkg:/home/rosbot/ros2_ws/install/estimator_pkg:/opt/ros/jazzy PS1=(venv) \[\e]0;\u@\h: \w\a\]${debian_chroot:+($debian_chroot)}\u@\h:\w\$ VIRTUAL_ENV_PROMPT=(venv) /usr/bin/cmake --install /home/rosbot/ros2_ws/build/custom_msgs
[1.234s] Level 1:colcon.colcon_core.environment:create_environment_scripts_only(custom_msgs)
[1.234s] Level 1:colcon.colcon_core.environment:checking '/home/rosbot/ros2_ws/install/custom_msgs' for CMake module files
[1.235s] DEBUG:colcon.colcon_core.event_handler.log_command:Invoked command in '/home/rosbot/ros2_ws/build/custom_msgs' returned '0': CMAKE_PREFIX_PATH=${CMAKE_PREFIX_PATH}:/home/rosbot/ros2_ws/install/my_py_pkg:/home/rosbot/ros2_ws/install/flight_controller_pkg:/home/rosbot/ros2_ws/install/flask_pkg:/home/rosbot/ros2_ws/install/estimator_pkg:/opt/ros/jazzy PS1=(venv) \[\e]0;\u@\h: \w\a\]${debian_chroot:+($debian_chroot)}\u@\h:\w\$ VIRTUAL_ENV_PROMPT=(venv) /usr/bin/cmake --install /home/rosbot/ros2_ws/build/custom_msgs
[1.236s] Level 1:colcon.colcon_core.environment:checking '/home/rosbot/ros2_ws/install/custom_msgs' for CMake config files
[1.236s] Level 1:colcon.colcon_core.shell:create_environment_hook('custom_msgs', 'cmake_prefix_path')
[1.237s] INFO:colcon.colcon_core.shell:Creating environment hook '/home/rosbot/ros2_ws/install/custom_msgs/share/custom_msgs/hook/cmake_prefix_path.ps1'
[1.237s] INFO:colcon.colcon_core.shell:Creating environment descriptor '/home/rosbot/ros2_ws/install/custom_msgs/share/custom_msgs/hook/cmake_prefix_path.dsv'
[1.241s] INFO:colcon.colcon_core.shell:Creating environment hook '/home/rosbot/ros2_ws/install/custom_msgs/share/custom_msgs/hook/cmake_prefix_path.sh'
[1.244s] Level 1:colcon.colcon_core.environment:checking '/home/rosbot/ros2_ws/install/custom_msgs/lib'
[1.244s] Level 1:colcon.colcon_core.shell:create_environment_hook('custom_msgs', 'ld_library_path_lib')
[1.245s] INFO:colcon.colcon_core.shell:Creating environment hook '/home/rosbot/ros2_ws/install/custom_msgs/share/custom_msgs/hook/ld_library_path_lib.ps1'
[1.247s] INFO:colcon.colcon_core.shell:Creating environment descriptor '/home/rosbot/ros2_ws/install/custom_msgs/share/custom_msgs/hook/ld_library_path_lib.dsv'
[1.250s] INFO:colcon.colcon_core.shell:Creating environment hook '/home/rosbot/ros2_ws/install/custom_msgs/share/custom_msgs/hook/ld_library_path_lib.sh'
[1.253s] Level 1:colcon.colcon_core.environment:checking '/home/rosbot/ros2_ws/install/custom_msgs/bin'
[1.253s] Level 1:colcon.colcon_core.environment:checking '/home/rosbot/ros2_ws/install/custom_msgs/lib/pkgconfig/custom_msgs.pc'
[1.253s] Level 1:colcon.colcon_core.environment:checking '/home/rosbot/ros2_ws/install/custom_msgs/lib/python3.12/site-packages'
[1.254s] Level 1:colcon.colcon_core.shell:create_environment_hook('custom_msgs', 'pythonpath')
[1.254s] INFO:colcon.colcon_core.shell:Creating environment hook '/home/rosbot/ros2_ws/install/custom_msgs/share/custom_msgs/hook/pythonpath.ps1'
[1.256s] INFO:colcon.colcon_core.shell:Creating environment descriptor '/home/rosbot/ros2_ws/install/custom_msgs/share/custom_msgs/hook/pythonpath.dsv'
[1.260s] INFO:colcon.colcon_core.shell:Creating environment hook '/home/rosbot/ros2_ws/install/custom_msgs/share/custom_msgs/hook/pythonpath.sh'
[1.263s] Level 1:colcon.colcon_core.environment:checking '/home/rosbot/ros2_ws/install/custom_msgs/bin'
[1.264s] INFO:colcon.colcon_core.shell:Creating package script '/home/rosbot/ros2_ws/install/custom_msgs/share/custom_msgs/package.ps1'
[1.266s] INFO:colcon.colcon_core.shell:Creating package descriptor '/home/rosbot/ros2_ws/install/custom_msgs/share/custom_msgs/package.dsv'
[1.272s] INFO:colcon.colcon_core.shell:Creating package script '/home/rosbot/ros2_ws/install/custom_msgs/share/custom_msgs/package.sh'
[1.275s] INFO:colcon.colcon_core.shell:Creating package script '/home/rosbot/ros2_ws/install/custom_msgs/share/custom_msgs/package.bash'
[1.278s] INFO:colcon.colcon_core.shell:Creating package script '/home/rosbot/ros2_ws/install/custom_msgs/share/custom_msgs/package.zsh'
[1.281s] Level 1:colcon.colcon_core.environment:create_file_with_runtime_dependencies(/home/rosbot/ros2_ws/install/custom_msgs/share/colcon-core/packages/custom_msgs)
[1.284s] Level 1:colcon.colcon_core.environment:create_environment_scripts_only(custom_msgs)
[1.285s] Level 1:colcon.colcon_core.environment:checking '/home/rosbot/ros2_ws/install/custom_msgs' for CMake module files
[1.285s] Level 1:colcon.colcon_core.environment:checking '/home/rosbot/ros2_ws/install/custom_msgs' for CMake config files
[1.286s] Level 1:colcon.colcon_core.shell:create_environment_hook('custom_msgs', 'cmake_prefix_path')
[1.286s] INFO:colcon.colcon_core.shell:Creating environment hook '/home/rosbot/ros2_ws/install/custom_msgs/share/custom_msgs/hook/cmake_prefix_path.ps1'
[1.287s] INFO:colcon.colcon_core.shell:Creating environment descriptor '/home/rosbot/ros2_ws/install/custom_msgs/share/custom_msgs/hook/cmake_prefix_path.dsv'
[1.290s] INFO:colcon.colcon_core.shell:Creating environment hook '/home/rosbot/ros2_ws/install/custom_msgs/share/custom_msgs/hook/cmake_prefix_path.sh'
[1.293s] Level 1:colcon.colcon_core.environment:checking '/home/rosbot/ros2_ws/install/custom_msgs/lib'
[1.294s] Level 1:colcon.colcon_core.shell:create_environment_hook('custom_msgs', 'ld_library_path_lib')
[1.294s] INFO:colcon.colcon_core.shell:Creating environment hook '/home/rosbot/ros2_ws/install/custom_msgs/share/custom_msgs/hook/ld_library_path_lib.ps1'
[1.296s] INFO:colcon.colcon_core.shell:Creating environment descriptor '/home/rosbot/ros2_ws/install/custom_msgs/share/custom_msgs/hook/ld_library_path_lib.dsv'
[1.299s] INFO:colcon.colcon_core.shell:Creating environment hook '/home/rosbot/ros2_ws/install/custom_msgs/share/custom_msgs/hook/ld_library_path_lib.sh'
[1.302s] Level 1:colcon.colcon_core.environment:checking '/home/rosbot/ros2_ws/install/custom_msgs/bin'
[1.303s] Level 1:colcon.colcon_core.environment:checking '/home/rosbot/ros2_ws/install/custom_msgs/lib/pkgconfig/custom_msgs.pc'
[1.303s] Level 1:colcon.colcon_core.environment:checking '/home/rosbot/ros2_ws/install/custom_msgs/lib/python3.12/site-packages'
[1.303s] Level 1:colcon.colcon_core.shell:create_environment_hook('custom_msgs', 'pythonpath')
[1.303s] INFO:colcon.colcon_core.shell:Creating environment hook '/home/rosbot/ros2_ws/install/custom_msgs/share/custom_msgs/hook/pythonpath.ps1'
[1.306s] INFO:colcon.colcon_core.shell:Creating environment descriptor '/home/rosbot/ros2_ws/install/custom_msgs/share/custom_msgs/hook/pythonpath.dsv'
[1.309s] INFO:colcon.colcon_core.shell:Creating environment hook '/home/rosbot/ros2_ws/install/custom_msgs/share/custom_msgs/hook/pythonpath.sh'
[1.312s] Level 1:colcon.colcon_core.environment:checking '/home/rosbot/ros2_ws/install/custom_msgs/bin'
[1.312s] INFO:colcon.colcon_core.shell:Creating package script '/home/rosbot/ros2_ws/install/custom_msgs/share/custom_msgs/package.ps1'
[1.315s] INFO:colcon.colcon_core.shell:Creating package descriptor '/home/rosbot/ros2_ws/install/custom_msgs/share/custom_msgs/package.dsv'
[1.318s] INFO:colcon.colcon_core.shell:Creating package script '/home/rosbot/ros2_ws/install/custom_msgs/share/custom_msgs/package.sh'
[1.321s] INFO:colcon.colcon_core.shell:Creating package script '/home/rosbot/ros2_ws/install/custom_msgs/share/custom_msgs/package.bash'
[1.325s] INFO:colcon.colcon_core.shell:Creating package script '/home/rosbot/ros2_ws/install/custom_msgs/share/custom_msgs/package.zsh'
[1.328s] Level 1:colcon.colcon_core.environment:create_file_with_runtime_dependencies(/home/rosbot/ros2_ws/install/custom_msgs/share/colcon-core/packages/custom_msgs)
[1.331s] INFO:colcon.colcon_ros.task.ament_python.build:Building ROS package in '/home/rosbot/ros2_ws/src/estimator_pkg' with build type 'ament_python'
[1.331s] Level 1:colcon.colcon_core.shell:create_environment_hook('estimator_pkg', 'ament_prefix_path')
[1.332s] INFO:colcon.colcon_core.shell:Creating environment hook '/home/rosbot/ros2_ws/install/estimator_pkg/share/estimator_pkg/hook/ament_prefix_path.ps1'
[1.337s] INFO:colcon.colcon_core.shell:Creating environment descriptor '/home/rosbot/ros2_ws/install/estimator_pkg/share/estimator_pkg/hook/ament_prefix_path.dsv'
[1.340s] INFO:colcon.colcon_core.shell:Creating environment hook '/home/rosbot/ros2_ws/install/estimator_pkg/share/estimator_pkg/hook/ament_prefix_path.sh'
[1.343s] INFO:colcon.colcon_core.shell:Skip shell extension 'powershell' for command environment: Not usable outside of PowerShell
[1.343s] DEBUG:colcon.colcon_core.shell:Skip shell extension 'dsv' for command environment
[1.350s] INFO:colcon.colcon_ros.task.ament_python.build:Building ROS package in '/home/rosbot/ros2_ws/src/flask_pkg' with build type 'ament_python'
[1.350s] Level 1:colcon.colcon_core.shell:create_environment_hook('flask_pkg', 'ament_prefix_path')
[1.351s] INFO:colcon.colcon_core.shell:Creating environment hook '/home/rosbot/ros2_ws/install/flask_pkg/share/flask_pkg/hook/ament_prefix_path.ps1'
[1.353s] INFO:colcon.colcon_core.shell:Creating environment descriptor '/home/rosbot/ros2_ws/install/flask_pkg/share/flask_pkg/hook/ament_prefix_path.dsv'
[1.356s] INFO:colcon.colcon_core.shell:Creating environment hook '/home/rosbot/ros2_ws/install/flask_pkg/share/flask_pkg/hook/ament_prefix_path.sh'
[1.359s] INFO:colcon.colcon_core.shell:Skip shell extension 'powershell' for command environment: Not usable outside of PowerShell
[1.359s] DEBUG:colcon.colcon_core.shell:Skip shell extension 'dsv' for command environment
[1.364s] INFO:colcon.colcon_ros.task.ament_python.build:Building ROS package in '/home/rosbot/ros2_ws/src/flight_controller_pkg' with build type 'ament_python'
[1.364s] Level 1:colcon.colcon_core.shell:create_environment_hook('flight_controller_pkg', 'ament_prefix_path')
[1.365s] INFO:colcon.colcon_core.shell:Creating environment hook '/home/rosbot/ros2_ws/install/flight_controller_pkg/share/flight_controller_pkg/hook/ament_prefix_path.ps1'
[1.366s] INFO:colcon.colcon_core.shell:Creating environment descriptor '/home/rosbot/ros2_ws/install/flight_controller_pkg/share/flight_controller_pkg/hook/ament_prefix_path.dsv'
[1.369s] INFO:colcon.colcon_core.shell:Creating environment hook '/home/rosbot/ros2_ws/install/flight_controller_pkg/share/flight_controller_pkg/hook/ament_prefix_path.sh'
[1.372s] INFO:colcon.colcon_core.shell:Skip shell extension 'powershell' for command environment: Not usable outside of PowerShell
[1.373s] DEBUG:colcon.colcon_core.shell:Skip shell extension 'dsv' for command environment
[1.734s] INFO:colcon.colcon_core.task.python.build:Building Python package in '/home/rosbot/ros2_ws/src/estimator_pkg'
[1.735s] INFO:colcon.colcon_core.shell:Skip shell extension 'powershell' for command environment: Not usable outside of PowerShell
[1.735s] DEBUG:colcon.colcon_core.shell:Skip shell extension 'dsv' for command environment
[2.076s] INFO:colcon.colcon_core.task.python.build:Building Python package in '/home/rosbot/ros2_ws/src/flask_pkg'
[2.077s] INFO:colcon.colcon_core.shell:Skip shell extension 'powershell' for command environment: Not usable outside of PowerShell
[2.077s] DEBUG:colcon.colcon_core.shell:Skip shell extension 'dsv' for command environment
[2.399s] INFO:colcon.colcon_core.task.python.build:Building Python package in '/home/rosbot/ros2_ws/src/flight_controller_pkg'
[2.399s] INFO:colcon.colcon_core.shell:Skip shell extension 'powershell' for command environment: Not usable outside of PowerShell
[2.400s] DEBUG:colcon.colcon_core.shell:Skip shell extension 'dsv' for command environment
[2.408s] DEBUG:colcon.colcon_core.event_handler.log_command:Invoking command in '/home/rosbot/ros2_ws/src/my_py_pkg': PS1=(venv) \[\e]0;\u@\h: \w\a\]${debian_chroot:+($debian_chroot)}\u@\h:\w\$ PYTHONPATH=/home/rosbot/ros2_ws/build/my_py_pkg/prefix_override:/usr/lib/python3/dist-packages/colcon_core/task/python/colcon_distutils_commands:/home/rosbot/ros2_ws/install/my_py_pkg/lib/python3.12/site-packages:${PYTHONPATH} VIRTUAL_ENV_PROMPT=(venv) /usr/bin/python3 -W ignore:setup.py install is deprecated -W ignore:easy_install command is deprecated setup.py egg_info --egg-base ../../build/my_py_pkg build --build-base /home/rosbot/ros2_ws/build/my_py_pkg/build install --record /home/rosbot/ros2_ws/build/my_py_pkg/install.log --single-version-externally-managed install_data
[3.508s] Level 1:colcon.colcon_core.environment:checking '/home/rosbot/ros2_ws/install/my_py_pkg' for CMake module files
[3.509s] DEBUG:colcon.colcon_core.event_handler.log_command:Invoked command in '/home/rosbot/ros2_ws/src/my_py_pkg' returned '0': PS1=(venv) \[\e]0;\u@\h: \w\a\]${debian_chroot:+($debian_chroot)}\u@\h:\w\$ PYTHONPATH=/home/rosbot/ros2_ws/build/my_py_pkg/prefix_override:/usr/lib/python3/dist-packages/colcon_core/task/python/colcon_distutils_commands:/home/rosbot/ros2_ws/install/my_py_pkg/lib/python3.12/site-packages:${PYTHONPATH} VIRTUAL_ENV_PROMPT=(venv) /usr/bin/python3 -W ignore:setup.py install is deprecated -W ignore:easy_install command is deprecated setup.py egg_info --egg-base ../../build/my_py_pkg build --build-base /home/rosbot/ros2_ws/build/my_py_pkg/build install --record /home/rosbot/ros2_ws/build/my_py_pkg/install.log --single-version-externally-managed install_data
[3.510s] Level 1:colcon.colcon_core.environment:checking '/home/rosbot/ros2_ws/install/my_py_pkg' for CMake config files
[3.512s] Level 1:colcon.colcon_core.environment:checking '/home/rosbot/ros2_ws/install/my_py_pkg/lib'
[3.513s] Level 1:colcon.colcon_core.environment:checking '/home/rosbot/ros2_ws/install/my_py_pkg/bin'
[3.513s] Level 1:colcon.colcon_core.environment:checking '/home/rosbot/ros2_ws/install/my_py_pkg/lib/pkgconfig/my_py_pkg.pc'
[3.513s] Level 1:colcon.colcon_core.environment:checking '/home/rosbot/ros2_ws/install/my_py_pkg/lib/python3.12/site-packages'
[3.514s] Level 1:colcon.colcon_core.shell:create_environment_hook('my_py_pkg', 'pythonpath')
[3.515s] INFO:colcon.colcon_core.shell:Creating environment hook '/home/rosbot/ros2_ws/install/my_py_pkg/share/my_py_pkg/hook/pythonpath.ps1'
[3.517s] INFO:colcon.colcon_core.shell:Creating environment descriptor '/home/rosbot/ros2_ws/install/my_py_pkg/share/my_py_pkg/hook/pythonpath.dsv'
[3.520s] INFO:colcon.colcon_core.shell:Creating environment hook '/home/rosbot/ros2_ws/install/my_py_pkg/share/my_py_pkg/hook/pythonpath.sh'
[3.524s] Level 1:colcon.colcon_core.environment:checking '/home/rosbot/ros2_ws/install/my_py_pkg/bin'
[3.524s] Level 1:colcon.colcon_core.environment:create_environment_scripts_only(my_py_pkg)
[3.525s] INFO:colcon.colcon_core.shell:Creating package script '/home/rosbot/ros2_ws/install/my_py_pkg/share/my_py_pkg/package.ps1'
[3.527s] INFO:colcon.colcon_core.shell:Creating package descriptor '/home/rosbot/ros2_ws/install/my_py_pkg/share/my_py_pkg/package.dsv'
[3.530s] INFO:colcon.colcon_core.shell:Creating package script '/home/rosbot/ros2_ws/install/my_py_pkg/share/my_py_pkg/package.sh'
[3.533s] INFO:colcon.colcon_core.shell:Creating package script '/home/rosbot/ros2_ws/install/my_py_pkg/share/my_py_pkg/package.bash'
[3.537s] INFO:colcon.colcon_core.shell:Creating package script '/home/rosbot/ros2_ws/install/my_py_pkg/share/my_py_pkg/package.zsh'
[3.540s] Level 1:colcon.colcon_core.environment:create_file_with_runtime_dependencies(/home/rosbot/ros2_ws/install/my_py_pkg/share/colcon-core/packages/my_py_pkg)
[3.579s] DEBUG:colcon.colcon_core.event_handler.log_command:Invoking command in '/home/rosbot/ros2_ws/src/flask_pkg': CMAKE_PREFIX_PATH=/home/rosbot/ros2_ws/install/custom_msgs:/home/rosbot/ros2_ws/install/my_cpp_pkg:/opt/ros/jazzy/opt/gz_math_vendor:/opt/ros/jazzy/opt/gz_utils_vendor:/opt/ros/jazzy/opt/gz_cmake_vendor PS1=(venv) \[\e]0;\u@\h: \w\a\]${debian_chroot:+($debian_chroot)}\u@\h:\w\$ PYTHONPATH=/home/rosbot/ros2_ws/build/flask_pkg/prefix_override:/usr/lib/python3/dist-packages/colcon_core/task/python/colcon_distutils_commands:/home/rosbot/ros2_ws/install/flask_pkg/lib/python3.12/site-packages:/home/rosbot/ros2_ws/install/custom_msgs/lib/python3.12/site-packages:/home/rosbot/ros2_ws/install/my_py_pkg/lib/python3.12/site-packages:/home/rosbot/ros2_ws/install/flight_controller_pkg/lib/python3.12/site-packages:/home/rosbot/ros2_ws/install/flask_pkg/lib/python3.12/site-packages:/home/rosbot/ros2_ws/install/estimator_pkg/lib/python3.12/site-packages:/opt/ros/jazzy/lib/python3.12/site-packages VIRTUAL_ENV_PROMPT=(venv) /usr/bin/python3 -W ignore:setup.py install is deprecated -W ignore:easy_install command is deprecated setup.py egg_info --egg-base ../../build/flask_pkg build --build-base /home/rosbot/ros2_ws/build/flask_pkg/build install --record /home/rosbot/ros2_ws/build/flask_pkg/install.log --single-version-externally-managed install_data
[3.667s] DEBUG:colcon.colcon_core.event_handler.log_command:Invoking command in '/home/rosbot/ros2_ws/src/estimator_pkg': CMAKE_PREFIX_PATH=/home/rosbot/ros2_ws/install/custom_msgs:/home/rosbot/ros2_ws/install/my_cpp_pkg:/opt/ros/jazzy/opt/gz_math_vendor:/opt/ros/jazzy/opt/gz_utils_vendor:/opt/ros/jazzy/opt/gz_cmake_vendor PS1=(venv) \[\e]0;\u@\h: \w\a\]${debian_chroot:+($debian_chroot)}\u@\h:\w\$ PYTHONPATH=/home/rosbot/ros2_ws/build/estimator_pkg/prefix_override:/usr/lib/python3/dist-packages/colcon_core/task/python/colcon_distutils_commands:/home/rosbot/ros2_ws/install/estimator_pkg/lib/python3.12/site-packages:/home/rosbot/ros2_ws/install/custom_msgs/lib/python3.12/site-packages:/home/rosbot/ros2_ws/install/my_py_pkg/lib/python3.12/site-packages:/home/rosbot/ros2_ws/install/flight_controller_pkg/lib/python3.12/site-packages:/home/rosbot/ros2_ws/install/flask_pkg/lib/python3.12/site-packages:/home/rosbot/ros2_ws/install/estimator_pkg/lib/python3.12/site-packages:/opt/ros/jazzy/lib/python3.12/site-packages VIRTUAL_ENV_PROMPT=(venv) /usr/bin/python3 -W ignore:setup.py install is deprecated -W ignore:easy_install command is deprecated setup.py egg_info --egg-base ../../build/estimator_pkg build --build-base /home/rosbot/ros2_ws/build/estimator_pkg/build install --record /home/rosbot/ros2_ws/build/estimator_pkg/install.log --single-version-externally-managed install_data
[3.674s] DEBUG:colcon.colcon_core.event_handler.log_command:Invoking command in '/home/rosbot/ros2_ws/src/flight_controller_pkg': CMAKE_PREFIX_PATH=/home/rosbot/ros2_ws/install/custom_msgs:/home/rosbot/ros2_ws/install/my_cpp_pkg:/opt/ros/jazzy/opt/gz_math_vendor:/opt/ros/jazzy/opt/gz_utils_vendor:/opt/ros/jazzy/opt/gz_cmake_vendor PS1=(venv) \[\e]0;\u@\h: \w\a\]${debian_chroot:+($debian_chroot)}\u@\h:\w\$ PYTHONPATH=/home/rosbot/ros2_ws/build/flight_controller_pkg/prefix_override:/usr/lib/python3/dist-packages/colcon_core/task/python/colcon_distutils_commands:/home/rosbot/ros2_ws/install/flight_controller_pkg/lib/python3.12/site-packages:/home/rosbot/ros2_ws/install/custom_msgs/lib/python3.12/site-packages:/home/rosbot/ros2_ws/install/my_py_pkg/lib/python3.12/site-packages:/home/rosbot/ros2_ws/install/flight_controller_pkg/lib/python3.12/site-packages:/home/rosbot/ros2_ws/install/flask_pkg/lib/python3.12/site-packages:/home/rosbot/ros2_ws/install/estimator_pkg/lib/python3.12/site-packages:/opt/ros/jazzy/lib/python3.12/site-packages VIRTUAL_ENV_PROMPT=(venv) /usr/bin/python3 -W ignore:setup.py install is deprecated -W ignore:easy_install command is deprecated setup.py egg_info --egg-base ../../build/flight_controller_pkg build --build-base /home/rosbot/ros2_ws/build/flight_controller_pkg/build install --record /home/rosbot/ros2_ws/build/flight_controller_pkg/install.log --single-version-externally-managed install_data
[4.510s] Level 1:colcon.colcon_core.environment:checking '/home/rosbot/ros2_ws/install/flask_pkg' for CMake module files
[4.511s] DEBUG:colcon.colcon_core.event_handler.log_command:Invoked command in '/home/rosbot/ros2_ws/src/flask_pkg' returned '0': CMAKE_PREFIX_PATH=/home/rosbot/ros2_ws/install/custom_msgs:/home/rosbot/ros2_ws/install/my_cpp_pkg:/opt/ros/jazzy/opt/gz_math_vendor:/opt/ros/jazzy/opt/gz_utils_vendor:/opt/ros/jazzy/opt/gz_cmake_vendor PS1=(venv) \[\e]0;\u@\h: \w\a\]${debian_chroot:+($debian_chroot)}\u@\h:\w\$ PYTHONPATH=/home/rosbot/ros2_ws/build/flask_pkg/prefix_override:/usr/lib/python3/dist-packages/colcon_core/task/python/colcon_distutils_commands:/home/rosbot/ros2_ws/install/flask_pkg/lib/python3.12/site-packages:/home/rosbot/ros2_ws/install/custom_msgs/lib/python3.12/site-packages:/home/rosbot/ros2_ws/install/my_py_pkg/lib/python3.12/site-packages:/home/rosbot/ros2_ws/install/flight_controller_pkg/lib/python3.12/site-packages:/home/rosbot/ros2_ws/install/flask_pkg/lib/python3.12/site-packages:/home/rosbot/ros2_ws/install/estimator_pkg/lib/python3.12/site-packages:/opt/ros/jazzy/lib/python3.12/site-packages VIRTUAL_ENV_PROMPT=(venv) /usr/bin/python3 -W ignore:setup.py install is deprecated -W ignore:easy_install command is deprecated setup.py egg_info --egg-base ../../build/flask_pkg build --build-base /home/rosbot/ros2_ws/build/flask_pkg/build install --record /home/rosbot/ros2_ws/build/flask_pkg/install.log --single-version-externally-managed install_data
[4.511s] Level 1:colcon.colcon_core.environment:checking '/home/rosbot/ros2_ws/install/flask_pkg' for CMake config files
[4.512s] Level 1:colcon.colcon_core.environment:checking '/home/rosbot/ros2_ws/install/flask_pkg/lib'
[4.513s] Level 1:colcon.colcon_core.environment:checking '/home/rosbot/ros2_ws/install/flask_pkg/bin'
[4.513s] Level 1:colcon.colcon_core.environment:checking '/home/rosbot/ros2_ws/install/flask_pkg/lib/pkgconfig/flask_pkg.pc'
[4.513s] Level 1:colcon.colcon_core.environment:checking '/home/rosbot/ros2_ws/install/flask_pkg/lib/python3.12/site-packages'
[4.514s] Level 1:colcon.colcon_core.shell:create_environment_hook('flask_pkg', 'pythonpath')
[4.514s] INFO:colcon.colcon_core.shell:Creating environment hook '/home/rosbot/ros2_ws/install/flask_pkg/share/flask_pkg/hook/pythonpath.ps1'
[4.515s] INFO:colcon.colcon_core.shell:Creating environment descriptor '/home/rosbot/ros2_ws/install/flask_pkg/share/flask_pkg/hook/pythonpath.dsv'
[4.519s] INFO:colcon.colcon_core.shell:Creating environment hook '/home/rosbot/ros2_ws/install/flask_pkg/share/flask_pkg/hook/pythonpath.sh'
[4.522s] Level 1:colcon.colcon_core.environment:checking '/home/rosbot/ros2_ws/install/flask_pkg/bin'
[4.522s] Level 1:colcon.colcon_core.environment:create_environment_scripts_only(flask_pkg)
[4.523s] INFO:colcon.colcon_core.shell:Creating package script '/home/rosbot/ros2_ws/install/flask_pkg/share/flask_pkg/package.ps1'
[4.525s] INFO:colcon.colcon_core.shell:Creating package descriptor '/home/rosbot/ros2_ws/install/flask_pkg/share/flask_pkg/package.dsv'
[4.528s] INFO:colcon.colcon_core.shell:Creating package script '/home/rosbot/ros2_ws/install/flask_pkg/share/flask_pkg/package.sh'
[4.531s] INFO:colcon.colcon_core.shell:Creating package script '/home/rosbot/ros2_ws/install/flask_pkg/share/flask_pkg/package.bash'
[4.534s] INFO:colcon.colcon_core.shell:Creating package script '/home/rosbot/ros2_ws/install/flask_pkg/share/flask_pkg/package.zsh'
[4.537s] Level 1:colcon.colcon_core.environment:create_file_with_runtime_dependencies(/home/rosbot/ros2_ws/install/flask_pkg/share/colcon-core/packages/flask_pkg)
[4.575s] Level 1:colcon.colcon_core.environment:checking '/home/rosbot/ros2_ws/install/estimator_pkg' for CMake module files
[4.576s] DEBUG:colcon.colcon_core.event_handler.log_command:Invoked command in '/home/rosbot/ros2_ws/src/estimator_pkg' returned '0': CMAKE_PREFIX_PATH=/home/rosbot/ros2_ws/install/custom_msgs:/home/rosbot/ros2_ws/install/my_cpp_pkg:/opt/ros/jazzy/opt/gz_math_vendor:/opt/ros/jazzy/opt/gz_utils_vendor:/opt/ros/jazzy/opt/gz_cmake_vendor PS1=(venv) \[\e]0;\u@\h: \w\a\]${debian_chroot:+($debian_chroot)}\u@\h:\w\$ PYTHONPATH=/home/rosbot/ros2_ws/build/estimator_pkg/prefix_override:/usr/lib/python3/dist-packages/colcon_core/task/python/colcon_distutils_commands:/home/rosbot/ros2_ws/install/estimator_pkg/lib/python3.12/site-packages:/home/rosbot/ros2_ws/install/custom_msgs/lib/python3.12/site-packages:/home/rosbot/ros2_ws/install/my_py_pkg/lib/python3.12/site-packages:/home/rosbot/ros2_ws/install/flight_controller_pkg/lib/python3.12/site-packages:/home/rosbot/ros2_ws/install/flask_pkg/lib/python3.12/site-packages:/home/rosbot/ros2_ws/install/estimator_pkg/lib/python3.12/site-packages:/opt/ros/jazzy/lib/python3.12/site-packages VIRTUAL_ENV_PROMPT=(venv) /usr/bin/python3 -W ignore:setup.py install is deprecated -W ignore:easy_install command is deprecated setup.py egg_info --egg-base ../../build/estimator_pkg build --build-base /home/rosbot/ros2_ws/build/estimator_pkg/build install --record /home/rosbot/ros2_ws/build/estimator_pkg/install.log --single-version-externally-managed install_data
[4.576s] Level 1:colcon.colcon_core.environment:checking '/home/rosbot/ros2_ws/install/estimator_pkg' for CMake config files
[4.577s] Level 1:colcon.colcon_core.environment:checking '/home/rosbot/ros2_ws/install/estimator_pkg/lib'
[4.577s] Level 1:colcon.colcon_core.environment:checking '/home/rosbot/ros2_ws/install/estimator_pkg/bin'
[4.577s] Level 1:colcon.colcon_core.environment:checking '/home/rosbot/ros2_ws/install/estimator_pkg/lib/pkgconfig/estimator_pkg.pc'
[4.578s] Level 1:colcon.colcon_core.environment:checking '/home/rosbot/ros2_ws/install/estimator_pkg/lib/python3.12/site-packages'
[4.578s] Level 1:colcon.colcon_core.shell:create_environment_hook('estimator_pkg', 'pythonpath')
[4.578s] INFO:colcon.colcon_core.shell:Creating environment hook '/home/rosbot/ros2_ws/install/estimator_pkg/share/estimator_pkg/hook/pythonpath.ps1'
[4.579s] INFO:colcon.colcon_core.shell:Creating environment descriptor '/home/rosbot/ros2_ws/install/estimator_pkg/share/estimator_pkg/hook/pythonpath.dsv'
[4.582s] INFO:colcon.colcon_core.shell:Creating environment hook '/home/rosbot/ros2_ws/install/estimator_pkg/share/estimator_pkg/hook/pythonpath.sh'
[4.586s] Level 1:colcon.colcon_core.environment:checking '/home/rosbot/ros2_ws/install/estimator_pkg/bin'
[4.586s] Level 1:colcon.colcon_core.environment:create_environment_scripts_only(estimator_pkg)
[4.587s] INFO:colcon.colcon_core.shell:Creating package script '/home/rosbot/ros2_ws/install/estimator_pkg/share/estimator_pkg/package.ps1'
[4.591s] INFO:colcon.colcon_core.shell:Creating package descriptor '/home/rosbot/ros2_ws/install/estimator_pkg/share/estimator_pkg/package.dsv'
[4.594s] INFO:colcon.colcon_core.shell:Creating package script '/home/rosbot/ros2_ws/install/estimator_pkg/share/estimator_pkg/package.sh'
[4.597s] INFO:colcon.colcon_core.shell:Creating package script '/home/rosbot/ros2_ws/install/estimator_pkg/share/estimator_pkg/package.bash'
[4.600s] INFO:colcon.colcon_core.shell:Creating package script '/home/rosbot/ros2_ws/install/estimator_pkg/share/estimator_pkg/package.zsh'
[4.603s] Level 1:colcon.colcon_core.environment:create_file_with_runtime_dependencies(/home/rosbot/ros2_ws/install/estimator_pkg/share/colcon-core/packages/estimator_pkg)
[4.608s] Level 1:colcon.colcon_core.environment:checking '/home/rosbot/ros2_ws/install/flight_controller_pkg' for CMake module files
[4.608s] Level 1:colcon.colcon_core.environment:checking '/home/rosbot/ros2_ws/install/flight_controller_pkg' for CMake config files
[4.609s] Level 1:colcon.colcon_core.environment:checking '/home/rosbot/ros2_ws/install/flight_controller_pkg/lib'
[4.609s] Level 1:colcon.colcon_core.environment:checking '/home/rosbot/ros2_ws/install/flight_controller_pkg/bin'
[4.609s] Level 1:colcon.colcon_core.environment:checking '/home/rosbot/ros2_ws/install/flight_controller_pkg/lib/pkgconfig/flight_controller_pkg.pc'
[4.610s] Level 1:colcon.colcon_core.environment:checking '/home/rosbot/ros2_ws/install/flight_controller_pkg/lib/python3.12/site-packages'
[4.610s] Level 1:colcon.colcon_core.shell:create_environment_hook('flight_controller_pkg', 'pythonpath')
[4.610s] INFO:colcon.colcon_core.shell:Creating environment hook '/home/rosbot/ros2_ws/install/flight_controller_pkg/share/flight_controller_pkg/hook/pythonpath.ps1'
[4.610s] DEBUG:colcon.colcon_core.event_handler.log_command:Invoked command in '/home/rosbot/ros2_ws/src/flight_controller_pkg' returned '0': CMAKE_PREFIX_PATH=/home/rosbot/ros2_ws/install/custom_msgs:/home/rosbot/ros2_ws/install/my_cpp_pkg:/opt/ros/jazzy/opt/gz_math_vendor:/opt/ros/jazzy/opt/gz_utils_vendor:/opt/ros/jazzy/opt/gz_cmake_vendor PS1=(venv) \[\e]0;\u@\h: \w\a\]${debian_chroot:+($debian_chroot)}\u@\h:\w\$ PYTHONPATH=/home/rosbot/ros2_ws/build/flight_controller_pkg/prefix_override:/usr/lib/python3/dist-packages/colcon_core/task/python/colcon_distutils_commands:/home/rosbot/ros2_ws/install/flight_controller_pkg/lib/python3.12/site-packages:/home/rosbot/ros2_ws/install/custom_msgs/lib/python3.12/site-packages:/home/rosbot/ros2_ws/install/my_py_pkg/lib/python3.12/site-packages:/home/rosbot/ros2_ws/install/flight_controller_pkg/lib/python3.12/site-packages:/home/rosbot/ros2_ws/install/flask_pkg/lib/python3.12/site-packages:/home/rosbot/ros2_ws/install/estimator_pkg/lib/python3.12/site-packages:/opt/ros/jazzy/lib/python3.12/site-packages VIRTUAL_ENV_PROMPT=(venv) /usr/bin/python3 -W ignore:setup.py install is deprecated -W ignore:easy_install command is deprecated setup.py egg_info --egg-base ../../build/flight_controller_pkg build --build-base /home/rosbot/ros2_ws/build/flight_controller_pkg/build install --record /home/rosbot/ros2_ws/build/flight_controller_pkg/install.log --single-version-externally-managed install_data
[4.612s] INFO:colcon.colcon_core.shell:Creating environment descriptor '/home/rosbot/ros2_ws/install/flight_controller_pkg/share/flight_controller_pkg/hook/pythonpath.dsv'
[4.615s] INFO:colcon.colcon_core.shell:Creating environment hook '/home/rosbot/ros2_ws/install/flight_controller_pkg/share/flight_controller_pkg/hook/pythonpath.sh'
[4.619s] Level 1:colcon.colcon_core.environment:checking '/home/rosbot/ros2_ws/install/flight_controller_pkg/bin'
[4.619s] Level 1:colcon.colcon_core.environment:create_environment_scripts_only(flight_controller_pkg)
[4.619s] INFO:colcon.colcon_core.shell:Creating package script '/home/rosbot/ros2_ws/install/flight_controller_pkg/share/flight_controller_pkg/package.ps1'
[4.621s] INFO:colcon.colcon_core.shell:Creating package descriptor '/home/rosbot/ros2_ws/install/flight_controller_pkg/share/flight_controller_pkg/package.dsv'
[4.624s] INFO:colcon.colcon_core.shell:Creating package script '/home/rosbot/ros2_ws/install/flight_controller_pkg/share/flight_controller_pkg/package.sh'
[4.627s] INFO:colcon.colcon_core.shell:Creating package script '/home/rosbot/ros2_ws/install/flight_controller_pkg/share/flight_controller_pkg/package.bash'
[4.631s] INFO:colcon.colcon_core.shell:Creating package script '/home/rosbot/ros2_ws/install/flight_controller_pkg/share/flight_controller_pkg/package.zsh'
[4.634s] Level 1:colcon.colcon_core.environment:create_file_with_runtime_dependencies(/home/rosbot/ros2_ws/install/flight_controller_pkg/share/colcon-core/packages/flight_controller_pkg)
[4.637s] DEBUG:colcon.colcon_parallel_executor.executor.parallel:closing loop
[4.637s] DEBUG:colcon.colcon_parallel_executor.executor.parallel:loop closed
[4.637s] DEBUG:colcon.colcon_parallel_executor.executor.parallel:run_until_complete finished with '0'
[4.638s] DEBUG:colcon.colcon_core.event_reactor:joining thread
[4.651s] INFO:colcon.colcon_core.plugin_system:Skipping extension 'colcon_notification.desktop_notification.notify_send': Could not find 'notify-send'
[4.651s] INFO:colcon.colcon_core.plugin_system:Skipping extension 'colcon_notification.desktop_notification.terminal_notifier': Not used on non-Darwin systems
[4.651s] INFO:colcon.colcon_core.plugin_system:Skipping extension 'colcon_notification.desktop_notification.win32': Not used on non-Windows systems
[4.651s] INFO:colcon.colcon_notification.desktop_notification:Sending desktop notification using 'notify2'
[4.652s] DEBUG:colcon.colcon_notification.desktop_notification.notify2:Failed to initialize notify2: org.freedesktop.DBus.Error.ServiceUnknown: The name org.freedesktop.Notifications was not provided by any .service files
[4.652s] DEBUG:colcon.colcon_core.event_reactor:joined thread
[4.652s] INFO:colcon.colcon_core.shell:Creating prefix script '/home/rosbot/ros2_ws/install/local_setup.ps1'
[4.653s] INFO:colcon.colcon_core.shell:Creating prefix util module '/home/rosbot/ros2_ws/install/_local_setup_util_ps1.py'
[4.656s] INFO:colcon.colcon_core.shell:Creating prefix chain script '/home/rosbot/ros2_ws/install/setup.ps1'
[4.660s] INFO:colcon.colcon_core.shell:Creating prefix script '/home/rosbot/ros2_ws/install/local_setup.sh'
[4.663s] INFO:colcon.colcon_core.shell:Creating prefix util module '/home/rosbot/ros2_ws/install/_local_setup_util_sh.py'
[4.665s] INFO:colcon.colcon_core.shell:Creating prefix chain script '/home/rosbot/ros2_ws/install/setup.sh'
[4.668s] INFO:colcon.colcon_core.shell:Creating prefix script '/home/rosbot/ros2_ws/install/local_setup.bash'
[4.671s] INFO:colcon.colcon_core.shell:Creating prefix chain script '/home/rosbot/ros2_ws/install/setup.bash'
[4.674s] INFO:colcon.colcon_core.shell:Creating prefix script '/home/rosbot/ros2_ws/install/local_setup.zsh'
[4.677s] INFO:colcon.colcon_core.shell:Creating prefix chain script '/home/rosbot/ros2_ws/install/setup.zsh'
