[2.321s] Invoking command in '/home/rosbot/ros2_ws/src/UM7_pkg': CMAKE_PREFIX_PATH=/home/rosbot/ros2_ws/install/custom_msgs:/home/rosbot/ros2_ws/install/my_cpp_pkg:/opt/ros/jazzy/opt/gz_math_vendor:/opt/ros/jazzy/opt/gz_utils_vendor:/opt/ros/jazzy/opt/gz_cmake_vendor PS1=(venv) \[\e]0;\u@\h: \w\a\]${debian_chroot:+($debian_chroot)}\u@\h:\w\$ PYTHONPATH=/home/rosbot/ros2_ws/build/UM7_pkg/prefix_override:/usr/lib/python3/dist-packages/colcon_core/task/python/colcon_distutils_commands:/home/rosbot/ros2_ws/install/UM7_pkg/lib/python3.12/site-packages:/home/rosbot/ros2_ws/install/custom_msgs/lib/python3.12/site-packages:/home/rosbot/ros2_ws/install/my_py_pkg/lib/python3.12/site-packages:/home/rosbot/ros2_ws/install/flight_controller_pkg/lib/python3.12/site-packages:/home/rosbot/ros2_ws/install/flask_pkg/lib/python3.12/site-packages:/home/rosbot/ros2_ws/install/estimator_pkg/lib/python3.12/site-packages:/opt/ros/jazzy/lib/python3.12/site-packages VIRTUAL_ENV_PROMPT=(venv) /usr/bin/python3 -W ignore:setup.py install is deprecated -W ignore:easy_install command is deprecated setup.py egg_info --egg-base ../../build/UM7_pkg build --build-base /home/rosbot/ros2_ws/build/UM7_pkg/build install --record /home/rosbot/ros2_ws/build/UM7_pkg/install.log --single-version-externally-managed install_data
[2.757s] running egg_info
[2.786s] writing ../../build/UM7_pkg/UM7_pkg.egg-info/PKG-INFO
[2.789s] writing dependency_links to ../../build/UM7_pkg/UM7_pkg.egg-info/dependency_links.txt
[2.790s] writing entry points to ../../build/UM7_pkg/UM7_pkg.egg-info/entry_points.txt
[2.792s] writing requirements to ../../build/UM7_pkg/UM7_pkg.egg-info/requires.txt
[2.793s] writing top-level names to ../../build/UM7_pkg/UM7_pkg.egg-info/top_level.txt
[2.853s] reading manifest file '../../build/UM7_pkg/UM7_pkg.egg-info/SOURCES.txt'
[2.854s] writing manifest file '../../build/UM7_pkg/UM7_pkg.egg-info/SOURCES.txt'
[2.857s] running build
[2.857s] running build_py
[2.858s] running install
[2.867s] running install_lib
[2.897s] running install_data
[2.898s] running install_egg_info
[2.932s] removing '/home/rosbot/ros2_ws/install/UM7_pkg/lib/python3.12/site-packages/UM7_pkg-0.0.0-py3.12.egg-info' (and everything under it)
[2.933s] Copying ../../build/UM7_pkg/UM7_pkg.egg-info to /home/rosbot/ros2_ws/install/UM7_pkg/lib/python3.12/site-packages/UM7_pkg-0.0.0-py3.12.egg-info
[2.935s] running install_scripts
[3.162s] Installing imu_reader script to /home/rosbot/ros2_ws/install/UM7_pkg/lib/UM7_pkg
[3.162s] writing list of installed files to '/home/rosbot/ros2_ws/build/UM7_pkg/install.log'
[3.355s] Invoked command in '/home/rosbot/ros2_ws/src/UM7_pkg' returned '0': CMAKE_PREFIX_PATH=/home/rosbot/ros2_ws/install/custom_msgs:/home/rosbot/ros2_ws/install/my_cpp_pkg:/opt/ros/jazzy/opt/gz_math_vendor:/opt/ros/jazzy/opt/gz_utils_vendor:/opt/ros/jazzy/opt/gz_cmake_vendor PS1=(venv) \[\e]0;\u@\h: \w\a\]${debian_chroot:+($debian_chroot)}\u@\h:\w\$ PYTHONPATH=/home/rosbot/ros2_ws/build/UM7_pkg/prefix_override:/usr/lib/python3/dist-packages/colcon_core/task/python/colcon_distutils_commands:/home/rosbot/ros2_ws/install/UM7_pkg/lib/python3.12/site-packages:/home/rosbot/ros2_ws/install/custom_msgs/lib/python3.12/site-packages:/home/rosbot/ros2_ws/install/my_py_pkg/lib/python3.12/site-packages:/home/rosbot/ros2_ws/install/flight_controller_pkg/lib/python3.12/site-packages:/home/rosbot/ros2_ws/install/flask_pkg/lib/python3.12/site-packages:/home/rosbot/ros2_ws/install/estimator_pkg/lib/python3.12/site-packages:/opt/ros/jazzy/lib/python3.12/site-packages VIRTUAL_ENV_PROMPT=(venv) /usr/bin/python3 -W ignore:setup.py install is deprecated -W ignore:easy_install command is deprecated setup.py egg_info --egg-base ../../build/UM7_pkg build --build-base /home/rosbot/ros2_ws/build/UM7_pkg/build install --record /home/rosbot/ros2_ws/build/UM7_pkg/install.log --single-version-externally-managed install_data
