[1.581s] Invoking command in '/home/rosbot/ros2_ws/src/UM7_pkg': CMAKE_PREFIX_PATH=/home/rosbot/ros2_ws/install/custom_msgs:/home/rosbot/ros2_ws/install/my_cpp_pkg:/opt/ros/jazzy/opt/gz_math_vendor:/opt/ros/jazzy/opt/gz_utils_vendor:/opt/ros/jazzy/opt/gz_cmake_vendor PS1=(venv) \[\e]0;\u@\h: \w\a\]${debian_chroot:+($debian_chroot)}\u@\h:\w\$ PYTHONPATH=/home/rosbot/ros2_ws/build/UM7_pkg/prefix_override:/usr/lib/python3/dist-packages/colcon_core/task/python/colcon_distutils_commands:/home/rosbot/ros2_ws/install/UM7_pkg/lib/python3.12/site-packages:/home/rosbot/ros2_ws/install/custom_msgs/lib/python3.12/site-packages:/home/rosbot/ros2_ws/install/my_py_pkg/lib/python3.12/site-packages:/home/rosbot/ros2_ws/install/flight_controller_pkg/lib/python3.12/site-packages:/home/rosbot/ros2_ws/install/flask_pkg/lib/python3.12/site-packages:/home/rosbot/ros2_ws/install/estimator_pkg/lib/python3.12/site-packages:/home/rosbot/ros2_ws/install/UM7_pkg/lib/python3.12/site-packages:/opt/ros/jazzy/lib/python3.12/site-packages VIRTUAL_ENV_PROMPT=(venv) /usr/bin/python3 -W ignore:setup.py install is deprecated -W ignore:easy_install command is deprecated setup.py egg_info --egg-base ../../build/UM7_pkg build --build-base /home/rosbot/ros2_ws/build/UM7_pkg/build install --record /home/rosbot/ros2_ws/build/UM7_pkg/install.log --single-version-externally-managed install_data
[1.935s] running egg_info
[1.961s] writing ../../build/UM7_pkg/UM7_pkg.egg-info/PKG-INFO
[1.961s] writing dependency_links to ../../build/UM7_pkg/UM7_pkg.egg-info/dependency_links.txt
[1.967s] writing entry points to ../../build/UM7_pkg/UM7_pkg.egg-info/entry_points.txt
[1.970s] writing requirements to ../../build/UM7_pkg/UM7_pkg.egg-info/requires.txt
[1.973s] writing top-level names to ../../build/UM7_pkg/UM7_pkg.egg-info/top_level.txt
[2.032s] reading manifest file '../../build/UM7_pkg/UM7_pkg.egg-info/SOURCES.txt'
[2.033s] writing manifest file '../../build/UM7_pkg/UM7_pkg.egg-info/SOURCES.txt'
[2.034s] running build
[2.034s] running build_py
[2.044s] running install
[2.057s] running install_lib
[2.083s] running install_data
[2.083s] running install_egg_info
[2.110s] removing '/home/rosbot/ros2_ws/install/UM7_pkg/lib/python3.12/site-packages/UM7_pkg-0.0.0-py3.12.egg-info' (and everything under it)
[2.110s] Copying ../../build/UM7_pkg/UM7_pkg.egg-info to /home/rosbot/ros2_ws/install/UM7_pkg/lib/python3.12/site-packages/UM7_pkg-0.0.0-py3.12.egg-info
[2.112s] running install_scripts
[2.289s] Installing imu_reader script to /home/rosbot/ros2_ws/install/UM7_pkg/lib/UM7_pkg
[2.289s] writing list of installed files to '/home/rosbot/ros2_ws/build/UM7_pkg/install.log'
[2.382s] Invoked command in '/home/rosbot/ros2_ws/src/UM7_pkg' returned '0': CMAKE_PREFIX_PATH=/home/rosbot/ros2_ws/install/custom_msgs:/home/rosbot/ros2_ws/install/my_cpp_pkg:/opt/ros/jazzy/opt/gz_math_vendor:/opt/ros/jazzy/opt/gz_utils_vendor:/opt/ros/jazzy/opt/gz_cmake_vendor PS1=(venv) \[\e]0;\u@\h: \w\a\]${debian_chroot:+($debian_chroot)}\u@\h:\w\$ PYTHONPATH=/home/rosbot/ros2_ws/build/UM7_pkg/prefix_override:/usr/lib/python3/dist-packages/colcon_core/task/python/colcon_distutils_commands:/home/rosbot/ros2_ws/install/UM7_pkg/lib/python3.12/site-packages:/home/rosbot/ros2_ws/install/custom_msgs/lib/python3.12/site-packages:/home/rosbot/ros2_ws/install/my_py_pkg/lib/python3.12/site-packages:/home/rosbot/ros2_ws/install/flight_controller_pkg/lib/python3.12/site-packages:/home/rosbot/ros2_ws/install/flask_pkg/lib/python3.12/site-packages:/home/rosbot/ros2_ws/install/estimator_pkg/lib/python3.12/site-packages:/home/rosbot/ros2_ws/install/UM7_pkg/lib/python3.12/site-packages:/opt/ros/jazzy/lib/python3.12/site-packages VIRTUAL_ENV_PROMPT=(venv) /usr/bin/python3 -W ignore:setup.py install is deprecated -W ignore:easy_install command is deprecated setup.py egg_info --egg-base ../../build/UM7_pkg build --build-base /home/rosbot/ros2_ws/build/UM7_pkg/build install --record /home/rosbot/ros2_ws/build/UM7_pkg/install.log --single-version-externally-managed install_data
