running egg_info
writing ../../build/um7_pkg/um7_pkg.egg-info/PKG-INFO
writing dependency_links to ../../build/um7_pkg/um7_pkg.egg-info/dependency_links.txt
writing entry points to ../../build/um7_pkg/um7_pkg.egg-info/entry_points.txt
writing requirements to ../../build/um7_pkg/um7_pkg.egg-info/requires.txt
writing top-level names to ../../build/um7_pkg/um7_pkg.egg-info/top_level.txt
reading manifest file '../../build/um7_pkg/um7_pkg.egg-info/SOURCES.txt'
writing manifest file '../../build/um7_pkg/um7_pkg.egg-info/SOURCES.txt'
running build
running build_py
running install
running install_lib
running install_data
copying resource/um7_pkg -> /home/rosbot/ros2_ws/install/um7_pkg/share/ament_index/resource_index/packages
copying package.xml -> /home/rosbot/ros2_ws/install/um7_pkg/share/um7_pkg
running install_egg_info
Copying ../../build/um7_pkg/um7_pkg.egg-info to /home/rosbot/ros2_ws/install/um7_pkg/lib/python3.12/site-packages/um7_pkg-0.0.0-py3.12.egg-info
running install_scripts
Installing imu_reader script to /home/rosbot/ros2_ws/install/um7_pkg/lib/um7_pkg
writing list of installed files to '/home/rosbot/ros2_ws/build/um7_pkg/install.log'
