[1.791s] Invoking command in '/home/rosbot/ros2_ws/src/flask_pkg': CMAKE_PREFIX_PATH=/home/rosbot/ros2_ws/install/custom_msgs:/home/rosbot/ros2_ws/install/my_cpp_pkg:/opt/ros/jazzy/opt/gz_math_vendor:/opt/ros/jazzy/opt/gz_utils_vendor:/opt/ros/jazzy/opt/gz_cmake_vendor PS1=(venv) \[\e]0;\u@\h: \w\a\]${debian_chroot:+($debian_chroot)}\u@\h:\w\$ PYTHONPATH=/home/rosbot/ros2_ws/build/flask_pkg/prefix_override:/usr/lib/python3/dist-packages/colcon_core/task/python/colcon_distutils_commands:/home/rosbot/ros2_ws/install/flask_pkg/lib/python3.12/site-packages:/home/rosbot/ros2_ws/install/custom_msgs/lib/python3.12/site-packages:/home/rosbot/ros2_ws/install/my_py_pkg/lib/python3.12/site-packages:/home/rosbot/ros2_ws/install/flight_controller_pkg/lib/python3.12/site-packages:/opt/ros/jazzy/lib/python3.12/site-packages VIRTUAL_ENV_PROMPT=(venv) /usr/bin/python3 -W ignore:setup.py install is deprecated -W ignore:easy_install command is deprecated setup.py egg_info --egg-base ../../build/flask_pkg build --build-base /home/rosbot/ros2_ws/build/flask_pkg/build install --record /home/rosbot/ros2_ws/build/flask_pkg/install.log --single-version-externally-managed install_data
[2.200s] running egg_info
[2.200s] creating ../../build/flask_pkg/flask_pkg.egg-info
[2.225s] writing ../../build/flask_pkg/flask_pkg.egg-info/PKG-INFO
[2.225s] writing dependency_links to ../../build/flask_pkg/flask_pkg.egg-info/dependency_links.txt
[2.225s] writing entry points to ../../build/flask_pkg/flask_pkg.egg-info/entry_points.txt
[2.226s] writing requirements to ../../build/flask_pkg/flask_pkg.egg-info/requires.txt
[2.226s] writing top-level names to ../../build/flask_pkg/flask_pkg.egg-info/top_level.txt
[2.226s] writing manifest file '../../build/flask_pkg/flask_pkg.egg-info/SOURCES.txt'
[2.278s] reading manifest file '../../build/flask_pkg/flask_pkg.egg-info/SOURCES.txt'
[2.279s] writing manifest file '../../build/flask_pkg/flask_pkg.egg-info/SOURCES.txt'
[2.279s] running build
[2.279s] running build_py
[2.279s] creating /home/rosbot/ros2_ws/build/flask_pkg/build
[2.279s] creating /home/rosbot/ros2_ws/build/flask_pkg/build/lib
[2.279s] creating /home/rosbot/ros2_ws/build/flask_pkg/build/lib/flask_pkg
[2.280s] copying flask_pkg/__init__.py -> /home/rosbot/ros2_ws/build/flask_pkg/build/lib/flask_pkg
[2.280s] copying flask_pkg/flask_server.py -> /home/rosbot/ros2_ws/build/flask_pkg/build/lib/flask_pkg
[2.280s] running install
[2.289s] running install_lib
[2.315s] creating /home/rosbot/ros2_ws/install/flask_pkg/lib/python3.12/site-packages/flask_pkg
[2.315s] copying /home/rosbot/ros2_ws/build/flask_pkg/build/lib/flask_pkg/__init__.py -> /home/rosbot/ros2_ws/install/flask_pkg/lib/python3.12/site-packages/flask_pkg
[2.315s] copying /home/rosbot/ros2_ws/build/flask_pkg/build/lib/flask_pkg/flask_server.py -> /home/rosbot/ros2_ws/install/flask_pkg/lib/python3.12/site-packages/flask_pkg
[2.316s] byte-compiling /home/rosbot/ros2_ws/install/flask_pkg/lib/python3.12/site-packages/flask_pkg/__init__.py to __init__.cpython-312.pyc
[2.317s] byte-compiling /home/rosbot/ros2_ws/install/flask_pkg/lib/python3.12/site-packages/flask_pkg/flask_server.py to flask_server.cpython-312.pyc
[2.317s] running install_data
[2.317s] creating /home/rosbot/ros2_ws/install/flask_pkg/share/ament_index
[2.317s] creating /home/rosbot/ros2_ws/install/flask_pkg/share/ament_index/resource_index
[2.318s] creating /home/rosbot/ros2_ws/install/flask_pkg/share/ament_index/resource_index/packages
[2.318s] error: can't copy 'resource/flask_pkg': doesn't exist or not a regular file
[2.377s] Invoked command in '/home/rosbot/ros2_ws/src/flask_pkg' returned '1': CMAKE_PREFIX_PATH=/home/rosbot/ros2_ws/install/custom_msgs:/home/rosbot/ros2_ws/install/my_cpp_pkg:/opt/ros/jazzy/opt/gz_math_vendor:/opt/ros/jazzy/opt/gz_utils_vendor:/opt/ros/jazzy/opt/gz_cmake_vendor PS1=(venv) \[\e]0;\u@\h: \w\a\]${debian_chroot:+($debian_chroot)}\u@\h:\w\$ PYTHONPATH=/home/rosbot/ros2_ws/build/flask_pkg/prefix_override:/usr/lib/python3/dist-packages/colcon_core/task/python/colcon_distutils_commands:/home/rosbot/ros2_ws/install/flask_pkg/lib/python3.12/site-packages:/home/rosbot/ros2_ws/install/custom_msgs/lib/python3.12/site-packages:/home/rosbot/ros2_ws/install/my_py_pkg/lib/python3.12/site-packages:/home/rosbot/ros2_ws/install/flight_controller_pkg/lib/python3.12/site-packages:/opt/ros/jazzy/lib/python3.12/site-packages VIRTUAL_ENV_PROMPT=(venv) /usr/bin/python3 -W ignore:setup.py install is deprecated -W ignore:easy_install command is deprecated setup.py egg_info --egg-base ../../build/flask_pkg build --build-base /home/rosbot/ros2_ws/build/flask_pkg/build install --record /home/rosbot/ros2_ws/build/flask_pkg/install.log --single-version-externally-managed install_data
