running egg_info
creating ../../build/UM7_pkg/UM7_pkg.egg-info
writing ../../build/UM7_pkg/UM7_pkg.egg-info/PKG-INFO
writing dependency_links to ../../build/UM7_pkg/UM7_pkg.egg-info/dependency_links.txt
writing entry points to ../../build/UM7_pkg/UM7_pkg.egg-info/entry_points.txt
writing requirements to ../../build/UM7_pkg/UM7_pkg.egg-info/requires.txt
writing top-level names to ../../build/UM7_pkg/UM7_pkg.egg-info/top_level.txt
writing manifest file '../../build/UM7_pkg/UM7_pkg.egg-info/SOURCES.txt'
reading manifest file '../../build/UM7_pkg/UM7_pkg.egg-info/SOURCES.txt'
writing manifest file '../../build/UM7_pkg/UM7_pkg.egg-info/SOURCES.txt'
running build
running build_py
creating /home/rosbot/ros2_ws/build/UM7_pkg/build
creating /home/rosbot/ros2_ws/build/UM7_pkg/build/lib
creating /home/rosbot/ros2_ws/build/UM7_pkg/build/lib/UM7_pkg
copying UM7_pkg/imu_reader.py -> /home/rosbot/ros2_ws/build/UM7_pkg/build/lib/UM7_pkg
copying UM7_pkg/__init__.py -> /home/rosbot/ros2_ws/build/UM7_pkg/build/lib/UM7_pkg
running install
running install_lib
creating /home/rosbot/ros2_ws/install/UM7_pkg/lib/python3.12/site-packages/UM7_pkg
copying /home/rosbot/ros2_ws/build/UM7_pkg/build/lib/UM7_pkg/imu_reader.py -> /home/rosbot/ros2_ws/install/UM7_pkg/lib/python3.12/site-packages/UM7_pkg
copying /home/rosbot/ros2_ws/build/UM7_pkg/build/lib/UM7_pkg/__init__.py -> /home/rosbot/ros2_ws/install/UM7_pkg/lib/python3.12/site-packages/UM7_pkg
byte-compiling /home/rosbot/ros2_ws/install/UM7_pkg/lib/python3.12/site-packages/UM7_pkg/imu_reader.py to imu_reader.cpython-312.pyc
byte-compiling /home/rosbot/ros2_ws/install/UM7_pkg/lib/python3.12/site-packages/UM7_pkg/__init__.py to __init__.cpython-312.pyc
running install_data
creating /home/rosbot/ros2_ws/install/UM7_pkg/share/ament_index
creating /home/rosbot/ros2_ws/install/UM7_pkg/share/ament_index/resource_index
creating /home/rosbot/ros2_ws/install/UM7_pkg/share/ament_index/resource_index/packages
copying resource/UM7_pkg -> /home/rosbot/ros2_ws/install/UM7_pkg/share/ament_index/resource_index/packages
copying package.xml -> /home/rosbot/ros2_ws/install/UM7_pkg/share/UM7_pkg
running install_egg_info
Copying ../../build/UM7_pkg/UM7_pkg.egg-info to /home/rosbot/ros2_ws/install/UM7_pkg/lib/python3.12/site-packages/UM7_pkg-0.0.0-py3.12.egg-info
running install_scripts
Installing imu_reader script to /home/rosbot/ros2_ws/install/UM7_pkg/lib/UM7_pkg
writing list of installed files to '/home/rosbot/ros2_ws/build/UM7_pkg/install.log'
