[1.667s] Invoking command in '/home/rosbot/ros2_ws/src/um7_pkg': CMAKE_PREFIX_PATH=/home/rosbot/ros2_ws/install/custom_msgs:/home/rosbot/ros2_ws/install/my_cpp_pkg:/opt/ros/jazzy/opt/gz_math_vendor:/opt/ros/jazzy/opt/gz_utils_vendor:/opt/ros/jazzy/opt/gz_cmake_vendor PS1=(venv) \[\e]0;\u@\h: \w\a\]${debian_chroot:+($debian_chroot)}\u@\h:\w\$ PYTHONPATH=/home/rosbot/ros2_ws/build/um7_pkg/prefix_override:/usr/lib/python3/dist-packages/colcon_core/task/python/colcon_distutils_commands:/home/rosbot/ros2_ws/install/um7_pkg/lib/python3.12/site-packages:/home/rosbot/ros2_ws/install/custom_msgs/lib/python3.12/site-packages:/home/rosbot/ros2_ws/install/um7_pkg/lib/python3.12/site-packages:/home/rosbot/ros2_ws/install/my_py_pkg/lib/python3.12/site-packages:/home/rosbot/ros2_ws/install/flight_controller_pkg/lib/python3.12/site-packages:/home/rosbot/ros2_ws/install/flask_pkg/lib/python3.12/site-packages:/home/rosbot/ros2_ws/install/estimator_pkg/lib/python3.12/site-packages:/opt/ros/jazzy/lib/python3.12/site-packages VIRTUAL_ENV_PROMPT=(venv) /usr/bin/python3 -W ignore:setup.py install is deprecated -W ignore:easy_install command is deprecated setup.py egg_info --egg-base ../../build/um7_pkg build --build-base /home/rosbot/ros2_ws/build/um7_pkg/build install --record /home/rosbot/ros2_ws/build/um7_pkg/install.log --single-version-externally-managed install_data
[2.028s] running egg_info
[2.054s] writing ../../build/um7_pkg/um7_pkg.egg-info/PKG-INFO
[2.055s] writing dependency_links to ../../build/um7_pkg/um7_pkg.egg-info/dependency_links.txt
[2.056s] writing entry points to ../../build/um7_pkg/um7_pkg.egg-info/entry_points.txt
[2.057s] writing requirements to ../../build/um7_pkg/um7_pkg.egg-info/requires.txt
[2.058s] writing top-level names to ../../build/um7_pkg/um7_pkg.egg-info/top_level.txt
[2.113s] reading manifest file '../../build/um7_pkg/um7_pkg.egg-info/SOURCES.txt'
[2.114s] writing manifest file '../../build/um7_pkg/um7_pkg.egg-info/SOURCES.txt'
[2.115s] running build
[2.115s] running build_py
[2.120s] copying um7_pkg/imu_reader.py -> /home/rosbot/ros2_ws/build/um7_pkg/build/lib/um7_pkg
[2.121s] running install
[2.131s] running install_lib
[2.158s] copying /home/rosbot/ros2_ws/build/um7_pkg/build/lib/um7_pkg/imu_reader.py -> /home/rosbot/ros2_ws/install/um7_pkg/lib/python3.12/site-packages/um7_pkg
[2.159s] byte-compiling /home/rosbot/ros2_ws/install/um7_pkg/lib/python3.12/site-packages/um7_pkg/imu_reader.py to imu_reader.cpython-312.pyc
[2.160s] running install_data
[2.162s] running install_egg_info
[2.190s] removing '/home/rosbot/ros2_ws/install/um7_pkg/lib/python3.12/site-packages/um7_pkg-0.0.0-py3.12.egg-info' (and everything under it)
[2.190s] Copying ../../build/um7_pkg/um7_pkg.egg-info to /home/rosbot/ros2_ws/install/um7_pkg/lib/python3.12/site-packages/um7_pkg-0.0.0-py3.12.egg-info
[2.192s] running install_scripts
[2.369s] Installing imu_reader script to /home/rosbot/ros2_ws/install/um7_pkg/lib/um7_pkg
[2.370s] writing list of installed files to '/home/rosbot/ros2_ws/build/um7_pkg/install.log'
[2.462s] Invoked command in '/home/rosbot/ros2_ws/src/um7_pkg' returned '0': CMAKE_PREFIX_PATH=/home/rosbot/ros2_ws/install/custom_msgs:/home/rosbot/ros2_ws/install/my_cpp_pkg:/opt/ros/jazzy/opt/gz_math_vendor:/opt/ros/jazzy/opt/gz_utils_vendor:/opt/ros/jazzy/opt/gz_cmake_vendor PS1=(venv) \[\e]0;\u@\h: \w\a\]${debian_chroot:+($debian_chroot)}\u@\h:\w\$ PYTHONPATH=/home/rosbot/ros2_ws/build/um7_pkg/prefix_override:/usr/lib/python3/dist-packages/colcon_core/task/python/colcon_distutils_commands:/home/rosbot/ros2_ws/install/um7_pkg/lib/python3.12/site-packages:/home/rosbot/ros2_ws/install/custom_msgs/lib/python3.12/site-packages:/home/rosbot/ros2_ws/install/um7_pkg/lib/python3.12/site-packages:/home/rosbot/ros2_ws/install/my_py_pkg/lib/python3.12/site-packages:/home/rosbot/ros2_ws/install/flight_controller_pkg/lib/python3.12/site-packages:/home/rosbot/ros2_ws/install/flask_pkg/lib/python3.12/site-packages:/home/rosbot/ros2_ws/install/estimator_pkg/lib/python3.12/site-packages:/opt/ros/jazzy/lib/python3.12/site-packages VIRTUAL_ENV_PROMPT=(venv) /usr/bin/python3 -W ignore:setup.py install is deprecated -W ignore:easy_install command is deprecated setup.py egg_info --egg-base ../../build/um7_pkg build --build-base /home/rosbot/ros2_ws/build/um7_pkg/build install --record /home/rosbot/ros2_ws/build/um7_pkg/install.log --single-version-externally-managed install_data
