[2.169s] Invoking command in '/home/rosbot/ros2_ws/src/estimator_pkg': AMENT_PREFIX_PATH=/home/rosbot/ros2_ws/install/custom_msgs CMAKE_PREFIX_PATH=/home/rosbot/ros2_ws/install/custom_msgs DEBUGINFOD_URLS=https://debuginfod.ubuntu.com LD_LIBRARY_PATH=/home/rosbot/ros2_ws/install/custom_msgs/lib PYTHONPATH=/home/rosbot/ros2_ws/build/estimator_pkg/prefix_override:/usr/lib/python3/dist-packages/colcon_core/task/python/colcon_distutils_commands:/home/rosbot/ros2_ws/install/estimator_pkg/lib/python3.12/site-packages:/home/rosbot/ros2_ws/install/custom_msgs/lib/python3.12/site-packages /usr/bin/python3 -W ignore:setup.py install is deprecated -W ignore:easy_install command is deprecated setup.py egg_info --egg-base ../../build/estimator_pkg build --build-base /home/rosbot/ros2_ws/build/estimator_pkg/build install --record /home/rosbot/ros2_ws/build/estimator_pkg/install.log --single-version-externally-managed install_data
[2.510s] running egg_info
[2.531s] writing ../../build/estimator_pkg/estimator_pkg.egg-info/PKG-INFO
[2.531s] writing dependency_links to ../../build/estimator_pkg/estimator_pkg.egg-info/dependency_links.txt
[2.531s] writing entry points to ../../build/estimator_pkg/estimator_pkg.egg-info/entry_points.txt
[2.531s] writing requirements to ../../build/estimator_pkg/estimator_pkg.egg-info/requires.txt
[2.531s] writing top-level names to ../../build/estimator_pkg/estimator_pkg.egg-info/top_level.txt
[2.560s] reading manifest file '../../build/estimator_pkg/estimator_pkg.egg-info/SOURCES.txt'
[2.566s] writing manifest file '../../build/estimator_pkg/estimator_pkg.egg-info/SOURCES.txt'
[2.566s] running build
[2.566s] running build_py
[2.566s] running install
[2.574s] running install_lib
[2.590s] running install_data
[2.590s] running install_egg_info
[2.606s] removing '/home/rosbot/ros2_ws/install/estimator_pkg/lib/python3.12/site-packages/estimator_pkg-0.0.0-py3.12.egg-info' (and everything under it)
[2.606s] Copying ../../build/estimator_pkg/estimator_pkg.egg-info to /home/rosbot/ros2_ws/install/estimator_pkg/lib/python3.12/site-packages/estimator_pkg-0.0.0-py3.12.egg-info
[2.611s] running install_scripts
[2.757s] Installing estimator_node script to /home/rosbot/ros2_ws/install/estimator_pkg/lib/estimator_pkg
[2.757s] writing list of installed files to '/home/rosbot/ros2_ws/build/estimator_pkg/install.log'
[2.906s] Invoked command in '/home/rosbot/ros2_ws/src/estimator_pkg' returned '0': AMENT_PREFIX_PATH=/home/rosbot/ros2_ws/install/custom_msgs CMAKE_PREFIX_PATH=/home/rosbot/ros2_ws/install/custom_msgs DEBUGINFOD_URLS=https://debuginfod.ubuntu.com LD_LIBRARY_PATH=/home/rosbot/ros2_ws/install/custom_msgs/lib PYTHONPATH=/home/rosbot/ros2_ws/build/estimator_pkg/prefix_override:/usr/lib/python3/dist-packages/colcon_core/task/python/colcon_distutils_commands:/home/rosbot/ros2_ws/install/estimator_pkg/lib/python3.12/site-packages:/home/rosbot/ros2_ws/install/custom_msgs/lib/python3.12/site-packages /usr/bin/python3 -W ignore:setup.py install is deprecated -W ignore:easy_install command is deprecated setup.py egg_info --egg-base ../../build/estimator_pkg build --build-base /home/rosbot/ros2_ws/build/estimator_pkg/build install --record /home/rosbot/ros2_ws/build/estimator_pkg/install.log --single-version-externally-managed install_data
