[2.155s] Invoking command in '/home/rosbot/ros2_ws/src/flight_controller_pkg': AMENT_PREFIX_PATH=/home/rosbot/ros2_ws/install/custom_msgs CMAKE_PREFIX_PATH=/home/rosbot/ros2_ws/install/custom_msgs DEBUGINFOD_URLS=https://debuginfod.ubuntu.com LD_LIBRARY_PATH=/home/rosbot/ros2_ws/install/custom_msgs/lib PYTHONPATH=/home/rosbot/ros2_ws/build/flight_controller_pkg/prefix_override:/usr/lib/python3/dist-packages/colcon_core/task/python/colcon_distutils_commands:/home/rosbot/ros2_ws/install/flight_controller_pkg/lib/python3.12/site-packages:/home/rosbot/ros2_ws/install/custom_msgs/lib/python3.12/site-packages /usr/bin/python3 -W ignore:setup.py install is deprecated -W ignore:easy_install command is deprecated setup.py egg_info --egg-base ../../build/flight_controller_pkg build --build-base /home/rosbot/ros2_ws/build/flight_controller_pkg/build install --record /home/rosbot/ros2_ws/build/flight_controller_pkg/install.log --single-version-externally-managed install_data
[2.492s] running egg_info
[2.506s] writing ../../build/flight_controller_pkg/flight_controller_pkg.egg-info/PKG-INFO
[2.507s] writing dependency_links to ../../build/flight_controller_pkg/flight_controller_pkg.egg-info/dependency_links.txt
[2.508s] writing entry points to ../../build/flight_controller_pkg/flight_controller_pkg.egg-info/entry_points.txt
[2.511s] writing requirements to ../../build/flight_controller_pkg/flight_controller_pkg.egg-info/requires.txt
[2.512s] writing top-level names to ../../build/flight_controller_pkg/flight_controller_pkg.egg-info/top_level.txt
[2.545s] reading manifest file '../../build/flight_controller_pkg/flight_controller_pkg.egg-info/SOURCES.txt'
[2.551s] writing manifest file '../../build/flight_controller_pkg/flight_controller_pkg.egg-info/SOURCES.txt'
[2.551s] running build
[2.551s] running build_py
[2.551s] running install
[2.559s] running install_lib
[2.574s] running install_data
[2.574s] running install_egg_info
[2.589s] removing '/home/rosbot/ros2_ws/install/flight_controller_pkg/lib/python3.12/site-packages/flight_controller_pkg-0.0.0-py3.12.egg-info' (and everything under it)
[2.590s] Copying ../../build/flight_controller_pkg/flight_controller_pkg.egg-info to /home/rosbot/ros2_ws/install/flight_controller_pkg/lib/python3.12/site-packages/flight_controller_pkg-0.0.0-py3.12.egg-info
[2.592s] running install_scripts
[2.744s] Installing imu_reader script to /home/rosbot/ros2_ws/install/flight_controller_pkg/lib/flight_controller_pkg
[2.744s] writing list of installed files to '/home/rosbot/ros2_ws/build/flight_controller_pkg/install.log'
[2.921s] Invoked command in '/home/rosbot/ros2_ws/src/flight_controller_pkg' returned '0': AMENT_PREFIX_PATH=/home/rosbot/ros2_ws/install/custom_msgs CMAKE_PREFIX_PATH=/home/rosbot/ros2_ws/install/custom_msgs DEBUGINFOD_URLS=https://debuginfod.ubuntu.com LD_LIBRARY_PATH=/home/rosbot/ros2_ws/install/custom_msgs/lib PYTHONPATH=/home/rosbot/ros2_ws/build/flight_controller_pkg/prefix_override:/usr/lib/python3/dist-packages/colcon_core/task/python/colcon_distutils_commands:/home/rosbot/ros2_ws/install/flight_controller_pkg/lib/python3.12/site-packages:/home/rosbot/ros2_ws/install/custom_msgs/lib/python3.12/site-packages /usr/bin/python3 -W ignore:setup.py install is deprecated -W ignore:easy_install command is deprecated setup.py egg_info --egg-base ../../build/flight_controller_pkg build --build-base /home/rosbot/ros2_ws/build/flight_controller_pkg/build install --record /home/rosbot/ros2_ws/build/flight_controller_pkg/install.log --single-version-externally-managed install_data
