[2.490s] Invoking command in '/home/rosbot/ros2_ws/src/estimator_pkg': CMAKE_PREFIX_PATH=/home/rosbot/ros2_ws/install/custom_msgs:/home/rosbot/ros2_ws/install/my_cpp_pkg:/opt/ros/jazzy/opt/gz_math_vendor:/opt/ros/jazzy/opt/gz_utils_vendor:/opt/ros/jazzy/opt/gz_cmake_vendor PS1=(venv) \[\e]0;\u@\h: \w\a\]${debian_chroot:+($debian_chroot)}\u@\h:\w\$ PYTHONPATH=/home/rosbot/ros2_ws/build/estimator_pkg/prefix_override:/usr/lib/python3/dist-packages/colcon_core/task/python/colcon_distutils_commands:/home/rosbot/ros2_ws/install/estimator_pkg/lib/python3.12/site-packages:/home/rosbot/ros2_ws/install/custom_msgs/lib/python3.12/site-packages:/home/rosbot/ros2_ws/install/um7_pkg/lib/python3.12/site-packages:/home/rosbot/ros2_ws/install/my_py_pkg/lib/python3.12/site-packages:/home/rosbot/ros2_ws/install/flight_controller_pkg/lib/python3.12/site-packages:/home/rosbot/ros2_ws/install/flask_pkg/lib/python3.12/site-packages:/home/rosbot/ros2_ws/install/estimator_pkg/lib/python3.12/site-packages:/opt/ros/jazzy/lib/python3.12/site-packages:/home/rosbot/ros2_ws/venv/lib/python3.12/site-packages VIRTUAL_ENV_PROMPT=(venv) /usr/bin/python3 -W ignore:setup.py install is deprecated -W ignore:easy_install command is deprecated setup.py egg_info --egg-base ../../build/estimator_pkg build --build-base /home/rosbot/ros2_ws/build/estimator_pkg/build install --record /home/rosbot/ros2_ws/build/estimator_pkg/install.log --single-version-externally-managed install_data
[2.935s] running egg_info
[2.965s] writing ../../build/estimator_pkg/estimator_pkg.egg-info/PKG-INFO
[2.966s] writing dependency_links to ../../build/estimator_pkg/estimator_pkg.egg-info/dependency_links.txt
[2.967s] writing entry points to ../../build/estimator_pkg/estimator_pkg.egg-info/entry_points.txt
[2.967s] writing requirements to ../../build/estimator_pkg/estimator_pkg.egg-info/requires.txt
[2.967s] writing top-level names to ../../build/estimator_pkg/estimator_pkg.egg-info/top_level.txt
[3.035s] reading manifest file '../../build/estimator_pkg/estimator_pkg.egg-info/SOURCES.txt'
[3.037s] writing manifest file '../../build/estimator_pkg/estimator_pkg.egg-info/SOURCES.txt'
[3.037s] running build
[3.040s] running build_py
[3.040s] running install
[3.050s] running install_lib
[3.090s] running install_data
[3.092s] running install_egg_info
[3.125s] removing '/home/rosbot/ros2_ws/install/estimator_pkg/lib/python3.12/site-packages/estimator_pkg-0.0.0-py3.12.egg-info' (and everything under it)
[3.125s] Copying ../../build/estimator_pkg/estimator_pkg.egg-info to /home/rosbot/ros2_ws/install/estimator_pkg/lib/python3.12/site-packages/estimator_pkg-0.0.0-py3.12.egg-info
[3.125s] running install_scripts
[3.323s] Installing estimator_node script to /home/rosbot/ros2_ws/install/estimator_pkg/lib/estimator_pkg
[3.325s] writing list of installed files to '/home/rosbot/ros2_ws/build/estimator_pkg/install.log'
[3.456s] Invoked command in '/home/rosbot/ros2_ws/src/estimator_pkg' returned '0': CMAKE_PREFIX_PATH=/home/rosbot/ros2_ws/install/custom_msgs:/home/rosbot/ros2_ws/install/my_cpp_pkg:/opt/ros/jazzy/opt/gz_math_vendor:/opt/ros/jazzy/opt/gz_utils_vendor:/opt/ros/jazzy/opt/gz_cmake_vendor PS1=(venv) \[\e]0;\u@\h: \w\a\]${debian_chroot:+($debian_chroot)}\u@\h:\w\$ PYTHONPATH=/home/rosbot/ros2_ws/build/estimator_pkg/prefix_override:/usr/lib/python3/dist-packages/colcon_core/task/python/colcon_distutils_commands:/home/rosbot/ros2_ws/install/estimator_pkg/lib/python3.12/site-packages:/home/rosbot/ros2_ws/install/custom_msgs/lib/python3.12/site-packages:/home/rosbot/ros2_ws/install/um7_pkg/lib/python3.12/site-packages:/home/rosbot/ros2_ws/install/my_py_pkg/lib/python3.12/site-packages:/home/rosbot/ros2_ws/install/flight_controller_pkg/lib/python3.12/site-packages:/home/rosbot/ros2_ws/install/flask_pkg/lib/python3.12/site-packages:/home/rosbot/ros2_ws/install/estimator_pkg/lib/python3.12/site-packages:/opt/ros/jazzy/lib/python3.12/site-packages:/home/rosbot/ros2_ws/venv/lib/python3.12/site-packages VIRTUAL_ENV_PROMPT=(venv) /usr/bin/python3 -W ignore:setup.py install is deprecated -W ignore:easy_install command is deprecated setup.py egg_info --egg-base ../../build/estimator_pkg build --build-base /home/rosbot/ros2_ws/build/estimator_pkg/build install --record /home/rosbot/ros2_ws/build/estimator_pkg/install.log --single-version-externally-managed install_data
